Mon Sep 11 21:20:42 2023 - INFO  - start to run testcase:oe_test_service_ip6tables.
Mon Sep 11 21:21:22 2023 - INFO  - The case exit by code 0.
Mon Sep 11 21:21:22 2023 - INFO  - End to run testcase:oe_test_service_ip6tables.
Mon Sep 11 21:21:23 2023 - INFO  - A total of 1 use cases were executed, with 1 successes and 0 failures.
Mon Sep 11 21:21:25 2023 - INFO  - start to run testcase:oe_test_service_iptables.
Mon Sep 11 21:22:04 2023 - INFO  - The case exit by code 0.
Mon Sep 11 21:22:05 2023 - INFO  - End to run testcase:oe_test_service_iptables.
Mon Sep 11 21:22:05 2023 - INFO  - A total of 1 use cases were executed, with 1 successes and 0 failures.
Mon Sep 11 21:22:08 2023 - INFO  - start to run testcase:oe_test_iptables-restore.
Mon Sep 11 21:22:28 2023 - ERROR - The case exit by code 1.
Mon Sep 11 21:22:29 2023 - INFO  - End to run testcase:oe_test_iptables-restore.
Mon Sep 11 21:22:29 2023 - INFO  - A total of 1 use cases were executed, with 0 successes and 1 failures.
Mon Sep 11 21:22:32 2023 - INFO  - start to run testcase:oe_test_ip6tables-save.
Mon Sep 11 21:22:50 2023 - ERROR - The case exit by code 1.
Mon Sep 11 21:22:51 2023 - INFO  - End to run testcase:oe_test_ip6tables-save.
Mon Sep 11 21:22:51 2023 - INFO  - A total of 1 use cases were executed, with 0 successes and 1 failures.
Mon Sep 11 21:22:54 2023 - INFO  - start to run testcase:oe_test_ip6tables-restore_01.
Mon Sep 11 21:23:13 2023 - ERROR - The case exit by code 1.
Mon Sep 11 21:23:14 2023 - INFO  - End to run testcase:oe_test_ip6tables-restore_01.
Mon Sep 11 21:23:14 2023 - INFO  - A total of 1 use cases were executed, with 0 successes and 1 failures.
