Wed Sep 13 15:33:26 2023 - INFO  - start to run testcase:oe_test_service_clevis-luks-askpass.
Wed Sep 13 15:34:34 2023 - ERROR - The case exit by code 1.
Wed Sep 13 15:34:34 2023 - INFO  - End to run testcase:oe_test_service_clevis-luks-askpass.
Wed Sep 13 15:34:34 2023 - INFO  - A total of 1 use cases were executed, with 0 successes and 1 failures.
Wed Sep 13 15:34:37 2023 - INFO  - start to run testcase:oe_test_high_nbde.
Wed Sep 13 15:36:32 2023 - ERROR - The case exit by code 5.
Wed Sep 13 15:36:33 2023 - INFO  - End to run testcase:oe_test_high_nbde.
Wed Sep 13 15:36:33 2023 - INFO  - A total of 1 use cases were executed, with 0 successes and 1 failures.
Wed Sep 13 15:36:36 2023 - INFO  - start to run testcase:oe_test_install_clevis.
Wed Sep 13 15:38:23 2023 - ERROR - The case exit by code 7.
Wed Sep 13 15:38:24 2023 - INFO  - End to run testcase:oe_test_install_clevis.
Wed Sep 13 15:38:24 2023 - INFO  - A total of 1 use cases were executed, with 0 successes and 1 failures.
Wed Sep 13 15:38:26 2023 - INFO  - start to run testcase:oe_test_tang_encrypt.
Wed Sep 13 15:39:07 2023 - ERROR - The case exit by code 4.
Wed Sep 13 15:39:08 2023 - INFO  - End to run testcase:oe_test_tang_encrypt.
Wed Sep 13 15:39:08 2023 - INFO  - A total of 1 use cases were executed, with 0 successes and 1 failures.
Wed Sep 13 15:39:11 2023 - INFO  - start to run testcase:oe_test_tang_nbde.
Wed Sep 13 15:40:28 2023 - ERROR - The case exit by code 4.
Wed Sep 13 15:40:29 2023 - INFO  - End to run testcase:oe_test_tang_nbde.
Wed Sep 13 15:40:29 2023 - INFO  - A total of 1 use cases were executed, with 0 successes and 1 failures.
