mugen.sh: line 99: export: `fe80::8975:b24a:88bd:ac32': not a valid identifier
Tue Aug 22 02:46:53 2023 - INFO  - start to run testcase:oe_test_ltrace_01.
Tue Aug 22 02:48:42 2023 - INFO  - The case exit by code 0.
Tue Aug 22 02:48:42 2023 - INFO  - End to run testcase:oe_test_ltrace_01.
Tue Aug 22 02:48:42 2023 - INFO  - A total of 1 use cases were executed, with 1 successes and 0 failures.
mugen.sh: line 99: export: `fe80::8975:b24a:88bd:ac32': not a valid identifier
Tue Aug 22 02:48:42 2023 - INFO  - start to run testcase:oe_test_ltrace_02.
Tue Aug 22 02:50:32 2023 - INFO  - The case exit by code 0.
Tue Aug 22 02:50:32 2023 - INFO  - End to run testcase:oe_test_ltrace_02.
Tue Aug 22 02:50:32 2023 - INFO  - A total of 1 use cases were executed, with 1 successes and 0 failures.
mugen.sh: line 99: export: `fe80::8975:b24a:88bd:ac32': not a valid identifier
Tue Aug 22 02:50:32 2023 - INFO  - start to run testcase:oe_test_ltrace_03.
Tue Aug 22 02:52:18 2023 - INFO  - The case exit by code 0.
Tue Aug 22 02:52:18 2023 - INFO  - End to run testcase:oe_test_ltrace_03.
Tue Aug 22 02:52:18 2023 - INFO  - A total of 1 use cases were executed, with 1 successes and 0 failures.
mugen.sh: line 99: export: `fe80::8975:b24a:88bd:ac32': not a valid identifier
Tue Aug 22 02:52:18 2023 - INFO  - start to run testcase:oe_test_ltrace_04.
Tue Aug 22 02:53:49 2023 - INFO  - The case exit by code 0.
Tue Aug 22 02:53:49 2023 - INFO  - End to run testcase:oe_test_ltrace_04.
Tue Aug 22 02:53:49 2023 - INFO  - A total of 1 use cases were executed, with 1 successes and 0 failures.
