Mon Aug 28 02:38:29 2023 - INFO  - start to run testcase:oe_test_fftw_fftw-wisdom-to-conf.
Mon Aug 28 02:39:06 2023 - ERROR - The case exit by code 1.
Mon Aug 28 02:39:06 2023 - INFO  - End to run testcase:oe_test_fftw_fftw-wisdom-to-conf.
Mon Aug 28 02:39:06 2023 - INFO  - A total of 1 use cases were executed, with 0 successes and 1 failures.
Mon Aug 28 02:39:06 2023 - INFO  - start to run testcase:oe_test_fftw_fftw-wisdom_01.
Mon Aug 28 02:39:15 2023 - INFO  - The case exit by code 0.
Mon Aug 28 02:39:15 2023 - INFO  - End to run testcase:oe_test_fftw_fftw-wisdom_01.
Mon Aug 28 02:39:15 2023 - INFO  - A total of 1 use cases were executed, with 1 successes and 0 failures.
Mon Aug 28 02:39:15 2023 - INFO  - start to run testcase:oe_test_fftw_fftw-wisdom_02.
Mon Aug 28 02:39:20 2023 - ERROR - The case exit by code 3.
Mon Aug 28 02:39:20 2023 - INFO  - End to run testcase:oe_test_fftw_fftw-wisdom_02.
Mon Aug 28 02:39:20 2023 - INFO  - A total of 1 use cases were executed, with 0 successes and 1 failures.
Mon Aug 28 02:39:21 2023 - INFO  - start to run testcase:oe_test_fftw_fftw-wisdom_03.
Mon Aug 28 02:39:26 2023 - INFO  - The case exit by code 0.
Mon Aug 28 02:39:26 2023 - INFO  - End to run testcase:oe_test_fftw_fftw-wisdom_03.
Mon Aug 28 02:39:26 2023 - INFO  - A total of 1 use cases were executed, with 1 successes and 0 failures.
Mon Aug 28 02:39:27 2023 - INFO  - start to run testcase:oe_test_fftw_fftwf-wisdom_01.
Mon Aug 28 02:39:36 2023 - INFO  - The case exit by code 0.
Mon Aug 28 02:39:36 2023 - INFO  - End to run testcase:oe_test_fftw_fftwf-wisdom_01.
Mon Aug 28 02:39:36 2023 - INFO  - A total of 1 use cases were executed, with 1 successes and 0 failures.
Mon Aug 28 02:39:36 2023 - INFO  - start to run testcase:oe_test_fftw_fftwf-wisdom_02.
Mon Aug 28 02:39:42 2023 - ERROR - The case exit by code 3.
Mon Aug 28 02:39:42 2023 - INFO  - End to run testcase:oe_test_fftw_fftwf-wisdom_02.
Mon Aug 28 02:39:42 2023 - INFO  - A total of 1 use cases were executed, with 0 successes and 1 failures.
Mon Aug 28 02:39:42 2023 - INFO  - start to run testcase:oe_test_fftw_fftwf-wisdom_03.
Mon Aug 28 02:39:49 2023 - INFO  - The case exit by code 0.
Mon Aug 28 02:39:49 2023 - INFO  - End to run testcase:oe_test_fftw_fftwf-wisdom_03.
Mon Aug 28 02:39:49 2023 - INFO  - A total of 1 use cases were executed, with 1 successes and 0 failures.
Mon Aug 28 02:39:49 2023 - INFO  - start to run testcase:oe_test_fftw_fftwl-wisdom_01.
Mon Aug 28 02:40:00 2023 - INFO  - The case exit by code 0.
Mon Aug 28 02:40:00 2023 - INFO  - End to run testcase:oe_test_fftw_fftwl-wisdom_01.
Mon Aug 28 02:40:00 2023 - INFO  - A total of 1 use cases were executed, with 1 successes and 0 failures.
Mon Aug 28 02:40:00 2023 - INFO  - start to run testcase:oe_test_fftw_fftwl-wisdom_02.
Mon Aug 28 02:40:06 2023 - ERROR - The case exit by code 3.
Mon Aug 28 02:40:06 2023 - INFO  - End to run testcase:oe_test_fftw_fftwl-wisdom_02.
Mon Aug 28 02:40:06 2023 - INFO  - A total of 1 use cases were executed, with 0 successes and 1 failures.
Mon Aug 28 02:40:06 2023 - INFO  - start to run testcase:oe_test_fftw_fftwl-wisdom_03.
Mon Aug 28 02:40:11 2023 - INFO  - The case exit by code 0.
Mon Aug 28 02:40:11 2023 - INFO  - End to run testcase:oe_test_fftw_fftwl-wisdom_03.
Mon Aug 28 02:40:11 2023 - INFO  - A total of 1 use cases were executed, with 1 successes and 0 failures.
