mugen.sh: line 99: export: `fe80::8975:b24a:88bd:ac32': not a valid identifier
Tue Aug 22 02:35:34 2023 - INFO  - start to run testcase:oe_test_intltool_intltool-merge_01.
Tue Aug 22 02:36:18 2023 - INFO  - The case exit by code 0.
Tue Aug 22 02:36:18 2023 - INFO  - End to run testcase:oe_test_intltool_intltool-merge_01.
Tue Aug 22 02:36:18 2023 - INFO  - A total of 1 use cases were executed, with 1 successes and 0 failures.
mugen.sh: line 99: export: `fe80::8975:b24a:88bd:ac32': not a valid identifier
Tue Aug 22 02:36:18 2023 - INFO  - start to run testcase:oe_test_intltool_intltool-merge_02.
Tue Aug 22 02:36:57 2023 - INFO  - The case exit by code 0.
Tue Aug 22 02:36:57 2023 - INFO  - End to run testcase:oe_test_intltool_intltool-merge_02.
Tue Aug 22 02:36:57 2023 - INFO  - A total of 1 use cases were executed, with 1 successes and 0 failures.
mugen.sh: line 99: export: `fe80::8975:b24a:88bd:ac32': not a valid identifier
Tue Aug 22 02:36:57 2023 - INFO  - start to run testcase:oe_test_intltool_intltool-update.
Tue Aug 22 02:38:20 2023 - INFO  - The case exit by code 0.
Tue Aug 22 02:38:20 2023 - INFO  - End to run testcase:oe_test_intltool_intltool-update.
Tue Aug 22 02:38:20 2023 - INFO  - A total of 1 use cases were executed, with 1 successes and 0 failures.
mugen.sh: line 99: export: `fe80::8975:b24a:88bd:ac32': not a valid identifier
Tue Aug 22 02:38:20 2023 - INFO  - start to run testcase:oe_test_intltool_intltool-extract.
Tue Aug 22 02:39:09 2023 - ERROR - The case exit by code 33.
Tue Aug 22 02:39:09 2023 - INFO  - End to run testcase:oe_test_intltool_intltool-extract.
Tue Aug 22 02:39:09 2023 - INFO  - A total of 1 use cases were executed, with 0 successes and 1 failures.
mugen.sh: line 99: export: `fe80::8975:b24a:88bd:ac32': not a valid identifier
Tue Aug 22 02:39:09 2023 - INFO  - start to run testcase:oe_test_intltool_intltool-prepare.
Tue Aug 22 02:40:04 2023 - ERROR - The case exit by code 18.
Tue Aug 22 02:40:04 2023 - INFO  - End to run testcase:oe_test_intltool_intltool-prepare.
Tue Aug 22 02:40:04 2023 - INFO  - A total of 1 use cases were executed, with 0 successes and 1 failures.
mugen.sh: line 99: export: `fe80::8975:b24a:88bd:ac32': not a valid identifier
Tue Aug 22 02:40:04 2023 - INFO  - start to run testcase:oe_test_intltool_intltoolize.
Tue Aug 22 02:41:04 2023 - INFO  - The case exit by code 0.
Tue Aug 22 02:41:04 2023 - INFO  - End to run testcase:oe_test_intltool_intltoolize.
Tue Aug 22 02:41:04 2023 - INFO  - A total of 1 use cases were executed, with 1 successes and 0 failures.
