Tue Sep 12 10:01:07 2023 - INFO  - start to run testcase:oe_test_service_ctdb.
Tue Sep 12 10:01:33 2023 - INFO  - The case exit by code 0.
Tue Sep 12 10:01:33 2023 - INFO  - End to run testcase:oe_test_service_ctdb.
Tue Sep 12 10:01:33 2023 - INFO  - A total of 1 use cases were executed, with 1 successes and 0 failures.
Tue Sep 12 10:01:33 2023 - INFO  - start to run testcase:oe_test_service_nmb.
Tue Sep 12 10:01:56 2023 - INFO  - The case exit by code 0.
Tue Sep 12 10:01:56 2023 - INFO  - End to run testcase:oe_test_service_nmb.
Tue Sep 12 10:01:56 2023 - INFO  - A total of 1 use cases were executed, with 1 successes and 0 failures.
Tue Sep 12 10:01:56 2023 - INFO  - start to run testcase:oe_test_service_samba.
Tue Sep 12 10:02:38 2023 - ERROR - The case exit by code 2.
Tue Sep 12 10:02:38 2023 - INFO  - End to run testcase:oe_test_service_samba.
Tue Sep 12 10:02:38 2023 - INFO  - A total of 1 use cases were executed, with 0 successes and 1 failures.
Tue Sep 12 10:02:38 2023 - INFO  - start to run testcase:oe_test_service_smb.
Tue Sep 12 10:03:07 2023 - INFO  - The case exit by code 0.
Tue Sep 12 10:03:07 2023 - INFO  - End to run testcase:oe_test_service_smb.
Tue Sep 12 10:03:07 2023 - INFO  - A total of 1 use cases were executed, with 1 successes and 0 failures.
Tue Sep 12 10:03:07 2023 - INFO  - start to run testcase:oe_test_service_winbind.
Tue Sep 12 10:03:33 2023 - INFO  - The case exit by code 0.
Tue Sep 12 10:03:33 2023 - INFO  - End to run testcase:oe_test_service_winbind.
Tue Sep 12 10:03:33 2023 - INFO  - A total of 1 use cases were executed, with 1 successes and 0 failures.
