Mon Aug 28 02:35:54 2023 - INFO  - start to run testcase:oe_test_openscap_01.
Mon Aug 28 02:37:28 2023 - INFO  - The case exit by code 0.
Mon Aug 28 02:37:28 2023 - INFO  - End to run testcase:oe_test_openscap_01.
Mon Aug 28 02:37:28 2023 - INFO  - A total of 1 use cases were executed, with 1 successes and 0 failures.
Mon Aug 28 02:37:28 2023 - INFO  - start to run testcase:oe_test_scanning_system.
Mon Aug 28 02:39:33 2023 - INFO  - The case exit by code 0.
Mon Aug 28 02:39:33 2023 - INFO  - End to run testcase:oe_test_scanning_system.
Mon Aug 28 02:39:33 2023 - INFO  - A total of 1 use cases were executed, with 1 successes and 0 failures.
Mon Aug 28 02:39:33 2023 - INFO  - start to run testcase:oe_test_scanning_remote_system.
Mon Aug 28 02:40:33 2023 - ERROR - The case exit by code 1.
Mon Aug 28 02:40:33 2023 - INFO  - End to run testcase:oe_test_scanning_remote_system.
Mon Aug 28 02:40:33 2023 - INFO  - A total of 1 use cases were executed, with 0 successes and 1 failures.
Mon Aug 28 02:40:33 2023 - INFO  - start to run testcase:oe_test_ensure_security_compliance.
Mon Aug 28 02:41:45 2023 - ERROR - The case exit by code 1.
Mon Aug 28 02:41:45 2023 - INFO  - End to run testcase:oe_test_ensure_security_compliance.
Mon Aug 28 02:41:45 2023 - INFO  - A total of 1 use cases were executed, with 0 successes and 1 failures.
Mon Aug 28 02:41:45 2023 - INFO  - start to run testcase:oe_test_assess_safety_compliance.
Mon Aug 28 02:43:04 2023 - ERROR - The case exit by code 1.
Mon Aug 28 02:43:04 2023 - INFO  - End to run testcase:oe_test_assess_safety_compliance.
Mon Aug 28 02:43:04 2023 - INFO  - A total of 1 use cases were executed, with 0 successes and 1 failures.
Mon Aug 28 02:43:04 2023 - INFO  - start to run testcase:oe_test_fix_anisible.
Mon Aug 28 02:44:26 2023 - INFO  - The case exit by code 0.
Mon Aug 28 02:44:26 2023 - INFO  - End to run testcase:oe_test_fix_anisible.
Mon Aug 28 02:44:26 2023 - INFO  - A total of 1 use cases were executed, with 1 successes and 0 failures.
Mon Aug 28 02:44:26 2023 - INFO  - start to run testcase:oe_test_service_oscap-remediate.
Mon Aug 28 02:45:22 2023 - INFO  - The case exit by code 0.
Mon Aug 28 02:45:22 2023 - INFO  - End to run testcase:oe_test_service_oscap-remediate.
Mon Aug 28 02:45:22 2023 - INFO  - A total of 1 use cases were executed, with 1 successes and 0 failures.
