Mon Aug 28 12:20:07 2023 - INFO  - start to run testcase:oe_test_rpmdevtools_rpmargs.
Mon Aug 28 12:21:07 2023 - ERROR - The case exit by code 3.
Mon Aug 28 12:21:07 2023 - INFO  - End to run testcase:oe_test_rpmdevtools_rpmargs.
Mon Aug 28 12:21:07 2023 - INFO  - A total of 1 use cases were executed, with 0 successes and 1 failures.
Mon Aug 28 12:21:07 2023 - INFO  - start to run testcase:oe_test_rpmdevtools_rpmdev-rmdevelrpms.
Mon Aug 28 12:21:34 2023 - INFO  - The case exit by code 0.
Mon Aug 28 12:21:34 2023 - INFO  - End to run testcase:oe_test_rpmdevtools_rpmdev-rmdevelrpms.
Mon Aug 28 12:21:34 2023 - INFO  - A total of 1 use cases were executed, with 1 successes and 0 failures.
Mon Aug 28 12:21:34 2023 - INFO  - start to run testcase:oe_test_rpmdevtools_rpmdev-vercmp.
Mon Aug 28 12:22:03 2023 - ERROR - The case exit by code 14.
Mon Aug 28 12:22:03 2023 - INFO  - End to run testcase:oe_test_rpmdevtools_rpmdev-vercmp.
Mon Aug 28 12:22:03 2023 - INFO  - A total of 1 use cases were executed, with 0 successes and 1 failures.
Mon Aug 28 12:22:03 2023 - INFO  - start to run testcase:oe_test_rpmdevtools_rpmdev-wipetree.
Mon Aug 28 12:26:09 2023 - INFO  - The case exit by code 0.
Mon Aug 28 12:26:09 2023 - INFO  - End to run testcase:oe_test_rpmdevtools_rpmdev-wipetree.
Mon Aug 28 12:26:09 2023 - INFO  - A total of 1 use cases were executed, with 1 successes and 0 failures.
Mon Aug 28 12:26:09 2023 - INFO  - start to run testcase:oe_test_rpmdevtools_rpmdev-bumpspec.
Mon Aug 28 12:26:36 2023 - INFO  - The case exit by code 0.
Mon Aug 28 12:26:36 2023 - INFO  - End to run testcase:oe_test_rpmdevtools_rpmdev-bumpspec.
Mon Aug 28 12:26:36 2023 - INFO  - A total of 1 use cases were executed, with 1 successes and 0 failures.
