Tue Aug 22 02:19:35 2023 - INFO  - start to run testcase:oe_test_nftables_create_counters.
Tue Aug 22 02:19:45 2023 - ERROR - The case exit by code 1.
Tue Aug 22 02:19:45 2023 - INFO  - End to run testcase:oe_test_nftables_create_counters.
Tue Aug 22 02:19:45 2023 - INFO  - A total of 1 use cases were executed, with 0 successes and 1 failures.
Tue Aug 22 02:19:45 2023 - INFO  - start to run testcase:oe_test_nftables_anonymous_map.
Tue Aug 22 02:19:46 2023 - ERROR - The case exit by code 5.
Tue Aug 22 02:19:46 2023 - INFO  - End to run testcase:oe_test_nftables_anonymous_map.
Tue Aug 22 02:19:46 2023 - INFO  - A total of 1 use cases were executed, with 0 successes and 1 failures.
Tue Aug 22 02:19:46 2023 - INFO  - start to run testcase:oe_test_nftables_listen_package.
Tue Aug 22 02:19:57 2023 - ERROR - The case exit by code 3.
Tue Aug 22 02:19:57 2023 - INFO  - End to run testcase:oe_test_nftables_listen_package.
Tue Aug 22 02:19:57 2023 - INFO  - A total of 1 use cases were executed, with 0 successes and 1 failures.
Tue Aug 22 02:19:57 2023 - INFO  - start to run testcase:oe_test_nftables_name_sets.
Tue Aug 22 02:19:58 2023 - ERROR - The case exit by code 4.
Tue Aug 22 02:19:58 2023 - INFO  - End to run testcase:oe_test_nftables_name_sets.
Tue Aug 22 02:19:58 2023 - INFO  - A total of 1 use cases were executed, with 0 successes and 1 failures.
Tue Aug 22 02:19:58 2023 - INFO  - start to run testcase:oe_test_nftables_variable_map.
Tue Aug 22 02:19:59 2023 - ERROR - The case exit by code 1.
Tue Aug 22 02:19:59 2023 - INFO  - End to run testcase:oe_test_nftables_variable_map.
Tue Aug 22 02:19:59 2023 - INFO  - A total of 1 use cases were executed, with 0 successes and 1 failures.
Tue Aug 22 02:19:59 2023 - INFO  - start to run testcase:oe_test_nftables_chains.
Tue Aug 22 02:20:00 2023 - ERROR - The case exit by code 4.
Tue Aug 22 02:20:00 2023 - INFO  - End to run testcase:oe_test_nftables_chains.
Tue Aug 22 02:20:00 2023 - INFO  - A total of 1 use cases were executed, with 0 successes and 1 failures.
Tue Aug 22 02:20:00 2023 - INFO  - start to run testcase:oe_test_iptables_to_nftables.
Tue Aug 22 02:20:04 2023 - INFO  - The case exit by code 0.
Tue Aug 22 02:20:04 2023 - INFO  - End to run testcase:oe_test_iptables_to_nftables.
Tue Aug 22 02:20:04 2023 - INFO  - A total of 1 use cases were executed, with 1 successes and 0 failures.
Tue Aug 22 02:20:04 2023 - INFO  - start to run testcase:oe_test_nftables_backup_rules.
Tue Aug 22 02:20:05 2023 - ERROR - The case exit by code 4.
Tue Aug 22 02:20:05 2023 - INFO  - End to run testcase:oe_test_nftables_backup_rules.
Tue Aug 22 02:20:05 2023 - INFO  - A total of 1 use cases were executed, with 0 successes and 1 failures.
Tue Aug 22 02:20:05 2023 - INFO  - start to run testcase:oe_test_nftables_replace_counters.
Tue Aug 22 02:20:06 2023 - ERROR - The case exit by code 2.
Tue Aug 22 02:20:06 2023 - INFO  - End to run testcase:oe_test_nftables_replace_counters.
Tue Aug 22 02:20:06 2023 - INFO  - A total of 1 use cases were executed, with 0 successes and 1 failures.
Tue Aug 22 02:20:06 2023 - INFO  - start to run testcase:oe_test_service_nftables.
Tue Aug 22 02:20:22 2023 - ERROR - The case exit by code 8.
Tue Aug 22 02:20:22 2023 - INFO  - End to run testcase:oe_test_service_nftables.
Tue Aug 22 02:20:22 2023 - INFO  - A total of 1 use cases were executed, with 0 successes and 1 failures.
