mugen.sh: line 99: export: `fe80::8975:b24a:88bd:ac32': not a valid identifier
Tue Aug 22 02:46:52 2023 - INFO  - start to run testcase:oe_test_fio_001.
Tue Aug 22 02:53:54 2023 - ERROR - The case exit by code 7.
Tue Aug 22 02:53:54 2023 - INFO  - End to run testcase:oe_test_fio_001.
Tue Aug 22 02:53:54 2023 - INFO  - A total of 1 use cases were executed, with 0 successes and 1 failures.
mugen.sh: line 99: export: `fe80::8975:b24a:88bd:ac32': not a valid identifier
Tue Aug 22 02:53:55 2023 - INFO  - start to run testcase:oe_test_fio_002.
Tue Aug 22 03:00:22 2023 - ERROR - The case exit by code 4.
Tue Aug 22 03:00:22 2023 - INFO  - End to run testcase:oe_test_fio_002.
Tue Aug 22 03:00:22 2023 - INFO  - A total of 1 use cases were executed, with 0 successes and 1 failures.
mugen.sh: line 99: export: `fe80::8975:b24a:88bd:ac32': not a valid identifier
Tue Aug 22 03:00:22 2023 - INFO  - start to run testcase:oe_test_fio_003.
Tue Aug 22 03:05:09 2023 - ERROR - The case exit by code 8.
Tue Aug 22 03:05:09 2023 - INFO  - End to run testcase:oe_test_fio_003.
Tue Aug 22 03:05:09 2023 - INFO  - A total of 1 use cases were executed, with 0 successes and 1 failures.
mugen.sh: line 99: export: `fe80::8975:b24a:88bd:ac32': not a valid identifier
Tue Aug 22 03:05:09 2023 - INFO  - start to run testcase:oe_test_fio_004.
Tue Aug 22 03:09:12 2023 - ERROR - The case exit by code 7.
Tue Aug 22 03:09:12 2023 - INFO  - End to run testcase:oe_test_fio_004.
Tue Aug 22 03:09:12 2023 - INFO  - A total of 1 use cases were executed, with 0 successes and 1 failures.
