Thu May 25 16:34:10 2023 - INFO  - start to run testcase:oe_test_dnf_alias.
Thu May 25 16:34:23 2023 - INFO  - The case exit by code 0.
Thu May 25 16:34:23 2023 - INFO  - End to run testcase:oe_test_dnf_alias.
Thu May 25 16:34:23 2023 - INFO  - A total of 1 use cases were executed, with 1 successes and 0 failures.
Thu May 25 16:34:23 2023 - INFO  - start to run testcase:oe_test_dnf_all-repos.
Thu May 25 16:34:47 2023 - INFO  - The case exit by code 0.
Thu May 25 16:34:47 2023 - INFO  - End to run testcase:oe_test_dnf_all-repos.
Thu May 25 16:34:48 2023 - INFO  - A total of 1 use cases were executed, with 1 successes and 0 failures.
Thu May 25 16:34:48 2023 - INFO  - start to run testcase:oe_test_dnf_assumeno_autoremove.
Thu May 25 16:35:37 2023 - INFO  - The case exit by code 0.
Thu May 25 16:35:37 2023 - INFO  - End to run testcase:oe_test_dnf_assumeno_autoremove.
Thu May 25 16:35:37 2023 - INFO  - A total of 1 use cases were executed, with 1 successes and 0 failures.
Thu May 25 16:35:37 2023 - INFO  - start to run testcase:oe_test_dnf_automatic.
Thu May 25 16:36:29 2023 - INFO  - The case exit by code 0.
Thu May 25 16:36:30 2023 - INFO  - End to run testcase:oe_test_dnf_automatic.
Thu May 25 16:36:30 2023 - INFO  - A total of 1 use cases were executed, with 1 successes and 0 failures.
Thu May 25 16:36:30 2023 - INFO  - start to run testcase:oe_test_dnf_check_diffenert-packages.
Thu May 25 16:36:52 2023 - ERROR - The case exit by code 1.
Thu May 25 16:36:52 2023 - INFO  - End to run testcase:oe_test_dnf_check_diffenert-packages.
Thu May 25 16:36:53 2023 - INFO  - A total of 1 use cases were executed, with 0 successes and 1 failures.
Thu May 25 16:36:53 2023 - INFO  - start to run testcase:oe_test_dnf_makecache_clean.
Thu May 25 16:37:59 2023 - INFO  - The case exit by code 0.
Thu May 25 16:37:59 2023 - INFO  - End to run testcase:oe_test_dnf_makecache_clean.
Thu May 25 16:37:59 2023 - INFO  - A total of 1 use cases were executed, with 1 successes and 0 failures.
Thu May 25 16:38:00 2023 - INFO  - start to run testcase:oe_test_dnf_distro-sync_dnf-3.
Thu May 25 16:38:58 2023 - INFO  - The case exit by code 0.
Thu May 25 16:38:58 2023 - INFO  - End to run testcase:oe_test_dnf_distro-sync_dnf-3.
Thu May 25 16:38:58 2023 - INFO  - A total of 1 use cases were executed, with 1 successes and 0 failures.
Thu May 25 16:38:59 2023 - INFO  - start to run testcase:oe_test_dnf_enabled_enablerepo.
Thu May 25 16:39:05 2023 - ERROR - The case exit by code 1.
Thu May 25 16:39:05 2023 - INFO  - End to run testcase:oe_test_dnf_enabled_enablerepo.
Thu May 25 16:39:05 2023 - INFO  - A total of 1 use cases were executed, with 0 successes and 1 failures.
Thu May 25 16:39:06 2023 - INFO  - start to run testcase:oe_test_service_dnf-automatic-download.
Thu May 25 16:39:21 2023 - INFO  - The case exit by code 0.
Thu May 25 16:39:21 2023 - INFO  - End to run testcase:oe_test_service_dnf-automatic-download.
Thu May 25 16:39:21 2023 - INFO  - A total of 1 use cases were executed, with 1 successes and 0 failures.
Thu May 25 16:39:21 2023 - INFO  - start to run testcase:oe_test_service_dnf-automatic-install.
Thu May 25 16:39:30 2023 - INFO  - The case exit by code 0.
Thu May 25 16:39:30 2023 - INFO  - End to run testcase:oe_test_service_dnf-automatic-install.
Thu May 25 16:39:30 2023 - INFO  - A total of 1 use cases were executed, with 1 successes and 0 failures.
Thu May 25 16:39:31 2023 - INFO  - start to run testcase:oe_test_service_dnf-automatic-notifyonly.
Thu May 25 16:39:38 2023 - INFO  - The case exit by code 0.
Thu May 25 16:39:38 2023 - INFO  - End to run testcase:oe_test_service_dnf-automatic-notifyonly.
Thu May 25 16:39:38 2023 - INFO  - A total of 1 use cases were executed, with 1 successes and 0 failures.
Thu May 25 16:39:38 2023 - INFO  - start to run testcase:oe_test_service_dnf-automatic.
Thu May 25 16:39:45 2023 - INFO  - The case exit by code 0.
Thu May 25 16:39:45 2023 - INFO  - End to run testcase:oe_test_service_dnf-automatic.
Thu May 25 16:39:45 2023 - INFO  - A total of 1 use cases were executed, with 1 successes and 0 failures.
Thu May 25 16:39:46 2023 - INFO  - start to run testcase:oe_test_service_dnf-makecache.
Thu May 25 16:39:49 2023 - INFO  - The case exit by code 0.
Thu May 25 16:39:49 2023 - INFO  - End to run testcase:oe_test_service_dnf-makecache.
Thu May 25 16:39:49 2023 - INFO  - A total of 1 use cases were executed, with 1 successes and 0 failures.
Thu May 25 16:39:49 2023 - INFO  - start to run testcase:oe_test_dnf_enhancement_exclude.
Thu May 25 16:39:57 2023 - INFO  - The case exit by code 0.
Thu May 25 16:39:57 2023 - INFO  - End to run testcase:oe_test_dnf_enhancement_exclude.
Thu May 25 16:39:57 2023 - INFO  - A total of 1 use cases were executed, with 1 successes and 0 failures.
Thu May 25 16:39:57 2023 - INFO  - start to run testcase:oe_test_dnf_help_history_info.
Thu May 25 16:40:09 2023 - INFO  - The case exit by code 0.
Thu May 25 16:40:09 2023 - INFO  - End to run testcase:oe_test_dnf_help_history_info.
Thu May 25 16:40:09 2023 - INFO  - A total of 1 use cases were executed, with 1 successes and 0 failures.
Thu May 25 16:40:09 2023 - INFO  - start to run testcase:oe_test_dnf_list_mark.
Thu May 25 16:40:41 2023 - ERROR - The case exit by code 3.
Thu May 25 16:40:41 2023 - INFO  - End to run testcase:oe_test_dnf_list_mark.
Thu May 25 16:40:41 2023 - INFO  - A total of 1 use cases were executed, with 0 successes and 1 failures.
Thu May 25 16:40:41 2023 - INFO  - start to run testcase:oe_test_dnf_nobest_nodocs_nogpgcheck.
Thu May 25 16:40:59 2023 - INFO  - The case exit by code 0.
Thu May 25 16:40:59 2023 - INFO  - End to run testcase:oe_test_dnf_nobest_nodocs_nogpgcheck.
Thu May 25 16:40:59 2023 - INFO  - A total of 1 use cases were executed, with 1 successes and 0 failures.
Thu May 25 16:41:00 2023 - INFO  - start to run testcase:oe_test_dnf_priority.
Thu May 25 16:41:05 2023 - INFO  - The case exit by code 0.
Thu May 25 16:41:06 2023 - INFO  - End to run testcase:oe_test_dnf_priority.
Thu May 25 16:41:06 2023 - INFO  - A total of 1 use cases were executed, with 1 successes and 0 failures.
Thu May 25 16:41:06 2023 - INFO  - start to run testcase:oe_test_dnf_provides_randomwait.
Thu May 25 16:44:43 2023 - INFO  - The case exit by code 0.
Thu May 25 16:44:43 2023 - INFO  - End to run testcase:oe_test_dnf_provides_randomwait.
Thu May 25 16:44:43 2023 - INFO  - A total of 1 use cases were executed, with 1 successes and 0 failures.
Thu May 25 16:44:43 2023 - INFO  - start to run testcase:oe_test_dnf_reinstall_repoinfo.
Thu May 25 16:45:24 2023 - ERROR - The case exit by code 1.
Thu May 25 16:45:24 2023 - INFO  - End to run testcase:oe_test_dnf_reinstall_repoinfo.
Thu May 25 16:45:24 2023 - INFO  - A total of 1 use cases were executed, with 0 successes and 1 failures.
Thu May 25 16:45:24 2023 - INFO  - start to run testcase:oe_test_dnf_repeat-install.
Thu May 25 16:46:42 2023 - INFO  - The case exit by code 0.
Thu May 25 16:46:42 2023 - INFO  - End to run testcase:oe_test_dnf_repeat-install.
Thu May 25 16:46:42 2023 - INFO  - A total of 1 use cases were executed, with 1 successes and 0 failures.
Thu May 25 16:46:43 2023 - INFO  - start to run testcase:oe_test_dnf_repeat-upgrade-downgrade.
pgrep: pattern that searches for process name longer than 15 characters will result in zero matches
Try `pgrep -f' option to match against the complete command line.
Thu May 25 17:16:43 2023 - WARN  - The case execution timeout.
Thu May 25 17:16:43 2023 - ERROR - The case exit by code 143.
Thu May 25 17:16:43 2023 - INFO  - End to run testcase:oe_test_dnf_repeat-upgrade-downgrade.
Thu May 25 17:16:43 2023 - INFO  - A total of 1 use cases were executed, with 0 successes and 1 failures.
