Thu May 25 16:40:44 2023 - INFO  - start to run testcase:oe_test_openssh_cipher.
Thu May 25 16:40:56 2023 - ERROR - The case exit by code 1.
Thu May 25 16:40:56 2023 - INFO  - End to run testcase:oe_test_openssh_cipher.
Thu May 25 16:40:56 2023 - INFO  - A total of 1 use cases were executed, with 0 successes and 1 failures.
Thu May 25 16:40:57 2023 - INFO  - start to run testcase:oe_test_service_sshd.
Thu May 25 16:41:15 2023 - INFO  - The case exit by code 0.
Thu May 25 16:41:15 2023 - INFO  - End to run testcase:oe_test_service_sshd.
Thu May 25 16:41:15 2023 - INFO  - A total of 1 use cases were executed, with 1 successes and 0 failures.
Thu May 25 16:41:15 2023 - INFO  - start to run testcase:oe_test_socket_sshd.
Thu May 25 16:41:32 2023 - INFO  - The case exit by code 0.
Thu May 25 16:41:32 2023 - INFO  - End to run testcase:oe_test_socket_sshd.
Thu May 25 16:41:32 2023 - INFO  - A total of 1 use cases were executed, with 1 successes and 0 failures.
Thu May 25 16:41:33 2023 - INFO  - start to run testcase:oe_test_target_sshd-keygen.
Thu May 25 16:41:49 2023 - INFO  - The case exit by code 0.
Thu May 25 16:41:49 2023 - INFO  - End to run testcase:oe_test_target_sshd-keygen.
Thu May 25 16:41:49 2023 - INFO  - A total of 1 use cases were executed, with 1 successes and 0 failures.
Thu May 25 16:41:50 2023 - INFO  - start to run testcase:oe_test_start_ssh.
Thu May 25 16:41:51 2023 - INFO  - The case exit by code 0.
Thu May 25 16:41:51 2023 - INFO  - End to run testcase:oe_test_start_ssh.
Thu May 25 16:41:51 2023 - INFO  - A total of 1 use cases were executed, with 1 successes and 0 failures.
Thu May 25 16:41:51 2023 - INFO  - start to run testcase:oe_test_sec_ssh.
Thu May 25 16:42:09 2023 - ERROR - The case exit by code 4.
Thu May 25 16:42:09 2023 - INFO  - End to run testcase:oe_test_sec_ssh.
Thu May 25 16:42:09 2023 - INFO  - A total of 1 use cases were executed, with 0 successes and 1 failures.
Thu May 25 16:42:09 2023 - INFO  - start to run testcase:oe_test_sec_jump_login.
Thu May 25 16:42:10 2023 - ERROR - The case exit by code 2.
Thu May 25 16:42:10 2023 - INFO  - End to run testcase:oe_test_sec_jump_login.
Thu May 25 16:42:10 2023 - INFO  - A total of 1 use cases were executed, with 0 successes and 1 failures.
