Mon Sep 11 21:05:22 2023 - INFO  - start to run testcase:oe_test_FSIO_act_alias.
Mon Sep 11 21:05:37 2023 - INFO  - The case exit by code 0.
Mon Sep 11 21:05:38 2023 - INFO  - End to run testcase:oe_test_FSIO_act_alias.
Mon Sep 11 21:05:38 2023 - INFO  - A total of 1 use cases were executed, with 1 successes and 0 failures.
Mon Sep 11 21:05:41 2023 - INFO  - start to run testcase:oe_test_FSIO_act_file_lack_inode.
Mon Sep 11 21:06:06 2023 - ERROR - The case exit by code 9.
Mon Sep 11 21:06:07 2023 - INFO  - End to run testcase:oe_test_FSIO_act_file_lack_inode.
Mon Sep 11 21:06:07 2023 - INFO  - A total of 1 use cases were executed, with 0 successes and 1 failures.
Mon Sep 11 21:06:10 2023 - INFO  - start to run testcase:oe_test_FSIO_act_hardlink.
Mon Sep 11 21:06:18 2023 - INFO  - The case exit by code 0.
Mon Sep 11 21:06:18 2023 - INFO  - End to run testcase:oe_test_FSIO_act_hardlink.
Mon Sep 11 21:06:19 2023 - INFO  - A total of 1 use cases were executed, with 1 successes and 0 failures.
Mon Sep 11 21:06:21 2023 - INFO  - start to run testcase:oe_test_FSIO_bzip2.
Mon Sep 11 21:06:30 2023 - INFO  - The case exit by code 0.
Mon Sep 11 21:06:31 2023 - INFO  - End to run testcase:oe_test_FSIO_bzip2.
Mon Sep 11 21:06:31 2023 - INFO  - A total of 1 use cases were executed, with 1 successes and 0 failures.
Mon Sep 11 21:06:34 2023 - INFO  - start to run testcase:oe_test_FSIO_change_proc.
Mon Sep 11 21:06:41 2023 - INFO  - The case exit by code 0.
Mon Sep 11 21:06:41 2023 - INFO  - End to run testcase:oe_test_FSIO_change_proc.
Mon Sep 11 21:06:42 2023 - INFO  - A total of 1 use cases were executed, with 1 successes and 0 failures.
Mon Sep 11 21:06:44 2023 - INFO  - start to run testcase:oe_test_FSIO_chattr.
Mon Sep 11 21:06:51 2023 - INFO  - The case exit by code 0.
Mon Sep 11 21:06:51 2023 - INFO  - End to run testcase:oe_test_FSIO_chattr.
Mon Sep 11 21:06:52 2023 - INFO  - A total of 1 use cases were executed, with 1 successes and 0 failures.
Mon Sep 11 21:06:55 2023 - INFO  - start to run testcase:oe_test_FSIO_check_alias.
Mon Sep 11 21:07:00 2023 - INFO  - The case exit by code 0.
Mon Sep 11 21:07:01 2023 - INFO  - End to run testcase:oe_test_FSIO_check_alias.
Mon Sep 11 21:07:01 2023 - INFO  - A total of 1 use cases were executed, with 1 successes and 0 failures.
Mon Sep 11 21:07:04 2023 - INFO  - start to run testcase:oe_test_FSIO_check_block.
Mon Sep 11 21:07:09 2023 - INFO  - The case exit by code 0.
Mon Sep 11 21:07:10 2023 - INFO  - End to run testcase:oe_test_FSIO_check_block.
Mon Sep 11 21:07:10 2023 - INFO  - A total of 1 use cases were executed, with 1 successes and 0 failures.
Mon Sep 11 21:07:13 2023 - INFO  - start to run testcase:oe_test_FSIO_check_file_info.
Mon Sep 11 21:07:22 2023 - INFO  - The case exit by code 0.
Mon Sep 11 21:07:23 2023 - INFO  - End to run testcase:oe_test_FSIO_check_file_info.
Mon Sep 11 21:07:23 2023 - INFO  - A total of 1 use cases were executed, with 1 successes and 0 failures.
Mon Sep 11 21:07:26 2023 - INFO  - start to run testcase:oe_test_FSIO_chmod.
Mon Sep 11 21:07:35 2023 - ERROR - The case exit by code 1.
Mon Sep 11 21:07:35 2023 - INFO  - End to run testcase:oe_test_FSIO_chmod.
Mon Sep 11 21:07:36 2023 - INFO  - A total of 1 use cases were executed, with 0 successes and 1 failures.
Mon Sep 11 21:07:38 2023 - INFO  - start to run testcase:oe_test_FSIO_chown.
Mon Sep 11 21:07:47 2023 - INFO  - The case exit by code 0.
Mon Sep 11 21:07:48 2023 - INFO  - End to run testcase:oe_test_FSIO_chown.
Mon Sep 11 21:07:48 2023 - INFO  - A total of 1 use cases were executed, with 1 successes and 0 failures.
Mon Sep 11 21:07:51 2023 - INFO  - start to run testcase:oe_test_FSIO_concurrency_read_file.
Mon Sep 11 21:09:55 2023 - INFO  - The case exit by code 0.
Mon Sep 11 21:09:56 2023 - INFO  - End to run testcase:oe_test_FSIO_concurrency_read_file.
Mon Sep 11 21:09:56 2023 - INFO  - A total of 1 use cases were executed, with 1 successes and 0 failures.
Mon Sep 11 21:09:59 2023 - INFO  - start to run testcase:oe_test_FSIO_concurrency_write_file.
Mon Sep 11 21:16:24 2023 - INFO  - The case exit by code 0.
Mon Sep 11 21:16:25 2023 - INFO  - End to run testcase:oe_test_FSIO_concurrency_write_file.
Mon Sep 11 21:16:25 2023 - INFO  - A total of 1 use cases were executed, with 1 successes and 0 failures.
Mon Sep 11 21:16:28 2023 - INFO  - start to run testcase:oe_test_FSIO_cp_file.
Mon Sep 11 21:16:38 2023 - INFO  - The case exit by code 0.
Mon Sep 11 21:16:38 2023 - INFO  - End to run testcase:oe_test_FSIO_cp_file.
Mon Sep 11 21:16:39 2023 - INFO  - A total of 1 use cases were executed, with 1 successes and 0 failures.
Mon Sep 11 21:16:41 2023 - INFO  - start to run testcase:oe_test_FSIO_create_block.
Mon Sep 11 21:16:51 2023 - INFO  - The case exit by code 0.
Mon Sep 11 21:16:51 2023 - INFO  - End to run testcase:oe_test_FSIO_create_block.
Mon Sep 11 21:16:52 2023 - INFO  - A total of 1 use cases were executed, with 1 successes and 0 failures.
Mon Sep 11 21:16:54 2023 - INFO  - start to run testcase:oe_test_FSIO_create_character.
Mon Sep 11 21:17:03 2023 - INFO  - The case exit by code 0.
Mon Sep 11 21:17:04 2023 - INFO  - End to run testcase:oe_test_FSIO_create_character.
Mon Sep 11 21:17:05 2023 - INFO  - A total of 1 use cases were executed, with 1 successes and 0 failures.
Mon Sep 11 21:17:07 2023 - INFO  - start to run testcase:oe_test_FSIO_create_hardlink_fail.
Mon Sep 11 21:17:20 2023 - ERROR - The case exit by code 3.
Mon Sep 11 21:17:20 2023 - INFO  - End to run testcase:oe_test_FSIO_create_hardlink_fail.
Mon Sep 11 21:17:21 2023 - INFO  - A total of 1 use cases were executed, with 0 successes and 1 failures.
Mon Sep 11 21:17:24 2023 - INFO  - start to run testcase:oe_test_FSIO_create_mv_hardlink.
Mon Sep 11 21:17:34 2023 - ERROR - The case exit by code 1.
Mon Sep 11 21:17:34 2023 - INFO  - End to run testcase:oe_test_FSIO_create_mv_hardlink.
Mon Sep 11 21:17:35 2023 - INFO  - A total of 1 use cases were executed, with 0 successes and 1 failures.
Mon Sep 11 21:17:37 2023 - INFO  - start to run testcase:oe_test_FSIO_create_softlink.
Mon Sep 11 21:17:44 2023 - INFO  - The case exit by code 0.
Mon Sep 11 21:17:45 2023 - INFO  - End to run testcase:oe_test_FSIO_create_softlink.
Mon Sep 11 21:17:45 2023 - INFO  - A total of 1 use cases were executed, with 1 successes and 0 failures.
Mon Sep 11 21:17:47 2023 - INFO  - start to run testcase:oe_test_FSIO_create_softlink_diff_fs.
Mon Sep 11 21:17:56 2023 - INFO  - The case exit by code 0.
Mon Sep 11 21:17:57 2023 - INFO  - End to run testcase:oe_test_FSIO_create_softlink_diff_fs.
Mon Sep 11 21:17:57 2023 - INFO  - A total of 1 use cases were executed, with 1 successes and 0 failures.
Mon Sep 11 21:17:59 2023 - INFO  - start to run testcase:oe_test_FSIO_create_softlink_dir.
Mon Sep 11 21:18:06 2023 - INFO  - The case exit by code 0.
Mon Sep 11 21:18:07 2023 - INFO  - End to run testcase:oe_test_FSIO_create_softlink_dir.
Mon Sep 11 21:18:07 2023 - INFO  - A total of 1 use cases were executed, with 1 successes and 0 failures.
Mon Sep 11 21:18:10 2023 - INFO  - start to run testcase:oe_test_FSIO_create_softlink_file.
Mon Sep 11 21:18:17 2023 - INFO  - The case exit by code 0.
Mon Sep 11 21:18:17 2023 - INFO  - End to run testcase:oe_test_FSIO_create_softlink_file.
Mon Sep 11 21:18:18 2023 - INFO  - A total of 1 use cases were executed, with 1 successes and 0 failures.
Mon Sep 11 21:18:20 2023 - INFO  - start to run testcase:oe_test_FSIO_dd_file.
Mon Sep 11 21:18:29 2023 - INFO  - The case exit by code 0.
Mon Sep 11 21:18:29 2023 - INFO  - End to run testcase:oe_test_FSIO_dd_file.
Mon Sep 11 21:18:30 2023 - INFO  - A total of 1 use cases were executed, with 1 successes and 0 failures.
Mon Sep 11 21:18:32 2023 - INFO  - start to run testcase:oe_test_FSIO_filefrag.
Mon Sep 11 21:18:43 2023 - ERROR - The case exit by code 3.
Mon Sep 11 21:18:44 2023 - INFO  - End to run testcase:oe_test_FSIO_filefrag.
Mon Sep 11 21:18:44 2023 - INFO  - A total of 1 use cases were executed, with 0 successes and 1 failures.
Mon Sep 11 21:18:47 2023 - INFO  - start to run testcase:oe_test_FSIO_gzip.
Mon Sep 11 21:18:56 2023 - INFO  - The case exit by code 0.
Mon Sep 11 21:18:56 2023 - INFO  - End to run testcase:oe_test_FSIO_gzip.
Mon Sep 11 21:18:57 2023 - INFO  - A total of 1 use cases were executed, with 1 successes and 0 failures.
Mon Sep 11 21:18:59 2023 - INFO  - start to run testcase:oe_test_FSIO_gzip_overfs.
Mon Sep 11 21:19:08 2023 - INFO  - The case exit by code 0.
Mon Sep 11 21:19:08 2023 - INFO  - End to run testcase:oe_test_FSIO_gzip_overfs.
Mon Sep 11 21:19:09 2023 - INFO  - A total of 1 use cases were executed, with 1 successes and 0 failures.
Mon Sep 11 21:19:11 2023 - INFO  - start to run testcase:oe_test_FSIO_modify_file.
Mon Sep 11 21:19:28 2023 - INFO  - The case exit by code 0.
Mon Sep 11 21:19:29 2023 - INFO  - End to run testcase:oe_test_FSIO_modify_file.
Mon Sep 11 21:19:29 2023 - INFO  - A total of 1 use cases were executed, with 1 successes and 0 failures.
Mon Sep 11 21:19:32 2023 - INFO  - start to run testcase:oe_test_FSIO_modify_magicfile.
Mon Sep 11 21:19:39 2023 - INFO  - The case exit by code 0.
Mon Sep 11 21:19:39 2023 - INFO  - End to run testcase:oe_test_FSIO_modify_magicfile.
Mon Sep 11 21:19:40 2023 - INFO  - A total of 1 use cases were executed, with 1 successes and 0 failures.
Mon Sep 11 21:19:42 2023 - INFO  - start to run testcase:oe_test_FSIO_mv_file_1.
Mon Sep 11 21:19:52 2023 - INFO  - The case exit by code 0.
Mon Sep 11 21:19:53 2023 - INFO  - End to run testcase:oe_test_FSIO_mv_file_1.
Mon Sep 11 21:19:53 2023 - INFO  - A total of 1 use cases were executed, with 1 successes and 0 failures.
Mon Sep 11 21:19:56 2023 - INFO  - start to run testcase:oe_test_FSIO_mv_file_2.
Mon Sep 11 21:20:05 2023 - INFO  - The case exit by code 0.
Mon Sep 11 21:20:06 2023 - INFO  - End to run testcase:oe_test_FSIO_mv_file_2.
Mon Sep 11 21:20:07 2023 - INFO  - A total of 1 use cases were executed, with 1 successes and 0 failures.
Mon Sep 11 21:20:10 2023 - INFO  - start to run testcase:oe_test_FSIO_rename_file.
Mon Sep 11 21:20:21 2023 - INFO  - The case exit by code 0.
Mon Sep 11 21:20:22 2023 - INFO  - End to run testcase:oe_test_FSIO_rename_file.
Mon Sep 11 21:20:22 2023 - INFO  - A total of 1 use cases were executed, with 1 successes and 0 failures.
Mon Sep 11 21:20:26 2023 - INFO  - start to run testcase:oe_test_FSIO_rename_file_fail.
Mon Sep 11 21:20:44 2023 - ERROR - The case exit by code 6.
Mon Sep 11 21:20:45 2023 - INFO  - End to run testcase:oe_test_FSIO_rename_file_fail.
Mon Sep 11 21:20:45 2023 - INFO  - A total of 1 use cases were executed, with 0 successes and 1 failures.
Mon Sep 11 21:20:48 2023 - INFO  - start to run testcase:oe_test_FSIO_rm_file.
Mon Sep 11 21:20:55 2023 - INFO  - The case exit by code 0.
Mon Sep 11 21:20:56 2023 - INFO  - End to run testcase:oe_test_FSIO_rm_file.
Mon Sep 11 21:20:56 2023 - INFO  - A total of 1 use cases were executed, with 1 successes and 0 failures.
Mon Sep 11 21:20:59 2023 - INFO  - start to run testcase:oe_test_FSIO_rm_hardlink.
Mon Sep 11 21:21:06 2023 - INFO  - The case exit by code 0.
Mon Sep 11 21:21:06 2023 - INFO  - End to run testcase:oe_test_FSIO_rm_hardlink.
Mon Sep 11 21:21:07 2023 - INFO  - A total of 1 use cases were executed, with 1 successes and 0 failures.
Mon Sep 11 21:21:09 2023 - INFO  - start to run testcase:oe_test_FSIO_rm_softlink.
Mon Sep 11 21:21:17 2023 - INFO  - The case exit by code 0.
Mon Sep 11 21:21:17 2023 - INFO  - End to run testcase:oe_test_FSIO_rm_softlink.
Mon Sep 11 21:21:18 2023 - INFO  - A total of 1 use cases were executed, with 1 successes and 0 failures.
Mon Sep 11 21:21:20 2023 - INFO  - start to run testcase:oe_test_FSIO_sys_fs_check.
Mon Sep 11 21:21:30 2023 - ERROR - The case exit by code 2.
Mon Sep 11 21:21:31 2023 - INFO  - End to run testcase:oe_test_FSIO_sys_fs_check.
Mon Sep 11 21:21:31 2023 - INFO  - A total of 1 use cases were executed, with 0 successes and 1 failures.
Mon Sep 11 21:21:34 2023 - INFO  - start to run testcase:oe_test_FSIO_tar.
Mon Sep 11 21:21:55 2023 - INFO  - The case exit by code 0.
Mon Sep 11 21:21:56 2023 - INFO  - End to run testcase:oe_test_FSIO_tar.
Mon Sep 11 21:21:56 2023 - INFO  - A total of 1 use cases were executed, with 1 successes and 0 failures.
Mon Sep 11 21:21:59 2023 - INFO  - start to run testcase:oe_test_FSIO_touch_file.
Mon Sep 11 21:22:06 2023 - INFO  - The case exit by code 0.
Mon Sep 11 21:22:07 2023 - INFO  - End to run testcase:oe_test_FSIO_touch_file.
Mon Sep 11 21:22:07 2023 - INFO  - A total of 1 use cases were executed, with 1 successes and 0 failures.
Mon Sep 11 21:22:10 2023 - INFO  - start to run testcase:oe_test_FSIO_zip_unzip.
Mon Sep 11 21:22:20 2023 - INFO  - The case exit by code 0.
Mon Sep 11 21:22:20 2023 - INFO  - End to run testcase:oe_test_FSIO_zip_unzip.
Mon Sep 11 21:22:20 2023 - INFO  - A total of 1 use cases were executed, with 1 successes and 0 failures.
Mon Sep 11 21:22:23 2023 - INFO  - start to run testcase:oe_test_FSIO_zip_unzip_overfs.
Mon Sep 11 21:22:32 2023 - INFO  - The case exit by code 0.
Mon Sep 11 21:22:33 2023 - INFO  - End to run testcase:oe_test_FSIO_zip_unzip_overfs.
Mon Sep 11 21:22:33 2023 - INFO  - A total of 1 use cases were executed, with 1 successes and 0 failures.
