Thu May 25 20:53:53 2023 - INFO  - start to run testcase:oe_test_service_console-getty.
Thu May 25 20:54:40 2023 - ERROR - The case exit by code 3.
Thu May 25 20:54:40 2023 - INFO  - End to run testcase:oe_test_service_console-getty.
Thu May 25 20:54:41 2023 - INFO  - A total of 1 use cases were executed, with 0 successes and 1 failures.
Thu May 25 20:54:46 2023 - INFO  - start to run testcase:oe_test_service_dbus-org.freedesktop.hostname1.
Thu May 25 20:55:19 2023 - INFO  - The case exit by code 0.
Thu May 25 20:55:20 2023 - INFO  - End to run testcase:oe_test_service_dbus-org.freedesktop.hostname1.
Thu May 25 20:55:20 2023 - INFO  - A total of 1 use cases were executed, with 1 successes and 0 failures.
Thu May 25 20:55:25 2023 - INFO  - start to run testcase:oe_test_service_dbus-org.freedesktop.import1.
Thu May 25 20:57:48 2023 - ERROR - The case exit by code 7.
Thu May 25 20:57:49 2023 - INFO  - End to run testcase:oe_test_service_dbus-org.freedesktop.import1.
Thu May 25 20:57:50 2023 - INFO  - A total of 1 use cases were executed, with 0 successes and 1 failures.
Thu May 25 20:57:54 2023 - INFO  - start to run testcase:oe_test_service_dbus-org.freedesktop.locale1.
Thu May 25 20:58:27 2023 - INFO  - The case exit by code 0.
Thu May 25 20:58:28 2023 - INFO  - End to run testcase:oe_test_service_dbus-org.freedesktop.locale1.
Thu May 25 20:58:29 2023 - INFO  - A total of 1 use cases were executed, with 1 successes and 0 failures.
Thu May 25 20:58:33 2023 - INFO  - start to run testcase:oe_test_service_dbus-org.freedesktop.login1.
Thu May 25 20:59:05 2023 - INFO  - The case exit by code 0.
Thu May 25 20:59:06 2023 - INFO  - End to run testcase:oe_test_service_dbus-org.freedesktop.login1.
Thu May 25 20:59:07 2023 - INFO  - A total of 1 use cases were executed, with 1 successes and 0 failures.
Thu May 25 20:59:11 2023 - INFO  - start to run testcase:oe_test_service_dbus-org.freedesktop.machine1.
Thu May 25 20:59:55 2023 - INFO  - The case exit by code 0.
Thu May 25 20:59:56 2023 - INFO  - End to run testcase:oe_test_service_dbus-org.freedesktop.machine1.
Thu May 25 20:59:56 2023 - INFO  - A total of 1 use cases were executed, with 1 successes and 0 failures.
Thu May 25 21:00:01 2023 - INFO  - start to run testcase:oe_test_service_dbus-org.freedesktop.portable1.
Thu May 25 21:00:42 2023 - ERROR - The case exit by code 7.
Thu May 25 21:00:43 2023 - INFO  - End to run testcase:oe_test_service_dbus-org.freedesktop.portable1.
Thu May 25 21:00:44 2023 - INFO  - A total of 1 use cases were executed, with 0 successes and 1 failures.
Thu May 25 21:00:49 2023 - INFO  - start to run testcase:oe_test_service_dbus-org.freedesktop.timedate1.
Thu May 25 21:01:22 2023 - INFO  - The case exit by code 0.
Thu May 25 21:01:23 2023 - INFO  - End to run testcase:oe_test_service_dbus-org.freedesktop.timedate1.
Thu May 25 21:01:24 2023 - INFO  - A total of 1 use cases were executed, with 1 successes and 0 failures.
Thu May 25 21:01:28 2023 - INFO  - start to run testcase:oe_test_service_debug-shell.
Thu May 25 21:02:09 2023 - INFO  - The case exit by code 0.
Thu May 25 21:02:10 2023 - INFO  - End to run testcase:oe_test_service_debug-shell.
Thu May 25 21:02:11 2023 - INFO  - A total of 1 use cases were executed, with 1 successes and 0 failures.
Thu May 25 21:02:16 2023 - INFO  - start to run testcase:oe_test_service_hwclock-save.
Thu May 25 21:02:56 2023 - INFO  - The case exit by code 0.
Thu May 25 21:02:57 2023 - INFO  - End to run testcase:oe_test_service_hwclock-save.
Thu May 25 21:02:57 2023 - INFO  - A total of 1 use cases were executed, with 1 successes and 0 failures.
Thu May 25 21:03:02 2023 - INFO  - start to run testcase:oe_test_service_initrd-cleanup.
Thu May 25 21:03:17 2023 - INFO  - The case exit by code 0.
Thu May 25 21:03:17 2023 - INFO  - End to run testcase:oe_test_service_initrd-cleanup.
Thu May 25 21:03:18 2023 - INFO  - A total of 1 use cases were executed, with 1 successes and 0 failures.
Thu May 25 21:03:23 2023 - INFO  - start to run testcase:oe_test_service_initrd-parse-etc.
Thu May 25 21:03:40 2023 - INFO  - The case exit by code 0.
Thu May 25 21:03:41 2023 - INFO  - End to run testcase:oe_test_service_initrd-parse-etc.
Thu May 25 21:03:42 2023 - INFO  - A total of 1 use cases were executed, with 1 successes and 0 failures.
Thu May 25 21:03:47 2023 - INFO  - start to run testcase:oe_test_service_initrd-switch-root.
Thu May 25 21:04:00 2023 - ERROR - The case exit by code 2.
Thu May 25 21:04:01 2023 - INFO  - End to run testcase:oe_test_service_initrd-switch-root.
Thu May 25 21:04:02 2023 - INFO  - A total of 1 use cases were executed, with 0 successes and 1 failures.
Thu May 25 21:04:07 2023 - INFO  - start to run testcase:oe_test_service_initrd-udevadm-cleanup-db.
Thu May 25 21:04:19 2023 - INFO  - The case exit by code 0.
Thu May 25 21:04:20 2023 - INFO  - End to run testcase:oe_test_service_initrd-udevadm-cleanup-db.
Thu May 25 21:04:21 2023 - INFO  - A total of 1 use cases were executed, with 1 successes and 0 failures.
Thu May 25 21:04:25 2023 - INFO  - start to run testcase:oe_test_service_kmod-static-nodes.
Thu May 25 21:04:54 2023 - INFO  - The case exit by code 0.
Thu May 25 21:04:55 2023 - INFO  - End to run testcase:oe_test_service_kmod-static-nodes.
Thu May 25 21:04:56 2023 - INFO  - A total of 1 use cases were executed, with 1 successes and 0 failures.
Thu May 25 21:05:00 2023 - INFO  - start to run testcase:oe_test_service_ldconfig.
Thu May 25 21:05:32 2023 - INFO  - The case exit by code 0.
Thu May 25 21:05:33 2023 - INFO  - End to run testcase:oe_test_service_ldconfig.
Thu May 25 21:05:33 2023 - INFO  - A total of 1 use cases were executed, with 1 successes and 0 failures.
Thu May 25 21:05:38 2023 - INFO  - start to run testcase:oe_test_service_quotaon.
Thu May 25 21:07:24 2023 - ERROR - The case exit by code 7.
Thu May 25 21:07:25 2023 - INFO  - End to run testcase:oe_test_service_quotaon.
Thu May 25 21:07:26 2023 - INFO  - A total of 1 use cases were executed, with 0 successes and 1 failures.
Thu May 25 21:07:31 2023 - INFO  - start to run testcase:oe_test_service_rc-local.
Thu May 25 21:08:13 2023 - INFO  - The case exit by code 0.
Thu May 25 21:08:13 2023 - INFO  - End to run testcase:oe_test_service_rc-local.
Thu May 25 21:08:14 2023 - INFO  - A total of 1 use cases were executed, with 1 successes and 0 failures.
Thu May 25 21:08:19 2023 - INFO  - start to run testcase:oe_test_service_rescue.
Thu May 25 21:08:48 2023 - INFO  - The case exit by code 0.
Thu May 25 21:08:49 2023 - INFO  - End to run testcase:oe_test_service_rescue.
Thu May 25 21:08:50 2023 - INFO  - A total of 1 use cases were executed, with 1 successes and 0 failures.
Thu May 25 21:08:54 2023 - INFO  - start to run testcase:oe_test_service_systemd-ask-password-console.
Thu May 25 21:09:23 2023 - INFO  - The case exit by code 0.
Thu May 25 21:09:24 2023 - INFO  - End to run testcase:oe_test_service_systemd-ask-password-console.
Thu May 25 21:09:25 2023 - INFO  - A total of 1 use cases were executed, with 1 successes and 0 failures.
Thu May 25 21:09:30 2023 - INFO  - start to run testcase:oe_test_service_systemd-ask-password-wall.
Thu May 25 21:10:01 2023 - ERROR - The case exit by code 1.
Thu May 25 21:10:02 2023 - INFO  - End to run testcase:oe_test_service_systemd-ask-password-wall.
Thu May 25 21:10:03 2023 - INFO  - A total of 1 use cases were executed, with 0 successes and 1 failures.
Thu May 25 21:10:08 2023 - INFO  - start to run testcase:oe_test_service_systemd-binfmt.
Thu May 25 21:10:18 2023 - INFO  - The case exit by code 0.
Thu May 25 21:10:19 2023 - INFO  - End to run testcase:oe_test_service_systemd-binfmt.
Thu May 25 21:10:20 2023 - INFO  - A total of 1 use cases were executed, with 1 successes and 0 failures.
Thu May 25 21:10:25 2023 - INFO  - start to run testcase:oe_test_service_systemd-bless-boot.
Thu May 25 21:10:34 2023 - INFO  - The case exit by code 0.
Thu May 25 21:10:35 2023 - INFO  - End to run testcase:oe_test_service_systemd-bless-boot.
Thu May 25 21:10:36 2023 - INFO  - A total of 1 use cases were executed, with 1 successes and 0 failures.
Thu May 25 21:10:41 2023 - INFO  - start to run testcase:oe_test_service_systemd-boot-system-token.
Thu May 25 21:10:51 2023 - INFO  - The case exit by code 0.
Thu May 25 21:10:52 2023 - INFO  - End to run testcase:oe_test_service_systemd-boot-system-token.
Thu May 25 21:10:53 2023 - INFO  - A total of 1 use cases were executed, with 1 successes and 0 failures.
Thu May 25 21:10:58 2023 - INFO  - start to run testcase:oe_test_service_systemd-exit.
Thu May 25 21:11:08 2023 - INFO  - The case exit by code 0.
Thu May 25 21:11:09 2023 - INFO  - End to run testcase:oe_test_service_systemd-exit.
Thu May 25 21:11:10 2023 - INFO  - A total of 1 use cases were executed, with 1 successes and 0 failures.
Thu May 25 21:11:14 2023 - INFO  - start to run testcase:oe_test_service_systemd-firstboot.
Thu May 25 21:11:24 2023 - INFO  - The case exit by code 0.
Thu May 25 21:11:25 2023 - INFO  - End to run testcase:oe_test_service_systemd-firstboot.
Thu May 25 21:11:26 2023 - INFO  - A total of 1 use cases were executed, with 1 successes and 0 failures.
Thu May 25 21:11:31 2023 - INFO  - start to run testcase:oe_test_service_systemd-fsck-root.
Thu May 25 21:11:42 2023 - ERROR - The case exit by code 1.
Thu May 25 21:11:43 2023 - INFO  - End to run testcase:oe_test_service_systemd-fsck-root.
Thu May 25 21:11:44 2023 - INFO  - A total of 1 use cases were executed, with 0 successes and 1 failures.
Thu May 25 21:11:49 2023 - INFO  - start to run testcase:oe_test_service_systemd-halt.
Thu May 25 21:12:00 2023 - INFO  - The case exit by code 0.
Thu May 25 21:12:01 2023 - INFO  - End to run testcase:oe_test_service_systemd-halt.
Thu May 25 21:12:01 2023 - INFO  - A total of 1 use cases were executed, with 1 successes and 0 failures.
Thu May 25 21:12:06 2023 - INFO  - start to run testcase:oe_test_service_systemd-hibernate.
Thu May 25 21:12:15 2023 - INFO  - The case exit by code 0.
Thu May 25 21:12:16 2023 - INFO  - End to run testcase:oe_test_service_systemd-hibernate.
Thu May 25 21:12:17 2023 - INFO  - A total of 1 use cases were executed, with 1 successes and 0 failures.
Thu May 25 21:12:22 2023 - INFO  - start to run testcase:oe_test_service_systemd-hostnamed.
Thu May 25 21:12:54 2023 - INFO  - The case exit by code 0.
Thu May 25 21:12:55 2023 - INFO  - End to run testcase:oe_test_service_systemd-hostnamed.
Thu May 25 21:12:56 2023 - INFO  - A total of 1 use cases were executed, with 1 successes and 0 failures.
Thu May 25 21:13:00 2023 - INFO  - start to run testcase:oe_test_service_systemd-hwdb-update.
Thu May 25 21:13:45 2023 - INFO  - The case exit by code 0.
Thu May 25 21:13:46 2023 - INFO  - End to run testcase:oe_test_service_systemd-hwdb-update.
Thu May 25 21:13:47 2023 - INFO  - A total of 1 use cases were executed, with 1 successes and 0 failures.
Thu May 25 21:13:51 2023 - INFO  - start to run testcase:oe_test_service_systemd-hybrid-sleep.
Thu May 25 21:14:01 2023 - INFO  - The case exit by code 0.
Thu May 25 21:14:02 2023 - INFO  - End to run testcase:oe_test_service_systemd-hybrid-sleep.
Thu May 25 21:14:03 2023 - INFO  - A total of 1 use cases were executed, with 1 successes and 0 failures.
Thu May 25 21:14:07 2023 - INFO  - start to run testcase:oe_test_service_systemd-importd.
Thu May 25 21:15:01 2023 - ERROR - The case exit by code 7.
Thu May 25 21:15:01 2023 - INFO  - End to run testcase:oe_test_service_systemd-importd.
Thu May 25 21:15:02 2023 - INFO  - A total of 1 use cases were executed, with 0 successes and 1 failures.
Thu May 25 21:15:07 2023 - INFO  - start to run testcase:oe_test_service_systemd-initctl.
Thu May 25 21:15:43 2023 - ERROR - The case exit by code 4.
Thu May 25 21:15:44 2023 - INFO  - End to run testcase:oe_test_service_systemd-initctl.
Thu May 25 21:15:45 2023 - INFO  - A total of 1 use cases were executed, with 0 successes and 1 failures.
Thu May 25 21:15:50 2023 - INFO  - start to run testcase:oe_test_service_systemd-journal-catalog-update.
Thu May 25 21:16:22 2023 - INFO  - The case exit by code 0.
Thu May 25 21:16:23 2023 - INFO  - End to run testcase:oe_test_service_systemd-journal-catalog-update.
Thu May 25 21:16:23 2023 - INFO  - A total of 1 use cases were executed, with 1 successes and 0 failures.
Thu May 25 21:16:28 2023 - INFO  - start to run testcase:oe_test_service_systemd-journald.
Thu May 25 21:17:01 2023 - INFO  - The case exit by code 0.
Thu May 25 21:17:02 2023 - INFO  - End to run testcase:oe_test_service_systemd-journald.
Thu May 25 21:17:03 2023 - INFO  - A total of 1 use cases were executed, with 1 successes and 0 failures.
Thu May 25 21:17:07 2023 - INFO  - start to run testcase:oe_test_service_systemd-journal-flush.
Thu May 25 21:17:36 2023 - INFO  - The case exit by code 0.
Thu May 25 21:17:37 2023 - INFO  - End to run testcase:oe_test_service_systemd-journal-flush.
Thu May 25 21:17:38 2023 - INFO  - A total of 1 use cases were executed, with 1 successes and 0 failures.
Thu May 25 21:17:42 2023 - INFO  - start to run testcase:oe_test_service_systemd-journal-gatewayd.
Thu May 25 21:18:56 2023 - ERROR - The case exit by code 7.
Thu May 25 21:18:57 2023 - INFO  - End to run testcase:oe_test_service_systemd-journal-gatewayd.
Thu May 25 21:18:58 2023 - INFO  - A total of 1 use cases were executed, with 0 successes and 1 failures.
Thu May 25 21:19:02 2023 - INFO  - start to run testcase:oe_test_service_systemd-journal-remote.
Thu May 25 21:20:26 2023 - ERROR - The case exit by code 7.
Thu May 25 21:20:27 2023 - INFO  - End to run testcase:oe_test_service_systemd-journal-remote.
Thu May 25 21:20:28 2023 - INFO  - A total of 1 use cases were executed, with 0 successes and 1 failures.
Thu May 25 21:20:33 2023 - INFO  - start to run testcase:oe_test_service_systemd-journal-upload.
Thu May 25 21:21:58 2023 - ERROR - The case exit by code 7.
Thu May 25 21:21:59 2023 - INFO  - End to run testcase:oe_test_service_systemd-journal-upload.
Thu May 25 21:22:00 2023 - INFO  - A total of 1 use cases were executed, with 0 successes and 1 failures.
Thu May 25 21:22:04 2023 - INFO  - start to run testcase:oe_test_service_systemd-kexec.
Thu May 25 21:22:14 2023 - INFO  - The case exit by code 0.
Thu May 25 21:22:15 2023 - INFO  - End to run testcase:oe_test_service_systemd-kexec.
Thu May 25 21:22:15 2023 - INFO  - A total of 1 use cases were executed, with 1 successes and 0 failures.
Thu May 25 21:22:20 2023 - INFO  - start to run testcase:oe_test_service_systemd-localed.
Thu May 25 21:22:52 2023 - INFO  - The case exit by code 0.
Thu May 25 21:22:53 2023 - INFO  - End to run testcase:oe_test_service_systemd-localed.
Thu May 25 21:22:54 2023 - INFO  - A total of 1 use cases were executed, with 1 successes and 0 failures.
Thu May 25 21:22:59 2023 - INFO  - start to run testcase:oe_test_service_systemd-logind.
Thu May 25 21:23:29 2023 - INFO  - The case exit by code 0.
Thu May 25 21:23:30 2023 - INFO  - End to run testcase:oe_test_service_systemd-logind.
Thu May 25 21:23:31 2023 - INFO  - A total of 1 use cases were executed, with 1 successes and 0 failures.
Thu May 25 21:23:36 2023 - INFO  - start to run testcase:oe_test_service_systemd-machined.
Thu May 25 21:24:21 2023 - INFO  - The case exit by code 0.
Thu May 25 21:24:22 2023 - INFO  - End to run testcase:oe_test_service_systemd-machined.
Thu May 25 21:24:23 2023 - INFO  - A total of 1 use cases were executed, with 1 successes and 0 failures.
Thu May 25 21:24:27 2023 - INFO  - start to run testcase:oe_test_service_systemd-machine-id-commit.
Thu May 25 21:24:37 2023 - INFO  - The case exit by code 0.
Thu May 25 21:24:38 2023 - INFO  - End to run testcase:oe_test_service_systemd-machine-id-commit.
Thu May 25 21:24:39 2023 - INFO  - A total of 1 use cases were executed, with 1 successes and 0 failures.
Thu May 25 21:24:43 2023 - INFO  - start to run testcase:oe_test_service_systemd-modules-load.
Thu May 25 21:24:53 2023 - INFO  - The case exit by code 0.
Thu May 25 21:24:54 2023 - INFO  - End to run testcase:oe_test_service_systemd-modules-load.
Thu May 25 21:24:55 2023 - INFO  - A total of 1 use cases were executed, with 1 successes and 0 failures.
Thu May 25 21:25:00 2023 - INFO  - start to run testcase:oe_test_service_systemd-networkd.
Thu May 25 21:25:40 2023 - ERROR - The case exit by code 7.
Thu May 25 21:25:41 2023 - INFO  - End to run testcase:oe_test_service_systemd-networkd.
Thu May 25 21:25:42 2023 - INFO  - A total of 1 use cases were executed, with 0 successes and 1 failures.
Thu May 25 21:25:47 2023 - INFO  - start to run testcase:oe_test_service_systemd-networkd-wait-online.
Thu May 25 21:26:28 2023 - ERROR - The case exit by code 7.
Thu May 25 21:26:29 2023 - INFO  - End to run testcase:oe_test_service_systemd-networkd-wait-online.
Thu May 25 21:26:30 2023 - INFO  - A total of 1 use cases were executed, with 0 successes and 1 failures.
Thu May 25 21:26:34 2023 - INFO  - start to run testcase:oe_test_service_systemd-network-generator.
Thu May 25 21:26:58 2023 - ERROR - The case exit by code 1.
Thu May 25 21:26:59 2023 - INFO  - End to run testcase:oe_test_service_systemd-network-generator.
Thu May 25 21:27:00 2023 - INFO  - A total of 1 use cases were executed, with 0 successes and 1 failures.
Thu May 25 21:27:05 2023 - INFO  - start to run testcase:oe_test_service_systemd-portabled.
Thu May 25 21:27:45 2023 - ERROR - The case exit by code 7.
Thu May 25 21:27:46 2023 - INFO  - End to run testcase:oe_test_service_systemd-portabled.
Thu May 25 21:27:47 2023 - INFO  - A total of 1 use cases were executed, with 0 successes and 1 failures.
Thu May 25 21:27:52 2023 - INFO  - start to run testcase:oe_test_service_systemd-poweroff.
Thu May 25 21:28:02 2023 - INFO  - The case exit by code 0.
Thu May 25 21:28:03 2023 - INFO  - End to run testcase:oe_test_service_systemd-poweroff.
Thu May 25 21:28:04 2023 - INFO  - A total of 1 use cases were executed, with 1 successes and 0 failures.
Thu May 25 21:28:08 2023 - INFO  - start to run testcase:oe_test_service_systemd-pstore.
Thu May 25 21:28:17 2023 - INFO  - The case exit by code 0.
Thu May 25 21:28:18 2023 - INFO  - End to run testcase:oe_test_service_systemd-pstore.
Thu May 25 21:28:19 2023 - INFO  - A total of 1 use cases were executed, with 1 successes and 0 failures.
Thu May 25 21:28:23 2023 - INFO  - start to run testcase:oe_test_service_systemd-quotacheck.
Thu May 25 21:29:04 2023 - ERROR - The case exit by code 7.
Thu May 25 21:29:05 2023 - INFO  - End to run testcase:oe_test_service_systemd-quotacheck.
Thu May 25 21:29:05 2023 - INFO  - A total of 1 use cases were executed, with 0 successes and 1 failures.
Thu May 25 21:29:10 2023 - INFO  - start to run testcase:oe_test_service_systemd-random-seed.
Thu May 25 21:29:39 2023 - INFO  - The case exit by code 0.
Thu May 25 21:29:40 2023 - INFO  - End to run testcase:oe_test_service_systemd-random-seed.
Thu May 25 21:29:41 2023 - INFO  - A total of 1 use cases were executed, with 1 successes and 0 failures.
Thu May 25 21:29:45 2023 - INFO  - start to run testcase:oe_test_service_systemd-reboot.
Thu May 25 21:29:54 2023 - INFO  - The case exit by code 0.
Thu May 25 21:29:55 2023 - INFO  - End to run testcase:oe_test_service_systemd-reboot.
Thu May 25 21:29:56 2023 - INFO  - A total of 1 use cases were executed, with 1 successes and 0 failures.
Thu May 25 21:30:00 2023 - INFO  - start to run testcase:oe_test_service_systemd-remount-fs.
Thu May 25 21:30:29 2023 - INFO  - The case exit by code 0.
Thu May 25 21:30:29 2023 - INFO  - End to run testcase:oe_test_service_systemd-remount-fs.
Thu May 25 21:30:30 2023 - INFO  - A total of 1 use cases were executed, with 1 successes and 0 failures.
Thu May 25 21:30:35 2023 - INFO  - start to run testcase:oe_test_service_systemd-resolved.
Thu May 25 21:31:16 2023 - ERROR - The case exit by code 7.
Thu May 25 21:31:17 2023 - INFO  - End to run testcase:oe_test_service_systemd-resolved.
Thu May 25 21:31:18 2023 - INFO  - A total of 1 use cases were executed, with 0 successes and 1 failures.
Thu May 25 21:31:23 2023 - INFO  - start to run testcase:oe_test_service_systemd-rfkill.
Thu May 25 21:31:39 2023 - INFO  - The case exit by code 0.
Thu May 25 21:31:40 2023 - INFO  - End to run testcase:oe_test_service_systemd-rfkill.
Thu May 25 21:31:41 2023 - INFO  - A total of 1 use cases were executed, with 1 successes and 0 failures.
Thu May 25 21:31:45 2023 - INFO  - start to run testcase:oe_test_service_systemd-suspend.
Thu May 25 21:31:55 2023 - INFO  - The case exit by code 0.
Thu May 25 21:31:56 2023 - INFO  - End to run testcase:oe_test_service_systemd-suspend.
Thu May 25 21:31:56 2023 - INFO  - A total of 1 use cases were executed, with 1 successes and 0 failures.
Thu May 25 21:32:01 2023 - INFO  - start to run testcase:oe_test_service_systemd-suspend-then-hibernate.
Thu May 25 21:32:10 2023 - INFO  - The case exit by code 0.
Thu May 25 21:32:11 2023 - INFO  - End to run testcase:oe_test_service_systemd-suspend-then-hibernate.
Thu May 25 21:32:12 2023 - INFO  - A total of 1 use cases were executed, with 1 successes and 0 failures.
Thu May 25 21:32:17 2023 - INFO  - start to run testcase:oe_test_service_systemd-sysctl.
Thu May 25 21:32:45 2023 - INFO  - The case exit by code 0.
Thu May 25 21:32:46 2023 - INFO  - End to run testcase:oe_test_service_systemd-sysctl.
Thu May 25 21:32:47 2023 - INFO  - A total of 1 use cases were executed, with 1 successes and 0 failures.
Thu May 25 21:32:51 2023 - INFO  - start to run testcase:oe_test_service_systemd-sysusers.
Thu May 25 21:33:22 2023 - INFO  - The case exit by code 0.
Thu May 25 21:33:23 2023 - INFO  - End to run testcase:oe_test_service_systemd-sysusers.
Thu May 25 21:33:24 2023 - INFO  - A total of 1 use cases were executed, with 1 successes and 0 failures.
Thu May 25 21:33:29 2023 - INFO  - start to run testcase:oe_test_service_systemd-timedated.
Thu May 25 21:34:00 2023 - INFO  - The case exit by code 0.
Thu May 25 21:34:01 2023 - INFO  - End to run testcase:oe_test_service_systemd-timedated.
Thu May 25 21:34:02 2023 - INFO  - A total of 1 use cases were executed, with 1 successes and 0 failures.
Thu May 25 21:34:06 2023 - INFO  - start to run testcase:oe_test_service_systemd-timesyncd.
Thu May 25 21:34:50 2023 - INFO  - The case exit by code 0.
Thu May 25 21:34:50 2023 - INFO  - End to run testcase:oe_test_service_systemd-timesyncd.
Thu May 25 21:34:51 2023 - INFO  - A total of 1 use cases were executed, with 1 successes and 0 failures.
Thu May 25 21:34:56 2023 - INFO  - start to run testcase:oe_test_service_systemd-time-wait-sync.
Thu May 25 21:35:35 2023 - INFO  - The case exit by code 0.
Thu May 25 21:35:36 2023 - INFO  - End to run testcase:oe_test_service_systemd-time-wait-sync.
Thu May 25 21:35:37 2023 - INFO  - A total of 1 use cases were executed, with 1 successes and 0 failures.
Thu May 25 21:35:42 2023 - INFO  - start to run testcase:oe_test_service_systemd-tmpfiles-clean.
Thu May 25 21:35:53 2023 - INFO  - The case exit by code 0.
Thu May 25 21:35:54 2023 - INFO  - End to run testcase:oe_test_service_systemd-tmpfiles-clean.
Thu May 25 21:35:54 2023 - INFO  - A total of 1 use cases were executed, with 1 successes and 0 failures.
Thu May 25 21:35:59 2023 - INFO  - start to run testcase:oe_test_service_systemd-tmpfiles-setup-dev.
Thu May 25 21:36:27 2023 - INFO  - The case exit by code 0.
Thu May 25 21:36:28 2023 - INFO  - End to run testcase:oe_test_service_systemd-tmpfiles-setup-dev.
Thu May 25 21:36:29 2023 - INFO  - A total of 1 use cases were executed, with 1 successes and 0 failures.
Thu May 25 21:36:34 2023 - INFO  - start to run testcase:oe_test_service_systemd-tmpfiles-setup.
Thu May 25 21:36:43 2023 - INFO  - The case exit by code 0.
Thu May 25 21:36:43 2023 - INFO  - End to run testcase:oe_test_service_systemd-tmpfiles-setup.
Thu May 25 21:36:44 2023 - INFO  - A total of 1 use cases were executed, with 1 successes and 0 failures.
Thu May 25 21:36:49 2023 - INFO  - start to run testcase:oe_test_service_systemd-udevd.
Thu May 25 21:37:23 2023 - ERROR - The case exit by code 1.
Thu May 25 21:37:24 2023 - INFO  - End to run testcase:oe_test_service_systemd-udevd.
Thu May 25 21:37:25 2023 - INFO  - A total of 1 use cases were executed, with 0 successes and 1 failures.
Thu May 25 21:37:30 2023 - INFO  - start to run testcase:oe_test_service_systemd-udev-settle.
Thu May 25 21:37:59 2023 - INFO  - The case exit by code 0.
Thu May 25 21:38:00 2023 - INFO  - End to run testcase:oe_test_service_systemd-udev-settle.
Thu May 25 21:38:01 2023 - INFO  - A total of 1 use cases were executed, with 1 successes and 0 failures.
Thu May 25 21:38:05 2023 - INFO  - start to run testcase:oe_test_service_systemd-udev-trigger.
Thu May 25 21:38:14 2023 - INFO  - The case exit by code 0.
Thu May 25 21:38:14 2023 - INFO  - End to run testcase:oe_test_service_systemd-udev-trigger.
Thu May 25 21:38:15 2023 - INFO  - A total of 1 use cases were executed, with 1 successes and 0 failures.
Thu May 25 21:38:20 2023 - INFO  - start to run testcase:oe_test_service_systemd-update-done.
Thu May 25 21:38:46 2023 - INFO  - The case exit by code 0.
Thu May 25 21:38:47 2023 - INFO  - End to run testcase:oe_test_service_systemd-update-done.
Thu May 25 21:38:47 2023 - INFO  - A total of 1 use cases were executed, with 1 successes and 0 failures.
Thu May 25 21:38:52 2023 - INFO  - start to run testcase:oe_test_service_systemd-update-utmp-runlevel.
Thu May 25 21:39:02 2023 - INFO  - The case exit by code 0.
Thu May 25 21:39:03 2023 - INFO  - End to run testcase:oe_test_service_systemd-update-utmp-runlevel.
Thu May 25 21:39:04 2023 - INFO  - A total of 1 use cases were executed, with 1 successes and 0 failures.
Thu May 25 21:39:08 2023 - INFO  - start to run testcase:oe_test_service_systemd-update-utmp.
Thu May 25 21:39:37 2023 - INFO  - The case exit by code 0.
Thu May 25 21:39:38 2023 - INFO  - End to run testcase:oe_test_service_systemd-update-utmp.
Thu May 25 21:39:39 2023 - INFO  - A total of 1 use cases were executed, with 1 successes and 0 failures.
Thu May 25 21:39:43 2023 - INFO  - start to run testcase:oe_test_service_systemd-user-sessions.
Thu May 25 21:40:11 2023 - INFO  - The case exit by code 0.
Thu May 25 21:40:12 2023 - INFO  - End to run testcase:oe_test_service_systemd-user-sessions.
Thu May 25 21:40:13 2023 - INFO  - A total of 1 use cases were executed, with 1 successes and 0 failures.
Thu May 25 21:40:18 2023 - INFO  - start to run testcase:oe_test_service_systemd-vconsole-setup.
Thu May 25 21:40:46 2023 - INFO  - The case exit by code 0.
Thu May 25 21:40:47 2023 - INFO  - End to run testcase:oe_test_service_systemd-vconsole-setup.
Thu May 25 21:40:48 2023 - INFO  - A total of 1 use cases were executed, with 1 successes and 0 failures.
Thu May 25 21:40:52 2023 - INFO  - start to run testcase:oe_test_service_systemd-volatile-root.
Thu May 25 21:41:01 2023 - INFO  - The case exit by code 0.
Thu May 25 21:41:02 2023 - INFO  - End to run testcase:oe_test_service_systemd-volatile-root.
Thu May 25 21:41:03 2023 - INFO  - A total of 1 use cases were executed, with 1 successes and 0 failures.
Thu May 25 21:41:07 2023 - INFO  - start to run testcase:oe_test_socket_syslog.
Thu May 25 21:42:00 2023 - ERROR - The case exit by code 6.
Thu May 25 21:42:01 2023 - INFO  - End to run testcase:oe_test_socket_syslog.
Thu May 25 21:42:01 2023 - INFO  - A total of 1 use cases were executed, with 0 successes and 1 failures.
Thu May 25 21:42:06 2023 - INFO  - start to run testcase:oe_test_socket_systemd-coredump.
Thu May 25 21:42:35 2023 - INFO  - The case exit by code 0.
Thu May 25 21:42:35 2023 - INFO  - End to run testcase:oe_test_socket_systemd-coredump.
Thu May 25 21:42:36 2023 - INFO  - A total of 1 use cases were executed, with 1 successes and 0 failures.
Thu May 25 21:42:41 2023 - INFO  - start to run testcase:oe_test_socket_systemd-initctl.
Thu May 25 21:43:09 2023 - INFO  - The case exit by code 0.
Thu May 25 21:43:10 2023 - INFO  - End to run testcase:oe_test_socket_systemd-initctl.
Thu May 25 21:43:11 2023 - INFO  - A total of 1 use cases were executed, with 1 successes and 0 failures.
Thu May 25 21:43:15 2023 - INFO  - start to run testcase:oe_test_socket_systemd-journald-audit.
Thu May 25 21:43:48 2023 - INFO  - The case exit by code 0.
Thu May 25 21:43:49 2023 - INFO  - End to run testcase:oe_test_socket_systemd-journald-audit.
Thu May 25 21:43:50 2023 - INFO  - A total of 1 use cases were executed, with 1 successes and 0 failures.
Thu May 25 21:43:55 2023 - INFO  - start to run testcase:oe_test_socket_systemd-journald-dev-log.
Thu May 25 21:44:34 2023 - ERROR - The case exit by code 4.
Thu May 25 21:44:35 2023 - INFO  - End to run testcase:oe_test_socket_systemd-journald-dev-log.
Thu May 25 21:44:35 2023 - INFO  - A total of 1 use cases were executed, with 0 successes and 1 failures.
Thu May 25 21:44:40 2023 - INFO  - start to run testcase:oe_test_socket_systemd-journald.
Thu May 25 21:45:13 2023 - INFO  - The case exit by code 0.
Thu May 25 21:45:14 2023 - INFO  - End to run testcase:oe_test_socket_systemd-journald.
Thu May 25 21:45:14 2023 - INFO  - A total of 1 use cases were executed, with 1 successes and 0 failures.
Thu May 25 21:45:19 2023 - INFO  - start to run testcase:oe_test_socket_systemd-journal-gatewayd.
Thu May 25 21:46:33 2023 - ERROR - The case exit by code 7.
Thu May 25 21:46:34 2023 - INFO  - End to run testcase:oe_test_socket_systemd-journal-gatewayd.
Thu May 25 21:46:35 2023 - INFO  - A total of 1 use cases were executed, with 0 successes and 1 failures.
Thu May 25 21:46:40 2023 - INFO  - start to run testcase:oe_test_socket_systemd-journal-remote.
Thu May 25 21:47:56 2023 - ERROR - The case exit by code 7.
Thu May 25 21:47:57 2023 - INFO  - End to run testcase:oe_test_socket_systemd-journal-remote.
Thu May 25 21:47:57 2023 - INFO  - A total of 1 use cases were executed, with 0 successes and 1 failures.
Thu May 25 21:48:02 2023 - INFO  - start to run testcase:oe_test_socket_systemd-networkd.
Thu May 25 21:48:42 2023 - ERROR - The case exit by code 7.
Thu May 25 21:48:43 2023 - INFO  - End to run testcase:oe_test_socket_systemd-networkd.
Thu May 25 21:48:44 2023 - INFO  - A total of 1 use cases were executed, with 0 successes and 1 failures.
Thu May 25 21:48:48 2023 - INFO  - start to run testcase:oe_test_socket_systemd-rfkill.
Thu May 25 21:49:28 2023 - ERROR - The case exit by code 7.
Thu May 25 21:49:29 2023 - INFO  - End to run testcase:oe_test_socket_systemd-rfkill.
Thu May 25 21:49:30 2023 - INFO  - A total of 1 use cases were executed, with 0 successes and 1 failures.
Thu May 25 21:49:34 2023 - INFO  - start to run testcase:oe_test_socket_systemd-udevd-control.
Thu May 25 21:50:06 2023 - INFO  - The case exit by code 0.
Thu May 25 21:50:07 2023 - INFO  - End to run testcase:oe_test_socket_systemd-udevd-control.
Thu May 25 21:50:08 2023 - INFO  - A total of 1 use cases were executed, with 1 successes and 0 failures.
Thu May 25 21:50:12 2023 - INFO  - start to run testcase:oe_test_socket_systemd-udevd-kernel.
Thu May 25 21:50:44 2023 - INFO  - The case exit by code 0.
Thu May 25 21:50:45 2023 - INFO  - End to run testcase:oe_test_socket_systemd-udevd-kernel.
Thu May 25 21:50:46 2023 - INFO  - A total of 1 use cases were executed, with 1 successes and 0 failures.
Thu May 25 21:50:51 2023 - INFO  - start to run testcase:oe_test_target_basic.
Thu May 25 21:51:22 2023 - INFO  - The case exit by code 0.
Thu May 25 21:51:23 2023 - INFO  - End to run testcase:oe_test_target_basic.
Thu May 25 21:51:24 2023 - INFO  - A total of 1 use cases were executed, with 1 successes and 0 failures.
Thu May 25 21:51:30 2023 - INFO  - start to run testcase:oe_test_target_boot-complete.
Thu May 25 21:52:02 2023 - INFO  - The case exit by code 0.
Thu May 25 21:52:03 2023 - INFO  - End to run testcase:oe_test_target_boot-complete.
Thu May 25 21:52:04 2023 - INFO  - A total of 1 use cases were executed, with 1 successes and 0 failures.
Thu May 25 21:52:08 2023 - INFO  - start to run testcase:oe_test_target_cryptsetup-pre.
Thu May 25 21:52:22 2023 - ERROR - The case exit by code 3.
Thu May 25 21:52:23 2023 - INFO  - End to run testcase:oe_test_target_cryptsetup-pre.
Thu May 25 21:52:24 2023 - INFO  - A total of 1 use cases were executed, with 0 successes and 1 failures.
Thu May 25 21:52:28 2023 - INFO  - start to run testcase:oe_test_target_cryptsetup.
Thu May 25 21:53:08 2023 - ERROR - The case exit by code 7.
Thu May 25 21:53:09 2023 - INFO  - End to run testcase:oe_test_target_cryptsetup.
Thu May 25 21:53:10 2023 - INFO  - A total of 1 use cases were executed, with 0 successes and 1 failures.
Thu May 25 21:53:15 2023 - INFO  - start to run testcase:oe_test_target_ctrl-alt-del.
Thu May 25 21:53:24 2023 - INFO  - The case exit by code 0.
Thu May 25 21:53:25 2023 - INFO  - End to run testcase:oe_test_target_ctrl-alt-del.
Thu May 25 21:53:26 2023 - INFO  - A total of 1 use cases were executed, with 1 successes and 0 failures.
Thu May 25 21:53:30 2023 - INFO  - start to run testcase:oe_test_target_default.
Thu May 25 21:54:06 2023 - INFO  - The case exit by code 0.
Thu May 25 21:54:07 2023 - INFO  - End to run testcase:oe_test_target_default.
Thu May 25 21:54:08 2023 - INFO  - A total of 1 use cases were executed, with 1 successes and 0 failures.
Thu May 25 21:54:12 2023 - INFO  - start to run testcase:oe_test_target_exit.
Thu May 25 21:54:47 2023 - INFO  - The case exit by code 0.
Thu May 25 21:54:48 2023 - INFO  - End to run testcase:oe_test_target_exit.
Thu May 25 21:54:49 2023 - INFO  - A total of 1 use cases were executed, with 1 successes and 0 failures.
Thu May 25 21:54:53 2023 - INFO  - start to run testcase:oe_test_target_final.
Thu May 25 21:55:03 2023 - INFO  - The case exit by code 0.
Thu May 25 21:55:04 2023 - INFO  - End to run testcase:oe_test_target_final.
Thu May 25 21:55:05 2023 - INFO  - A total of 1 use cases were executed, with 1 successes and 0 failures.
Thu May 25 21:55:10 2023 - INFO  - start to run testcase:oe_test_target_getty-pre.
Thu May 25 21:55:39 2023 - INFO  - The case exit by code 0.
Thu May 25 21:55:40 2023 - INFO  - End to run testcase:oe_test_target_getty-pre.
Thu May 25 21:55:41 2023 - INFO  - A total of 1 use cases were executed, with 1 successes and 0 failures.
Thu May 25 21:55:45 2023 - INFO  - start to run testcase:oe_test_target_getty.
Thu May 25 21:56:14 2023 - INFO  - The case exit by code 0.
Thu May 25 21:56:15 2023 - INFO  - End to run testcase:oe_test_target_getty.
Thu May 25 21:56:15 2023 - INFO  - A total of 1 use cases were executed, with 1 successes and 0 failures.
Thu May 25 21:56:20 2023 - INFO  - start to run testcase:oe_test_target_graphical.
Thu May 25 21:56:50 2023 - INFO  - The case exit by code 0.
Thu May 25 21:56:51 2023 - INFO  - End to run testcase:oe_test_target_graphical.
Thu May 25 21:56:51 2023 - INFO  - A total of 1 use cases were executed, with 1 successes and 0 failures.
Thu May 25 21:56:56 2023 - INFO  - start to run testcase:oe_test_target_halt.
Thu May 25 21:57:31 2023 - INFO  - The case exit by code 0.
Thu May 25 21:57:32 2023 - INFO  - End to run testcase:oe_test_target_halt.
Thu May 25 21:57:33 2023 - INFO  - A total of 1 use cases were executed, with 1 successes and 0 failures.
Thu May 25 21:57:38 2023 - INFO  - start to run testcase:oe_test_target_hibernate.
Thu May 25 21:57:48 2023 - INFO  - The case exit by code 0.
Thu May 25 21:57:49 2023 - INFO  - End to run testcase:oe_test_target_hibernate.
Thu May 25 21:57:49 2023 - INFO  - A total of 1 use cases were executed, with 1 successes and 0 failures.
Thu May 25 21:57:54 2023 - INFO  - start to run testcase:oe_test_target_hybrid-sleep.
Thu May 25 21:58:04 2023 - INFO  - The case exit by code 0.
Thu May 25 21:58:05 2023 - INFO  - End to run testcase:oe_test_target_hybrid-sleep.
Thu May 25 21:58:06 2023 - INFO  - A total of 1 use cases were executed, with 1 successes and 0 failures.
Thu May 25 21:58:11 2023 - INFO  - start to run testcase:oe_test_target_initrd-fs.
Thu May 25 21:58:42 2023 - INFO  - The case exit by code 0.
Thu May 25 21:58:43 2023 - INFO  - End to run testcase:oe_test_target_initrd-fs.
Thu May 25 21:58:43 2023 - INFO  - A total of 1 use cases were executed, with 1 successes and 0 failures.
Thu May 25 21:58:48 2023 - INFO  - start to run testcase:oe_test_target_initrd-root-device.
Thu May 25 21:59:19 2023 - INFO  - The case exit by code 0.
Thu May 25 21:59:20 2023 - INFO  - End to run testcase:oe_test_target_initrd-root-device.
Thu May 25 21:59:20 2023 - INFO  - A total of 1 use cases were executed, with 1 successes and 0 failures.
Thu May 25 21:59:25 2023 - INFO  - start to run testcase:oe_test_target_initrd-root-fs.
Thu May 25 21:59:56 2023 - INFO  - The case exit by code 0.
Thu May 25 21:59:57 2023 - INFO  - End to run testcase:oe_test_target_initrd-root-fs.
Thu May 25 21:59:58 2023 - INFO  - A total of 1 use cases were executed, with 1 successes and 0 failures.
Thu May 25 22:00:02 2023 - INFO  - start to run testcase:oe_test_target_initrd.
Thu May 25 22:00:12 2023 - INFO  - The case exit by code 0.
Thu May 25 22:00:13 2023 - INFO  - End to run testcase:oe_test_target_initrd.
Thu May 25 22:00:13 2023 - INFO  - A total of 1 use cases were executed, with 1 successes and 0 failures.
Thu May 25 22:00:18 2023 - INFO  - start to run testcase:oe_test_target_initrd-switch-root.
Thu May 25 22:00:29 2023 - ERROR - The case exit by code 1.
Thu May 25 22:00:30 2023 - INFO  - End to run testcase:oe_test_target_initrd-switch-root.
Thu May 25 22:00:30 2023 - INFO  - A total of 1 use cases were executed, with 0 successes and 1 failures.
Thu May 25 22:00:35 2023 - INFO  - start to run testcase:oe_test_target_kexec.
Thu May 25 22:01:11 2023 - INFO  - The case exit by code 0.
Thu May 25 22:01:12 2023 - INFO  - End to run testcase:oe_test_target_kexec.
Thu May 25 22:01:13 2023 - INFO  - A total of 1 use cases were executed, with 1 successes and 0 failures.
Thu May 25 22:01:17 2023 - INFO  - start to run testcase:oe_test_target_local-fs-pre.
Thu May 25 22:01:26 2023 - INFO  - The case exit by code 0.
Thu May 25 22:01:27 2023 - INFO  - End to run testcase:oe_test_target_local-fs-pre.
Thu May 25 22:01:28 2023 - INFO  - A total of 1 use cases were executed, with 1 successes and 0 failures.
Thu May 25 22:01:33 2023 - INFO  - start to run testcase:oe_test_target_local-fs.
Thu May 25 22:02:01 2023 - INFO  - The case exit by code 0.
Thu May 25 22:02:02 2023 - INFO  - End to run testcase:oe_test_target_local-fs.
Thu May 25 22:02:03 2023 - INFO  - A total of 1 use cases were executed, with 1 successes and 0 failures.
Thu May 25 22:02:08 2023 - INFO  - start to run testcase:oe_test_target_machines.
Thu May 25 22:02:48 2023 - INFO  - The case exit by code 0.
Thu May 25 22:02:49 2023 - INFO  - End to run testcase:oe_test_target_machines.
Thu May 25 22:02:50 2023 - INFO  - A total of 1 use cases were executed, with 1 successes and 0 failures.
Thu May 25 22:02:54 2023 - INFO  - start to run testcase:oe_test_target_multi-user.
Thu May 25 22:03:23 2023 - INFO  - The case exit by code 0.
Thu May 25 22:03:24 2023 - INFO  - End to run testcase:oe_test_target_multi-user.
Thu May 25 22:03:25 2023 - INFO  - A total of 1 use cases were executed, with 1 successes and 0 failures.
Thu May 25 22:03:30 2023 - INFO  - start to run testcase:oe_test_target_network-online.
Thu May 25 22:03:58 2023 - INFO  - The case exit by code 0.
Thu May 25 22:03:59 2023 - INFO  - End to run testcase:oe_test_target_network-online.
Thu May 25 22:04:00 2023 - INFO  - A total of 1 use cases were executed, with 1 successes and 0 failures.
Thu May 25 22:04:04 2023 - INFO  - start to run testcase:oe_test_target_network-pre.
Thu May 25 22:04:13 2023 - INFO  - The case exit by code 0.
Thu May 25 22:04:14 2023 - INFO  - End to run testcase:oe_test_target_network-pre.
Thu May 25 22:04:14 2023 - INFO  - A total of 1 use cases were executed, with 1 successes and 0 failures.
Thu May 25 22:04:19 2023 - INFO  - start to run testcase:oe_test_target_network.
Thu May 25 22:04:28 2023 - INFO  - The case exit by code 0.
Thu May 25 22:04:29 2023 - INFO  - End to run testcase:oe_test_target_network.
Thu May 25 22:04:30 2023 - INFO  - A total of 1 use cases were executed, with 1 successes and 0 failures.
Thu May 25 22:04:35 2023 - INFO  - start to run testcase:oe_test_target_nss-lookup.
Thu May 25 22:04:44 2023 - INFO  - The case exit by code 0.
Thu May 25 22:04:45 2023 - INFO  - End to run testcase:oe_test_target_nss-lookup.
Thu May 25 22:04:46 2023 - INFO  - A total of 1 use cases were executed, with 1 successes and 0 failures.
Thu May 25 22:04:50 2023 - INFO  - start to run testcase:oe_test_target_nss-user-lookup.
Thu May 25 22:05:00 2023 - INFO  - The case exit by code 0.
Thu May 25 22:05:01 2023 - INFO  - End to run testcase:oe_test_target_nss-user-lookup.
Thu May 25 22:05:02 2023 - INFO  - A total of 1 use cases were executed, with 1 successes and 0 failures.
Thu May 25 22:05:07 2023 - INFO  - start to run testcase:oe_test_target_paths.
Thu May 25 22:05:35 2023 - INFO  - The case exit by code 0.
Thu May 25 22:05:36 2023 - INFO  - End to run testcase:oe_test_target_paths.
Thu May 25 22:05:37 2023 - INFO  - A total of 1 use cases were executed, with 1 successes and 0 failures.
Thu May 25 22:05:41 2023 - INFO  - start to run testcase:oe_test_target_poweroff.
Thu May 25 22:06:15 2023 - INFO  - The case exit by code 0.
Thu May 25 22:06:16 2023 - INFO  - End to run testcase:oe_test_target_poweroff.
Thu May 25 22:06:17 2023 - INFO  - A total of 1 use cases were executed, with 1 successes and 0 failures.
Thu May 25 22:06:22 2023 - INFO  - start to run testcase:oe_test_target_reboot.
Thu May 25 22:06:42 2023 - INFO  - The case exit by code 0.
Thu May 25 22:06:43 2023 - INFO  - End to run testcase:oe_test_target_reboot.
Thu May 25 22:06:44 2023 - INFO  - A total of 1 use cases were executed, with 1 successes and 0 failures.
Thu May 25 22:06:48 2023 - INFO  - start to run testcase:oe_test_target_remote-cryptsetup.
Thu May 25 22:07:29 2023 - ERROR - The case exit by code 7.
Thu May 25 22:07:30 2023 - INFO  - End to run testcase:oe_test_target_remote-cryptsetup.
Thu May 25 22:07:31 2023 - INFO  - A total of 1 use cases were executed, with 0 successes and 1 failures.
Thu May 25 22:07:36 2023 - INFO  - start to run testcase:oe_test_target_remote-fs-pre.
Thu May 25 22:07:45 2023 - INFO  - The case exit by code 0.
Thu May 25 22:07:46 2023 - INFO  - End to run testcase:oe_test_target_remote-fs-pre.
Thu May 25 22:07:46 2023 - INFO  - A total of 1 use cases were executed, with 1 successes and 0 failures.
Thu May 25 22:07:51 2023 - INFO  - start to run testcase:oe_test_target_remote-fs.
Thu May 25 22:08:30 2023 - INFO  - The case exit by code 0.
Thu May 25 22:08:31 2023 - INFO  - End to run testcase:oe_test_target_remote-fs.
Thu May 25 22:08:32 2023 - INFO  - A total of 1 use cases were executed, with 1 successes and 0 failures.
Thu May 25 22:08:36 2023 - INFO  - start to run testcase:oe_test_target_rescue.
Thu May 25 22:09:16 2023 - INFO  - The case exit by code 0.
Thu May 25 22:09:16 2023 - INFO  - End to run testcase:oe_test_target_rescue.
Thu May 25 22:09:17 2023 - INFO  - A total of 1 use cases were executed, with 1 successes and 0 failures.
Thu May 25 22:09:22 2023 - INFO  - start to run testcase:oe_test_target_rpcbind.
Thu May 25 22:09:31 2023 - INFO  - The case exit by code 0.
Thu May 25 22:09:32 2023 - INFO  - End to run testcase:oe_test_target_rpcbind.
Thu May 25 22:09:33 2023 - INFO  - A total of 1 use cases were executed, with 1 successes and 0 failures.
Thu May 25 22:09:38 2023 - INFO  - start to run testcase:oe_test_target_runlevel0.
Thu May 25 22:10:01 2023 - INFO  - The case exit by code 0.
Thu May 25 22:10:02 2023 - INFO  - End to run testcase:oe_test_target_runlevel0.
Thu May 25 22:10:03 2023 - INFO  - A total of 1 use cases were executed, with 1 successes and 0 failures.
Thu May 25 22:10:08 2023 - INFO  - start to run testcase:oe_test_target_runlevel1.
Thu May 25 22:10:38 2023 - INFO  - The case exit by code 0.
Thu May 25 22:10:39 2023 - INFO  - End to run testcase:oe_test_target_runlevel1.
Thu May 25 22:10:40 2023 - INFO  - A total of 1 use cases were executed, with 1 successes and 0 failures.
Thu May 25 22:10:44 2023 - INFO  - start to run testcase:oe_test_target_runlevel2.
Thu May 25 22:11:13 2023 - INFO  - The case exit by code 0.
Thu May 25 22:11:14 2023 - INFO  - End to run testcase:oe_test_target_runlevel2.
Thu May 25 22:11:15 2023 - INFO  - A total of 1 use cases were executed, with 1 successes and 0 failures.
Thu May 25 22:11:20 2023 - INFO  - start to run testcase:oe_test_target_runlevel3.
Thu May 25 22:11:48 2023 - INFO  - The case exit by code 0.
Thu May 25 22:11:49 2023 - INFO  - End to run testcase:oe_test_target_runlevel3.
Thu May 25 22:11:50 2023 - INFO  - A total of 1 use cases were executed, with 1 successes and 0 failures.
Thu May 25 22:11:54 2023 - INFO  - start to run testcase:oe_test_target_runlevel4.
Thu May 25 22:12:22 2023 - INFO  - The case exit by code 0.
Thu May 25 22:12:23 2023 - INFO  - End to run testcase:oe_test_target_runlevel4.
Thu May 25 22:12:24 2023 - INFO  - A total of 1 use cases were executed, with 1 successes and 0 failures.
Thu May 25 22:12:28 2023 - INFO  - start to run testcase:oe_test_target_runlevel5.
Thu May 25 22:12:58 2023 - INFO  - The case exit by code 0.
Thu May 25 22:12:59 2023 - INFO  - End to run testcase:oe_test_target_runlevel5.
Thu May 25 22:13:00 2023 - INFO  - A total of 1 use cases were executed, with 1 successes and 0 failures.
Thu May 25 22:13:05 2023 - INFO  - start to run testcase:oe_test_target_runlevel6.
Thu May 25 22:13:14 2023 - INFO  - The case exit by code 0.
Thu May 25 22:13:15 2023 - INFO  - End to run testcase:oe_test_target_runlevel6.
Thu May 25 22:13:16 2023 - INFO  - A total of 1 use cases were executed, with 1 successes and 0 failures.
Thu May 25 22:13:20 2023 - INFO  - start to run testcase:oe_test_target_shutdown.
Thu May 25 22:13:30 2023 - INFO  - The case exit by code 0.
Thu May 25 22:13:31 2023 - INFO  - End to run testcase:oe_test_target_shutdown.
Thu May 25 22:13:32 2023 - INFO  - A total of 1 use cases were executed, with 1 successes and 0 failures.
Thu May 25 22:13:37 2023 - INFO  - start to run testcase:oe_test_target_sigpwr.
Thu May 25 22:14:07 2023 - INFO  - The case exit by code 0.
Thu May 25 22:14:08 2023 - INFO  - End to run testcase:oe_test_target_sigpwr.
Thu May 25 22:14:09 2023 - INFO  - A total of 1 use cases were executed, with 1 successes and 0 failures.
Thu May 25 22:14:13 2023 - INFO  - start to run testcase:oe_test_target_sleep.
Thu May 25 22:14:23 2023 - INFO  - The case exit by code 0.
Thu May 25 22:14:24 2023 - INFO  - End to run testcase:oe_test_target_sleep.
Thu May 25 22:14:25 2023 - INFO  - A total of 1 use cases were executed, with 1 successes and 0 failures.
Thu May 25 22:14:30 2023 - INFO  - start to run testcase:oe_test_target_slices.
Thu May 25 22:14:58 2023 - INFO  - The case exit by code 0.
Thu May 25 22:14:59 2023 - INFO  - End to run testcase:oe_test_target_slices.
Thu May 25 22:15:00 2023 - INFO  - A total of 1 use cases were executed, with 1 successes and 0 failures.
Thu May 25 22:15:04 2023 - INFO  - start to run testcase:oe_test_target_sockets.
Thu May 25 22:15:33 2023 - INFO  - The case exit by code 0.
Thu May 25 22:15:33 2023 - INFO  - End to run testcase:oe_test_target_sockets.
Thu May 25 22:15:34 2023 - INFO  - A total of 1 use cases were executed, with 1 successes and 0 failures.
Thu May 25 22:15:39 2023 - INFO  - start to run testcase:oe_test_target_suspend.
Thu May 25 22:15:49 2023 - INFO  - The case exit by code 0.
Thu May 25 22:15:50 2023 - INFO  - End to run testcase:oe_test_target_suspend.
Thu May 25 22:15:50 2023 - INFO  - A total of 1 use cases were executed, with 1 successes and 0 failures.
Thu May 25 22:15:55 2023 - INFO  - start to run testcase:oe_test_target_suspend-then-hibernate.
Thu May 25 22:16:05 2023 - INFO  - The case exit by code 0.
Thu May 25 22:16:06 2023 - INFO  - End to run testcase:oe_test_target_suspend-then-hibernate.
Thu May 25 22:16:07 2023 - INFO  - A total of 1 use cases were executed, with 1 successes and 0 failures.
Thu May 25 22:16:12 2023 - INFO  - start to run testcase:oe_test_target_swap.
Thu May 25 22:16:40 2023 - INFO  - The case exit by code 0.
Thu May 25 22:16:41 2023 - INFO  - End to run testcase:oe_test_target_swap.
Thu May 25 22:16:42 2023 - INFO  - A total of 1 use cases were executed, with 1 successes and 0 failures.
Thu May 25 22:16:46 2023 - INFO  - start to run testcase:oe_test_target_sysinit.
Thu May 25 22:17:23 2023 - INFO  - The case exit by code 0.
Thu May 25 22:17:24 2023 - INFO  - End to run testcase:oe_test_target_sysinit.
Thu May 25 22:17:25 2023 - INFO  - A total of 1 use cases were executed, with 1 successes and 0 failures.
Thu May 25 22:17:29 2023 - INFO  - start to run testcase:oe_test_target_system-update-pre.
Thu May 25 22:17:38 2023 - INFO  - The case exit by code 0.
Thu May 25 22:17:39 2023 - INFO  - End to run testcase:oe_test_target_system-update-pre.
Thu May 25 22:17:40 2023 - INFO  - A total of 1 use cases were executed, with 1 successes and 0 failures.
Thu May 25 22:17:44 2023 - INFO  - start to run testcase:oe_test_target_system-update.
Thu May 25 22:18:15 2023 - INFO  - The case exit by code 0.
Thu May 25 22:18:16 2023 - INFO  - End to run testcase:oe_test_target_system-update.
Thu May 25 22:18:16 2023 - INFO  - A total of 1 use cases were executed, with 1 successes and 0 failures.
Thu May 25 22:18:21 2023 - INFO  - start to run testcase:oe_test_target_timers.
Thu May 25 22:18:49 2023 - INFO  - The case exit by code 0.
Thu May 25 22:18:50 2023 - INFO  - End to run testcase:oe_test_target_timers.
Thu May 25 22:18:51 2023 - INFO  - A total of 1 use cases were executed, with 1 successes and 0 failures.
Thu May 25 22:18:56 2023 - INFO  - start to run testcase:oe_test_target_time-set.
Thu May 25 22:19:04 2023 - INFO  - The case exit by code 0.
Thu May 25 22:19:05 2023 - INFO  - End to run testcase:oe_test_target_time-set.
Thu May 25 22:19:06 2023 - INFO  - A total of 1 use cases were executed, with 1 successes and 0 failures.
Thu May 25 22:19:11 2023 - INFO  - start to run testcase:oe_test_target_time-sync.
Thu May 25 22:19:19 2023 - INFO  - The case exit by code 0.
Thu May 25 22:19:20 2023 - INFO  - End to run testcase:oe_test_target_time-sync.
Thu May 25 22:19:21 2023 - INFO  - A total of 1 use cases were executed, with 1 successes and 0 failures.
Thu May 25 22:19:25 2023 - INFO  - start to run testcase:oe_test_target_umount.
Thu May 25 22:19:34 2023 - INFO  - The case exit by code 0.
Thu May 25 22:19:35 2023 - INFO  - End to run testcase:oe_test_target_umount.
Thu May 25 22:19:36 2023 - INFO  - A total of 1 use cases were executed, with 1 successes and 0 failures.
Thu May 25 22:19:41 2023 - INFO  - start to run testcase:oe_test_service_emergency.
Thu May 25 22:19:50 2023 - INFO  - The case exit by code 0.
Thu May 25 22:19:51 2023 - INFO  - End to run testcase:oe_test_service_emergency.
Thu May 25 22:19:51 2023 - INFO  - A total of 1 use cases were executed, with 1 successes and 0 failures.
Thu May 25 22:19:56 2023 - INFO  - start to run testcase:oe_test_target_emergency.
Thu May 25 22:20:06 2023 - INFO  - The case exit by code 0.
Thu May 25 22:20:07 2023 - INFO  - End to run testcase:oe_test_target_emergency.
Thu May 25 22:20:08 2023 - INFO  - A total of 1 use cases were executed, with 1 successes and 0 failures.
Thu May 25 22:20:12 2023 - INFO  - start to run testcase:oe_test_service_systemd-sysext.
Thu May 25 22:20:55 2023 - ERROR - The case exit by code 7.
Thu May 25 22:20:56 2023 - INFO  - End to run testcase:oe_test_service_systemd-sysext.
Thu May 25 22:20:57 2023 - INFO  - A total of 1 use cases were executed, with 0 successes and 1 failures.
Thu May 25 22:21:02 2023 - INFO  - start to run testcase:oe_test_service_systemd-userdbd.
Thu May 25 22:21:42 2023 - ERROR - The case exit by code 7.
Thu May 25 22:21:43 2023 - INFO  - End to run testcase:oe_test_service_systemd-userdbd.
Thu May 25 22:21:44 2023 - INFO  - A total of 1 use cases were executed, with 0 successes and 1 failures.
Thu May 25 22:21:48 2023 - INFO  - start to run testcase:oe_test_socket_systemd-userdbd.
Thu May 25 22:22:29 2023 - ERROR - The case exit by code 7.
Thu May 25 22:22:30 2023 - INFO  - End to run testcase:oe_test_socket_systemd-userdbd.
Thu May 25 22:22:30 2023 - INFO  - A total of 1 use cases were executed, with 0 successes and 1 failures.
Thu May 25 22:22:35 2023 - INFO  - start to run testcase:oe_test_target_first-boot-complete.
Thu May 25 22:22:44 2023 - INFO  - The case exit by code 0.
Thu May 25 22:22:45 2023 - INFO  - End to run testcase:oe_test_target_first-boot-complete.
Thu May 25 22:22:46 2023 - INFO  - A total of 1 use cases were executed, with 1 successes and 0 failures.
Thu May 25 22:22:51 2023 - INFO  - start to run testcase:oe_test_target_remote-veritysetup.
Thu May 25 22:23:31 2023 - ERROR - The case exit by code 7.
Thu May 25 22:23:32 2023 - INFO  - End to run testcase:oe_test_target_remote-veritysetup.
Thu May 25 22:23:33 2023 - INFO  - A total of 1 use cases were executed, with 0 successes and 1 failures.
Thu May 25 22:23:38 2023 - INFO  - start to run testcase:oe_test_target_usb-gadget.
Thu May 25 22:24:18 2023 - ERROR - The case exit by code 7.
Thu May 25 22:24:19 2023 - INFO  - End to run testcase:oe_test_target_usb-gadget.
Thu May 25 22:24:20 2023 - INFO  - A total of 1 use cases were executed, with 0 successes and 1 failures.
Thu May 25 22:24:25 2023 - INFO  - start to run testcase:oe_test_target_veritysetup.
Thu May 25 22:25:05 2023 - ERROR - The case exit by code 7.
Thu May 25 22:25:05 2023 - INFO  - End to run testcase:oe_test_target_veritysetup.
Thu May 25 22:25:06 2023 - INFO  - A total of 1 use cases were executed, with 0 successes and 1 failures.
Thu May 25 22:25:11 2023 - INFO  - start to run testcase:oe_test_target_veritysetup-pre.
Thu May 25 22:25:25 2023 - ERROR - The case exit by code 3.
Thu May 25 22:25:26 2023 - INFO  - End to run testcase:oe_test_target_veritysetup-pre.
Thu May 25 22:25:27 2023 - INFO  - A total of 1 use cases were executed, with 0 successes and 1 failures.
