Tue Aug 22 02:39:47 2023 - INFO  - start to run testcase:oe_test_service_clevis-luks-askpass.
Tue Aug 22 02:40:04 2023 - ERROR - The case exit by code 1.
Tue Aug 22 02:40:04 2023 - INFO  - End to run testcase:oe_test_service_clevis-luks-askpass.
Tue Aug 22 02:40:04 2023 - INFO  - A total of 1 use cases were executed, with 0 successes and 1 failures.
Tue Aug 22 02:40:04 2023 - INFO  - start to run testcase:oe_test_high_nbde.
Tue Aug 22 02:40:21 2023 - ERROR - The case exit by code 7.
Tue Aug 22 02:40:21 2023 - INFO  - End to run testcase:oe_test_high_nbde.
Tue Aug 22 02:40:22 2023 - INFO  - A total of 1 use cases were executed, with 0 successes and 1 failures.
Tue Aug 22 02:40:22 2023 - INFO  - start to run testcase:oe_test_install_clevis.
Tue Aug 22 02:41:32 2023 - INFO  - The case exit by code 0.
Tue Aug 22 02:41:32 2023 - INFO  - End to run testcase:oe_test_install_clevis.
Tue Aug 22 02:41:32 2023 - INFO  - A total of 1 use cases were executed, with 1 successes and 0 failures.
Tue Aug 22 02:41:32 2023 - INFO  - start to run testcase:oe_test_tang_encrypt.
Tue Aug 22 02:41:54 2023 - ERROR - The case exit by code 1.
Tue Aug 22 02:41:54 2023 - INFO  - End to run testcase:oe_test_tang_encrypt.
Tue Aug 22 02:41:54 2023 - INFO  - A total of 1 use cases were executed, with 0 successes and 1 failures.
Tue Aug 22 02:41:54 2023 - INFO  - start to run testcase:oe_test_tang_nbde.
Tue Aug 22 02:42:20 2023 - INFO  - The case exit by code 0.
Tue Aug 22 02:42:20 2023 - INFO  - End to run testcase:oe_test_tang_nbde.
Tue Aug 22 02:42:20 2023 - INFO  - A total of 1 use cases were executed, with 1 successes and 0 failures.
