Warning: Permanently added '[localhost]:12055' (ED25519) to the list of known hosts.
root@localhost's password:
Permission denied, please try again.
root@localhost's password:
Last failed login: Wed Sep 13 15:33:28 CST 2023 from 10.0.2.2 on ssh:notty
There was 1 failed login attempt since the last successful login.
Last login: Mon Sep 11 20:59:59 2023


Welcome to 6.4.0-4.0.0.12.oe2309.riscv64

System information as of time:  Wed Sep 13 03:33:38 PM CST 2023

System load:    1.24
Processes:      147
Memory used:    8.8%
Swap used:      0.0%
Usage On:       58%
IP address:     10.0.0.1
IP address:     10.0.2.15
IP address:     192.168.122.1
IP address:     172.17.0.1
Users online:   1


[root@openeuler-riscv64 ~]# cat mugen/conf/env.json
{
    "NODE": [
        {
            "ID": 1,
            "LOCALTION": "local",
            "MACHINE": "physical",
            "IPV6": "fe80::d385:b9a0:42df:c5cb",
            "FRAME": "riscv64",
            "NIC": "enp0s11",
            "MAC": "52:54:00:11:45:01",
            "IPV4": "10.0.0.1",
            "USER": "root",
            "PASSWORD": "openEuler12#$",
            "SSH_PORT": 22,
            "BMC_IP": "",
            "BMC_USER": "",
            "BMC_PASSWORD": ""
        },
        {
            "ID": 2,
            "LOCALTION": "remote",
            "MACHINE": "physical",
            "IPV6": "fe80::8047:df0b:6ee5:170d",
            "FRAME": "riscv64",
            "NIC": "enp0s11",
            "MAC": "52:54:00:11:45:09",
            "IPV4": "10.0.0.9",
            "USER": "root",
            "PASSWORD": "openEuler12#$",
            "SSH_PORT": 22,
            "BMC_IP": "",
            "BMC_USER": "",
            "BMC_PASSWORD": ""
        }
    ]
}[root@openeuler-riscv64 ~]# ip link
1: lo: <LOOPBACK,UP,LOWER_UP> mtu 65536 qdisc noqueue state UNKNOWN mode DEFAULT group default qlen 1000
    link/loopback 00:00:00:00:00:00 brd 00:00:00:00:00:00
2: enp0s11: <BROADCAST,MULTICAST,UP,LOWER_UP> mtu 1500 qdisc fq_codel state UP mode DEFAULT group default qlen 1000
    link/ether 52:54:00:11:45:01 brd ff:ff:ff:ff:ff:ff
3: enp0s12: <BROADCAST,MULTICAST,UP,LOWER_UP> mtu 1500 qdisc fq_codel state UP mode DEFAULT group default qlen 1000
    link/ether 52:54:00:11:45:02 brd ff:ff:ff:ff:ff:ff
4: virbr0: <NO-CARRIER,BROADCAST,MULTICAST,UP> mtu 1500 qdisc noqueue state DOWN mode DEFAULT group default qlen 1000
    link/ether 52:54:00:78:02:ef brd ff:ff:ff:ff:ff:ff
5: virbr0-nic: <BROADCAST,MULTICAST> mtu 1500 qdisc fq_codel master virbr0 state DOWN mode DEFAULT group default qlen 1000
    link/ether 52:54:00:78:02:ef brd ff:ff:ff:ff:ff:ff
6: docker0: <NO-CARRIER,BROADCAST,MULTICAST,UP> mtu 1500 qdisc noqueue state DOWN mode DEFAULT group default
    link/ether 02:42:07:61:90:57 brd ff:ff:ff:ff:ff:ff
[root@openeuler-riscv64 ~]# ip addr
1: lo: <LOOPBACK,UP,LOWER_UP> mtu 65536 qdisc noqueue state UNKNOWN group default qlen 1000
    link/loopback 00:00:00:00:00:00 brd 00:00:00:00:00:00
    inet 127.0.0.1/8 scope host lo
       valid_lft forever preferred_lft forever
    inet6 ::1/128 scope host
       valid_lft forever preferred_lft forever
2: enp0s11: <BROADCAST,MULTICAST,UP,LOWER_UP> mtu 1500 qdisc fq_codel state UP group default qlen 1000
    link/ether 52:54:00:11:45:01 brd ff:ff:ff:ff:ff:ff
    inet 10.0.0.1/24 brd 10.0.0.255 scope global noprefixroute enp0s11
       valid_lft forever preferred_lft forever
    inet6 fe80::d385:b9a0:42df:c5cb/64 scope link noprefixroute
       valid_lft forever preferred_lft forever
3: enp0s12: <BROADCAST,MULTICAST,UP,LOWER_UP> mtu 1500 qdisc fq_codel state UP group default qlen 1000
    link/ether 52:54:00:11:45:02 brd ff:ff:ff:ff:ff:ff
    inet 10.0.2.15/24 brd 10.0.2.255 scope global dynamic noprefixroute enp0s12
       valid_lft 86167sec preferred_lft 86167sec
    inet6 fec0::2b63:e984:460d:5209/64 scope site dynamic noprefixroute
       valid_lft 86170sec preferred_lft 14170sec
    inet6 fe80::16da:b1af:9d49:7042/64 scope link noprefixroute
       valid_lft forever preferred_lft forever
4: virbr0: <NO-CARRIER,BROADCAST,MULTICAST,UP> mtu 1500 qdisc noqueue state DOWN group default qlen 1000
    link/ether 52:54:00:78:02:ef brd ff:ff:ff:ff:ff:ff
    inet 192.168.122.1/24 brd 192.168.122.255 scope global virbr0
       valid_lft forever preferred_lft forever
5: virbr0-nic: <BROADCAST,MULTICAST> mtu 1500 qdisc fq_codel master virbr0 state DOWN group default qlen 1000
    link/ether 52:54:00:78:02:ef brd ff:ff:ff:ff:ff:ff
6: docker0: <NO-CARRIER,BROADCAST,MULTICAST,UP> mtu 1500 qdisc noqueue state DOWN group default
    link/ether 02:42:07:61:90:57 brd ff:ff:ff:ff:ff:ff
    inet 172.17.0.1/16 brd 172.17.255.255 scope global docker0
       valid_lft forever preferred_lft forever
