Thu May 25 16:49:00 2023 - INFO  - start to run testcase:oe_test_openssl_concurrent_operations.
Thu May 25 16:49:05 2023 - INFO  - The case exit by code 0.
Thu May 25 16:49:06 2023 - INFO  - End to run testcase:oe_test_openssl_concurrent_operations.
Thu May 25 16:49:06 2023 - INFO  - A total of 1 use cases were executed, with 1 successes and 0 failures.
Thu May 25 16:49:06 2023 - INFO  - start to run testcase:oe_test_openssl_create_CA_applying_certificate.
Thu May 25 16:49:22 2023 - ERROR - The case exit by code 2.
Thu May 25 16:49:22 2023 - INFO  - End to run testcase:oe_test_openssl_create_CA_applying_certificate.
Thu May 25 16:49:22 2023 - INFO  - A total of 1 use cases were executed, with 0 successes and 1 failures.
Thu May 25 16:49:22 2023 - INFO  - start to run testcase:oe_test_openssl_delete_configuration_file.
Thu May 25 16:49:39 2023 - ERROR - The case exit by code 3.
Thu May 25 16:49:40 2023 - INFO  - End to run testcase:oe_test_openssl_delete_configuration_file.
Thu May 25 16:49:40 2023 - INFO  - A total of 1 use cases were executed, with 0 successes and 1 failures.
Thu May 25 16:49:40 2023 - INFO  - start to run testcase:oe_test_openssl_Diffie_Hellman.
Thu May 25 16:49:48 2023 - ERROR - The case exit by code 1.
Thu May 25 16:49:48 2023 - INFO  - End to run testcase:oe_test_openssl_Diffie_Hellman.
Thu May 25 16:49:48 2023 - INFO  - A total of 1 use cases were executed, with 0 successes and 1 failures.
Thu May 25 16:49:49 2023 - INFO  - start to run testcase:oe_test_openssl_DSA_algorithm.
Thu May 25 16:49:53 2023 - ERROR - The case exit by code 1.
Thu May 25 16:49:53 2023 - INFO  - End to run testcase:oe_test_openssl_DSA_algorithm.
Thu May 25 16:49:53 2023 - INFO  - A total of 1 use cases were executed, with 0 successes and 1 failures.
Thu May 25 16:49:53 2023 - INFO  - start to run testcase:oe_test_openssl_empty_private_key.
Thu May 25 16:49:54 2023 - ERROR - The case exit by code 2.
Thu May 25 16:49:54 2023 - INFO  - End to run testcase:oe_test_openssl_empty_private_key.
Thu May 25 16:49:54 2023 - INFO  - A total of 1 use cases were executed, with 0 successes and 1 failures.
Thu May 25 16:49:55 2023 - INFO  - start to run testcase:oe_test_openssl_empty_public_key.
Thu May 25 16:49:57 2023 - ERROR - The case exit by code 2.
Thu May 25 16:49:57 2023 - INFO  - End to run testcase:oe_test_openssl_empty_public_key.
Thu May 25 16:49:57 2023 - INFO  - A total of 1 use cases were executed, with 0 successes and 1 failures.
Thu May 25 16:49:57 2023 - INFO  - start to run testcase:oe_test_openssl_encrypt_decrypt_file_asymmetrically.
Thu May 25 16:49:59 2023 - ERROR - The case exit by code 1.
Thu May 25 16:49:59 2023 - INFO  - End to run testcase:oe_test_openssl_encrypt_decrypt_file_asymmetrically.
Thu May 25 16:49:59 2023 - INFO  - A total of 1 use cases were executed, with 0 successes and 1 failures.
Thu May 25 16:50:00 2023 - INFO  - start to run testcase:oe_test_openssl_encrypte_decrypte_emails.
Thu May 25 16:50:01 2023 - ERROR - The case exit by code 1.
Thu May 25 16:50:01 2023 - INFO  - End to run testcase:oe_test_openssl_encrypte_decrypte_emails.
Thu May 25 16:50:01 2023 - INFO  - A total of 1 use cases were executed, with 0 successes and 1 failures.
Thu May 25 16:50:02 2023 - INFO  - start to run testcase:oe_test_openssl_encrypting_character_string.
Thu May 25 16:50:03 2023 - INFO  - The case exit by code 0.
Thu May 25 16:50:03 2023 - INFO  - End to run testcase:oe_test_openssl_encrypting_character_string.
Thu May 25 16:50:03 2023 - INFO  - A total of 1 use cases were executed, with 1 successes and 0 failures.
Thu May 25 16:50:03 2023 - INFO  - start to run testcase:oe_test_openssl_expired_certificate.
Thu May 25 16:50:18 2023 - ERROR - The case exit by code 2.
Thu May 25 16:50:18 2023 - INFO  - End to run testcase:oe_test_openssl_expired_certificate.
Thu May 25 16:50:18 2023 - INFO  - A total of 1 use cases were executed, with 0 successes and 1 failures.
Thu May 25 16:50:19 2023 - INFO  - start to run testcase:oe_test_openssl_file_signature_verification.
Thu May 25 16:50:21 2023 - ERROR - The case exit by code 2.
Thu May 25 16:50:21 2023 - INFO  - End to run testcase:oe_test_openssl_file_signature_verification.
Thu May 25 16:50:21 2023 - INFO  - A total of 1 use cases were executed, with 0 successes and 1 failures.
Thu May 25 16:50:21 2023 - INFO  - start to run testcase:oe_test_openssl_generate_key_pair.
Thu May 25 16:50:22 2023 - ERROR - The case exit by code 1.
Thu May 25 16:50:22 2023 - INFO  - End to run testcase:oe_test_openssl_generate_key_pair.
Thu May 25 16:50:22 2023 - INFO  - A total of 1 use cases were executed, with 0 successes and 1 failures.
Thu May 25 16:50:22 2023 - INFO  - start to run testcase:oe_test_openssl_generate_password.
Thu May 25 16:50:33 2023 - ERROR - The case exit by code 2.
Thu May 25 16:50:33 2023 - INFO  - End to run testcase:oe_test_openssl_generate_password.
Thu May 25 16:50:33 2023 - INFO  - A total of 1 use cases were executed, with 0 successes and 1 failures.
Thu May 25 16:50:34 2023 - INFO  - start to run testcase:oe_test_openssl_generate_random_number.
Thu May 25 16:50:34 2023 - INFO  - The case exit by code 0.
Thu May 25 16:50:34 2023 - INFO  - End to run testcase:oe_test_openssl_generate_random_number.
Thu May 25 16:50:34 2023 - INFO  - A total of 1 use cases were executed, with 1 successes and 0 failures.
Thu May 25 16:50:35 2023 - INFO  - start to run testcase:oe_test_openssl_Implements_https.
Thu May 25 16:50:48 2023 - ERROR - The case exit by code 2.
Thu May 25 16:50:48 2023 - INFO  - End to run testcase:oe_test_openssl_Implements_https.
Thu May 25 16:50:48 2023 - INFO  - A total of 1 use cases were executed, with 0 successes and 1 failures.
Thu May 25 16:50:48 2023 - INFO  - start to run testcase:oe_test_openssl_incorrect_public_private_key.
Thu May 25 16:50:49 2023 - ERROR - The case exit by code 3.
Thu May 25 16:50:49 2023 - INFO  - End to run testcase:oe_test_openssl_incorrect_public_private_key.
Thu May 25 16:50:49 2023 - INFO  - A total of 1 use cases were executed, with 0 successes and 1 failures.
Thu May 25 16:50:50 2023 - INFO  - start to run testcase:oe_test_openssl_message_digest.
Thu May 25 16:50:50 2023 - INFO  - The case exit by code 0.
Thu May 25 16:50:50 2023 - INFO  - End to run testcase:oe_test_openssl_message_digest.
Thu May 25 16:50:51 2023 - INFO  - A total of 1 use cases were executed, with 1 successes and 0 failures.
Thu May 25 16:50:51 2023 - INFO  - start to run testcase:oe_test_openssl_one_way_encryption.
Thu May 25 16:50:51 2023 - INFO  - The case exit by code 0.
Thu May 25 16:50:52 2023 - INFO  - End to run testcase:oe_test_openssl_one_way_encryption.
Thu May 25 16:50:52 2023 - INFO  - A total of 1 use cases were executed, with 1 successes and 0 failures.
Thu May 25 16:50:52 2023 - INFO  - start to run testcase:oe_test_openssl_related_concurrent_operations.
Thu May 25 16:50:58 2023 - INFO  - The case exit by code 0.
Thu May 25 16:50:58 2023 - INFO  - End to run testcase:oe_test_openssl_related_concurrent_operations.
Thu May 25 16:50:58 2023 - INFO  - A total of 1 use cases were executed, with 1 successes and 0 failures.
Thu May 25 16:50:59 2023 - INFO  - start to run testcase:oe_test_openssl_reliability.
Thu May 25 16:51:12 2023 - ERROR - The case exit by code 2.
Thu May 25 16:51:12 2023 - INFO  - End to run testcase:oe_test_openssl_reliability.
Thu May 25 16:51:12 2023 - INFO  - A total of 1 use cases were executed, with 0 successes and 1 failures.
Thu May 25 16:51:13 2023 - INFO  - start to run testcase:oe_test_openssl_remove_mod_ssl.
Thu May 25 16:51:24 2023 - ERROR - The case exit by code 2.
Thu May 25 16:51:24 2023 - INFO  - End to run testcase:oe_test_openssl_remove_mod_ssl.
Thu May 25 16:51:24 2023 - INFO  - A total of 1 use cases were executed, with 0 successes and 1 failures.
Thu May 25 16:51:25 2023 - INFO  - start to run testcase:oe_test_openssl_repeated_execution.
Thu May 25 16:51:30 2023 - INFO  - The case exit by code 0.
Thu May 25 16:51:30 2023 - INFO  - End to run testcase:oe_test_openssl_repeated_execution.
Thu May 25 16:51:30 2023 - INFO  - A total of 1 use cases were executed, with 1 successes and 0 failures.
Thu May 25 16:51:31 2023 - INFO  - start to run testcase:oe_test_openssl_repeat_restart.
Thu May 25 16:53:37 2023 - ERROR - The case exit by code 2.
Thu May 25 16:53:37 2023 - INFO  - End to run testcase:oe_test_openssl_repeat_restart.
Thu May 25 16:53:38 2023 - INFO  - A total of 1 use cases were executed, with 0 successes and 1 failures.
Thu May 25 16:53:38 2023 - INFO  - start to run testcase:oe_test_openssl_RSA_algorithm.
Thu May 25 16:53:39 2023 - ERROR - The case exit by code 1.
Thu May 25 16:53:39 2023 - INFO  - End to run testcase:oe_test_openssl_RSA_algorithm.
Thu May 25 16:53:39 2023 - INFO  - A total of 1 use cases were executed, with 0 successes and 1 failures.
Thu May 25 16:53:40 2023 - INFO  - start to run testcase:oe_test_openssl_symmetrically_encrypts_decrypts_files.
Thu May 25 16:54:10 2023 - INFO  - The case exit by code 0.
Thu May 25 16:54:10 2023 - INFO  - End to run testcase:oe_test_openssl_symmetrically_encrypts_decrypts_files.
Thu May 25 16:54:10 2023 - INFO  - A total of 1 use cases were executed, with 1 successes and 0 failures.
Thu May 25 16:54:11 2023 - INFO  - start to run testcase:oe_test_openssl_symmetric_encryption_decryption.
Thu May 25 16:54:11 2023 - INFO  - The case exit by code 0.
Thu May 25 16:54:11 2023 - INFO  - End to run testcase:oe_test_openssl_symmetric_encryption_decryption.
Thu May 25 16:54:12 2023 - INFO  - A total of 1 use cases were executed, with 1 successes and 0 failures.
Thu May 25 16:54:12 2023 - INFO  - start to run testcase:oe_test_openssl_enc.
Thu May 25 16:54:14 2023 - INFO  - The case exit by code 0.
Thu May 25 16:54:14 2023 - INFO  - End to run testcase:oe_test_openssl_enc.
Thu May 25 16:54:14 2023 - INFO  - A total of 1 use cases were executed, with 1 successes and 0 failures.
Thu May 25 16:54:14 2023 - INFO  - start to run testcase:oe_test_openssl_rc4_encryption_file.
Thu May 25 16:54:17 2023 - ERROR - The case exit by code 1.
Thu May 25 16:54:17 2023 - INFO  - End to run testcase:oe_test_openssl_rc4_encryption_file.
Thu May 25 16:54:17 2023 - INFO  - A total of 1 use cases were executed, with 0 successes and 1 failures.
Thu May 25 16:54:17 2023 - INFO  - start to run testcase:oe_test_openssl_sm2.
Thu May 25 16:54:18 2023 - INFO  - The case exit by code 0.
Thu May 25 16:54:18 2023 - INFO  - End to run testcase:oe_test_openssl_sm2.
Thu May 25 16:54:18 2023 - INFO  - A total of 1 use cases were executed, with 1 successes and 0 failures.
Thu May 25 16:54:19 2023 - INFO  - start to run testcase:oe_test_openssl_sm4.
Thu May 25 16:54:20 2023 - INFO  - The case exit by code 0.
Thu May 25 16:54:20 2023 - INFO  - End to run testcase:oe_test_openssl_sm4.
Thu May 25 16:54:20 2023 - INFO  - A total of 1 use cases were executed, with 1 successes and 0 failures.
Thu May 25 16:54:20 2023 - INFO  - start to run testcase:oe_test_openssl_hmac.
Thu May 25 16:54:21 2023 - INFO  - The case exit by code 0.
Thu May 25 16:54:21 2023 - INFO  - End to run testcase:oe_test_openssl_hmac.
Thu May 25 16:54:21 2023 - INFO  - A total of 1 use cases were executed, with 1 successes and 0 failures.
Thu May 25 16:54:21 2023 - INFO  - start to run testcase:oe_test_openssl_speed.
Thu May 25 16:55:36 2023 - ERROR - The case exit by code 2.
Thu May 25 16:55:36 2023 - INFO  - End to run testcase:oe_test_openssl_speed.
Thu May 25 16:55:36 2023 - INFO  - A total of 1 use cases were executed, with 0 successes and 1 failures.
