Tue Sep 12 09:58:44 2023 - INFO  - start to run testcase:oe_test_intltool_intltool-merge_01.
Tue Sep 12 09:59:05 2023 - INFO  - The case exit by code 0.
Tue Sep 12 09:59:05 2023 - INFO  - End to run testcase:oe_test_intltool_intltool-merge_01.
Tue Sep 12 09:59:05 2023 - INFO  - A total of 1 use cases were executed, with 1 successes and 0 failures.
Tue Sep 12 09:59:05 2023 - INFO  - start to run testcase:oe_test_intltool_intltool-merge_02.
Tue Sep 12 09:59:20 2023 - INFO  - The case exit by code 0.
Tue Sep 12 09:59:20 2023 - INFO  - End to run testcase:oe_test_intltool_intltool-merge_02.
Tue Sep 12 09:59:20 2023 - INFO  - A total of 1 use cases were executed, with 1 successes and 0 failures.
Tue Sep 12 09:59:20 2023 - INFO  - start to run testcase:oe_test_intltool_intltool-update.
Tue Sep 12 09:59:37 2023 - INFO  - The case exit by code 0.
Tue Sep 12 09:59:37 2023 - INFO  - End to run testcase:oe_test_intltool_intltool-update.
Tue Sep 12 09:59:37 2023 - INFO  - A total of 1 use cases were executed, with 1 successes and 0 failures.
Tue Sep 12 09:59:38 2023 - INFO  - start to run testcase:oe_test_intltool_intltool-extract.
Tue Sep 12 09:59:58 2023 - ERROR - The case exit by code 33.
Tue Sep 12 09:59:58 2023 - INFO  - End to run testcase:oe_test_intltool_intltool-extract.
Tue Sep 12 09:59:58 2023 - INFO  - A total of 1 use cases were executed, with 0 successes and 1 failures.
Tue Sep 12 09:59:58 2023 - INFO  - start to run testcase:oe_test_intltool_intltool-prepare.
Tue Sep 12 10:00:20 2023 - ERROR - The case exit by code 18.
Tue Sep 12 10:00:20 2023 - INFO  - End to run testcase:oe_test_intltool_intltool-prepare.
Tue Sep 12 10:00:20 2023 - INFO  - A total of 1 use cases were executed, with 0 successes and 1 failures.
Tue Sep 12 10:00:20 2023 - INFO  - start to run testcase:oe_test_intltool_intltoolize.
Tue Sep 12 10:00:39 2023 - INFO  - The case exit by code 0.
Tue Sep 12 10:00:39 2023 - INFO  - End to run testcase:oe_test_intltool_intltoolize.
Tue Sep 12 10:00:39 2023 - INFO  - A total of 1 use cases were executed, with 1 successes and 0 failures.
