Thu May 25 16:41:41 2023 - INFO  - start to run testcase:oe_test_dnf_alias.
Thu May 25 16:43:10 2023 - INFO  - The case exit by code 0.
Thu May 25 16:43:11 2023 - INFO  - End to run testcase:oe_test_dnf_alias.
Thu May 25 16:43:12 2023 - INFO  - A total of 1 use cases were executed, with 1 successes and 0 failures.
Thu May 25 16:43:17 2023 - INFO  - start to run testcase:oe_test_dnf_all-repos.
Thu May 25 16:44:39 2023 - ERROR - The case exit by code 6.
Thu May 25 16:44:40 2023 - INFO  - End to run testcase:oe_test_dnf_all-repos.
Thu May 25 16:44:41 2023 - INFO  - A total of 1 use cases were executed, with 0 successes and 1 failures.
Thu May 25 16:44:47 2023 - INFO  - start to run testcase:oe_test_dnf_assumeno_autoremove.
Thu May 25 16:48:53 2023 - INFO  - The case exit by code 0.
Thu May 25 16:48:54 2023 - INFO  - End to run testcase:oe_test_dnf_assumeno_autoremove.
Thu May 25 16:48:55 2023 - INFO  - A total of 1 use cases were executed, with 1 successes and 0 failures.
Thu May 25 16:49:01 2023 - INFO  - start to run testcase:oe_test_dnf_automatic.
Thu May 25 16:53:38 2023 - INFO  - The case exit by code 0.
Thu May 25 16:53:39 2023 - INFO  - End to run testcase:oe_test_dnf_automatic.
Thu May 25 16:53:40 2023 - INFO  - A total of 1 use cases were executed, with 1 successes and 0 failures.
Thu May 25 16:53:46 2023 - INFO  - start to run testcase:oe_test_dnf_check_diffenert-packages.
Thu May 25 16:56:05 2023 - INFO  - The case exit by code 0.
Thu May 25 16:56:06 2023 - INFO  - End to run testcase:oe_test_dnf_check_diffenert-packages.
Thu May 25 16:56:07 2023 - INFO  - A total of 1 use cases were executed, with 1 successes and 0 failures.
Thu May 25 16:56:12 2023 - INFO  - start to run testcase:oe_test_dnf_makecache_clean.
Thu May 25 17:01:58 2023 - ERROR - The case exit by code 2.
Thu May 25 17:01:59 2023 - INFO  - End to run testcase:oe_test_dnf_makecache_clean.
Thu May 25 17:02:00 2023 - INFO  - A total of 1 use cases were executed, with 0 successes and 1 failures.
Thu May 25 17:02:08 2023 - INFO  - start to run testcase:oe_test_dnf_distro-sync_dnf-3.
Thu May 25 17:06:36 2023 - INFO  - The case exit by code 0.
Thu May 25 17:06:37 2023 - INFO  - End to run testcase:oe_test_dnf_distro-sync_dnf-3.
Thu May 25 17:06:38 2023 - INFO  - A total of 1 use cases were executed, with 1 successes and 0 failures.
Thu May 25 17:06:44 2023 - INFO  - start to run testcase:oe_test_dnf_enabled_enablerepo.
Thu May 25 17:07:34 2023 - ERROR - The case exit by code 7.
Thu May 25 17:07:35 2023 - INFO  - End to run testcase:oe_test_dnf_enabled_enablerepo.
Thu May 25 17:07:36 2023 - INFO  - A total of 1 use cases were executed, with 0 successes and 1 failures.
Thu May 25 17:07:43 2023 - INFO  - start to run testcase:oe_test_service_dnf-automatic-download.
Thu May 25 17:08:26 2023 - INFO  - The case exit by code 0.
Thu May 25 17:08:27 2023 - INFO  - End to run testcase:oe_test_service_dnf-automatic-download.
Thu May 25 17:08:28 2023 - INFO  - A total of 1 use cases were executed, with 1 successes and 0 failures.
Thu May 25 17:08:33 2023 - INFO  - start to run testcase:oe_test_service_dnf-automatic-install.
Thu May 25 17:09:20 2023 - INFO  - The case exit by code 0.
Thu May 25 17:09:21 2023 - INFO  - End to run testcase:oe_test_service_dnf-automatic-install.
Thu May 25 17:09:22 2023 - INFO  - A total of 1 use cases were executed, with 1 successes and 0 failures.
Thu May 25 17:09:28 2023 - INFO  - start to run testcase:oe_test_service_dnf-automatic-notifyonly.
Thu May 25 17:10:13 2023 - INFO  - The case exit by code 0.
Thu May 25 17:10:15 2023 - INFO  - End to run testcase:oe_test_service_dnf-automatic-notifyonly.
Thu May 25 17:10:16 2023 - INFO  - A total of 1 use cases were executed, with 1 successes and 0 failures.
Thu May 25 17:10:22 2023 - INFO  - start to run testcase:oe_test_service_dnf-automatic.
Thu May 25 17:11:08 2023 - INFO  - The case exit by code 0.
Thu May 25 17:11:09 2023 - INFO  - End to run testcase:oe_test_service_dnf-automatic.
Thu May 25 17:11:10 2023 - INFO  - A total of 1 use cases were executed, with 1 successes and 0 failures.
Thu May 25 17:11:15 2023 - INFO  - start to run testcase:oe_test_service_dnf-makecache.
Thu May 25 17:11:33 2023 - INFO  - The case exit by code 0.
Thu May 25 17:11:34 2023 - INFO  - End to run testcase:oe_test_service_dnf-makecache.
Thu May 25 17:11:35 2023 - INFO  - A total of 1 use cases were executed, with 1 successes and 0 failures.
Thu May 25 17:11:41 2023 - INFO  - start to run testcase:oe_test_dnf_enhancement_exclude.
Thu May 25 17:12:47 2023 - ERROR - The case exit by code 4.
Thu May 25 17:12:48 2023 - INFO  - End to run testcase:oe_test_dnf_enhancement_exclude.
Thu May 25 17:12:49 2023 - INFO  - A total of 1 use cases were executed, with 0 successes and 1 failures.
Thu May 25 17:12:55 2023 - INFO  - start to run testcase:oe_test_dnf_help_history_info.
Thu May 25 17:14:23 2023 - INFO  - The case exit by code 0.
Thu May 25 17:14:25 2023 - INFO  - End to run testcase:oe_test_dnf_help_history_info.
Thu May 25 17:14:26 2023 - INFO  - A total of 1 use cases were executed, with 1 successes and 0 failures.
Thu May 25 17:14:32 2023 - INFO  - start to run testcase:oe_test_dnf_list_mark.
Thu May 25 17:16:46 2023 - ERROR - The case exit by code 8.
Thu May 25 17:16:47 2023 - INFO  - End to run testcase:oe_test_dnf_list_mark.
Thu May 25 17:16:48 2023 - INFO  - A total of 1 use cases were executed, with 0 successes and 1 failures.
Thu May 25 17:16:54 2023 - INFO  - start to run testcase:oe_test_dnf_nobest_nodocs_nogpgcheck.
Thu May 25 17:18:19 2023 - ERROR - The case exit by code 3.
Thu May 25 17:18:20 2023 - INFO  - End to run testcase:oe_test_dnf_nobest_nodocs_nogpgcheck.
Thu May 25 17:18:21 2023 - INFO  - A total of 1 use cases were executed, with 0 successes and 1 failures.
Thu May 25 17:18:27 2023 - INFO  - start to run testcase:oe_test_dnf_priority.
Thu May 25 17:19:07 2023 - ERROR - The case exit by code 2.
Thu May 25 17:19:08 2023 - INFO  - End to run testcase:oe_test_dnf_priority.
Thu May 25 17:19:09 2023 - INFO  - A total of 1 use cases were executed, with 0 successes and 1 failures.
Thu May 25 17:19:14 2023 - INFO  - start to run testcase:oe_test_dnf_provides_randomwait.
Thu May 25 17:20:46 2023 - ERROR - The case exit by code 5.
Thu May 25 17:20:47 2023 - INFO  - End to run testcase:oe_test_dnf_provides_randomwait.
Thu May 25 17:20:48 2023 - INFO  - A total of 1 use cases were executed, with 0 successes and 1 failures.
Thu May 25 17:20:55 2023 - INFO  - start to run testcase:oe_test_dnf_reinstall_repoinfo.
Thu May 25 17:23:12 2023 - ERROR - The case exit by code 12.
Thu May 25 17:23:13 2023 - INFO  - End to run testcase:oe_test_dnf_reinstall_repoinfo.
Thu May 25 17:23:14 2023 - INFO  - A total of 1 use cases were executed, with 0 successes and 1 failures.
Thu May 25 17:23:19 2023 - INFO  - start to run testcase:oe_test_dnf_repeat-install.
Thu May 25 17:35:43 2023 - ERROR - The case exit by code 50.
Thu May 25 17:35:44 2023 - INFO  - End to run testcase:oe_test_dnf_repeat-install.
Thu May 25 17:35:46 2023 - INFO  - A total of 1 use cases were executed, with 0 successes and 1 failures.
Thu May 25 17:35:51 2023 - INFO  - start to run testcase:oe_test_dnf_repeat-upgrade-downgrade.
pgrep: pattern that searches for process name longer than 15 characters will result in zero matches
Try `pgrep -f' option to match against the complete command line.
Thu May 25 18:05:54 2023 - WARN  - The case execution timeout.
Thu May 25 18:05:55 2023 - ERROR - The case exit by code 143.
Thu May 25 18:05:56 2023 - INFO  - End to run testcase:oe_test_dnf_repeat-upgrade-downgrade.
Thu May 25 18:05:58 2023 - INFO  - A total of 1 use cases were executed, with 0 successes and 1 failures.
