Thu May 25 18:01:01 2023 - INFO  - start to run testcase:oe_test_osc_01.
Thu May 25 18:02:40 2023 - INFO  - The case exit by code 0.
Thu May 25 18:02:41 2023 - INFO  - End to run testcase:oe_test_osc_01.
Thu May 25 18:02:42 2023 - INFO  - A total of 1 use cases were executed, with 1 successes and 0 failures.
Thu May 25 18:02:48 2023 - INFO  - start to run testcase:oe_test_osc_02.
Thu May 25 18:05:09 2023 - INFO  - The case exit by code 0.
Thu May 25 18:05:10 2023 - INFO  - End to run testcase:oe_test_osc_02.
Thu May 25 18:05:11 2023 - INFO  - A total of 1 use cases were executed, with 1 successes and 0 failures.
Thu May 25 18:05:16 2023 - INFO  - start to run testcase:oe_test_osc_03.
Thu May 25 18:07:15 2023 - INFO  - The case exit by code 0.
Thu May 25 18:07:16 2023 - INFO  - End to run testcase:oe_test_osc_03.
Thu May 25 18:07:17 2023 - INFO  - A total of 1 use cases were executed, with 1 successes and 0 failures.
Thu May 25 18:07:21 2023 - INFO  - start to run testcase:oe_test_osc_04.
Thu May 25 18:10:37 2023 - ERROR - The case exit by code 4.
Thu May 25 18:10:38 2023 - INFO  - End to run testcase:oe_test_osc_04.
Thu May 25 18:10:39 2023 - INFO  - A total of 1 use cases were executed, with 0 successes and 1 failures.
Thu May 25 18:10:46 2023 - INFO  - start to run testcase:oe_test_osc_05.
Thu May 25 18:13:44 2023 - INFO  - The case exit by code 0.
Thu May 25 18:13:45 2023 - INFO  - End to run testcase:oe_test_osc_05.
Thu May 25 18:13:46 2023 - INFO  - A total of 1 use cases were executed, with 1 successes and 0 failures.
Thu May 25 18:13:53 2023 - INFO  - start to run testcase:oe_test_osc_06.
Thu May 25 18:16:40 2023 - INFO  - The case exit by code 0.
Thu May 25 18:16:41 2023 - INFO  - End to run testcase:oe_test_osc_06.
Thu May 25 18:16:42 2023 - INFO  - A total of 1 use cases were executed, with 1 successes and 0 failures.
Thu May 25 18:16:48 2023 - INFO  - start to run testcase:oe_test_osc_07.
Thu May 25 18:19:10 2023 - INFO  - The case exit by code 0.
Thu May 25 18:19:12 2023 - INFO  - End to run testcase:oe_test_osc_07.
Thu May 25 18:19:13 2023 - INFO  - A total of 1 use cases were executed, with 1 successes and 0 failures.
Thu May 25 18:19:19 2023 - INFO  - start to run testcase:oe_test_osc_build.
Thu May 25 18:20:30 2023 - ERROR - The case exit by code 1.
Thu May 25 18:20:31 2023 - INFO  - End to run testcase:oe_test_osc_build.
Thu May 25 18:20:32 2023 - INFO  - A total of 1 use cases were executed, with 0 successes and 1 failures.
