mugen.sh: line 99: export: `fe80::8975:b24a:88bd:ac32': not a valid identifier
Tue Aug 22 02:53:34 2023 - INFO  - start to run testcase:oe_test_service_sysstat-collect.
Tue Aug 22 02:54:23 2023 - INFO  - The case exit by code 0.
Tue Aug 22 02:54:23 2023 - INFO  - End to run testcase:oe_test_service_sysstat-collect.
Tue Aug 22 02:54:23 2023 - INFO  - A total of 1 use cases were executed, with 1 successes and 0 failures.
mugen.sh: line 99: export: `fe80::8975:b24a:88bd:ac32': not a valid identifier
Tue Aug 22 02:54:23 2023 - INFO  - start to run testcase:oe_test_service_sysstat.
Tue Aug 22 02:55:44 2023 - ERROR - The case exit by code 1.
Tue Aug 22 02:55:44 2023 - INFO  - End to run testcase:oe_test_service_sysstat.
Tue Aug 22 02:55:44 2023 - INFO  - A total of 1 use cases were executed, with 0 successes and 1 failures.
mugen.sh: line 99: export: `fe80::8975:b24a:88bd:ac32': not a valid identifier
Tue Aug 22 02:55:44 2023 - INFO  - start to run testcase:oe_test_service_sysstat-summary.
Tue Aug 22 02:56:49 2023 - INFO  - The case exit by code 0.
Tue Aug 22 02:56:49 2023 - INFO  - End to run testcase:oe_test_service_sysstat-summary.
Tue Aug 22 02:56:49 2023 - INFO  - A total of 1 use cases were executed, with 1 successes and 0 failures.
mugen.sh: line 99: export: `fe80::8975:b24a:88bd:ac32': not a valid identifier
Tue Aug 22 02:56:49 2023 - INFO  - start to run testcase:oe_test_sysstat_iostat.
Tue Aug 22 02:57:36 2023 - INFO  - The case exit by code 0.
Tue Aug 22 02:57:36 2023 - INFO  - End to run testcase:oe_test_sysstat_iostat.
Tue Aug 22 02:57:36 2023 - INFO  - A total of 1 use cases were executed, with 1 successes and 0 failures.
