Tue Sep 12 09:57:35 2023 - INFO  - start to run testcase:oe_test_sqlite_alter_01.
Tue Sep 12 09:57:36 2023 - INFO  - The case exit by code 0.
Tue Sep 12 09:57:36 2023 - INFO  - End to run testcase:oe_test_sqlite_alter_01.
Tue Sep 12 09:57:36 2023 - INFO  - A total of 1 use cases were executed, with 1 successes and 0 failures.
Tue Sep 12 09:57:36 2023 - INFO  - start to run testcase:oe_test_sqlite_command_01.
Tue Sep 12 09:57:58 2023 - INFO  - The case exit by code 0.
Tue Sep 12 09:57:58 2023 - INFO  - End to run testcase:oe_test_sqlite_command_01.
Tue Sep 12 09:57:58 2023 - INFO  - A total of 1 use cases were executed, with 1 successes and 0 failures.
Tue Sep 12 09:57:58 2023 - INFO  - start to run testcase:oe_test_sqlite_command_02.
Tue Sep 12 09:58:09 2023 - INFO  - The case exit by code 0.
Tue Sep 12 09:58:09 2023 - INFO  - End to run testcase:oe_test_sqlite_command_02.
Tue Sep 12 09:58:09 2023 - INFO  - A total of 1 use cases were executed, with 1 successes and 0 failures.
Tue Sep 12 09:58:09 2023 - INFO  - start to run testcase:oe_test_sqlite_command_03.
Tue Sep 12 09:58:09 2023 - INFO  - The case exit by code 0.
Tue Sep 12 09:58:09 2023 - INFO  - End to run testcase:oe_test_sqlite_command_03.
Tue Sep 12 09:58:09 2023 - INFO  - A total of 1 use cases were executed, with 1 successes and 0 failures.
Tue Sep 12 09:58:09 2023 - INFO  - start to run testcase:oe_test_sqlite_command_04.
Tue Sep 12 09:58:10 2023 - INFO  - The case exit by code 0.
Tue Sep 12 09:58:10 2023 - INFO  - End to run testcase:oe_test_sqlite_command_04.
Tue Sep 12 09:58:10 2023 - INFO  - A total of 1 use cases were executed, with 1 successes and 0 failures.
Tue Sep 12 09:58:10 2023 - INFO  - start to run testcase:oe_test_sqlite_command_05.
Tue Sep 12 09:58:10 2023 - INFO  - The case exit by code 0.
Tue Sep 12 09:58:10 2023 - INFO  - End to run testcase:oe_test_sqlite_command_05.
Tue Sep 12 09:58:10 2023 - INFO  - A total of 1 use cases were executed, with 1 successes and 0 failures.
Tue Sep 12 09:58:10 2023 - INFO  - start to run testcase:oe_test_sqlite_command_06.
Tue Sep 12 09:58:18 2023 - INFO  - The case exit by code 0.
Tue Sep 12 09:58:18 2023 - INFO  - End to run testcase:oe_test_sqlite_command_06.
Tue Sep 12 09:58:18 2023 - INFO  - A total of 1 use cases were executed, with 1 successes and 0 failures.
Tue Sep 12 09:58:18 2023 - INFO  - start to run testcase:oe_test_sqlite_command_07.
Tue Sep 12 09:58:19 2023 - INFO  - The case exit by code 0.
Tue Sep 12 09:58:19 2023 - INFO  - End to run testcase:oe_test_sqlite_command_07.
Tue Sep 12 09:58:19 2023 - INFO  - A total of 1 use cases were executed, with 1 successes and 0 failures.
Tue Sep 12 09:58:19 2023 - INFO  - start to run testcase:oe_test_sqlite_command_08.
Tue Sep 12 09:58:20 2023 - INFO  - The case exit by code 0.
Tue Sep 12 09:58:20 2023 - INFO  - End to run testcase:oe_test_sqlite_command_08.
Tue Sep 12 09:58:20 2023 - INFO  - A total of 1 use cases were executed, with 1 successes and 0 failures.
Tue Sep 12 09:58:20 2023 - INFO  - start to run testcase:oe_test_sqlite_delete_01.
Tue Sep 12 09:58:21 2023 - INFO  - The case exit by code 0.
Tue Sep 12 09:58:21 2023 - INFO  - End to run testcase:oe_test_sqlite_delete_01.
Tue Sep 12 09:58:21 2023 - INFO  - A total of 1 use cases were executed, with 1 successes and 0 failures.
Tue Sep 12 09:58:21 2023 - INFO  - start to run testcase:oe_test_sqlite_function_01.
Tue Sep 12 09:58:21 2023 - INFO  - The case exit by code 0.
Tue Sep 12 09:58:21 2023 - INFO  - End to run testcase:oe_test_sqlite_function_01.
Tue Sep 12 09:58:21 2023 - INFO  - A total of 1 use cases were executed, with 1 successes and 0 failures.
Tue Sep 12 09:58:21 2023 - INFO  - start to run testcase:oe_test_sqlite_function_02.
Tue Sep 12 09:58:22 2023 - INFO  - The case exit by code 0.
Tue Sep 12 09:58:22 2023 - INFO  - End to run testcase:oe_test_sqlite_function_02.
Tue Sep 12 09:58:22 2023 - INFO  - A total of 1 use cases were executed, with 1 successes and 0 failures.
Tue Sep 12 09:58:22 2023 - INFO  - start to run testcase:oe_test_sqlite_function_03.
Tue Sep 12 09:58:23 2023 - INFO  - The case exit by code 0.
Tue Sep 12 09:58:23 2023 - INFO  - End to run testcase:oe_test_sqlite_function_03.
Tue Sep 12 09:58:23 2023 - INFO  - A total of 1 use cases were executed, with 1 successes and 0 failures.
Tue Sep 12 09:58:23 2023 - INFO  - start to run testcase:oe_test_sqlite_function_04.
Tue Sep 12 09:58:24 2023 - INFO  - The case exit by code 0.
Tue Sep 12 09:58:24 2023 - INFO  - End to run testcase:oe_test_sqlite_function_04.
Tue Sep 12 09:58:24 2023 - INFO  - A total of 1 use cases were executed, with 1 successes and 0 failures.
Tue Sep 12 09:58:24 2023 - INFO  - start to run testcase:oe_test_sqlite_update_01.
Tue Sep 12 09:58:25 2023 - INFO  - The case exit by code 0.
Tue Sep 12 09:58:25 2023 - INFO  - End to run testcase:oe_test_sqlite_update_01.
Tue Sep 12 09:58:25 2023 - INFO  - A total of 1 use cases were executed, with 1 successes and 0 failures.
Tue Sep 12 09:58:25 2023 - INFO  - start to run testcase:oe_test_sqlite_select_05.
Tue Sep 12 09:58:25 2023 - INFO  - The case exit by code 0.
Tue Sep 12 09:58:26 2023 - INFO  - End to run testcase:oe_test_sqlite_select_05.
Tue Sep 12 09:58:26 2023 - INFO  - A total of 1 use cases were executed, with 1 successes and 0 failures.
Tue Sep 12 09:58:26 2023 - INFO  - start to run testcase:oe_test_sqlite_create_06.
Tue Sep 12 09:58:26 2023 - INFO  - The case exit by code 0.
Tue Sep 12 09:58:26 2023 - INFO  - End to run testcase:oe_test_sqlite_create_06.
Tue Sep 12 09:58:26 2023 - INFO  - A total of 1 use cases were executed, with 1 successes and 0 failures.
