Tue Sep 12 09:59:28 2023 - INFO  - start to run testcase:oe_test_service_NetworkManager-dispatcher.
Tue Sep 12 09:59:44 2023 - ERROR - The case exit by code 1.
Tue Sep 12 09:59:44 2023 - INFO  - End to run testcase:oe_test_service_NetworkManager-dispatcher.
Tue Sep 12 09:59:44 2023 - INFO  - A total of 1 use cases were executed, with 0 successes and 1 failures.
Tue Sep 12 09:59:44 2023 - INFO  - start to run testcase:oe_test_service_NetworkManager.
Tue Sep 12 10:00:01 2023 - ERROR - The case exit by code 1.
Tue Sep 12 10:00:01 2023 - INFO  - End to run testcase:oe_test_service_NetworkManager.
Tue Sep 12 10:00:01 2023 - INFO  - A total of 1 use cases were executed, with 0 successes and 1 failures.
Tue Sep 12 10:00:01 2023 - INFO  - start to run testcase:oe_test_service_NetworkManager-wait-online.
Tue Sep 12 10:00:17 2023 - ERROR - The case exit by code 1.
Tue Sep 12 10:00:17 2023 - INFO  - End to run testcase:oe_test_service_NetworkManager-wait-online.
Tue Sep 12 10:00:17 2023 - INFO  - A total of 1 use cases were executed, with 0 successes and 1 failures.
Tue Sep 12 10:00:17 2023 - INFO  - start to run testcase:oe_test_service_nm-cloud-setup.
Tue Sep 12 10:00:17 2023 - INFO  - The case exit by code 0.
Tue Sep 12 10:00:17 2023 - INFO  - End to run testcase:oe_test_service_nm-cloud-setup.
Tue Sep 12 10:00:17 2023 - INFO  - A total of 1 use cases were executed, with 1 successes and 0 failures.
Tue Sep 12 10:00:17 2023 - INFO  - start to run testcase:oe_test_libnetfilter_conntrack.
Tue Sep 12 10:00:49 2023 - INFO  - The case exit by code 0.
Tue Sep 12 10:00:49 2023 - INFO  - End to run testcase:oe_test_libnetfilter_conntrack.
Tue Sep 12 10:00:49 2023 - INFO  - A total of 1 use cases were executed, with 1 successes and 0 failures.
