Thu May 25 16:28:34 2023 - INFO  - start to run testcase:oe_test_kernel_cmd_01.
Thu May 25 16:28:45 2023 - INFO  - The case exit by code 0.
Thu May 25 16:28:45 2023 - INFO  - End to run testcase:oe_test_kernel_cmd_01.
Thu May 25 16:28:45 2023 - INFO  - A total of 1 use cases were executed, with 1 successes and 0 failures.
Thu May 25 16:28:46 2023 - INFO  - start to run testcase:oe_test_kernel_cmd_02.
Thu May 25 16:28:59 2023 - INFO  - The case exit by code 0.
Thu May 25 16:28:59 2023 - INFO  - End to run testcase:oe_test_kernel_cmd_02.
Thu May 25 16:28:59 2023 - INFO  - A total of 1 use cases were executed, with 1 successes and 0 failures.
Thu May 25 16:29:00 2023 - INFO  - start to run testcase:oe_test_kernel_cmd_03.
Thu May 25 16:29:40 2023 - INFO  - The case exit by code 0.
Thu May 25 16:29:40 2023 - INFO  - End to run testcase:oe_test_kernel_cmd_03.
Thu May 25 16:29:40 2023 - INFO  - A total of 1 use cases were executed, with 1 successes and 0 failures.
Thu May 25 16:29:41 2023 - INFO  - start to run testcase:oe_test_service_cpupower.
Thu May 25 16:29:42 2023 - INFO  - The case exit by code 0.
Thu May 25 16:29:42 2023 - INFO  - End to run testcase:oe_test_service_cpupower.
Thu May 25 16:29:42 2023 - INFO  - A total of 1 use cases were executed, with 1 successes and 0 failures.
Thu May 25 16:29:42 2023 - INFO  - start to run testcase:oe_test_ipip.
Thu May 25 16:29:43 2023 - INFO  - The case exit by code 0.
Thu May 25 16:29:43 2023 - INFO  - End to run testcase:oe_test_ipip.
Thu May 25 16:29:43 2023 - INFO  - A total of 1 use cases were executed, with 1 successes and 0 failures.
Thu May 25 16:29:43 2023 - INFO  - start to run testcase:oe_test_io_sched.
Thu May 25 16:29:44 2023 - ERROR - The case exit by code 1.
Thu May 25 16:29:44 2023 - INFO  - End to run testcase:oe_test_io_sched.
Thu May 25 16:29:45 2023 - INFO  - A total of 1 use cases were executed, with 0 successes and 1 failures.
Thu May 25 16:29:45 2023 - INFO  - start to run testcase:oe_test_cache_rw.
Thu May 25 16:29:46 2023 - INFO  - The case exit by code 0.
Thu May 25 16:29:46 2023 - INFO  - End to run testcase:oe_test_cache_rw.
Thu May 25 16:29:46 2023 - INFO  - A total of 1 use cases were executed, with 1 successes and 0 failures.
Thu May 25 16:29:46 2023 - INFO  - start to run testcase:oe_test_snd_aloop.
Thu May 25 16:29:47 2023 - INFO  - The case exit by code 0.
Thu May 25 16:29:47 2023 - INFO  - End to run testcase:oe_test_snd_aloop.
Thu May 25 16:29:47 2023 - INFO  - A total of 1 use cases were executed, with 1 successes and 0 failures.
Thu May 25 16:29:48 2023 - INFO  - start to run testcase:oe_test_hinic.
Thu May 25 16:29:49 2023 - ERROR - The case exit by code 2.
Thu May 25 16:29:49 2023 - INFO  - End to run testcase:oe_test_hinic.
Thu May 25 16:29:49 2023 - INFO  - A total of 1 use cases were executed, with 0 successes and 1 failures.
Thu May 25 16:29:50 2023 - INFO  - start to run testcase:oe_test_hqlogic.
Thu May 25 16:29:51 2023 - INFO  - The case exit by code 0.
Thu May 25 16:29:51 2023 - INFO  - End to run testcase:oe_test_hqlogic.
Thu May 25 16:29:51 2023 - INFO  - A total of 1 use cases were executed, with 1 successes and 0 failures.
Thu May 25 16:29:52 2023 - INFO  - start to run testcase:oe_test_cpu_rand.
Thu May 25 16:29:53 2023 - ERROR - The case exit by code 2.
Thu May 25 16:29:53 2023 - INFO  - End to run testcase:oe_test_cpu_rand.
Thu May 25 16:29:53 2023 - INFO  - A total of 1 use cases were executed, with 0 successes and 1 failures.
Thu May 25 16:29:53 2023 - INFO  - start to run testcase:oe_test_qxl.
Thu May 25 16:29:54 2023 - INFO  - The case exit by code 0.
Thu May 25 16:29:54 2023 - INFO  - End to run testcase:oe_test_qxl.
Thu May 25 16:29:54 2023 - INFO  - A total of 1 use cases were executed, with 1 successes and 0 failures.
Thu May 25 16:29:54 2023 - INFO  - start to run testcase:oe_test_vport-geneve.
Thu May 25 16:29:55 2023 - INFO  - The case exit by code 0.
Thu May 25 16:29:55 2023 - INFO  - End to run testcase:oe_test_vport-geneve.
Thu May 25 16:29:55 2023 - INFO  - A total of 1 use cases were executed, with 1 successes and 0 failures.
Thu May 25 16:29:55 2023 - INFO  - start to run testcase:oe_test_swap_compress.
Thu May 25 16:29:57 2023 - ERROR - The case exit by code 2.
Thu May 25 16:29:57 2023 - INFO  - End to run testcase:oe_test_swap_compress.
Thu May 25 16:29:57 2023 - INFO  - A total of 1 use cases were executed, with 0 successes and 1 failures.
Thu May 25 16:29:57 2023 - INFO  - start to run testcase:oe_test_lpfc.
Thu May 25 16:29:58 2023 - INFO  - The case exit by code 0.
Thu May 25 16:29:58 2023 - INFO  - End to run testcase:oe_test_lpfc.
Thu May 25 16:29:58 2023 - INFO  - A total of 1 use cases were executed, with 1 successes and 0 failures.
Thu May 25 16:29:59 2023 - INFO  - start to run testcase:oe_test_check_huge_task.
Thu May 25 16:30:00 2023 - ERROR - The case exit by code 1.
Thu May 25 16:30:00 2023 - INFO  - End to run testcase:oe_test_check_huge_task.
Thu May 25 16:30:00 2023 - INFO  - A total of 1 use cases were executed, with 0 successes and 1 failures.
Thu May 25 16:30:00 2023 - INFO  - start to run testcase:oe_test_swappiness.
Thu May 25 16:30:01 2023 - INFO  - The case exit by code 0.
Thu May 25 16:30:01 2023 - INFO  - End to run testcase:oe_test_swappiness.
Thu May 25 16:30:01 2023 - INFO  - A total of 1 use cases were executed, with 1 successes and 0 failures.
Thu May 25 16:30:02 2023 - INFO  - start to run testcase:oe_test_softdog.
Thu May 25 16:30:02 2023 - INFO  - The case exit by code 0.
Thu May 25 16:30:02 2023 - INFO  - End to run testcase:oe_test_softdog.
Thu May 25 16:30:03 2023 - INFO  - A total of 1 use cases were executed, with 1 successes and 0 failures.
Thu May 25 16:30:03 2023 - INFO  - start to run testcase:oe_test_cifs.
Thu May 25 16:30:04 2023 - ERROR - The case exit by code 1.
Thu May 25 16:30:04 2023 - INFO  - End to run testcase:oe_test_cifs.
Thu May 25 16:30:04 2023 - INFO  - A total of 1 use cases were executed, with 0 successes and 1 failures.
Thu May 25 16:30:04 2023 - INFO  - start to run testcase:oe_test_xfs.
Thu May 25 16:30:06 2023 - INFO  - The case exit by code 0.
Thu May 25 16:30:06 2023 - INFO  - End to run testcase:oe_test_xfs.
Thu May 25 16:30:06 2023 - INFO  - A total of 1 use cases were executed, with 1 successes and 0 failures.
Thu May 25 16:30:06 2023 - INFO  - start to run testcase:oe_test_wangxun.
Thu May 25 16:30:08 2023 - INFO  - The case exit by code 0.
Thu May 25 16:30:08 2023 - INFO  - End to run testcase:oe_test_wangxun.
Thu May 25 16:30:09 2023 - INFO  - A total of 1 use cases were executed, with 1 successes and 0 failures.
Thu May 25 16:30:09 2023 - INFO  - start to run testcase:oe_test_vlan_8021q.
Thu May 25 16:30:11 2023 - INFO  - The case exit by code 0.
Thu May 25 16:30:11 2023 - INFO  - End to run testcase:oe_test_vlan_8021q.
Thu May 25 16:30:11 2023 - INFO  - A total of 1 use cases were executed, with 1 successes and 0 failures.
