Mon Sep 11 21:16:09 2023 - INFO  - start to run testcase:oe_test_service_NetworkManager-dispatcher.
Mon Sep 11 21:16:41 2023 - ERROR - The case exit by code 1.
Mon Sep 11 21:16:42 2023 - INFO  - End to run testcase:oe_test_service_NetworkManager-dispatcher.
Mon Sep 11 21:16:43 2023 - INFO  - A total of 1 use cases were executed, with 0 successes and 1 failures.
Mon Sep 11 21:16:46 2023 - INFO  - start to run testcase:oe_test_service_NetworkManager.
Mon Sep 11 21:17:27 2023 - ERROR - The case exit by code 1.
Mon Sep 11 21:17:28 2023 - INFO  - End to run testcase:oe_test_service_NetworkManager.
Mon Sep 11 21:17:28 2023 - INFO  - A total of 1 use cases were executed, with 0 successes and 1 failures.
Mon Sep 11 21:17:31 2023 - INFO  - start to run testcase:oe_test_service_NetworkManager-wait-online.
Mon Sep 11 21:18:02 2023 - ERROR - The case exit by code 1.
Mon Sep 11 21:18:03 2023 - INFO  - End to run testcase:oe_test_service_NetworkManager-wait-online.
Mon Sep 11 21:18:03 2023 - INFO  - A total of 1 use cases were executed, with 0 successes and 1 failures.
Mon Sep 11 21:18:06 2023 - INFO  - start to run testcase:oe_test_service_nm-cloud-setup.
Mon Sep 11 21:18:13 2023 - INFO  - The case exit by code 0.
Mon Sep 11 21:18:13 2023 - INFO  - End to run testcase:oe_test_service_nm-cloud-setup.
Mon Sep 11 21:18:14 2023 - INFO  - A total of 1 use cases were executed, with 1 successes and 0 failures.
Mon Sep 11 21:18:16 2023 - INFO  - start to run testcase:oe_test_libnetfilter_conntrack.
Mon Sep 11 21:19:23 2023 - INFO  - The case exit by code 0.
Mon Sep 11 21:19:23 2023 - INFO  - End to run testcase:oe_test_libnetfilter_conntrack.
Mon Sep 11 21:19:24 2023 - INFO  - A total of 1 use cases were executed, with 1 successes and 0 failures.
