Thu May 25 17:52:21 2023 - INFO  - start to run testcase:oe_test_openssh_cipher.
Thu May 25 17:53:09 2023 - ERROR - The case exit by code 2.
Thu May 25 17:53:10 2023 - INFO  - End to run testcase:oe_test_openssh_cipher.
Thu May 25 17:53:11 2023 - INFO  - A total of 1 use cases were executed, with 0 successes and 1 failures.
Thu May 25 17:53:17 2023 - INFO  - start to run testcase:oe_test_service_sshd.
Thu May 25 17:54:14 2023 - INFO  - The case exit by code 0.
Thu May 25 17:54:15 2023 - INFO  - End to run testcase:oe_test_service_sshd.
Thu May 25 17:54:16 2023 - INFO  - A total of 1 use cases were executed, with 1 successes and 0 failures.
Thu May 25 17:54:21 2023 - INFO  - start to run testcase:oe_test_socket_sshd.
Thu May 25 17:54:32 2023 - INFO  - The case exit by code 0.
Thu May 25 17:54:33 2023 - INFO  - End to run testcase:oe_test_socket_sshd.
Thu May 25 17:54:34 2023 - INFO  - A total of 1 use cases were executed, with 1 successes and 0 failures.
Thu May 25 17:54:39 2023 - INFO  - start to run testcase:oe_test_target_sshd-keygen.
Thu May 25 17:55:10 2023 - INFO  - The case exit by code 0.
Thu May 25 17:55:11 2023 - INFO  - End to run testcase:oe_test_target_sshd-keygen.
Thu May 25 17:55:12 2023 - INFO  - A total of 1 use cases were executed, with 1 successes and 0 failures.
Thu May 25 17:55:18 2023 - INFO  - start to run testcase:oe_test_start_ssh.
Thu May 25 17:55:43 2023 - INFO  - The case exit by code 0.
Thu May 25 17:55:44 2023 - INFO  - End to run testcase:oe_test_start_ssh.
Thu May 25 17:55:45 2023 - INFO  - A total of 1 use cases were executed, with 1 successes and 0 failures.
Thu May 25 17:55:51 2023 - INFO  - start to run testcase:oe_test_sec_ssh.
Thu May 25 17:58:15 2023 - ERROR - The case exit by code 4.
Thu May 25 17:58:16 2023 - INFO  - End to run testcase:oe_test_sec_ssh.
Thu May 25 17:58:17 2023 - INFO  - A total of 1 use cases were executed, with 0 successes and 1 failures.
Thu May 25 17:58:23 2023 - INFO  - start to run testcase:oe_test_sec_jump_login.
Thu May 25 17:58:35 2023 - ERROR - The case exit by code 2.
Thu May 25 17:58:37 2023 - INFO  - End to run testcase:oe_test_sec_jump_login.
Thu May 25 17:58:38 2023 - INFO  - A total of 1 use cases were executed, with 0 successes and 1 failures.
