Mon Sep 11 21:04:34 2023 - INFO  - start to run testcase:oe_test_memaslap.
Mon Sep 11 21:06:12 2023 - INFO  - The case exit by code 0.
Mon Sep 11 21:06:13 2023 - INFO  - End to run testcase:oe_test_memaslap.
Mon Sep 11 21:06:13 2023 - INFO  - A total of 1 use cases were executed, with 1 successes and 0 failures.
Mon Sep 11 21:06:16 2023 - INFO  - start to run testcase:oe_test_memcapable.
Mon Sep 11 21:07:05 2023 - INFO  - The case exit by code 0.
Mon Sep 11 21:07:05 2023 - INFO  - End to run testcase:oe_test_memcapable.
Mon Sep 11 21:07:06 2023 - INFO  - A total of 1 use cases were executed, with 1 successes and 0 failures.
Mon Sep 11 21:07:08 2023 - INFO  - start to run testcase:oe_test_memcat.
Mon Sep 11 21:07:32 2023 - INFO  - The case exit by code 0.
Mon Sep 11 21:07:33 2023 - INFO  - End to run testcase:oe_test_memcat.
Mon Sep 11 21:07:33 2023 - INFO  - A total of 1 use cases were executed, with 1 successes and 0 failures.
Mon Sep 11 21:07:36 2023 - INFO  - start to run testcase:oe_test_memcp.
Mon Sep 11 21:08:16 2023 - INFO  - The case exit by code 0.
Mon Sep 11 21:08:16 2023 - INFO  - End to run testcase:oe_test_memcp.
Mon Sep 11 21:08:17 2023 - INFO  - A total of 1 use cases were executed, with 1 successes and 0 failures.
Mon Sep 11 21:08:20 2023 - INFO  - start to run testcase:oe_test_memdump-memerror.
Mon Sep 11 21:08:44 2023 - INFO  - The case exit by code 0.
Mon Sep 11 21:08:44 2023 - INFO  - End to run testcase:oe_test_memdump-memerror.
Mon Sep 11 21:08:45 2023 - INFO  - A total of 1 use cases were executed, with 1 successes and 0 failures.
Mon Sep 11 21:08:47 2023 - INFO  - start to run testcase:oe_test_memexist.
Mon Sep 11 21:09:12 2023 - INFO  - The case exit by code 0.
Mon Sep 11 21:09:12 2023 - INFO  - End to run testcase:oe_test_memexist.
Mon Sep 11 21:09:13 2023 - INFO  - A total of 1 use cases were executed, with 1 successes and 0 failures.
Mon Sep 11 21:09:15 2023 - INFO  - start to run testcase:oe_test_memflush.
Mon Sep 11 21:09:41 2023 - INFO  - The case exit by code 0.
Mon Sep 11 21:09:42 2023 - INFO  - End to run testcase:oe_test_memflush.
Mon Sep 11 21:09:42 2023 - INFO  - A total of 1 use cases were executed, with 1 successes and 0 failures.
Mon Sep 11 21:09:45 2023 - INFO  - start to run testcase:oe_test_memping.
Mon Sep 11 21:10:10 2023 - INFO  - The case exit by code 0.
Mon Sep 11 21:10:10 2023 - INFO  - End to run testcase:oe_test_memping.
Mon Sep 11 21:10:11 2023 - INFO  - A total of 1 use cases were executed, with 1 successes and 0 failures.
Mon Sep 11 21:10:13 2023 - INFO  - start to run testcase:oe_test_memrm.
Mon Sep 11 21:10:38 2023 - INFO  - The case exit by code 0.
Mon Sep 11 21:10:38 2023 - INFO  - End to run testcase:oe_test_memrm.
Mon Sep 11 21:10:39 2023 - INFO  - A total of 1 use cases were executed, with 1 successes and 0 failures.
Mon Sep 11 21:10:42 2023 - INFO  - start to run testcase:oe_test_memslap.
Mon Sep 11 21:12:51 2023 - INFO  - The case exit by code 0.
Mon Sep 11 21:12:52 2023 - INFO  - End to run testcase:oe_test_memslap.
Mon Sep 11 21:12:52 2023 - INFO  - A total of 1 use cases were executed, with 1 successes and 0 failures.
Mon Sep 11 21:12:55 2023 - INFO  - start to run testcase:oe_test_memstat.
Mon Sep 11 21:13:21 2023 - INFO  - The case exit by code 0.
Mon Sep 11 21:13:21 2023 - INFO  - End to run testcase:oe_test_memstat.
Mon Sep 11 21:13:22 2023 - INFO  - A total of 1 use cases were executed, with 1 successes and 0 failures.
Mon Sep 11 21:13:25 2023 - INFO  - start to run testcase:oe_test_memtouch.
Mon Sep 11 21:14:07 2023 - INFO  - The case exit by code 0.
Mon Sep 11 21:14:07 2023 - INFO  - End to run testcase:oe_test_memtouch.
Mon Sep 11 21:14:08 2023 - INFO  - A total of 1 use cases were executed, with 1 successes and 0 failures.
