Tue Sep 12 09:57:34 2023 - INFO  - start to run testcase:oe_test_dnf_alias.
Tue Sep 12 09:57:38 2023 - INFO  - The case exit by code 0.
Tue Sep 12 09:57:38 2023 - INFO  - End to run testcase:oe_test_dnf_alias.
Tue Sep 12 09:57:38 2023 - INFO  - A total of 1 use cases were executed, with 1 successes and 0 failures.
Tue Sep 12 09:57:38 2023 - INFO  - start to run testcase:oe_test_dnf_all-repos.
Tue Sep 12 09:57:52 2023 - INFO  - The case exit by code 0.
Tue Sep 12 09:57:52 2023 - INFO  - End to run testcase:oe_test_dnf_all-repos.
Tue Sep 12 09:57:52 2023 - INFO  - A total of 1 use cases were executed, with 1 successes and 0 failures.
Tue Sep 12 09:57:53 2023 - INFO  - start to run testcase:oe_test_dnf_assumeno_autoremove.
Tue Sep 12 09:58:59 2023 - INFO  - The case exit by code 0.
Tue Sep 12 09:58:59 2023 - INFO  - End to run testcase:oe_test_dnf_assumeno_autoremove.
Tue Sep 12 09:58:59 2023 - INFO  - A total of 1 use cases were executed, with 1 successes and 0 failures.
Tue Sep 12 09:58:59 2023 - INFO  - start to run testcase:oe_test_dnf_automatic.
Tue Sep 12 09:59:47 2023 - INFO  - The case exit by code 0.
Tue Sep 12 09:59:47 2023 - INFO  - End to run testcase:oe_test_dnf_automatic.
Tue Sep 12 09:59:47 2023 - INFO  - A total of 1 use cases were executed, with 1 successes and 0 failures.
Tue Sep 12 09:59:47 2023 - INFO  - start to run testcase:oe_test_dnf_check_diffenert-packages.
Tue Sep 12 10:00:04 2023 - INFO  - The case exit by code 0.
Tue Sep 12 10:00:04 2023 - INFO  - End to run testcase:oe_test_dnf_check_diffenert-packages.
Tue Sep 12 10:00:04 2023 - INFO  - A total of 1 use cases were executed, with 1 successes and 0 failures.
Tue Sep 12 10:00:04 2023 - INFO  - start to run testcase:oe_test_dnf_makecache_clean.
Tue Sep 12 10:04:39 2023 - INFO  - The case exit by code 0.
Tue Sep 12 10:04:39 2023 - INFO  - End to run testcase:oe_test_dnf_makecache_clean.
Tue Sep 12 10:04:39 2023 - INFO  - A total of 1 use cases were executed, with 1 successes and 0 failures.
Tue Sep 12 10:04:39 2023 - INFO  - start to run testcase:oe_test_dnf_distro-sync_dnf-3.
Tue Sep 12 10:05:33 2023 - INFO  - The case exit by code 0.
Tue Sep 12 10:05:33 2023 - INFO  - End to run testcase:oe_test_dnf_distro-sync_dnf-3.
Tue Sep 12 10:05:33 2023 - INFO  - A total of 1 use cases were executed, with 1 successes and 0 failures.
Tue Sep 12 10:05:33 2023 - INFO  - start to run testcase:oe_test_dnf_enabled_enablerepo.
Tue Sep 12 10:05:49 2023 - ERROR - The case exit by code 3.
Tue Sep 12 10:05:49 2023 - INFO  - End to run testcase:oe_test_dnf_enabled_enablerepo.
Tue Sep 12 10:05:49 2023 - INFO  - A total of 1 use cases were executed, with 0 successes and 1 failures.
Tue Sep 12 10:05:49 2023 - INFO  - start to run testcase:oe_test_service_dnf-automatic-download.
Tue Sep 12 10:07:23 2023 - INFO  - The case exit by code 0.
Tue Sep 12 10:07:23 2023 - INFO  - End to run testcase:oe_test_service_dnf-automatic-download.
Tue Sep 12 10:07:23 2023 - INFO  - A total of 1 use cases were executed, with 1 successes and 0 failures.
Tue Sep 12 10:07:24 2023 - INFO  - start to run testcase:oe_test_service_dnf-automatic-install.
Tue Sep 12 10:07:28 2023 - INFO  - The case exit by code 0.
Tue Sep 12 10:07:28 2023 - INFO  - End to run testcase:oe_test_service_dnf-automatic-install.
Tue Sep 12 10:07:28 2023 - INFO  - A total of 1 use cases were executed, with 1 successes and 0 failures.
Tue Sep 12 10:07:28 2023 - INFO  - start to run testcase:oe_test_service_dnf-automatic-notifyonly.
Tue Sep 12 10:07:32 2023 - INFO  - The case exit by code 0.
Tue Sep 12 10:07:32 2023 - INFO  - End to run testcase:oe_test_service_dnf-automatic-notifyonly.
Tue Sep 12 10:07:32 2023 - INFO  - A total of 1 use cases were executed, with 1 successes and 0 failures.
Tue Sep 12 10:07:32 2023 - INFO  - start to run testcase:oe_test_service_dnf-automatic.
Tue Sep 12 10:07:36 2023 - INFO  - The case exit by code 0.
Tue Sep 12 10:07:36 2023 - INFO  - End to run testcase:oe_test_service_dnf-automatic.
Tue Sep 12 10:07:36 2023 - INFO  - A total of 1 use cases were executed, with 1 successes and 0 failures.
Tue Sep 12 10:07:36 2023 - INFO  - start to run testcase:oe_test_service_dnf-makecache.
Tue Sep 12 10:08:26 2023 - INFO  - The case exit by code 0.
Tue Sep 12 10:08:26 2023 - INFO  - End to run testcase:oe_test_service_dnf-makecache.
Tue Sep 12 10:08:26 2023 - INFO  - A total of 1 use cases were executed, with 1 successes and 0 failures.
Tue Sep 12 10:08:26 2023 - INFO  - start to run testcase:oe_test_dnf_enhancement_exclude.
Tue Sep 12 10:08:50 2023 - INFO  - The case exit by code 0.
Tue Sep 12 10:08:50 2023 - INFO  - End to run testcase:oe_test_dnf_enhancement_exclude.
Tue Sep 12 10:08:50 2023 - INFO  - A total of 1 use cases were executed, with 1 successes and 0 failures.
Tue Sep 12 10:08:50 2023 - INFO  - start to run testcase:oe_test_dnf_help_history_info.
Tue Sep 12 10:08:54 2023 - INFO  - The case exit by code 0.
Tue Sep 12 10:08:54 2023 - INFO  - End to run testcase:oe_test_dnf_help_history_info.
Tue Sep 12 10:08:54 2023 - INFO  - A total of 1 use cases were executed, with 1 successes and 0 failures.
Tue Sep 12 10:08:54 2023 - INFO  - start to run testcase:oe_test_dnf_list_mark.
Tue Sep 12 10:09:12 2023 - ERROR - The case exit by code 3.
Tue Sep 12 10:09:12 2023 - INFO  - End to run testcase:oe_test_dnf_list_mark.
Tue Sep 12 10:09:12 2023 - INFO  - A total of 1 use cases were executed, with 0 successes and 1 failures.
Tue Sep 12 10:09:13 2023 - INFO  - start to run testcase:oe_test_dnf_nobest_nodocs_nogpgcheck.
Tue Sep 12 10:09:19 2023 - INFO  - The case exit by code 0.
Tue Sep 12 10:09:19 2023 - INFO  - End to run testcase:oe_test_dnf_nobest_nodocs_nogpgcheck.
Tue Sep 12 10:09:19 2023 - INFO  - A total of 1 use cases were executed, with 1 successes and 0 failures.
Tue Sep 12 10:09:19 2023 - INFO  - start to run testcase:oe_test_dnf_priority.
Tue Sep 12 10:09:20 2023 - ERROR - The case exit by code 1.
Tue Sep 12 10:09:20 2023 - INFO  - End to run testcase:oe_test_dnf_priority.
Tue Sep 12 10:09:20 2023 - INFO  - A total of 1 use cases were executed, with 0 successes and 1 failures.
Tue Sep 12 10:09:20 2023 - INFO  - start to run testcase:oe_test_dnf_provides_randomwait.
Tue Sep 12 10:13:43 2023 - INFO  - The case exit by code 0.
Tue Sep 12 10:13:43 2023 - INFO  - End to run testcase:oe_test_dnf_provides_randomwait.
Tue Sep 12 10:13:43 2023 - INFO  - A total of 1 use cases were executed, with 1 successes and 0 failures.
Tue Sep 12 10:13:43 2023 - INFO  - start to run testcase:oe_test_dnf_reinstall_repoinfo.
Tue Sep 12 10:13:56 2023 - ERROR - The case exit by code 1.
Tue Sep 12 10:13:56 2023 - INFO  - End to run testcase:oe_test_dnf_reinstall_repoinfo.
Tue Sep 12 10:13:56 2023 - INFO  - A total of 1 use cases were executed, with 0 successes and 1 failures.
Tue Sep 12 10:13:56 2023 - INFO  - start to run testcase:oe_test_dnf_repeat-install.
Tue Sep 12 10:14:26 2023 - INFO  - The case exit by code 0.
Tue Sep 12 10:14:26 2023 - INFO  - End to run testcase:oe_test_dnf_repeat-install.
Tue Sep 12 10:14:26 2023 - INFO  - A total of 1 use cases were executed, with 1 successes and 0 failures.
Tue Sep 12 10:14:26 2023 - INFO  - start to run testcase:oe_test_dnf_repeat-upgrade-downgrade.
pgrep: pattern that searches for process name longer than 15 characters will result in zero matches
Try `pgrep -f' option to match against the complete command line.
Tue Sep 12 10:44:26 2023 - WARN  - The case execution timeout.
Tue Sep 12 10:44:26 2023 - ERROR - The case exit by code 143.
Tue Sep 12 10:44:26 2023 - INFO  - End to run testcase:oe_test_dnf_repeat-upgrade-downgrade.
Tue Sep 12 10:44:27 2023 - INFO  - A total of 1 use cases were executed, with 0 successes and 1 failures.
