Mon Sep 11 21:17:22 2023 - INFO  - start to run testcase:oe_test_service_glusterd.
Mon Sep 11 21:19:05 2023 - INFO  - The case exit by code 0.
Mon Sep 11 21:19:06 2023 - INFO  - End to run testcase:oe_test_service_glusterd.
Mon Sep 11 21:19:06 2023 - INFO  - A total of 1 use cases were executed, with 1 successes and 0 failures.
Mon Sep 11 21:19:09 2023 - INFO  - start to run testcase:oe_test_service_glustereventsd.
Mon Sep 11 21:21:15 2023 - INFO  - The case exit by code 0.
Mon Sep 11 21:21:16 2023 - INFO  - End to run testcase:oe_test_service_glustereventsd.
Mon Sep 11 21:21:16 2023 - INFO  - A total of 1 use cases were executed, with 1 successes and 0 failures.
Mon Sep 11 21:21:19 2023 - INFO  - start to run testcase:oe_test_service_glusterfsd.
Mon Sep 11 21:21:36 2023 - INFO  - The case exit by code 0.
Mon Sep 11 21:21:37 2023 - INFO  - End to run testcase:oe_test_service_glusterfsd.
Mon Sep 11 21:21:37 2023 - INFO  - A total of 1 use cases were executed, with 1 successes and 0 failures.
Mon Sep 11 21:21:40 2023 - INFO  - start to run testcase:oe_test_service_glusterfssharedstorage.
Mon Sep 11 21:23:16 2023 - INFO  - The case exit by code 0.
Mon Sep 11 21:23:17 2023 - INFO  - End to run testcase:oe_test_service_glusterfssharedstorage.
Mon Sep 11 21:23:17 2023 - INFO  - A total of 1 use cases were executed, with 1 successes and 0 failures.
Mon Sep 11 21:23:20 2023 - INFO  - start to run testcase:oe_test_service_gluster-ta-volume.
Mon Sep 11 21:25:10 2023 - ERROR - The case exit by code 1.
Mon Sep 11 21:25:10 2023 - INFO  - End to run testcase:oe_test_service_gluster-ta-volume.
Mon Sep 11 21:25:11 2023 - INFO  - A total of 1 use cases were executed, with 0 successes and 1 failures.
