Mon Sep 11 21:21:06 2023 - INFO  - start to run testcase:oe_test_gdb_recovery_database.
Mon Sep 11 21:21:25 2023 - INFO  - The case exit by code 0.
Mon Sep 11 21:21:26 2023 - INFO  - End to run testcase:oe_test_gdb_recovery_database.
Mon Sep 11 21:21:26 2023 - INFO  - A total of 1 use cases were executed, with 1 successes and 0 failures.
Mon Sep 11 21:21:29 2023 - INFO  - start to run testcase:oe_test_gdb-breakpoints.
Mon Sep 11 21:21:41 2023 - INFO  - The case exit by code 0.
Mon Sep 11 21:21:42 2023 - INFO  - End to run testcase:oe_test_gdb-breakpoints.
Mon Sep 11 21:21:42 2023 - INFO  - A total of 1 use cases were executed, with 1 successes and 0 failures.
Mon Sep 11 21:21:45 2023 - INFO  - start to run testcase:oe_test_gdb-bt.
Mon Sep 11 21:21:58 2023 - ERROR - The case exit by code 1.
Mon Sep 11 21:21:58 2023 - INFO  - End to run testcase:oe_test_gdb-bt.
Mon Sep 11 21:21:59 2023 - INFO  - A total of 1 use cases were executed, with 0 successes and 1 failures.
Mon Sep 11 21:22:01 2023 - INFO  - start to run testcase:oe_test_gdb-list.
Mon Sep 11 21:22:12 2023 - INFO  - The case exit by code 0.
Mon Sep 11 21:22:13 2023 - INFO  - End to run testcase:oe_test_gdb-list.
Mon Sep 11 21:22:13 2023 - INFO  - A total of 1 use cases were executed, with 1 successes and 0 failures.
Mon Sep 11 21:22:16 2023 - INFO  - start to run testcase:oe_test_gdb-watch.
Mon Sep 11 21:22:27 2023 - INFO  - The case exit by code 0.
Mon Sep 11 21:22:28 2023 - INFO  - End to run testcase:oe_test_gdb-watch.
Mon Sep 11 21:22:28 2023 - INFO  - A total of 1 use cases were executed, with 1 successes and 0 failures.
