Tue Sep 12 09:58:27 2023 - INFO  - start to run testcase:oe_test_open-iscsi_iscsiadm.
Tue Sep 12 09:58:41 2023 - ERROR - The case exit by code 15.
Tue Sep 12 09:58:41 2023 - INFO  - End to run testcase:oe_test_open-iscsi_iscsiadm.
Tue Sep 12 09:58:41 2023 - INFO  - A total of 1 use cases were executed, with 0 successes and 1 failures.
Tue Sep 12 09:58:41 2023 - INFO  - start to run testcase:oe_test_open-iscsi_iscsistart_iscsiuio.
Tue Sep 12 09:58:58 2023 - ERROR - The case exit by code 9.
Tue Sep 12 09:58:58 2023 - INFO  - End to run testcase:oe_test_open-iscsi_iscsistart_iscsiuio.
Tue Sep 12 09:58:58 2023 - INFO  - A total of 1 use cases were executed, with 0 successes and 1 failures.
Tue Sep 12 09:58:58 2023 - INFO  - start to run testcase:oe_test_service_iscsid.
Tue Sep 12 09:59:17 2023 - INFO  - The case exit by code 0.
Tue Sep 12 09:59:17 2023 - INFO  - End to run testcase:oe_test_service_iscsid.
Tue Sep 12 09:59:17 2023 - INFO  - A total of 1 use cases were executed, with 1 successes and 0 failures.
Tue Sep 12 09:59:18 2023 - INFO  - start to run testcase:oe_test_service_iscsi.
Tue Sep 12 09:59:38 2023 - ERROR - The case exit by code 1.
Tue Sep 12 09:59:38 2023 - INFO  - End to run testcase:oe_test_service_iscsi.
Tue Sep 12 09:59:38 2023 - INFO  - A total of 1 use cases were executed, with 0 successes and 1 failures.
Tue Sep 12 09:59:38 2023 - INFO  - start to run testcase:oe_test_service_iscsiuio.
Tue Sep 12 09:59:59 2023 - ERROR - The case exit by code 7.
Tue Sep 12 09:59:59 2023 - INFO  - End to run testcase:oe_test_service_iscsiuio.
Tue Sep 12 09:59:59 2023 - INFO  - A total of 1 use cases were executed, with 0 successes and 1 failures.
Tue Sep 12 09:59:59 2023 - INFO  - start to run testcase:oe_test_socket_iscsid.
Tue Sep 12 10:00:19 2023 - ERROR - The case exit by code 1.
Tue Sep 12 10:00:19 2023 - INFO  - End to run testcase:oe_test_socket_iscsid.
Tue Sep 12 10:00:19 2023 - INFO  - A total of 1 use cases were executed, with 0 successes and 1 failures.
Tue Sep 12 10:00:19 2023 - INFO  - start to run testcase:oe_test_socket_iscsiuio.
Tue Sep 12 10:00:41 2023 - ERROR - The case exit by code 7.
Tue Sep 12 10:00:41 2023 - INFO  - End to run testcase:oe_test_socket_iscsiuio.
Tue Sep 12 10:00:41 2023 - INFO  - A total of 1 use cases were executed, with 0 successes and 1 failures.
