Tue Sep 12 09:57:37 2023 - INFO  - start to run testcase:oe_test_libcap.
Tue Sep 12 09:57:37 2023 - INFO  - The case exit by code 0.
Tue Sep 12 09:57:37 2023 - INFO  - End to run testcase:oe_test_libcap.
Tue Sep 12 09:57:37 2023 - INFO  - A total of 1 use cases were executed, with 1 successes and 0 failures.
Tue Sep 12 09:57:38 2023 - INFO  - start to run testcase:oe_test_acl_ignore_dal_across.
Tue Sep 12 09:57:38 2023 - INFO  - The case exit by code 0.
Tue Sep 12 09:57:38 2023 - INFO  - End to run testcase:oe_test_acl_ignore_dal_across.
Tue Sep 12 09:57:38 2023 - INFO  - A total of 1 use cases were executed, with 1 successes and 0 failures.
Tue Sep 12 09:57:38 2023 - INFO  - start to run testcase:oe_test_acl_verwrite_previous_rules.
Tue Sep 12 09:57:39 2023 - INFO  - The case exit by code 0.
Tue Sep 12 09:57:39 2023 - INFO  - End to run testcase:oe_test_acl_verwrite_previous_rules.
Tue Sep 12 09:57:39 2023 - INFO  - A total of 1 use cases were executed, with 1 successes and 0 failures.
Tue Sep 12 09:57:39 2023 - INFO  - start to run testcase:oe_test_acl_allow_change_ownership.
Tue Sep 12 09:57:40 2023 - INFO  - The case exit by code 0.
Tue Sep 12 09:57:40 2023 - INFO  - End to run testcase:oe_test_acl_allow_change_ownership.
Tue Sep 12 09:57:40 2023 - INFO  - A total of 1 use cases were executed, with 1 successes and 0 failures.
Tue Sep 12 09:57:40 2023 - INFO  - start to run testcase:oe_test_acl_allow_change_nochange.
Tue Sep 12 09:57:41 2023 - INFO  - The case exit by code 0.
Tue Sep 12 09:57:41 2023 - INFO  - End to run testcase:oe_test_acl_allow_change_nochange.
Tue Sep 12 09:57:41 2023 - INFO  - A total of 1 use cases were executed, with 1 successes and 0 failures.
Tue Sep 12 09:57:41 2023 - INFO  - start to run testcase:oe_test_acl_send_kill_notbelong.
Tue Sep 12 09:57:45 2023 - INFO  - The case exit by code 0.
Tue Sep 12 09:57:45 2023 - INFO  - End to run testcase:oe_test_acl_send_kill_notbelong.
Tue Sep 12 09:57:45 2023 - INFO  - A total of 1 use cases were executed, with 1 successes and 0 failures.
Tue Sep 12 09:57:45 2023 - INFO  - start to run testcase:oe_test_acl_ordinary_users_setgid.
Tue Sep 12 09:57:46 2023 - INFO  - The case exit by code 0.
Tue Sep 12 09:57:46 2023 - INFO  - End to run testcase:oe_test_acl_ordinary_users_setgid.
Tue Sep 12 09:57:46 2023 - INFO  - A total of 1 use cases were executed, with 1 successes and 0 failures.
Tue Sep 12 09:57:46 2023 - INFO  - start to run testcase:oe_test_acl_bind_port.
Tue Sep 12 09:58:07 2023 - INFO  - The case exit by code 0.
Tue Sep 12 09:58:07 2023 - INFO  - End to run testcase:oe_test_acl_bind_port.
Tue Sep 12 09:58:07 2023 - INFO  - A total of 1 use cases were executed, with 1 successes and 0 failures.
Tue Sep 12 09:58:07 2023 - INFO  - start to run testcase:oe_test_acl_manage_net.
Tue Sep 12 09:58:08 2023 - INFO  - The case exit by code 0.
Tue Sep 12 09:58:08 2023 - INFO  - End to run testcase:oe_test_acl_manage_net.
Tue Sep 12 09:58:08 2023 - INFO  - A total of 1 use cases were executed, with 1 successes and 0 failures.
