Thu May 25 17:24:13 2023 - INFO  - start to run testcase:oe_test_service_blk-availability.
Thu May 25 17:25:05 2023 - INFO  - The case exit by code 0.
Thu May 25 17:25:06 2023 - INFO  - End to run testcase:oe_test_service_blk-availability.
Thu May 25 17:25:07 2023 - INFO  - A total of 1 use cases were executed, with 1 successes and 0 failures.
Thu May 25 17:25:13 2023 - INFO  - start to run testcase:oe_test_service_dm-event.
Thu May 25 17:25:46 2023 - INFO  - The case exit by code 0.
Thu May 25 17:25:47 2023 - INFO  - End to run testcase:oe_test_service_dm-event.
Thu May 25 17:25:49 2023 - INFO  - A total of 1 use cases were executed, with 1 successes and 0 failures.
Thu May 25 17:25:54 2023 - INFO  - start to run testcase:oe_test_service_lvm2-lvmdbusd.
Thu May 25 17:28:56 2023 - INFO  - The case exit by code 0.
Thu May 25 17:28:57 2023 - INFO  - End to run testcase:oe_test_service_lvm2-lvmdbusd.
Thu May 25 17:28:58 2023 - INFO  - A total of 1 use cases were executed, with 1 successes and 0 failures.
Thu May 25 17:29:04 2023 - INFO  - start to run testcase:oe_test_service_lvm2-lvmpolld.
Thu May 25 17:29:46 2023 - ERROR - The case exit by code 4.
Thu May 25 17:29:47 2023 - INFO  - End to run testcase:oe_test_service_lvm2-lvmpolld.
Thu May 25 17:29:48 2023 - INFO  - A total of 1 use cases were executed, with 0 successes and 1 failures.
Thu May 25 17:29:54 2023 - INFO  - start to run testcase:oe_test_service_lvm2-monitor.
Thu May 25 17:30:38 2023 - ERROR - The case exit by code 6.
Thu May 25 17:30:39 2023 - INFO  - End to run testcase:oe_test_service_lvm2-monitor.
Thu May 25 17:30:40 2023 - INFO  - A total of 1 use cases were executed, with 0 successes and 1 failures.
Thu May 25 17:30:48 2023 - INFO  - start to run testcase:oe_test_service_lvmlockd.
Thu May 25 17:32:25 2023 - ERROR - The case exit by code 7.
Thu May 25 17:32:26 2023 - INFO  - End to run testcase:oe_test_service_lvmlockd.
Thu May 25 17:32:27 2023 - INFO  - A total of 1 use cases were executed, with 0 successes and 1 failures.
Thu May 25 17:32:34 2023 - INFO  - start to run testcase:oe_test_service_lvmlocks.
Thu May 25 17:34:06 2023 - ERROR - The case exit by code 7.
Thu May 25 17:34:07 2023 - INFO  - End to run testcase:oe_test_service_lvmlocks.
Thu May 25 17:34:09 2023 - INFO  - A total of 1 use cases were executed, with 0 successes and 1 failures.
Thu May 25 17:34:16 2023 - INFO  - start to run testcase:oe_test_socket_dm-event.
Thu May 25 17:34:50 2023 - INFO  - The case exit by code 0.
Thu May 25 17:34:51 2023 - INFO  - End to run testcase:oe_test_socket_dm-event.
Thu May 25 17:34:52 2023 - INFO  - A total of 1 use cases were executed, with 1 successes and 0 failures.
Thu May 25 17:34:59 2023 - INFO  - start to run testcase:oe_test_socket_lvm2-lvmpolld.
Thu May 25 17:35:31 2023 - INFO  - The case exit by code 0.
Thu May 25 17:35:32 2023 - INFO  - End to run testcase:oe_test_socket_lvm2-lvmpolld.
Thu May 25 17:35:33 2023 - INFO  - A total of 1 use cases were executed, with 1 successes and 0 failures.
Thu May 25 17:35:39 2023 - INFO  - start to run testcase:oe_test_lvm2_pvremove_001.
Thu May 25 17:38:09 2023 - ERROR - The case exit by code 13.
Thu May 25 17:38:10 2023 - INFO  - End to run testcase:oe_test_lvm2_pvremove_001.
Thu May 25 17:38:11 2023 - INFO  - A total of 1 use cases were executed, with 0 successes and 1 failures.
Thu May 25 17:38:16 2023 - INFO  - start to run testcase:oe_test_lvm2_pvcreate_002.
Thu May 25 17:40:13 2023 - ERROR - The case exit by code 8.
Thu May 25 17:40:15 2023 - INFO  - End to run testcase:oe_test_lvm2_pvcreate_002.
Thu May 25 17:40:15 2023 - INFO  - A total of 1 use cases were executed, with 0 successes and 1 failures.
Thu May 25 17:40:20 2023 - INFO  - start to run testcase:oe_test_lvm2_pvresize_001.
Thu May 25 17:41:08 2023 - ERROR - The case exit by code 8.
Thu May 25 17:41:09 2023 - INFO  - End to run testcase:oe_test_lvm2_pvresize_001.
Thu May 25 17:41:09 2023 - INFO  - A total of 1 use cases were executed, with 0 successes and 1 failures.
Thu May 25 17:41:15 2023 - INFO  - start to run testcase:oe_test_lvm2_pvcreate_001.
Thu May 25 17:42:08 2023 - ERROR - The case exit by code 13.
Thu May 25 17:42:09 2023 - INFO  - End to run testcase:oe_test_lvm2_pvcreate_001.
Thu May 25 17:42:09 2023 - INFO  - A total of 1 use cases were executed, with 0 successes and 1 failures.
Thu May 25 17:42:14 2023 - INFO  - start to run testcase:oe_test_lvm2_pvmove_001.
Thu May 25 17:43:13 2023 - ERROR - The case exit by code 9.
Thu May 25 17:43:14 2023 - INFO  - End to run testcase:oe_test_lvm2_pvmove_001.
Thu May 25 17:43:15 2023 - INFO  - A total of 1 use cases were executed, with 0 successes and 1 failures.
Thu May 25 17:43:21 2023 - INFO  - start to run testcase:oe_test_lvm2_vgcreate_001.
Thu May 25 17:44:42 2023 - ERROR - The case exit by code 24.
Thu May 25 17:44:43 2023 - INFO  - End to run testcase:oe_test_lvm2_vgcreate_001.
Thu May 25 17:44:44 2023 - INFO  - A total of 1 use cases were executed, with 0 successes and 1 failures.
Thu May 25 17:44:50 2023 - INFO  - start to run testcase:oe_test_lvm2_pvdisplay_002.
Thu May 25 17:45:47 2023 - ERROR - The case exit by code 11.
Thu May 25 17:45:48 2023 - INFO  - End to run testcase:oe_test_lvm2_pvdisplay_002.
Thu May 25 17:45:49 2023 - INFO  - A total of 1 use cases were executed, with 0 successes and 1 failures.
Thu May 25 17:45:55 2023 - INFO  - start to run testcase:oe_test_lvm2_vgdisplay_001.
Thu May 25 17:46:48 2023 - ERROR - The case exit by code 13.
Thu May 25 17:46:49 2023 - INFO  - End to run testcase:oe_test_lvm2_vgdisplay_001.
Thu May 25 17:46:50 2023 - INFO  - A total of 1 use cases were executed, with 0 successes and 1 failures.
Thu May 25 17:46:55 2023 - INFO  - start to run testcase:oe_test_lvm2_vgrename_001.
Thu May 25 17:47:50 2023 - ERROR - The case exit by code 11.
Thu May 25 17:47:51 2023 - INFO  - End to run testcase:oe_test_lvm2_vgrename_001.
Thu May 25 17:47:52 2023 - INFO  - A total of 1 use cases were executed, with 0 successes and 1 failures.
Thu May 25 17:47:58 2023 - INFO  - start to run testcase:oe_test_lvm2_pvdisplay_001.
Thu May 25 17:48:53 2023 - ERROR - The case exit by code 11.
Thu May 25 17:48:55 2023 - INFO  - End to run testcase:oe_test_lvm2_pvdisplay_001.
Thu May 25 17:48:55 2023 - INFO  - A total of 1 use cases were executed, with 0 successes and 1 failures.
Thu May 25 17:49:01 2023 - INFO  - start to run testcase:oe_test_lvm2_pvmove_002.
Thu May 25 17:50:19 2023 - ERROR - The case exit by code 12.
Thu May 25 17:50:20 2023 - INFO  - End to run testcase:oe_test_lvm2_pvmove_002.
Thu May 25 17:50:21 2023 - INFO  - A total of 1 use cases were executed, with 0 successes and 1 failures.
Thu May 25 17:50:26 2023 - INFO  - start to run testcase:oe_test_lvm2_pvchange_001.
Thu May 25 17:51:11 2023 - ERROR - The case exit by code 6.
Thu May 25 17:51:12 2023 - INFO  - End to run testcase:oe_test_lvm2_pvchange_001.
Thu May 25 17:51:13 2023 - INFO  - A total of 1 use cases were executed, with 0 successes and 1 failures.
Thu May 25 17:51:18 2023 - INFO  - start to run testcase:oe_test_lvm2_vgchange_001.
Thu May 25 17:52:42 2023 - ERROR - The case exit by code 17.
Thu May 25 17:52:43 2023 - INFO  - End to run testcase:oe_test_lvm2_vgchange_001.
Thu May 25 17:52:44 2023 - INFO  - A total of 1 use cases were executed, with 0 successes and 1 failures.
Thu May 25 17:52:49 2023 - INFO  - start to run testcase:oe_test_lvm2_vgextend_002.
Thu May 25 17:54:02 2023 - ERROR - The case exit by code 16.
Thu May 25 17:54:03 2023 - INFO  - End to run testcase:oe_test_lvm2_vgextend_002.
Thu May 25 17:54:04 2023 - INFO  - A total of 1 use cases were executed, with 0 successes and 1 failures.
Thu May 25 17:54:10 2023 - INFO  - start to run testcase:oe_test_lvm2_vgextend_001.
Thu May 25 17:55:57 2023 - ERROR - The case exit by code 25.
Thu May 25 17:55:58 2023 - INFO  - End to run testcase:oe_test_lvm2_vgextend_001.
Thu May 25 17:55:59 2023 - INFO  - A total of 1 use cases were executed, with 0 successes and 1 failures.
Thu May 25 17:56:06 2023 - INFO  - start to run testcase:oe_test_lvm2_vgexport_001.
Thu May 25 17:57:17 2023 - ERROR - The case exit by code 12.
Thu May 25 17:57:19 2023 - INFO  - End to run testcase:oe_test_lvm2_vgexport_001.
Thu May 25 17:57:20 2023 - INFO  - A total of 1 use cases were executed, with 0 successes and 1 failures.
Thu May 25 17:57:25 2023 - INFO  - start to run testcase:oe_test_lvm2_vgchange_002.
Thu May 25 17:58:26 2023 - ERROR - The case exit by code 9.
Thu May 25 17:58:27 2023 - INFO  - End to run testcase:oe_test_lvm2_vgchange_002.
Thu May 25 17:58:28 2023 - INFO  - A total of 1 use cases were executed, with 0 successes and 1 failures.
