Mon Aug 28 02:46:42 2023 - INFO  - start to run testcase:oe_test_gsl_histogram_01.
Mon Aug 28 02:47:01 2023 - ERROR - The case exit by code 1.
Mon Aug 28 02:47:01 2023 - INFO  - End to run testcase:oe_test_gsl_histogram_01.
Mon Aug 28 02:47:01 2023 - INFO  - A total of 1 use cases were executed, with 0 successes and 1 failures.
Mon Aug 28 02:47:01 2023 - INFO  - start to run testcase:oe_test_gsl_randlist_01.
Mon Aug 28 02:47:05 2023 - INFO  - The case exit by code 0.
Mon Aug 28 02:47:05 2023 - INFO  - End to run testcase:oe_test_gsl_randlist_01.
Mon Aug 28 02:47:05 2023 - INFO  - A total of 1 use cases were executed, with 1 successes and 0 failures.
Mon Aug 28 02:47:05 2023 - INFO  - start to run testcase:oe_test_gsl_randlist_02.
Mon Aug 28 02:47:09 2023 - INFO  - The case exit by code 0.
Mon Aug 28 02:47:09 2023 - INFO  - End to run testcase:oe_test_gsl_randlist_02.
Mon Aug 28 02:47:09 2023 - INFO  - A total of 1 use cases were executed, with 1 successes and 0 failures.
Mon Aug 28 02:47:09 2023 - INFO  - start to run testcase:oe_test_gsl_randlist_03.
Mon Aug 28 02:47:13 2023 - INFO  - The case exit by code 0.
Mon Aug 28 02:47:13 2023 - INFO  - End to run testcase:oe_test_gsl_randlist_03.
Mon Aug 28 02:47:14 2023 - INFO  - A total of 1 use cases were executed, with 1 successes and 0 failures.
Mon Aug 28 02:47:14 2023 - INFO  - start to run testcase:oe_test_gsl_randlist_04.
Mon Aug 28 02:47:18 2023 - INFO  - The case exit by code 0.
Mon Aug 28 02:47:18 2023 - INFO  - End to run testcase:oe_test_gsl_randlist_04.
Mon Aug 28 02:47:18 2023 - INFO  - A total of 1 use cases were executed, with 1 successes and 0 failures.
