Wed May 24 18:27:45 2023 - INFO  - start to run testcase:oe_test_basic_date_common.
Wed May 24 18:28:02 2023 - ERROR - The case exit by code 1.
Wed May 24 18:28:03 2023 - INFO  - End to run testcase:oe_test_basic_date_common.
Wed May 24 18:28:04 2023 - INFO  - A total of 1 use cases were executed, with 0 successes and 1 failures.
Wed May 24 18:28:10 2023 - INFO  - start to run testcase:oe_test_basic_del_user.
Wed May 24 18:28:21 2023 - INFO  - The case exit by code 0.
Wed May 24 18:28:22 2023 - INFO  - End to run testcase:oe_test_basic_del_user.
Wed May 24 18:28:23 2023 - INFO  - A total of 1 use cases were executed, with 1 successes and 0 failures.
Wed May 24 18:28:29 2023 - INFO  - start to run testcase:oe_test_basic_system_info.
Wed May 24 18:28:38 2023 - INFO  - The case exit by code 0.
Wed May 24 18:28:40 2023 - INFO  - End to run testcase:oe_test_basic_system_info.
Wed May 24 18:28:41 2023 - INFO  - A total of 1 use cases were executed, with 1 successes and 0 failures.
Wed May 24 18:28:46 2023 - INFO  - start to run testcase:oe_test_basic_set_pwd_empty.
Wed May 24 18:29:03 2023 - INFO  - The case exit by code 0.
Wed May 24 18:29:04 2023 - INFO  - End to run testcase:oe_test_basic_set_pwd_empty.
Wed May 24 18:29:05 2023 - INFO  - A total of 1 use cases were executed, with 1 successes and 0 failures.
Wed May 24 18:29:11 2023 - INFO  - start to run testcase:oe_test_httpd_check_configuration_status.
Wed May 24 18:31:38 2023 - INFO  - The case exit by code 0.
Wed May 24 18:31:39 2023 - INFO  - End to run testcase:oe_test_httpd_check_configuration_status.
Wed May 24 18:31:40 2023 - INFO  - A total of 1 use cases were executed, with 1 successes and 0 failures.
Wed May 24 18:31:46 2023 - INFO  - start to run testcase:oe_test_lvm_pvdispay.
Wed May 24 18:32:12 2023 - INFO  - The case exit by code 0.
Wed May 24 18:32:13 2023 - INFO  - End to run testcase:oe_test_lvm_pvdispay.
Wed May 24 18:32:14 2023 - INFO  - A total of 1 use cases were executed, with 1 successes and 0 failures.
Wed May 24 18:32:20 2023 - INFO  - start to run testcase:oe_test_basic_query_MEM.
Wed May 24 18:32:36 2023 - ERROR - The case exit by code 6.
Wed May 24 18:32:38 2023 - INFO  - End to run testcase:oe_test_basic_query_MEM.
Wed May 24 18:32:39 2023 - INFO  - A total of 1 use cases were executed, with 0 successes and 1 failures.
Wed May 24 18:32:46 2023 - INFO  - start to run testcase:oe_test_httpd_verify_web.
Wed May 24 18:35:39 2023 - ERROR - The case exit by code 1.
Wed May 24 18:35:40 2023 - INFO  - End to run testcase:oe_test_httpd_verify_web.
Wed May 24 18:35:41 2023 - INFO  - A total of 1 use cases were executed, with 0 successes and 1 failures.
Wed May 24 18:35:47 2023 - INFO  - start to run testcase:oe_test_basic_Hwclcok_setting.
Wed May 24 18:36:06 2023 - INFO  - The case exit by code 0.
Wed May 24 18:36:07 2023 - INFO  - End to run testcase:oe_test_basic_Hwclcok_setting.
Wed May 24 18:36:08 2023 - INFO  - A total of 1 use cases were executed, with 1 successes and 0 failures.
Wed May 24 18:36:15 2023 - INFO  - start to run testcase:oe_test_basic_mod_current_user_pwd.
Wed May 24 18:36:38 2023 - INFO  - The case exit by code 0.
Wed May 24 18:36:39 2023 - INFO  - End to run testcase:oe_test_basic_mod_current_user_pwd.
Wed May 24 18:36:40 2023 - INFO  - A total of 1 use cases were executed, with 1 successes and 0 failures.
Wed May 24 18:36:46 2023 - INFO  - start to run testcase:oe_test_lvm_lvreduce.
Wed May 24 18:37:22 2023 - ERROR - The case exit by code 3.
Wed May 24 18:37:23 2023 - INFO  - End to run testcase:oe_test_lvm_lvreduce.
Wed May 24 18:37:24 2023 - INFO  - A total of 1 use cases were executed, with 0 successes and 1 failures.
Wed May 24 18:37:30 2023 - INFO  - start to run testcase:oe_test_lvm_Manual_mount.
Wed May 24 18:38:07 2023 - ERROR - The case exit by code 6.
Wed May 24 18:38:08 2023 - INFO  - End to run testcase:oe_test_lvm_Manual_mount.
Wed May 24 18:38:09 2023 - INFO  - A total of 1 use cases were executed, with 0 successes and 1 failures.
Wed May 24 18:38:15 2023 - INFO  - start to run testcase:oe_test_lvm_pvchange.
Wed May 24 18:38:44 2023 - INFO  - The case exit by code 0.
Wed May 24 18:38:45 2023 - INFO  - End to run testcase:oe_test_lvm_pvchange.
Wed May 24 18:38:46 2023 - INFO  - A total of 1 use cases were executed, with 1 successes and 0 failures.
Wed May 24 18:38:53 2023 - INFO  - start to run testcase:oe_test_lvm_lvremove_lvchange.
Wed May 24 18:39:25 2023 - INFO  - The case exit by code 0.
Wed May 24 18:39:26 2023 - INFO  - End to run testcase:oe_test_lvm_lvremove_lvchange.
Wed May 24 18:39:27 2023 - INFO  - A total of 1 use cases were executed, with 1 successes and 0 failures.
Wed May 24 18:39:32 2023 - INFO  - start to run testcase:oe_test_basic_local_setting.
Wed May 24 18:39:47 2023 - INFO  - The case exit by code 0.
Wed May 24 18:39:48 2023 - INFO  - End to run testcase:oe_test_basic_local_setting.
Wed May 24 18:39:49 2023 - INFO  - A total of 1 use cases were executed, with 1 successes and 0 failures.
Wed May 24 18:39:56 2023 - INFO  - start to run testcase:oe_test_basic_query_cpu.
pgrep: pattern that searches for process name longer than 15 characters will result in zero matches
Try `pgrep -f' option to match against the complete command line.
Wed May 24 19:09:59 2023 - WARN  - The case execution timeout.
Wed May 24 19:10:00 2023 - ERROR - The case exit by code 143.
Wed May 24 19:10:01 2023 - INFO  - End to run testcase:oe_test_basic_query_cpu.
Wed May 24 19:10:02 2023 - INFO  - A total of 1 use cases were executed, with 0 successes and 1 failures.
Wed May 24 19:10:09 2023 - INFO  - start to run testcase:oe_test_lvm_lvcreate_lvdisplay.
Wed May 24 19:10:47 2023 - ERROR - The case exit by code 6.
Wed May 24 19:10:48 2023 - INFO  - End to run testcase:oe_test_lvm_lvcreate_lvdisplay.
Wed May 24 19:10:49 2023 - INFO  - A total of 1 use cases were executed, with 0 successes and 1 failures.
Wed May 24 19:10:55 2023 - INFO  - start to run testcase:oe_test_lvm_vgextend.
Wed May 24 19:11:29 2023 - ERROR - The case exit by code 2.
Wed May 24 19:11:30 2023 - INFO  - End to run testcase:oe_test_lvm_vgextend.
Wed May 24 19:11:31 2023 - INFO  - A total of 1 use cases were executed, with 0 successes and 1 failures.
Wed May 24 19:11:37 2023 - INFO  - start to run testcase:oe_test_basic_mod_user_home_directory.
Wed May 24 19:11:51 2023 - INFO  - The case exit by code 0.
Wed May 24 19:11:52 2023 - INFO  - End to run testcase:oe_test_basic_mod_user_home_directory.
Wed May 24 19:11:53 2023 - INFO  - A total of 1 use cases were executed, with 1 successes and 0 failures.
Wed May 24 19:11:58 2023 - INFO  - start to run testcase:oe_test_lvm_auto_mount.
Wed May 24 19:12:28 2023 - ERROR - The case exit by code 2.
Wed May 24 19:12:29 2023 - INFO  - End to run testcase:oe_test_lvm_auto_mount.
Wed May 24 19:12:30 2023 - INFO  - A total of 1 use cases were executed, with 0 successes and 1 failures.
Wed May 24 19:12:36 2023 - INFO  - start to run testcase:oe_test_basic_mod_UID.
Wed May 24 19:12:48 2023 - INFO  - The case exit by code 0.
Wed May 24 19:12:50 2023 - INFO  - End to run testcase:oe_test_basic_mod_UID.
Wed May 24 19:12:51 2023 - INFO  - A total of 1 use cases were executed, with 1 successes and 0 failures.
Wed May 24 19:12:56 2023 - INFO  - start to run testcase:oe_test_lvm_lvchange.
Wed May 24 19:13:27 2023 - INFO  - The case exit by code 0.
Wed May 24 19:13:28 2023 - INFO  - End to run testcase:oe_test_lvm_lvchange.
Wed May 24 19:13:30 2023 - INFO  - A total of 1 use cases were executed, with 1 successes and 0 failures.
Wed May 24 19:13:36 2023 - INFO  - start to run testcase:oe_test_lvm_lvresize_add.
Wed May 24 19:14:11 2023 - ERROR - The case exit by code 4.
Wed May 24 19:14:12 2023 - INFO  - End to run testcase:oe_test_lvm_lvresize_add.
Wed May 24 19:14:13 2023 - INFO  - A total of 1 use cases were executed, with 0 successes and 1 failures.
Wed May 24 19:14:20 2023 - INFO  - start to run testcase:oe_test_basic_view_disk_info.
Wed May 24 19:14:42 2023 - INFO  - The case exit by code 0.
Wed May 24 19:14:43 2023 - INFO  - End to run testcase:oe_test_basic_view_disk_info.
Wed May 24 19:14:44 2023 - INFO  - A total of 1 use cases were executed, with 1 successes and 0 failures.
Wed May 24 19:14:50 2023 - INFO  - start to run testcase:oe_test_dnf_package_operate.
Wed May 24 19:17:58 2023 - INFO  - The case exit by code 0.
Wed May 24 19:18:00 2023 - INFO  - End to run testcase:oe_test_dnf_package_operate.
Wed May 24 19:18:01 2023 - INFO  - A total of 1 use cases were executed, with 1 successes and 0 failures.
Wed May 24 19:18:06 2023 - INFO  - start to run testcase:oe_test_basic_configure_keyboard.
Wed May 24 19:18:23 2023 - INFO  - The case exit by code 0.
Wed May 24 19:18:24 2023 - INFO  - End to run testcase:oe_test_basic_configure_keyboard.
Wed May 24 19:18:25 2023 - INFO  - A total of 1 use cases were executed, with 1 successes and 0 failures.
Wed May 24 19:18:30 2023 - INFO  - start to run testcase:oe_test_lvm_pvremvoe.
Wed May 24 19:18:56 2023 - INFO  - The case exit by code 0.
Wed May 24 19:18:58 2023 - INFO  - End to run testcase:oe_test_lvm_pvremvoe.
Wed May 24 19:18:59 2023 - INFO  - A total of 1 use cases were executed, with 1 successes and 0 failures.
Wed May 24 19:19:04 2023 - INFO  - start to run testcase:oe_test_lvm_vgcreate_vgdisplay.
Wed May 24 19:19:31 2023 - INFO  - The case exit by code 0.
Wed May 24 19:19:32 2023 - INFO  - End to run testcase:oe_test_lvm_vgcreate_vgdisplay.
Wed May 24 19:19:33 2023 - INFO  - A total of 1 use cases were executed, with 1 successes and 0 failures.
Wed May 24 19:19:38 2023 - INFO  - start to run testcase:oe_test_httpd_manage_module_ssl.
Wed May 24 19:23:38 2023 - INFO  - The case exit by code 0.
Wed May 24 19:23:39 2023 - INFO  - End to run testcase:oe_test_httpd_manage_module_ssl.
Wed May 24 19:23:40 2023 - INFO  - A total of 1 use cases were executed, with 1 successes and 0 failures.
Wed May 24 19:23:46 2023 - INFO  - start to run testcase:oe_test_basic_set_time.
Wed Aug 14 15:00:14 2019 - INFO  - The case exit by code 0.
Wed Aug 14 15:00:15 2019 - INFO  - End to run testcase:oe_test_basic_set_time.
Wed Aug 14 15:00:16 2019 - INFO  - A total of 1 use cases were executed, with 1 successes and 0 failures.
Wed Aug 14 15:00:21 2019 - INFO  - start to run testcase:oe_test_basic_view_user_group_ids.
Wed Aug 14 15:00:32 2019 - INFO  - The case exit by code 0.
Wed Aug 14 15:00:33 2019 - INFO  - End to run testcase:oe_test_basic_view_user_group_ids.
Wed Aug 14 15:00:34 2019 - INFO  - A total of 1 use cases were executed, with 1 successes and 0 failures.
Wed Aug 14 15:00:39 2019 - INFO  - start to run testcase:oe_test_dnf_source_set.
Wed Aug 14 15:01:05 2019 - INFO  - The case exit by code 0.
Wed Aug 14 15:01:06 2019 - INFO  - End to run testcase:oe_test_dnf_source_set.
Wed Aug 14 15:01:07 2019 - INFO  - A total of 1 use cases were executed, with 1 successes and 0 failures.
Wed Aug 14 15:01:12 2019 - INFO  - start to run testcase:oe_test_dnf_package_group_operate.
Wed Aug 14 15:02:04 2019 - ERROR - The case exit by code 4.
Wed Aug 14 15:02:05 2019 - INFO  - End to run testcase:oe_test_dnf_package_group_operate.
Wed Aug 14 15:02:06 2019 - INFO  - A total of 1 use cases were executed, with 0 successes and 1 failures.
Wed Aug 14 15:02:12 2019 - INFO  - start to run testcase:oe_test_lvm_shrink_roll_group.
Wed Aug 14 15:02:46 2019 - ERROR - The case exit by code 5.
Wed Aug 14 15:02:47 2019 - INFO  - End to run testcase:oe_test_lvm_shrink_roll_group.
Wed Aug 14 15:02:48 2019 - INFO  - A total of 1 use cases were executed, with 0 successes and 1 failures.
Wed Aug 14 15:02:55 2019 - INFO  - start to run testcase:oe_test_basic_add_user.
Wed Aug 14 15:03:11 2019 - INFO  - The case exit by code 0.
Wed Aug 14 15:03:12 2019 - INFO  - End to run testcase:oe_test_basic_add_user.
Wed Aug 14 15:03:13 2019 - INFO  - A total of 1 use cases were executed, with 1 successes and 0 failures.
Wed Aug 14 15:03:18 2019 - INFO  - start to run testcase:oe_test_basic_related_account_info.
Wed Aug 14 15:03:27 2019 - INFO  - The case exit by code 0.
Wed Aug 14 15:03:29 2019 - INFO  - End to run testcase:oe_test_basic_related_account_info.
Wed Aug 14 15:03:30 2019 - INFO  - A total of 1 use cases were executed, with 1 successes and 0 failures.
Wed Aug 14 15:03:35 2019 - INFO  - start to run testcase:oe_test_lvm_lvresize_reduce.
Wed Aug 14 15:04:06 2019 - ERROR - The case exit by code 3.
Wed Aug 14 15:04:07 2019 - INFO  - End to run testcase:oe_test_lvm_lvresize_reduce.
Wed Aug 14 15:04:08 2019 - INFO  - A total of 1 use cases were executed, with 0 successes and 1 failures.
Wed Aug 14 15:04:14 2019 - INFO  - start to run testcase:oe_test_dnf_display_config_info.
Wed Aug 14 15:04:47 2019 - INFO  - The case exit by code 0.
Wed Aug 14 15:04:48 2019 - INFO  - End to run testcase:oe_test_dnf_display_config_info.
Wed Aug 14 15:04:49 2019 - INFO  - A total of 1 use cases were executed, with 1 successes and 0 failures.
Wed Aug 14 15:04:54 2019 - INFO  - start to run testcase:oe_test_lvm_lvextend.
Wed Aug 14 15:05:26 2019 - ERROR - The case exit by code 1.
Wed Aug 14 15:05:27 2019 - INFO  - End to run testcase:oe_test_lvm_lvextend.
Wed Aug 14 15:05:29 2019 - INFO  - A total of 1 use cases were executed, with 0 successes and 1 failures.
Wed Aug 14 15:05:35 2019 - INFO  - start to run testcase:oe_test_basic_expiration_time_setting.
Wed Aug 14 15:05:50 2019 - INFO  - The case exit by code 0.
Wed Aug 14 15:05:51 2019 - INFO  - End to run testcase:oe_test_basic_expiration_time_setting.
Wed Aug 14 15:05:52 2019 - INFO  - A total of 1 use cases were executed, with 1 successes and 0 failures.
Wed Aug 14 15:05:57 2019 - INFO  - start to run testcase:oe_test_lvm_vgchange_vgremove.
Wed Aug 14 15:06:25 2019 - INFO  - The case exit by code 0.
Wed Aug 14 15:06:26 2019 - INFO  - End to run testcase:oe_test_lvm_vgchange_vgremove.
Wed Aug 14 15:06:27 2019 - INFO  - A total of 1 use cases were executed, with 1 successes and 0 failures.
Wed Aug 14 15:06:32 2019 - INFO  - start to run testcase:oe_test_lvm_pvcreate.
Wed Aug 14 15:07:09 2019 - ERROR - The case exit by code 8.
Wed Aug 14 15:07:10 2019 - INFO  - End to run testcase:oe_test_lvm_pvcreate.
Wed Aug 14 15:07:11 2019 - INFO  - A total of 1 use cases were executed, with 0 successes and 1 failures.
Wed Aug 14 15:07:17 2019 - INFO  - start to run testcase:oe_test_mysql_backup_restore_db.
Wed Aug 14 15:09:55 2019 - ERROR - The case exit by code 17.
Wed Aug 14 15:09:56 2019 - INFO  - End to run testcase:oe_test_mysql_backup_restore_db.
Wed Aug 14 15:09:57 2019 - INFO  - A total of 1 use cases were executed, with 0 successes and 1 failures.
Wed Aug 14 15:10:02 2019 - INFO  - start to run testcase:oe_test_httpd_transfer_start_stop_restart.
Wed Aug 14 15:11:54 2019 - ERROR - The case exit by code 10.
Wed Aug 14 15:11:55 2019 - INFO  - End to run testcase:oe_test_httpd_transfer_start_stop_restart.
Wed Aug 14 15:11:56 2019 - INFO  - A total of 1 use cases were executed, with 0 successes and 1 failures.
Wed Aug 14 15:12:02 2019 - INFO  - start to run testcase:oe_test_mariadb_grant_delete_authorization.
Wed Aug 14 15:13:13 2019 - ERROR - The case exit by code 2.
Wed Aug 14 15:13:14 2019 - INFO  - End to run testcase:oe_test_mariadb_grant_delete_authorization.
Wed Aug 14 15:13:15 2019 - INFO  - A total of 1 use cases were executed, with 0 successes and 1 failures.
Wed Aug 14 15:13:20 2019 - INFO  - start to run testcase:oe_test_mysql_configuration.
Wed Aug 14 15:14:43 2019 - ERROR - The case exit by code 6.
Wed Aug 14 15:14:44 2019 - INFO  - End to run testcase:oe_test_mysql_configuration.
Wed Aug 14 15:14:45 2019 - INFO  - A total of 1 use cases were executed, with 0 successes and 1 failures.
Wed Aug 14 15:14:51 2019 - INFO  - start to run testcase:oe_test_mysql_create_view_user.
Wed Aug 14 15:16:19 2019 - ERROR - The case exit by code 8.
Wed Aug 14 15:16:21 2019 - INFO  - End to run testcase:oe_test_mysql_create_view_user.
Wed Aug 14 15:16:21 2019 - INFO  - A total of 1 use cases were executed, with 0 successes and 1 failures.
Wed Aug 14 15:16:27 2019 - INFO  - start to run testcase:oe_test_mysql_create_view_select_delete_db.
Wed Aug 14 15:17:50 2019 - ERROR - The case exit by code 8.
Wed Aug 14 15:17:51 2019 - INFO  - End to run testcase:oe_test_mysql_create_view_select_delete_db.
Wed Aug 14 15:17:52 2019 - INFO  - A total of 1 use cases were executed, with 0 successes and 1 failures.
Wed Aug 14 15:17:58 2019 - INFO  - start to run testcase:oe_test_mariadb_install_run_uninstall.
Wed Aug 14 15:19:08 2019 - ERROR - The case exit by code 2.
Wed Aug 14 15:19:09 2019 - INFO  - End to run testcase:oe_test_mariadb_install_run_uninstall.
Wed Aug 14 15:19:09 2019 - INFO  - A total of 1 use cases were executed, with 0 successes and 1 failures.
Wed Aug 14 15:19:15 2019 - INFO  - start to run testcase:oe_test_mariadb_create_view_select_delete_db.
Wed Aug 14 15:20:25 2019 - ERROR - The case exit by code 3.
Wed Aug 14 15:20:26 2019 - INFO  - End to run testcase:oe_test_mariadb_create_view_select_delete_db.
Wed Aug 14 15:20:27 2019 - INFO  - A total of 1 use cases were executed, with 0 successes and 1 failures.
Wed Aug 14 15:20:32 2019 - INFO  - start to run testcase:oe_test_mysql_grant_delete_authorization.
Wed Aug 14 15:22:00 2019 - ERROR - The case exit by code 9.
Wed Aug 14 15:22:01 2019 - INFO  - End to run testcase:oe_test_mysql_grant_delete_authorization.
Wed Aug 14 15:22:02 2019 - INFO  - A total of 1 use cases were executed, with 0 successes and 1 failures.
Wed Aug 14 15:22:08 2019 - INFO  - start to run testcase:oe_test_mariadb_create_view_user.
Wed Aug 14 15:23:17 2019 - ERROR - The case exit by code 3.
Wed Aug 14 15:23:19 2019 - INFO  - End to run testcase:oe_test_mariadb_create_view_user.
Wed Aug 14 15:23:20 2019 - INFO  - A total of 1 use cases were executed, with 0 successes and 1 failures.
Wed Aug 14 15:23:26 2019 - INFO  - start to run testcase:oe_test_mariadb_backup_restore_db.
Wed Aug 14 15:24:49 2019 - ERROR - The case exit by code 15.
Wed Aug 14 15:24:50 2019 - INFO  - End to run testcase:oe_test_mariadb_backup_restore_db.
Wed Aug 14 15:24:51 2019 - INFO  - A total of 1 use cases were executed, with 0 successes and 1 failures.
Wed Aug 14 15:24:56 2019 - INFO  - start to run testcase:oe_test_httpd_verify_status.
Wed Aug 14 15:26:20 2019 - INFO  - The case exit by code 0.
Wed Aug 14 15:26:21 2019 - INFO  - End to run testcase:oe_test_httpd_verify_status.
Wed Aug 14 15:26:22 2019 - INFO  - A total of 1 use cases were executed, with 1 successes and 0 failures.
Wed Aug 14 15:26:27 2019 - INFO  - start to run testcase:oe_test_mariadb_modify_delete_user.
Wed Aug 14 15:27:35 2019 - ERROR - The case exit by code 1.
Wed Aug 14 15:27:36 2019 - INFO  - End to run testcase:oe_test_mariadb_modify_delete_user.
Wed Aug 14 15:27:37 2019 - INFO  - A total of 1 use cases were executed, with 0 successes and 1 failures.
Wed Aug 14 15:27:43 2019 - INFO  - start to run testcase:oe_test_dnf_create_local_repository.
Wed Aug 14 15:28:41 2019 - ERROR - The case exit by code 2.
Wed Aug 14 15:28:42 2019 - INFO  - End to run testcase:oe_test_dnf_create_local_repository.
Wed Aug 14 15:28:43 2019 - INFO  - A total of 1 use cases were executed, with 0 successes and 1 failures.
Wed Aug 14 15:28:48 2019 - INFO  - start to run testcase:oe_test_nmcli_config_dynamic_IP.
Wed Aug 14 15:29:05 2019 - ERROR - The case exit by code 3.
Wed Aug 14 15:29:06 2019 - INFO  - End to run testcase:oe_test_nmcli_config_dynamic_IP.
Wed Aug 14 15:29:07 2019 - INFO  - A total of 1 use cases were executed, with 0 successes and 1 failures.
Wed Aug 14 15:29:13 2019 - INFO  - start to run testcase:oe_test_postgresql_create_delete_roles.
Wed Aug 14 15:30:34 2019 - ERROR - The case exit by code 4.
Wed Aug 14 15:30:36 2019 - INFO  - End to run testcase:oe_test_postgresql_create_delete_roles.
Wed Aug 14 15:30:37 2019 - INFO  - A total of 1 use cases were executed, with 0 successes and 1 failures.
Wed Aug 14 15:30:42 2019 - INFO  - start to run testcase:oe_test_postgresql_backup_restore_db.
Wed Aug 14 15:31:56 2019 - ERROR - The case exit by code 3.
Wed Aug 14 15:31:57 2019 - INFO  - End to run testcase:oe_test_postgresql_backup_restore_db.
Wed Aug 14 15:31:58 2019 - INFO  - A total of 1 use cases were executed, with 0 successes and 1 failures.
Wed Aug 14 15:32:03 2019 - INFO  - start to run testcase:oe_test_nmcli_query_link.
Wed Aug 14 15:32:22 2019 - ERROR - The case exit by code 4.
Wed Aug 14 15:32:23 2019 - INFO  - End to run testcase:oe_test_nmcli_query_link.
Wed Aug 14 15:32:24 2019 - INFO  - A total of 1 use cases were executed, with 0 successes and 1 failures.
Wed Aug 14 15:32:30 2019 - INFO  - start to run testcase:oe_test_postgresql_create_run_delete.
Wed Aug 14 15:33:44 2019 - ERROR - The case exit by code 5.
Wed Aug 14 15:33:45 2019 - INFO  - End to run testcase:oe_test_postgresql_create_run_delete.
Wed Aug 14 15:33:46 2019 - INFO  - A total of 1 use cases were executed, with 0 successes and 1 failures.
Wed Aug 14 15:33:51 2019 - INFO  - start to run testcase:oe_test_nmcli_mod_attribute.
Wed Aug 14 15:34:07 2019 - ERROR - The case exit by code 4.
Wed Aug 14 15:34:08 2019 - INFO  - End to run testcase:oe_test_nmcli_mod_attribute.
Wed Aug 14 15:34:09 2019 - INFO  - A total of 1 use cases were executed, with 0 successes and 1 failures.
Wed Aug 14 15:34:15 2019 - INFO  - start to run testcase:oe_test_postgresql_change_roles.
Wed Aug 14 15:35:29 2019 - ERROR - The case exit by code 2.
Wed Aug 14 15:35:30 2019 - INFO  - End to run testcase:oe_test_postgresql_change_roles.
Wed Aug 14 15:35:31 2019 - INFO  - A total of 1 use cases were executed, with 0 successes and 1 failures.
Wed Aug 14 15:35:36 2019 - INFO  - start to run testcase:oe_test_postgresql_create_delete_db.
Wed Aug 14 15:36:46 2019 - ERROR - The case exit by code 3.
Wed Aug 14 15:36:47 2019 - INFO  - End to run testcase:oe_test_postgresql_create_delete_db.
Wed Aug 14 15:36:48 2019 - INFO  - A total of 1 use cases were executed, with 0 successes and 1 failures.
Wed Aug 14 15:36:53 2019 - INFO  - start to run testcase:oe_test_nmcli_config_static_IP.
Wed Aug 14 15:37:16 2019 - ERROR - The case exit by code 8.
Wed Aug 14 15:37:17 2019 - INFO  - End to run testcase:oe_test_nmcli_config_static_IP.
Wed Aug 14 15:37:18 2019 - INFO  - A total of 1 use cases were executed, with 0 successes and 1 failures.
Wed Aug 14 15:37:24 2019 - INFO  - start to run testcase:oe_test_nmcli_use_bonding.
Wed Aug 14 15:37:49 2019 - ERROR - The case exit by code 5.
Wed Aug 14 15:37:50 2019 - INFO  - End to run testcase:oe_test_nmcli_use_bonding.
Wed Aug 14 15:37:51 2019 - INFO  - A total of 1 use cases were executed, with 0 successes and 1 failures.
Wed Aug 14 15:37:57 2019 - INFO  - start to run testcase:oe_test_nmcli_config_hostname.
Wed Aug 14 15:38:12 2019 - INFO  - The case exit by code 0.
Wed Aug 14 15:38:13 2019 - INFO  - End to run testcase:oe_test_nmcli_config_hostname.
Wed Aug 14 15:38:14 2019 - INFO  - A total of 1 use cases were executed, with 1 successes and 0 failures.
Wed Aug 14 15:38:19 2019 - INFO  - start to run testcase:oe_test_nginx_manage_status.
Wed Aug 14 15:39:26 2019 - ERROR - The case exit by code 7.
Wed Aug 14 15:39:27 2019 - INFO  - End to run testcase:oe_test_nginx_manage_status.
Wed Aug 14 15:39:28 2019 - INFO  - A total of 1 use cases were executed, with 0 successes and 1 failures.
Wed Aug 14 15:39:33 2019 - INFO  - start to run testcase:oe_test_mysql_modify_delete_user.
Wed Aug 14 15:41:00 2019 - ERROR - The case exit by code 9.
Wed Aug 14 15:41:02 2019 - INFO  - End to run testcase:oe_test_mysql_modify_delete_user.
Wed Aug 14 15:41:02 2019 - INFO  - A total of 1 use cases were executed, with 0 successes and 1 failures.
Wed Aug 14 15:41:08 2019 - INFO  - start to run testcase:oe_test_nginx_check_configuration.
Wed Aug 14 15:42:05 2019 - ERROR - The case exit by code 1.
Wed Aug 14 15:42:06 2019 - INFO  - End to run testcase:oe_test_nginx_check_configuration.
Wed Aug 14 15:42:07 2019 - INFO  - A total of 1 use cases were executed, with 0 successes and 1 failures.
Wed Aug 14 15:42:12 2019 - INFO  - start to run testcase:oe_test_procmgmt_who.
Wed Aug 14 15:42:23 2019 - ERROR - The case exit by code 2.
Wed Aug 14 15:42:24 2019 - INFO  - End to run testcase:oe_test_procmgmt_who.
Wed Aug 14 15:42:25 2019 - INFO  - A total of 1 use cases were executed, with 0 successes and 1 failures.
Wed Aug 14 15:42:31 2019 - INFO  - start to run testcase:oe_test_procmgmt_ps_top_kill.
Wed Aug 14 15:42:41 2019 - INFO  - The case exit by code 0.
Wed Aug 14 15:42:42 2019 - INFO  - End to run testcase:oe_test_procmgmt_ps_top_kill.
Wed Aug 14 15:42:43 2019 - INFO  - A total of 1 use cases were executed, with 1 successes and 0 failures.
Wed Aug 14 15:42:48 2019 - INFO  - start to run testcase:oe_test_set_XLL_Forwarding.
Wed Aug 14 15:42:56 2019 - INFO  - The case exit by code 0.
Wed Aug 14 15:42:57 2019 - INFO  - End to run testcase:oe_test_set_XLL_Forwarding.
Wed Aug 14 15:42:58 2019 - INFO  - A total of 1 use cases were executed, with 1 successes and 0 failures.
Wed Aug 14 15:43:03 2019 - INFO  - start to run testcase:oe_test_procmgmt_run_programs_regularly.
Wed Aug 14 15:44:01 2019 - ERROR - The case exit by code 1.
Wed Aug 14 15:44:02 2019 - INFO  - End to run testcase:oe_test_procmgmt_run_programs_regularly.
Wed Aug 14 15:44:03 2019 - INFO  - A total of 1 use cases were executed, with 0 successes and 1 failures.
Wed Aug 14 15:44:08 2019 - INFO  - start to run testcase:oe_test_vsftpd_start_stop.
Wed Aug 14 15:45:08 2019 - ERROR - The case exit by code 4.
Wed Aug 14 15:45:09 2019 - INFO  - End to run testcase:oe_test_vsftpd_start_stop.
Wed Aug 14 15:45:10 2019 - INFO  - A total of 1 use cases were executed, with 0 successes and 1 failures.
Wed Aug 14 15:45:15 2019 - INFO  - start to run testcase:oe_test_server_verify_service_status.
Wed Aug 14 15:46:21 2019 - INFO  - The case exit by code 0.
Wed Aug 14 15:46:22 2019 - INFO  - End to run testcase:oe_test_server_verify_service_status.
Wed Aug 14 15:46:23 2019 - INFO  - A total of 1 use cases were executed, with 1 successes and 0 failures.
Wed Aug 14 15:46:28 2019 - INFO  - start to run testcase:oe_test_server_operate_service.
Wed Aug 14 15:47:27 2019 - ERROR - The case exit by code 6.
Wed Aug 14 15:47:28 2019 - INFO  - End to run testcase:oe_test_server_operate_service.
Wed Aug 14 15:47:29 2019 - INFO  - A total of 1 use cases were executed, with 0 successes and 1 failures.
Wed Aug 14 15:47:34 2019 - INFO  - start to run testcase:oe_test_procmgmt_create_another_cron_file.
Wed Aug 14 15:47:44 2019 - INFO  - The case exit by code 0.
Wed Aug 14 15:47:44 2019 - INFO  - End to run testcase:oe_test_procmgmt_create_another_cron_file.
Wed Aug 14 15:47:45 2019 - INFO  - A total of 1 use cases were executed, with 1 successes and 0 failures.
Wed Aug 14 15:47:50 2019 - INFO  - start to run testcase:oe_test_postgresql_grant_delete_authorization.
Wed Aug 14 15:48:57 2019 - ERROR - The case exit by code 2.
Wed Aug 14 15:48:57 2019 - INFO  - End to run testcase:oe_test_postgresql_grant_delete_authorization.
Wed Aug 14 15:48:58 2019 - INFO  - A total of 1 use cases were executed, with 0 successes and 1 failures.
Wed Aug 14 15:49:03 2019 - INFO  - start to run testcase:oe_test_vsftpd_conf.
Wed Aug 14 15:50:03 2019 - ERROR - The case exit by code 8.
Wed Aug 14 15:50:04 2019 - INFO  - End to run testcase:oe_test_vsftpd_conf.
Wed Aug 14 15:50:05 2019 - INFO  - A total of 1 use cases were executed, with 0 successes and 1 failures.
Wed Aug 14 15:50:10 2019 - INFO  - start to run testcase:oe_test_ip_cmd_addr.
Wed Aug 14 15:50:26 2019 - ERROR - The case exit by code 6.
Wed Aug 14 15:50:27 2019 - INFO  - End to run testcase:oe_test_ip_cmd_addr.
Wed Aug 14 15:50:28 2019 - INFO  - A total of 1 use cases were executed, with 0 successes and 1 failures.
Wed Aug 14 15:50:33 2019 - INFO  - start to run testcase:oe_test_ip_cmd_route.
Wed Aug 14 15:50:48 2019 - ERROR - The case exit by code 4.
Wed Aug 14 15:50:49 2019 - INFO  - End to run testcase:oe_test_ip_cmd_route.
Wed Aug 14 15:50:50 2019 - INFO  - A total of 1 use cases were executed, with 0 successes and 1 failures.
Wed Aug 14 15:50:55 2019 - INFO  - start to run testcase:oe_test_ip_cmd_rule.
Wed Aug 14 15:51:10 2019 - ERROR - The case exit by code 4.
Wed Aug 14 15:51:10 2019 - INFO  - End to run testcase:oe_test_ip_cmd_rule.
Wed Aug 14 15:51:11 2019 - INFO  - A total of 1 use cases were executed, with 0 successes and 1 failures.
Wed Aug 14 15:51:16 2019 - INFO  - start to run testcase:oe_test_ip_config_mtu.
Wed Aug 14 15:51:33 2019 - ERROR - The case exit by code 6.
Wed Aug 14 15:51:34 2019 - INFO  - End to run testcase:oe_test_ip_config_mtu.
Wed Aug 14 15:51:35 2019 - INFO  - A total of 1 use cases were executed, with 0 successes and 1 failures.
Wed Aug 14 15:51:40 2019 - INFO  - start to run testcase:oe_test_ip_config_multiple_address.
Wed Aug 14 15:51:53 2019 - ERROR - The case exit by code 3.
Wed Aug 14 15:51:54 2019 - INFO  - End to run testcase:oe_test_ip_config_multiple_address.
Wed Aug 14 15:51:55 2019 - INFO  - A total of 1 use cases were executed, with 0 successes and 1 failures.
Wed Aug 14 15:52:00 2019 - INFO  - start to run testcase:oe_test_ip_config_static_address.
Wed Aug 14 15:52:13 2019 - ERROR - The case exit by code 2.
Wed Aug 14 15:52:14 2019 - INFO  - End to run testcase:oe_test_ip_config_static_address.
Wed Aug 14 15:52:15 2019 - INFO  - A total of 1 use cases were executed, with 0 successes and 1 failures.
Wed Aug 14 15:52:20 2019 - INFO  - start to run testcase:oe_test_ip_config_static_route.
Wed Aug 14 15:52:34 2019 - ERROR - The case exit by code 4.
Wed Aug 14 15:52:35 2019 - INFO  - End to run testcase:oe_test_ip_config_static_route.
Wed Aug 14 15:52:36 2019 - INFO  - A total of 1 use cases were executed, with 0 successes and 1 failures.
