Tue Sep 12 09:57:35 2023 - INFO  - start to run testcase:oe_test_acl_add_write_permissions.
Tue Sep 12 09:57:35 2023 - INFO  - The case exit by code 0.
Tue Sep 12 09:57:35 2023 - INFO  - End to run testcase:oe_test_acl_add_write_permissions.
Tue Sep 12 09:57:36 2023 - INFO  - A total of 1 use cases were executed, with 1 successes and 0 failures.
Tue Sep 12 09:57:36 2023 - INFO  - start to run testcase:oe_test_acl_change_mask.
Tue Sep 12 09:57:37 2023 - INFO  - The case exit by code 0.
Tue Sep 12 09:57:37 2023 - INFO  - End to run testcase:oe_test_acl_change_mask.
Tue Sep 12 09:57:37 2023 - INFO  - A total of 1 use cases were executed, with 1 successes and 0 failures.
Tue Sep 12 09:57:37 2023 - INFO  - start to run testcase:oe_test_acl_check_create.
Tue Sep 12 09:57:37 2023 - INFO  - The case exit by code 0.
Tue Sep 12 09:57:37 2023 - INFO  - End to run testcase:oe_test_acl_check_create.
Tue Sep 12 09:57:37 2023 - INFO  - A total of 1 use cases were executed, with 1 successes and 0 failures.
Tue Sep 12 09:57:38 2023 - INFO  - start to run testcase:oe_test_acl_defaulr_rule.
Tue Sep 12 09:57:38 2023 - INFO  - The case exit by code 0.
Tue Sep 12 09:57:38 2023 - INFO  - End to run testcase:oe_test_acl_defaulr_rule.
Tue Sep 12 09:57:38 2023 - INFO  - A total of 1 use cases were executed, with 1 successes and 0 failures.
Tue Sep 12 09:57:38 2023 - INFO  - start to run testcase:oe_test_acl_only_root_permission.
Tue Sep 12 09:57:40 2023 - INFO  - The case exit by code 0.
Tue Sep 12 09:57:40 2023 - INFO  - End to run testcase:oe_test_acl_only_root_permission.
Tue Sep 12 09:57:40 2023 - INFO  - A total of 1 use cases were executed, with 1 successes and 0 failures.
Tue Sep 12 09:57:40 2023 - INFO  - start to run testcase:oe_test_acl_chacl.
Tue Sep 12 09:57:41 2023 - INFO  - The case exit by code 0.
Tue Sep 12 09:57:41 2023 - INFO  - End to run testcase:oe_test_acl_chacl.
Tue Sep 12 09:57:41 2023 - INFO  - A total of 1 use cases were executed, with 1 successes and 0 failures.
Tue Sep 12 09:57:41 2023 - INFO  - start to run testcase:oe_test_acl_getfacl.
Tue Sep 12 09:57:42 2023 - INFO  - The case exit by code 0.
Tue Sep 12 09:57:42 2023 - INFO  - End to run testcase:oe_test_acl_getfacl.
Tue Sep 12 09:57:42 2023 - INFO  - A total of 1 use cases were executed, with 1 successes and 0 failures.
Tue Sep 12 09:57:42 2023 - INFO  - start to run testcase:oe_test_acl_setfacl.
Tue Sep 12 09:57:43 2023 - INFO  - The case exit by code 0.
Tue Sep 12 09:57:43 2023 - INFO  - End to run testcase:oe_test_acl_setfacl.
Tue Sep 12 09:57:43 2023 - INFO  - A total of 1 use cases were executed, with 1 successes and 0 failures.
Tue Sep 12 09:57:43 2023 - INFO  - start to run testcase:oe_test_access_providepam.
Tue Sep 12 09:57:43 2023 - ERROR - The case exit by code 1.
Tue Sep 12 09:57:43 2023 - INFO  - End to run testcase:oe_test_access_providepam.
Tue Sep 12 09:57:43 2023 - INFO  - A total of 1 use cases were executed, with 0 successes and 1 failures.
Tue Sep 12 09:57:43 2023 - INFO  - start to run testcase:oe_test_acl_file.
Tue Sep 12 09:57:45 2023 - INFO  - The case exit by code 0.
Tue Sep 12 09:57:45 2023 - INFO  - End to run testcase:oe_test_acl_file.
Tue Sep 12 09:57:45 2023 - INFO  - A total of 1 use cases were executed, with 1 successes and 0 failures.
Tue Sep 12 09:57:45 2023 - INFO  - start to run testcase:oe_test_acl_default_kernel_setting.
Tue Sep 12 09:57:45 2023 - INFO  - The case exit by code 0.
Tue Sep 12 09:57:45 2023 - INFO  - End to run testcase:oe_test_acl_default_kernel_setting.
Tue Sep 12 09:57:45 2023 - INFO  - A total of 1 use cases were executed, with 1 successes and 0 failures.
Tue Sep 12 09:57:45 2023 - INFO  - start to run testcase:oe_test_acl_backup_recovery.
Tue Sep 12 09:57:47 2023 - INFO  - The case exit by code 0.
Tue Sep 12 09:57:47 2023 - INFO  - End to run testcase:oe_test_acl_backup_recovery.
Tue Sep 12 09:57:47 2023 - INFO  - A total of 1 use cases were executed, with 1 successes and 0 failures.
Tue Sep 12 09:57:47 2023 - INFO  - start to run testcase:oe_test_acl_delete_acl.
Tue Sep 12 09:57:47 2023 - INFO  - The case exit by code 0.
Tue Sep 12 09:57:47 2023 - INFO  - End to run testcase:oe_test_acl_delete_acl.
Tue Sep 12 09:57:47 2023 - INFO  - A total of 1 use cases were executed, with 1 successes and 0 failures.
Tue Sep 12 09:57:48 2023 - INFO  - start to run testcase:oe_test_acl_dir_write.
Tue Sep 12 09:57:49 2023 - INFO  - The case exit by code 0.
Tue Sep 12 09:57:49 2023 - INFO  - End to run testcase:oe_test_acl_dir_write.
Tue Sep 12 09:57:49 2023 - INFO  - A total of 1 use cases were executed, with 1 successes and 0 failures.
Tue Sep 12 09:57:49 2023 - INFO  - start to run testcase:oe_test_acl_dir_read.
Tue Sep 12 09:57:51 2023 - INFO  - The case exit by code 0.
Tue Sep 12 09:57:51 2023 - INFO  - End to run testcase:oe_test_acl_dir_read.
Tue Sep 12 09:57:51 2023 - INFO  - A total of 1 use cases were executed, with 1 successes and 0 failures.
Tue Sep 12 09:57:51 2023 - INFO  - start to run testcase:oe_test_acl_file_authorize.
Tue Sep 12 09:57:53 2023 - INFO  - The case exit by code 0.
Tue Sep 12 09:57:53 2023 - INFO  - End to run testcase:oe_test_acl_file_authorize.
Tue Sep 12 09:57:53 2023 - INFO  - A total of 1 use cases were executed, with 1 successes and 0 failures.
