Thu May 25 16:23:57 2023 - INFO  - start to run testcase:oe_test_acl_add_write_permissions.
Thu May 25 16:24:16 2023 - INFO  - The case exit by code 0.
Thu May 25 16:24:17 2023 - INFO  - End to run testcase:oe_test_acl_add_write_permissions.
Thu May 25 16:24:18 2023 - INFO  - A total of 1 use cases were executed, with 1 successes and 0 failures.
Thu May 25 16:24:24 2023 - INFO  - start to run testcase:oe_test_acl_change_mask.
Thu May 25 16:24:51 2023 - INFO  - The case exit by code 0.
Thu May 25 16:24:53 2023 - INFO  - End to run testcase:oe_test_acl_change_mask.
Thu May 25 16:24:54 2023 - INFO  - A total of 1 use cases were executed, with 1 successes and 0 failures.
Thu May 25 16:25:00 2023 - INFO  - start to run testcase:oe_test_acl_check_create.
Thu May 25 16:25:13 2023 - INFO  - The case exit by code 0.
Thu May 25 16:25:14 2023 - INFO  - End to run testcase:oe_test_acl_check_create.
Thu May 25 16:25:15 2023 - INFO  - A total of 1 use cases were executed, with 1 successes and 0 failures.
Thu May 25 16:25:20 2023 - INFO  - start to run testcase:oe_test_acl_defaulr_rule.
Thu May 25 16:25:33 2023 - INFO  - The case exit by code 0.
Thu May 25 16:25:34 2023 - INFO  - End to run testcase:oe_test_acl_defaulr_rule.
Thu May 25 16:25:35 2023 - INFO  - A total of 1 use cases were executed, with 1 successes and 0 failures.
Thu May 25 16:25:40 2023 - INFO  - start to run testcase:oe_test_acl_only_root_permission.
Thu May 25 16:26:16 2023 - INFO  - The case exit by code 0.
Thu May 25 16:26:17 2023 - INFO  - End to run testcase:oe_test_acl_only_root_permission.
Thu May 25 16:26:19 2023 - INFO  - A total of 1 use cases were executed, with 1 successes and 0 failures.
Thu May 25 16:26:25 2023 - INFO  - start to run testcase:oe_test_acl_chacl.
Thu May 25 16:26:58 2023 - INFO  - The case exit by code 0.
Thu May 25 16:26:59 2023 - INFO  - End to run testcase:oe_test_acl_chacl.
Thu May 25 16:27:00 2023 - INFO  - A total of 1 use cases were executed, with 1 successes and 0 failures.
Thu May 25 16:27:06 2023 - INFO  - start to run testcase:oe_test_acl_getfacl.
Thu May 25 16:27:37 2023 - INFO  - The case exit by code 0.
Thu May 25 16:27:38 2023 - INFO  - End to run testcase:oe_test_acl_getfacl.
Thu May 25 16:27:39 2023 - INFO  - A total of 1 use cases were executed, with 1 successes and 0 failures.
Thu May 25 16:27:45 2023 - INFO  - start to run testcase:oe_test_acl_setfacl.
Thu May 25 16:28:16 2023 - INFO  - The case exit by code 0.
Thu May 25 16:28:17 2023 - INFO  - End to run testcase:oe_test_acl_setfacl.
Thu May 25 16:28:18 2023 - INFO  - A total of 1 use cases were executed, with 1 successes and 0 failures.
Thu May 25 16:28:24 2023 - INFO  - start to run testcase:oe_test_access_providepam.
Thu May 25 16:28:36 2023 - ERROR - The case exit by code 1.
Thu May 25 16:28:37 2023 - INFO  - End to run testcase:oe_test_access_providepam.
Thu May 25 16:28:38 2023 - INFO  - A total of 1 use cases were executed, with 0 successes and 1 failures.
Thu May 25 16:28:44 2023 - INFO  - start to run testcase:oe_test_acl_file.
Thu May 25 16:29:37 2023 - INFO  - The case exit by code 0.
Thu May 25 16:29:38 2023 - INFO  - End to run testcase:oe_test_acl_file.
Thu May 25 16:29:39 2023 - INFO  - A total of 1 use cases were executed, with 1 successes and 0 failures.
Thu May 25 16:29:45 2023 - INFO  - start to run testcase:oe_test_acl_default_kernel_setting.
Thu May 25 16:29:58 2023 - ERROR - The case exit by code 1.
Thu May 25 16:29:59 2023 - INFO  - End to run testcase:oe_test_acl_default_kernel_setting.
Thu May 25 16:30:01 2023 - INFO  - A total of 1 use cases were executed, with 0 successes and 1 failures.
