Thu May 25 18:00:47 2023 - INFO  - start to run testcase:oe_test_openssl_concurrent_operations.
Thu May 25 18:01:29 2023 - INFO  - The case exit by code 0.
Thu May 25 18:01:30 2023 - INFO  - End to run testcase:oe_test_openssl_concurrent_operations.
Thu May 25 18:01:31 2023 - INFO  - A total of 1 use cases were executed, with 1 successes and 0 failures.
Thu May 25 18:01:36 2023 - INFO  - start to run testcase:oe_test_openssl_create_CA_applying_certificate.
Thu May 25 18:03:23 2023 - ERROR - The case exit by code 2.
Thu May 25 18:03:24 2023 - INFO  - End to run testcase:oe_test_openssl_create_CA_applying_certificate.
Thu May 25 18:03:25 2023 - INFO  - A total of 1 use cases were executed, with 0 successes and 1 failures.
Thu May 25 18:03:31 2023 - INFO  - start to run testcase:oe_test_openssl_delete_configuration_file.
Thu May 25 18:05:34 2023 - ERROR - The case exit by code 3.
Thu May 25 18:05:35 2023 - INFO  - End to run testcase:oe_test_openssl_delete_configuration_file.
Thu May 25 18:05:36 2023 - INFO  - A total of 1 use cases were executed, with 0 successes and 1 failures.
Thu May 25 18:05:41 2023 - INFO  - start to run testcase:oe_test_openssl_Diffie_Hellman.
Thu May 25 18:06:18 2023 - ERROR - The case exit by code 1.
Thu May 25 18:06:19 2023 - INFO  - End to run testcase:oe_test_openssl_Diffie_Hellman.
Thu May 25 18:06:20 2023 - INFO  - A total of 1 use cases were executed, with 0 successes and 1 failures.
Thu May 25 18:06:26 2023 - INFO  - start to run testcase:oe_test_openssl_DSA_algorithm.
Thu May 25 18:06:47 2023 - ERROR - The case exit by code 1.
Thu May 25 18:06:48 2023 - INFO  - End to run testcase:oe_test_openssl_DSA_algorithm.
Thu May 25 18:06:50 2023 - INFO  - A total of 1 use cases were executed, with 0 successes and 1 failures.
Thu May 25 18:06:55 2023 - INFO  - start to run testcase:oe_test_openssl_empty_private_key.
Thu May 25 18:07:15 2023 - ERROR - The case exit by code 2.
Thu May 25 18:07:16 2023 - INFO  - End to run testcase:oe_test_openssl_empty_private_key.
Thu May 25 18:07:17 2023 - INFO  - A total of 1 use cases were executed, with 0 successes and 1 failures.
Thu May 25 18:07:22 2023 - INFO  - start to run testcase:oe_test_openssl_empty_public_key.
Thu May 25 18:07:42 2023 - ERROR - The case exit by code 2.
Thu May 25 18:07:43 2023 - INFO  - End to run testcase:oe_test_openssl_empty_public_key.
Thu May 25 18:07:44 2023 - INFO  - A total of 1 use cases were executed, with 0 successes and 1 failures.
Thu May 25 18:07:51 2023 - INFO  - start to run testcase:oe_test_openssl_encrypt_decrypt_file_asymmetrically.
Thu May 25 18:08:10 2023 - ERROR - The case exit by code 1.
Thu May 25 18:08:11 2023 - INFO  - End to run testcase:oe_test_openssl_encrypt_decrypt_file_asymmetrically.
Thu May 25 18:08:12 2023 - INFO  - A total of 1 use cases were executed, with 0 successes and 1 failures.
Thu May 25 18:08:18 2023 - INFO  - start to run testcase:oe_test_openssl_encrypte_decrypte_emails.
Thu May 25 18:08:35 2023 - ERROR - The case exit by code 1.
Thu May 25 18:08:36 2023 - INFO  - End to run testcase:oe_test_openssl_encrypte_decrypte_emails.
Thu May 25 18:08:37 2023 - INFO  - A total of 1 use cases were executed, with 0 successes and 1 failures.
Thu May 25 18:08:43 2023 - INFO  - start to run testcase:oe_test_openssl_encrypting_character_string.
Thu May 25 18:08:53 2023 - INFO  - The case exit by code 0.
Thu May 25 18:08:54 2023 - INFO  - End to run testcase:oe_test_openssl_encrypting_character_string.
Thu May 25 18:08:55 2023 - INFO  - A total of 1 use cases were executed, with 1 successes and 0 failures.
Thu May 25 18:09:00 2023 - INFO  - start to run testcase:oe_test_openssl_expired_certificate.
Thu May 25 18:11:11 2023 - ERROR - The case exit by code 2.
Thu May 25 18:11:12 2023 - INFO  - End to run testcase:oe_test_openssl_expired_certificate.
Thu May 25 18:11:13 2023 - INFO  - A total of 1 use cases were executed, with 0 successes and 1 failures.
Thu May 25 18:11:19 2023 - INFO  - start to run testcase:oe_test_openssl_file_signature_verification.
Thu May 25 18:11:53 2023 - ERROR - The case exit by code 2.
Thu May 25 18:11:54 2023 - INFO  - End to run testcase:oe_test_openssl_file_signature_verification.
Thu May 25 18:11:55 2023 - INFO  - A total of 1 use cases were executed, with 0 successes and 1 failures.
Thu May 25 18:12:01 2023 - INFO  - start to run testcase:oe_test_openssl_generate_key_pair.
Thu May 25 18:12:21 2023 - ERROR - The case exit by code 1.
Thu May 25 18:12:23 2023 - INFO  - End to run testcase:oe_test_openssl_generate_key_pair.
Thu May 25 18:12:24 2023 - INFO  - A total of 1 use cases were executed, with 0 successes and 1 failures.
Thu May 25 18:12:30 2023 - INFO  - start to run testcase:oe_test_openssl_generate_password.
Thu May 25 18:12:51 2023 - ERROR - The case exit by code 2.
Thu May 25 18:12:52 2023 - INFO  - End to run testcase:oe_test_openssl_generate_password.
Thu May 25 18:12:53 2023 - INFO  - A total of 1 use cases were executed, with 0 successes and 1 failures.
Thu May 25 18:12:58 2023 - INFO  - start to run testcase:oe_test_openssl_generate_random_number.
Thu May 25 18:13:08 2023 - INFO  - The case exit by code 0.
Thu May 25 18:13:09 2023 - INFO  - End to run testcase:oe_test_openssl_generate_random_number.
Thu May 25 18:13:10 2023 - INFO  - A total of 1 use cases were executed, with 1 successes and 0 failures.
Thu May 25 18:13:15 2023 - INFO  - start to run testcase:oe_test_openssl_Implements_https.
Thu May 25 18:15:30 2023 - ERROR - The case exit by code 2.
Thu May 25 18:15:31 2023 - INFO  - End to run testcase:oe_test_openssl_Implements_https.
Thu May 25 18:15:32 2023 - INFO  - A total of 1 use cases were executed, with 0 successes and 1 failures.
Thu May 25 18:15:37 2023 - INFO  - start to run testcase:oe_test_openssl_incorrect_public_private_key.
Thu May 25 18:15:56 2023 - ERROR - The case exit by code 3.
Thu May 25 18:15:57 2023 - INFO  - End to run testcase:oe_test_openssl_incorrect_public_private_key.
Thu May 25 18:15:58 2023 - INFO  - A total of 1 use cases were executed, with 0 successes and 1 failures.
Thu May 25 18:16:03 2023 - INFO  - start to run testcase:oe_test_openssl_message_digest.
Thu May 25 18:16:12 2023 - INFO  - The case exit by code 0.
Thu May 25 18:16:13 2023 - INFO  - End to run testcase:oe_test_openssl_message_digest.
Thu May 25 18:16:14 2023 - INFO  - A total of 1 use cases were executed, with 1 successes and 0 failures.
Thu May 25 18:16:20 2023 - INFO  - start to run testcase:oe_test_openssl_one_way_encryption.
Thu May 25 18:16:31 2023 - INFO  - The case exit by code 0.
Thu May 25 18:16:32 2023 - INFO  - End to run testcase:oe_test_openssl_one_way_encryption.
Thu May 25 18:16:34 2023 - INFO  - A total of 1 use cases were executed, with 1 successes and 0 failures.
Thu May 25 18:16:40 2023 - INFO  - start to run testcase:oe_test_openssl_related_concurrent_operations.
Thu May 25 18:17:44 2023 - INFO  - The case exit by code 0.
Thu May 25 18:17:45 2023 - INFO  - End to run testcase:oe_test_openssl_related_concurrent_operations.
Thu May 25 18:17:46 2023 - INFO  - A total of 1 use cases were executed, with 1 successes and 0 failures.
Thu May 25 18:17:52 2023 - INFO  - start to run testcase:oe_test_openssl_reliability.
Thu May 25 18:20:00 2023 - ERROR - The case exit by code 2.
Thu May 25 18:20:01 2023 - INFO  - End to run testcase:oe_test_openssl_reliability.
Thu May 25 18:20:02 2023 - INFO  - A total of 1 use cases were executed, with 0 successes and 1 failures.
Thu May 25 18:20:07 2023 - INFO  - start to run testcase:oe_test_openssl_remove_mod_ssl.
Thu May 25 18:22:11 2023 - ERROR - The case exit by code 2.
Thu May 25 18:22:12 2023 - INFO  - End to run testcase:oe_test_openssl_remove_mod_ssl.
Thu May 25 18:22:13 2023 - INFO  - A total of 1 use cases were executed, with 0 successes and 1 failures.
Thu May 25 18:22:19 2023 - INFO  - start to run testcase:oe_test_openssl_repeated_execution.
Thu May 25 18:24:10 2023 - INFO  - The case exit by code 0.
Thu May 25 18:24:11 2023 - INFO  - End to run testcase:oe_test_openssl_repeated_execution.
Thu May 25 18:24:12 2023 - INFO  - A total of 1 use cases were executed, with 1 successes and 0 failures.
Thu May 25 18:24:17 2023 - INFO  - start to run testcase:oe_test_openssl_repeat_restart.
Thu May 25 18:30:43 2023 - ERROR - The case exit by code 2.
Thu May 25 18:30:44 2023 - INFO  - End to run testcase:oe_test_openssl_repeat_restart.
Thu May 25 18:30:44 2023 - INFO  - A total of 1 use cases were executed, with 0 successes and 1 failures.
Thu May 25 18:30:49 2023 - INFO  - start to run testcase:oe_test_openssl_RSA_algorithm.
Thu May 25 18:31:04 2023 - ERROR - The case exit by code 1.
Thu May 25 18:31:05 2023 - INFO  - End to run testcase:oe_test_openssl_RSA_algorithm.
Thu May 25 18:31:06 2023 - INFO  - A total of 1 use cases were executed, with 0 successes and 1 failures.
Thu May 25 18:31:11 2023 - INFO  - start to run testcase:oe_test_openssl_symmetrically_encrypts_decrypts_files.
Thu May 25 18:31:52 2023 - INFO  - The case exit by code 0.
Thu May 25 18:31:53 2023 - INFO  - End to run testcase:oe_test_openssl_symmetrically_encrypts_decrypts_files.
Thu May 25 18:31:54 2023 - INFO  - A total of 1 use cases were executed, with 1 successes and 0 failures.
Thu May 25 18:31:59 2023 - INFO  - start to run testcase:oe_test_openssl_symmetric_encryption_decryption.
Thu May 25 18:32:09 2023 - INFO  - The case exit by code 0.
Thu May 25 18:32:09 2023 - INFO  - End to run testcase:oe_test_openssl_symmetric_encryption_decryption.
Thu May 25 18:32:10 2023 - INFO  - A total of 1 use cases were executed, with 1 successes and 0 failures.
Thu May 25 18:32:15 2023 - INFO  - start to run testcase:oe_test_openssl_enc.
Thu May 25 18:32:37 2023 - INFO  - The case exit by code 0.
Thu May 25 18:32:39 2023 - INFO  - End to run testcase:oe_test_openssl_enc.
Thu May 25 18:32:40 2023 - INFO  - A total of 1 use cases were executed, with 1 successes and 0 failures.
Thu May 25 18:32:45 2023 - INFO  - start to run testcase:oe_test_openssl_rc4_encryption_file.
Thu May 25 18:33:13 2023 - ERROR - The case exit by code 1.
Thu May 25 18:33:14 2023 - INFO  - End to run testcase:oe_test_openssl_rc4_encryption_file.
Thu May 25 18:33:15 2023 - INFO  - A total of 1 use cases were executed, with 0 successes and 1 failures.
Thu May 25 18:33:20 2023 - INFO  - start to run testcase:oe_test_openssl_sm2.
Thu May 25 18:33:30 2023 - INFO  - The case exit by code 0.
Thu May 25 18:33:31 2023 - INFO  - End to run testcase:oe_test_openssl_sm2.
Thu May 25 18:33:32 2023 - INFO  - A total of 1 use cases were executed, with 1 successes and 0 failures.
Thu May 25 18:33:37 2023 - INFO  - start to run testcase:oe_test_openssl_sm4.
Thu May 25 18:33:50 2023 - INFO  - The case exit by code 0.
Thu May 25 18:33:51 2023 - INFO  - End to run testcase:oe_test_openssl_sm4.
Thu May 25 18:33:52 2023 - INFO  - A total of 1 use cases were executed, with 1 successes and 0 failures.
Thu May 25 18:33:57 2023 - INFO  - start to run testcase:oe_test_openssl_hmac.
Thu May 25 18:34:06 2023 - INFO  - The case exit by code 0.
Thu May 25 18:34:07 2023 - INFO  - End to run testcase:oe_test_openssl_hmac.
Thu May 25 18:34:08 2023 - INFO  - A total of 1 use cases were executed, with 1 successes and 0 failures.
Thu May 25 18:34:13 2023 - INFO  - start to run testcase:oe_test_openssl_speed.
Thu May 25 18:35:42 2023 - ERROR - The case exit by code 2.
Thu May 25 18:35:43 2023 - INFO  - End to run testcase:oe_test_openssl_speed.
Thu May 25 18:35:43 2023 - INFO  - A total of 1 use cases were executed, with 0 successes and 1 failures.
