Thu May 25 17:00:23 2023 - INFO  - start to run testcase:oe_test_kernel_cmd_01.
Thu May 25 17:02:07 2023 - ERROR - The case exit by code 2.
Thu May 25 17:02:08 2023 - INFO  - End to run testcase:oe_test_kernel_cmd_01.
Thu May 25 17:02:09 2023 - INFO  - A total of 1 use cases were executed, with 0 successes and 1 failures.
Thu May 25 17:02:15 2023 - INFO  - start to run testcase:oe_test_kernel_cmd_02.
Thu May 25 17:04:03 2023 - INFO  - The case exit by code 0.
Thu May 25 17:04:04 2023 - INFO  - End to run testcase:oe_test_kernel_cmd_02.
Thu May 25 17:04:05 2023 - INFO  - A total of 1 use cases were executed, with 1 successes and 0 failures.
Thu May 25 17:04:10 2023 - INFO  - start to run testcase:oe_test_kernel_cmd_03.
Thu May 25 17:06:00 2023 - INFO  - The case exit by code 0.
Thu May 25 17:06:01 2023 - INFO  - End to run testcase:oe_test_kernel_cmd_03.
Thu May 25 17:06:02 2023 - INFO  - A total of 1 use cases were executed, with 1 successes and 0 failures.
Thu May 25 17:06:08 2023 - INFO  - start to run testcase:oe_test_service_cpupower.
Thu May 25 17:07:00 2023 - ERROR - The case exit by code 7.
Thu May 25 17:07:01 2023 - INFO  - End to run testcase:oe_test_service_cpupower.
Thu May 25 17:07:02 2023 - INFO  - A total of 1 use cases were executed, with 0 successes and 1 failures.
Thu May 25 17:07:08 2023 - INFO  - start to run testcase:oe_test_ipip.
Thu May 25 17:07:28 2023 - ERROR - The case exit by code 4.
Thu May 25 17:07:29 2023 - INFO  - End to run testcase:oe_test_ipip.
Thu May 25 17:07:30 2023 - INFO  - A total of 1 use cases were executed, with 0 successes and 1 failures.
Thu May 25 17:07:36 2023 - INFO  - start to run testcase:oe_test_io_sched.
Thu May 25 17:07:52 2023 - ERROR - The case exit by code 1.
Thu May 25 17:07:53 2023 - INFO  - End to run testcase:oe_test_io_sched.
Thu May 25 17:07:54 2023 - INFO  - A total of 1 use cases were executed, with 0 successes and 1 failures.
Thu May 25 17:07:59 2023 - INFO  - start to run testcase:oe_test_cache_rw.
Thu May 25 17:08:15 2023 - INFO  - The case exit by code 0.
Thu May 25 17:08:17 2023 - INFO  - End to run testcase:oe_test_cache_rw.
Thu May 25 17:08:18 2023 - INFO  - A total of 1 use cases were executed, with 1 successes and 0 failures.
Thu May 25 17:08:23 2023 - INFO  - start to run testcase:oe_test_snd_aloop.
Thu May 25 17:08:38 2023 - ERROR - The case exit by code 3.
Thu May 25 17:08:39 2023 - INFO  - End to run testcase:oe_test_snd_aloop.
Thu May 25 17:08:40 2023 - INFO  - A total of 1 use cases were executed, with 0 successes and 1 failures.
Thu May 25 17:08:46 2023 - INFO  - start to run testcase:oe_test_hinic.
Thu May 25 17:09:10 2023 - ERROR - The case exit by code 6.
Thu May 25 17:09:11 2023 - INFO  - End to run testcase:oe_test_hinic.
Thu May 25 17:09:12 2023 - INFO  - A total of 1 use cases were executed, with 0 successes and 1 failures.
Thu May 25 17:09:18 2023 - INFO  - start to run testcase:oe_test_hqlogic.
Thu May 25 17:09:43 2023 - ERROR - The case exit by code 7.
Thu May 25 17:09:44 2023 - INFO  - End to run testcase:oe_test_hqlogic.
Thu May 25 17:09:45 2023 - INFO  - A total of 1 use cases were executed, with 0 successes and 1 failures.
Thu May 25 17:09:52 2023 - INFO  - start to run testcase:oe_test_cpu_rand.
Thu May 25 17:10:06 2023 - ERROR - The case exit by code 2.
Thu May 25 17:10:07 2023 - INFO  - End to run testcase:oe_test_cpu_rand.
Thu May 25 17:10:08 2023 - INFO  - A total of 1 use cases were executed, with 0 successes and 1 failures.
Thu May 25 17:10:14 2023 - INFO  - start to run testcase:oe_test_qxl.
Thu May 25 17:10:39 2023 - ERROR - The case exit by code 7.
Thu May 25 17:10:40 2023 - INFO  - End to run testcase:oe_test_qxl.
Thu May 25 17:10:42 2023 - INFO  - A total of 1 use cases were executed, with 0 successes and 1 failures.
Thu May 25 17:10:48 2023 - INFO  - start to run testcase:oe_test_vport-geneve.
Thu May 25 17:11:04 2023 - ERROR - The case exit by code 4.
Thu May 25 17:11:05 2023 - INFO  - End to run testcase:oe_test_vport-geneve.
Thu May 25 17:11:06 2023 - INFO  - A total of 1 use cases were executed, with 0 successes and 1 failures.
Thu May 25 17:11:11 2023 - INFO  - start to run testcase:oe_test_swap_compress.
Thu May 25 17:11:27 2023 - ERROR - The case exit by code 2.
Thu May 25 17:11:28 2023 - INFO  - End to run testcase:oe_test_swap_compress.
Thu May 25 17:11:29 2023 - INFO  - A total of 1 use cases were executed, with 0 successes and 1 failures.
Thu May 25 17:11:34 2023 - INFO  - start to run testcase:oe_test_lpfc.
Thu May 25 17:11:49 2023 - ERROR - The case exit by code 4.
Thu May 25 17:11:50 2023 - INFO  - End to run testcase:oe_test_lpfc.
Thu May 25 17:11:51 2023 - INFO  - A total of 1 use cases were executed, with 0 successes and 1 failures.
Thu May 25 17:11:56 2023 - INFO  - start to run testcase:oe_test_check_huge_task.
Thu May 25 17:12:08 2023 - ERROR - The case exit by code 1.
Thu May 25 17:12:10 2023 - INFO  - End to run testcase:oe_test_check_huge_task.
Thu May 25 17:12:11 2023 - INFO  - A total of 1 use cases were executed, with 0 successes and 1 failures.
Thu May 25 17:12:18 2023 - INFO  - start to run testcase:oe_test_swappiness.
Thu May 25 17:12:31 2023 - INFO  - The case exit by code 0.
Thu May 25 17:12:32 2023 - INFO  - End to run testcase:oe_test_swappiness.
Thu May 25 17:12:34 2023 - INFO  - A total of 1 use cases were executed, with 1 successes and 0 failures.
Thu May 25 17:12:40 2023 - INFO  - start to run testcase:oe_test_softdog.
Thu May 25 17:12:56 2023 - ERROR - The case exit by code 4.
Thu May 25 17:12:57 2023 - INFO  - End to run testcase:oe_test_softdog.
Thu May 25 17:12:59 2023 - INFO  - A total of 1 use cases were executed, with 0 successes and 1 failures.
Thu May 25 17:13:04 2023 - INFO  - start to run testcase:oe_test_cifs.
Thu May 25 17:13:21 2023 - ERROR - The case exit by code 4.
Thu May 25 17:13:22 2023 - INFO  - End to run testcase:oe_test_cifs.
Thu May 25 17:13:23 2023 - INFO  - A total of 1 use cases were executed, with 0 successes and 1 failures.
Thu May 25 17:13:29 2023 - INFO  - start to run testcase:oe_test_xfs.
Thu May 25 17:13:46 2023 - ERROR - The case exit by code 4.
Thu May 25 17:13:47 2023 - INFO  - End to run testcase:oe_test_xfs.
Thu May 25 17:13:48 2023 - INFO  - A total of 1 use cases were executed, with 0 successes and 1 failures.
Thu May 25 17:13:54 2023 - INFO  - start to run testcase:oe_test_wangxun.
Thu May 25 17:14:26 2023 - ERROR - The case exit by code 8.
Thu May 25 17:14:27 2023 - INFO  - End to run testcase:oe_test_wangxun.
Thu May 25 17:14:28 2023 - INFO  - A total of 1 use cases were executed, with 0 successes and 1 failures.
