Wed May 24 18:36:56 2023 - INFO  - start to run testcase:oe_test_byacc_byacc_01.
Wed May 24 18:38:14 2023 - INFO  - The case exit by code 0.
Wed May 24 18:38:15 2023 - INFO  - End to run testcase:oe_test_byacc_byacc_01.
Wed May 24 18:38:16 2023 - INFO  - A total of 1 use cases were executed, with 1 successes and 0 failures.
Wed May 24 18:38:22 2023 - INFO  - start to run testcase:oe_test_byacc_byacc_02.
Wed May 24 18:39:37 2023 - INFO  - The case exit by code 0.
Wed May 24 18:39:38 2023 - INFO  - End to run testcase:oe_test_byacc_byacc_02.
Wed May 24 18:39:39 2023 - INFO  - A total of 1 use cases were executed, with 1 successes and 0 failures.
Wed May 24 18:39:45 2023 - INFO  - start to run testcase:oe_test_byacc_yacc_01.
Wed May 24 18:40:54 2023 - INFO  - The case exit by code 0.
Wed May 24 18:40:55 2023 - INFO  - End to run testcase:oe_test_byacc_yacc_01.
Wed May 24 18:40:56 2023 - INFO  - A total of 1 use cases were executed, with 1 successes and 0 failures.
Wed May 24 18:41:02 2023 - INFO  - start to run testcase:oe_test_byacc_yacc_02.
Wed May 24 18:42:07 2023 - INFO  - The case exit by code 0.
Wed May 24 18:42:08 2023 - INFO  - End to run testcase:oe_test_byacc_yacc_02.
Wed May 24 18:42:09 2023 - INFO  - A total of 1 use cases were executed, with 1 successes and 0 failures.
Wed May 24 18:42:15 2023 - INFO  - start to run testcase:oe_test_byacc2.0_byacc_03.
Wed May 24 18:43:20 2023 - INFO  - The case exit by code 0.
Wed May 24 18:43:21 2023 - INFO  - End to run testcase:oe_test_byacc2.0_byacc_03.
Wed May 24 18:43:22 2023 - INFO  - A total of 1 use cases were executed, with 1 successes and 0 failures.
Wed May 24 18:43:28 2023 - INFO  - start to run testcase:oe_test_byacc2.0_yacc_03.
Wed May 24 18:44:31 2023 - INFO  - The case exit by code 0.
Wed May 24 18:44:32 2023 - INFO  - End to run testcase:oe_test_byacc2.0_yacc_03.
Wed May 24 18:44:33 2023 - INFO  - A total of 1 use cases were executed, with 1 successes and 0 failures.
