Thu May 25 16:43:43 2023 - INFO  - start to run testcase:oe_test_service_NetworkManager-dispatcher.
Thu May 25 16:43:59 2023 - INFO  - The case exit by code 0.
Thu May 25 16:44:00 2023 - INFO  - End to run testcase:oe_test_service_NetworkManager-dispatcher.
Thu May 25 16:44:00 2023 - INFO  - A total of 1 use cases were executed, with 1 successes and 0 failures.
Thu May 25 16:44:00 2023 - INFO  - start to run testcase:oe_test_service_NetworkManager.
Thu May 25 16:44:17 2023 - INFO  - The case exit by code 0.
Thu May 25 16:44:18 2023 - INFO  - End to run testcase:oe_test_service_NetworkManager.
Thu May 25 16:44:18 2023 - INFO  - A total of 1 use cases were executed, with 1 successes and 0 failures.
Thu May 25 16:44:18 2023 - INFO  - start to run testcase:oe_test_service_NetworkManager-wait-online.
Thu May 25 16:44:35 2023 - INFO  - The case exit by code 0.
Thu May 25 16:44:35 2023 - INFO  - End to run testcase:oe_test_service_NetworkManager-wait-online.
Thu May 25 16:44:35 2023 - INFO  - A total of 1 use cases were executed, with 1 successes and 0 failures.
Thu May 25 16:44:35 2023 - INFO  - start to run testcase:oe_test_service_nm-cloud-setup.
Thu May 25 16:44:37 2023 - INFO  - The case exit by code 0.
Thu May 25 16:44:37 2023 - INFO  - End to run testcase:oe_test_service_nm-cloud-setup.
Thu May 25 16:44:37 2023 - INFO  - A total of 1 use cases were executed, with 1 successes and 0 failures.
Thu May 25 16:44:37 2023 - INFO  - start to run testcase:oe_test_libnetfilter_conntrack.
Thu May 25 16:45:11 2023 - INFO  - The case exit by code 0.
Thu May 25 16:45:11 2023 - INFO  - End to run testcase:oe_test_libnetfilter_conntrack.
Thu May 25 16:45:11 2023 - INFO  - A total of 1 use cases were executed, with 1 successes and 0 failures.
