Tue May 23 18:21:21 2023 - INFO  - start to run testcase:oe_test_basic_date_common.
Tue May 23 18:21:39 2023 - ERROR - The case exit by code 1.
Tue May 23 18:21:40 2023 - INFO  - End to run testcase:oe_test_basic_date_common.
Tue May 23 18:21:41 2023 - INFO  - A total of 1 use cases were executed, with 0 successes and 1 failures.
Tue May 23 18:21:47 2023 - INFO  - start to run testcase:oe_test_basic_del_user.
Tue May 23 18:21:59 2023 - INFO  - The case exit by code 0.
Tue May 23 18:22:00 2023 - INFO  - End to run testcase:oe_test_basic_del_user.
Tue May 23 18:22:01 2023 - INFO  - A total of 1 use cases were executed, with 1 successes and 0 failures.
Tue May 23 18:22:07 2023 - INFO  - start to run testcase:oe_test_basic_system_info.
Tue May 23 18:22:18 2023 - INFO  - The case exit by code 0.
Tue May 23 18:22:19 2023 - INFO  - End to run testcase:oe_test_basic_system_info.
Tue May 23 18:22:20 2023 - INFO  - A total of 1 use cases were executed, with 1 successes and 0 failures.
Tue May 23 18:22:26 2023 - INFO  - start to run testcase:oe_test_basic_set_pwd_empty.
Tue May 23 18:22:43 2023 - INFO  - The case exit by code 0.
Tue May 23 18:22:44 2023 - INFO  - End to run testcase:oe_test_basic_set_pwd_empty.
Tue May 23 18:22:45 2023 - INFO  - A total of 1 use cases were executed, with 1 successes and 0 failures.
Tue May 23 18:22:52 2023 - INFO  - start to run testcase:oe_test_httpd_check_configuration_status.
Tue May 23 18:25:22 2023 - INFO  - The case exit by code 0.
Tue May 23 18:25:23 2023 - INFO  - End to run testcase:oe_test_httpd_check_configuration_status.
Tue May 23 18:25:24 2023 - INFO  - A total of 1 use cases were executed, with 1 successes and 0 failures.
Tue May 23 18:25:31 2023 - INFO  - start to run testcase:oe_test_lvm_pvdispay.
Tue May 23 18:25:59 2023 - INFO  - The case exit by code 0.
Tue May 23 18:26:00 2023 - INFO  - End to run testcase:oe_test_lvm_pvdispay.
Tue May 23 18:26:01 2023 - INFO  - A total of 1 use cases were executed, with 1 successes and 0 failures.
Tue May 23 18:26:07 2023 - INFO  - start to run testcase:oe_test_basic_query_MEM.
Tue May 23 18:26:23 2023 - ERROR - The case exit by code 6.
Tue May 23 18:26:25 2023 - INFO  - End to run testcase:oe_test_basic_query_MEM.
Tue May 23 18:26:26 2023 - INFO  - A total of 1 use cases were executed, with 0 successes and 1 failures.
Tue May 23 18:26:31 2023 - INFO  - start to run testcase:oe_test_httpd_verify_web.
Tue May 23 18:29:28 2023 - ERROR - The case exit by code 1.
Tue May 23 18:29:30 2023 - INFO  - End to run testcase:oe_test_httpd_verify_web.
Tue May 23 18:29:31 2023 - INFO  - A total of 1 use cases were executed, with 0 successes and 1 failures.
Tue May 23 18:29:38 2023 - INFO  - start to run testcase:oe_test_basic_Hwclcok_setting.
Tue May 23 18:29:56 2023 - INFO  - The case exit by code 0.
Tue May 23 18:29:57 2023 - INFO  - End to run testcase:oe_test_basic_Hwclcok_setting.
Tue May 23 18:29:58 2023 - INFO  - A total of 1 use cases were executed, with 1 successes and 0 failures.
Tue May 23 18:30:04 2023 - INFO  - start to run testcase:oe_test_basic_mod_current_user_pwd.
Tue May 23 18:30:24 2023 - INFO  - The case exit by code 0.
Tue May 23 18:30:25 2023 - INFO  - End to run testcase:oe_test_basic_mod_current_user_pwd.
Tue May 23 18:30:26 2023 - INFO  - A total of 1 use cases were executed, with 1 successes and 0 failures.
Tue May 23 18:30:31 2023 - INFO  - start to run testcase:oe_test_lvm_lvreduce.
Tue May 23 18:31:10 2023 - ERROR - The case exit by code 3.
Tue May 23 18:31:11 2023 - INFO  - End to run testcase:oe_test_lvm_lvreduce.
Tue May 23 18:31:13 2023 - INFO  - A total of 1 use cases were executed, with 0 successes and 1 failures.
Tue May 23 18:31:19 2023 - INFO  - start to run testcase:oe_test_lvm_Manual_mount.
Tue May 23 18:31:58 2023 - ERROR - The case exit by code 6.
Tue May 23 18:31:59 2023 - INFO  - End to run testcase:oe_test_lvm_Manual_mount.
Tue May 23 18:32:00 2023 - INFO  - A total of 1 use cases were executed, with 0 successes and 1 failures.
Tue May 23 18:32:06 2023 - INFO  - start to run testcase:oe_test_lvm_pvchange.
Tue May 23 18:32:35 2023 - INFO  - The case exit by code 0.
Tue May 23 18:32:36 2023 - INFO  - End to run testcase:oe_test_lvm_pvchange.
Tue May 23 18:32:37 2023 - INFO  - A total of 1 use cases were executed, with 1 successes and 0 failures.
Tue May 23 18:32:43 2023 - INFO  - start to run testcase:oe_test_lvm_lvremove_lvchange.
Tue May 23 18:33:16 2023 - INFO  - The case exit by code 0.
Tue May 23 18:33:18 2023 - INFO  - End to run testcase:oe_test_lvm_lvremove_lvchange.
Tue May 23 18:33:19 2023 - INFO  - A total of 1 use cases were executed, with 1 successes and 0 failures.
Tue May 23 18:33:25 2023 - INFO  - start to run testcase:oe_test_basic_local_setting.
Tue May 23 18:33:41 2023 - INFO  - The case exit by code 0.
Tue May 23 18:33:42 2023 - INFO  - End to run testcase:oe_test_basic_local_setting.
Tue May 23 18:33:43 2023 - INFO  - A total of 1 use cases were executed, with 1 successes and 0 failures.
Tue May 23 18:33:49 2023 - INFO  - start to run testcase:oe_test_basic_query_cpu.
pgrep: pattern that searches for process name longer than 15 characters will result in zero matches
Try `pgrep -f' option to match against the complete command line.
Tue May 23 19:03:52 2023 - WARN  - The case execution timeout.
Tue May 23 19:03:54 2023 - ERROR - The case exit by code 143.
Tue May 23 19:03:55 2023 - INFO  - End to run testcase:oe_test_basic_query_cpu.
Tue May 23 19:03:56 2023 - INFO  - A total of 1 use cases were executed, with 0 successes and 1 failures.
Tue May 23 19:04:02 2023 - INFO  - start to run testcase:oe_test_lvm_lvcreate_lvdisplay.
Tue May 23 19:04:37 2023 - ERROR - The case exit by code 6.
Tue May 23 19:04:38 2023 - INFO  - End to run testcase:oe_test_lvm_lvcreate_lvdisplay.
Tue May 23 19:04:39 2023 - INFO  - A total of 1 use cases were executed, with 0 successes and 1 failures.
Tue May 23 19:04:45 2023 - INFO  - start to run testcase:oe_test_lvm_vgextend.
Tue May 23 19:05:17 2023 - ERROR - The case exit by code 2.
Tue May 23 19:05:18 2023 - INFO  - End to run testcase:oe_test_lvm_vgextend.
Tue May 23 19:05:19 2023 - INFO  - A total of 1 use cases were executed, with 0 successes and 1 failures.
Tue May 23 19:05:24 2023 - INFO  - start to run testcase:oe_test_basic_mod_user_home_directory.
Tue May 23 19:05:38 2023 - INFO  - The case exit by code 0.
Tue May 23 19:05:40 2023 - INFO  - End to run testcase:oe_test_basic_mod_user_home_directory.
Tue May 23 19:05:41 2023 - INFO  - A total of 1 use cases were executed, with 1 successes and 0 failures.
Tue May 23 19:05:46 2023 - INFO  - start to run testcase:oe_test_lvm_auto_mount.
Tue May 23 19:06:14 2023 - ERROR - The case exit by code 2.
Tue May 23 19:06:15 2023 - INFO  - End to run testcase:oe_test_lvm_auto_mount.
Tue May 23 19:06:16 2023 - INFO  - A total of 1 use cases were executed, with 0 successes and 1 failures.
Tue May 23 19:06:23 2023 - INFO  - start to run testcase:oe_test_basic_mod_UID.
Tue May 23 19:06:35 2023 - INFO  - The case exit by code 0.
Tue May 23 19:06:36 2023 - INFO  - End to run testcase:oe_test_basic_mod_UID.
Tue May 23 19:06:37 2023 - INFO  - A total of 1 use cases were executed, with 1 successes and 0 failures.
Tue May 23 19:06:43 2023 - INFO  - start to run testcase:oe_test_lvm_lvchange.
Tue May 23 19:07:12 2023 - INFO  - The case exit by code 0.
Tue May 23 19:07:13 2023 - INFO  - End to run testcase:oe_test_lvm_lvchange.
Tue May 23 19:07:14 2023 - INFO  - A total of 1 use cases were executed, with 1 successes and 0 failures.
Tue May 23 19:07:20 2023 - INFO  - start to run testcase:oe_test_lvm_lvresize_add.
Tue May 23 19:07:51 2023 - ERROR - The case exit by code 4.
Tue May 23 19:07:52 2023 - INFO  - End to run testcase:oe_test_lvm_lvresize_add.
Tue May 23 19:07:53 2023 - INFO  - A total of 1 use cases were executed, with 0 successes and 1 failures.
Tue May 23 19:07:58 2023 - INFO  - start to run testcase:oe_test_basic_view_disk_info.
Tue May 23 19:08:18 2023 - INFO  - The case exit by code 0.
Tue May 23 19:08:19 2023 - INFO  - End to run testcase:oe_test_basic_view_disk_info.
Tue May 23 19:08:20 2023 - INFO  - A total of 1 use cases were executed, with 1 successes and 0 failures.
Tue May 23 19:08:25 2023 - INFO  - start to run testcase:oe_test_dnf_package_operate.
Tue May 23 19:11:15 2023 - INFO  - The case exit by code 0.
Tue May 23 19:11:16 2023 - INFO  - End to run testcase:oe_test_dnf_package_operate.
Tue May 23 19:11:17 2023 - INFO  - A total of 1 use cases were executed, with 1 successes and 0 failures.
Tue May 23 19:11:22 2023 - INFO  - start to run testcase:oe_test_basic_configure_keyboard.
Tue May 23 19:11:37 2023 - INFO  - The case exit by code 0.
Tue May 23 19:11:38 2023 - INFO  - End to run testcase:oe_test_basic_configure_keyboard.
Tue May 23 19:11:39 2023 - INFO  - A total of 1 use cases were executed, with 1 successes and 0 failures.
Tue May 23 19:11:44 2023 - INFO  - start to run testcase:oe_test_lvm_pvremvoe.
Tue May 23 19:12:07 2023 - INFO  - The case exit by code 0.
Tue May 23 19:12:08 2023 - INFO  - End to run testcase:oe_test_lvm_pvremvoe.
Tue May 23 19:12:09 2023 - INFO  - A total of 1 use cases were executed, with 1 successes and 0 failures.
Tue May 23 19:12:14 2023 - INFO  - start to run testcase:oe_test_lvm_vgcreate_vgdisplay.
Tue May 23 19:12:41 2023 - INFO  - The case exit by code 0.
Tue May 23 19:12:42 2023 - INFO  - End to run testcase:oe_test_lvm_vgcreate_vgdisplay.
Tue May 23 19:12:43 2023 - INFO  - A total of 1 use cases were executed, with 1 successes and 0 failures.
Tue May 23 19:12:48 2023 - INFO  - start to run testcase:oe_test_httpd_manage_module_ssl.
Tue May 23 19:15:54 2023 - INFO  - The case exit by code 0.
Tue May 23 19:15:55 2023 - INFO  - End to run testcase:oe_test_httpd_manage_module_ssl.
Tue May 23 19:15:56 2023 - INFO  - A total of 1 use cases were executed, with 1 successes and 0 failures.
Tue May 23 19:16:01 2023 - INFO  - start to run testcase:oe_test_basic_set_time.
Wed Aug 14 15:00:13 2019 - INFO  - The case exit by code 0.
Wed Aug 14 15:00:14 2019 - INFO  - End to run testcase:oe_test_basic_set_time.
Wed Aug 14 15:00:15 2019 - INFO  - A total of 1 use cases were executed, with 1 successes and 0 failures.
Wed Aug 14 15:00:20 2019 - INFO  - start to run testcase:oe_test_basic_view_user_group_ids.
Wed Aug 14 15:00:30 2019 - INFO  - The case exit by code 0.
Wed Aug 14 15:00:31 2019 - INFO  - End to run testcase:oe_test_basic_view_user_group_ids.
Wed Aug 14 15:00:32 2019 - INFO  - A total of 1 use cases were executed, with 1 successes and 0 failures.
Wed Aug 14 15:00:37 2019 - INFO  - start to run testcase:oe_test_dnf_source_set.
Wed Aug 14 15:01:02 2019 - ERROR - The case exit by code 1.
Wed Aug 14 15:01:04 2019 - INFO  - End to run testcase:oe_test_dnf_source_set.
Wed Aug 14 15:01:04 2019 - INFO  - A total of 1 use cases were executed, with 0 successes and 1 failures.
Wed Aug 14 15:01:10 2019 - INFO  - start to run testcase:oe_test_dnf_package_group_operate.
Wed Aug 14 15:01:58 2019 - ERROR - The case exit by code 4.
Wed Aug 14 15:01:59 2019 - INFO  - End to run testcase:oe_test_dnf_package_group_operate.
Wed Aug 14 15:02:00 2019 - INFO  - A total of 1 use cases were executed, with 0 successes and 1 failures.
Wed Aug 14 15:02:05 2019 - INFO  - start to run testcase:oe_test_lvm_shrink_roll_group.
Wed Aug 14 15:02:39 2019 - ERROR - The case exit by code 5.
Wed Aug 14 15:02:40 2019 - INFO  - End to run testcase:oe_test_lvm_shrink_roll_group.
Wed Aug 14 15:02:41 2019 - INFO  - A total of 1 use cases were executed, with 0 successes and 1 failures.
Wed Aug 14 15:02:47 2019 - INFO  - start to run testcase:oe_test_basic_add_user.
Wed Aug 14 15:03:01 2019 - INFO  - The case exit by code 0.
Wed Aug 14 15:03:02 2019 - INFO  - End to run testcase:oe_test_basic_add_user.
Wed Aug 14 15:03:03 2019 - INFO  - A total of 1 use cases were executed, with 1 successes and 0 failures.
Wed Aug 14 15:03:08 2019 - INFO  - start to run testcase:oe_test_basic_related_account_info.
Wed Aug 14 15:03:17 2019 - INFO  - The case exit by code 0.
Wed Aug 14 15:03:18 2019 - INFO  - End to run testcase:oe_test_basic_related_account_info.
Wed Aug 14 15:03:19 2019 - INFO  - A total of 1 use cases were executed, with 1 successes and 0 failures.
Wed Aug 14 15:03:24 2019 - INFO  - start to run testcase:oe_test_lvm_lvresize_reduce.
Wed Aug 14 15:03:55 2019 - ERROR - The case exit by code 3.
Wed Aug 14 15:03:56 2019 - INFO  - End to run testcase:oe_test_lvm_lvresize_reduce.
Wed Aug 14 15:03:57 2019 - INFO  - A total of 1 use cases were executed, with 0 successes and 1 failures.
Wed Aug 14 15:04:03 2019 - INFO  - start to run testcase:oe_test_dnf_display_config_info.
Wed Aug 14 15:04:34 2019 - INFO  - The case exit by code 0.
Wed Aug 14 15:04:35 2019 - INFO  - End to run testcase:oe_test_dnf_display_config_info.
Wed Aug 14 15:04:36 2019 - INFO  - A total of 1 use cases were executed, with 1 successes and 0 failures.
Wed Aug 14 15:04:41 2019 - INFO  - start to run testcase:oe_test_lvm_lvextend.
Wed Aug 14 15:05:14 2019 - ERROR - The case exit by code 1.
Wed Aug 14 15:05:15 2019 - INFO  - End to run testcase:oe_test_lvm_lvextend.
Wed Aug 14 15:05:16 2019 - INFO  - A total of 1 use cases were executed, with 0 successes and 1 failures.
Wed Aug 14 15:05:22 2019 - INFO  - start to run testcase:oe_test_basic_expiration_time_setting.
Wed Aug 14 15:05:35 2019 - INFO  - The case exit by code 0.
Wed Aug 14 15:05:36 2019 - INFO  - End to run testcase:oe_test_basic_expiration_time_setting.
Wed Aug 14 15:05:37 2019 - INFO  - A total of 1 use cases were executed, with 1 successes and 0 failures.
Wed Aug 14 15:05:42 2019 - INFO  - start to run testcase:oe_test_lvm_vgchange_vgremove.
Wed Aug 14 15:06:09 2019 - INFO  - The case exit by code 0.
Wed Aug 14 15:06:10 2019 - INFO  - End to run testcase:oe_test_lvm_vgchange_vgremove.
Wed Aug 14 15:06:11 2019 - INFO  - A total of 1 use cases were executed, with 1 successes and 0 failures.
Wed Aug 14 15:06:17 2019 - INFO  - start to run testcase:oe_test_lvm_pvcreate.
Wed Aug 14 15:06:52 2019 - ERROR - The case exit by code 8.
Wed Aug 14 15:06:53 2019 - INFO  - End to run testcase:oe_test_lvm_pvcreate.
Wed Aug 14 15:06:54 2019 - INFO  - A total of 1 use cases were executed, with 0 successes and 1 failures.
Wed Aug 14 15:07:00 2019 - INFO  - start to run testcase:oe_test_mysql_backup_restore_db.
Wed Aug 14 15:09:33 2019 - ERROR - The case exit by code 17.
Wed Aug 14 15:09:34 2019 - INFO  - End to run testcase:oe_test_mysql_backup_restore_db.
Wed Aug 14 15:09:35 2019 - INFO  - A total of 1 use cases were executed, with 0 successes and 1 failures.
Wed Aug 14 15:09:41 2019 - INFO  - start to run testcase:oe_test_httpd_transfer_start_stop_restart.
Wed Aug 14 15:11:30 2019 - ERROR - The case exit by code 10.
Wed Aug 14 15:11:31 2019 - INFO  - End to run testcase:oe_test_httpd_transfer_start_stop_restart.
Wed Aug 14 15:11:32 2019 - INFO  - A total of 1 use cases were executed, with 0 successes and 1 failures.
Wed Aug 14 15:11:38 2019 - INFO  - start to run testcase:oe_test_mariadb_grant_delete_authorization.
Wed Aug 14 15:12:40 2019 - ERROR - The case exit by code 2.
Wed Aug 14 15:12:41 2019 - INFO  - End to run testcase:oe_test_mariadb_grant_delete_authorization.
Wed Aug 14 15:12:42 2019 - INFO  - A total of 1 use cases were executed, with 0 successes and 1 failures.
Wed Aug 14 15:12:47 2019 - INFO  - start to run testcase:oe_test_mysql_configuration.
Wed Aug 14 15:14:07 2019 - ERROR - The case exit by code 6.
Wed Aug 14 15:14:08 2019 - INFO  - End to run testcase:oe_test_mysql_configuration.
Wed Aug 14 15:14:09 2019 - INFO  - A total of 1 use cases were executed, with 0 successes and 1 failures.
Wed Aug 14 15:14:14 2019 - INFO  - start to run testcase:oe_test_mysql_create_view_user.
Wed Aug 14 15:15:39 2019 - ERROR - The case exit by code 8.
Wed Aug 14 15:15:40 2019 - INFO  - End to run testcase:oe_test_mysql_create_view_user.
Wed Aug 14 15:15:41 2019 - INFO  - A total of 1 use cases were executed, with 0 successes and 1 failures.
Wed Aug 14 15:15:46 2019 - INFO  - start to run testcase:oe_test_mysql_create_view_select_delete_db.
Wed Aug 14 15:17:11 2019 - ERROR - The case exit by code 8.
Wed Aug 14 15:17:13 2019 - INFO  - End to run testcase:oe_test_mysql_create_view_select_delete_db.
Wed Aug 14 15:17:13 2019 - INFO  - A total of 1 use cases were executed, with 0 successes and 1 failures.
Wed Aug 14 15:17:19 2019 - INFO  - start to run testcase:oe_test_mariadb_install_run_uninstall.
Wed Aug 14 15:18:20 2019 - ERROR - The case exit by code 2.
Wed Aug 14 15:18:21 2019 - INFO  - End to run testcase:oe_test_mariadb_install_run_uninstall.
Wed Aug 14 15:18:22 2019 - INFO  - A total of 1 use cases were executed, with 0 successes and 1 failures.
Wed Aug 14 15:18:28 2019 - INFO  - start to run testcase:oe_test_mariadb_create_view_select_delete_db.
Wed Aug 14 15:19:28 2019 - ERROR - The case exit by code 3.
Wed Aug 14 15:19:29 2019 - INFO  - End to run testcase:oe_test_mariadb_create_view_select_delete_db.
Wed Aug 14 15:19:30 2019 - INFO  - A total of 1 use cases were executed, with 0 successes and 1 failures.
Wed Aug 14 15:19:35 2019 - INFO  - start to run testcase:oe_test_mysql_grant_delete_authorization.
Wed Aug 14 15:21:02 2019 - ERROR - The case exit by code 9.
Wed Aug 14 15:21:03 2019 - INFO  - End to run testcase:oe_test_mysql_grant_delete_authorization.
Wed Aug 14 15:21:04 2019 - INFO  - A total of 1 use cases were executed, with 0 successes and 1 failures.
Wed Aug 14 15:21:10 2019 - INFO  - start to run testcase:oe_test_mariadb_create_view_user.
Wed Aug 14 15:22:08 2019 - ERROR - The case exit by code 3.
Wed Aug 14 15:22:09 2019 - INFO  - End to run testcase:oe_test_mariadb_create_view_user.
Wed Aug 14 15:22:10 2019 - INFO  - A total of 1 use cases were executed, with 0 successes and 1 failures.
Wed Aug 14 15:22:16 2019 - INFO  - start to run testcase:oe_test_mariadb_backup_restore_db.
Wed Aug 14 15:23:30 2019 - ERROR - The case exit by code 15.
Wed Aug 14 15:23:32 2019 - INFO  - End to run testcase:oe_test_mariadb_backup_restore_db.
Wed Aug 14 15:23:33 2019 - INFO  - A total of 1 use cases were executed, with 0 successes and 1 failures.
Wed Aug 14 15:23:38 2019 - INFO  - start to run testcase:oe_test_httpd_verify_status.
Wed Aug 14 15:25:00 2019 - INFO  - The case exit by code 0.
Wed Aug 14 15:25:01 2019 - INFO  - End to run testcase:oe_test_httpd_verify_status.
Wed Aug 14 15:25:02 2019 - INFO  - A total of 1 use cases were executed, with 1 successes and 0 failures.
Wed Aug 14 15:25:07 2019 - INFO  - start to run testcase:oe_test_mariadb_modify_delete_user.
Wed Aug 14 15:26:07 2019 - ERROR - The case exit by code 1.
Wed Aug 14 15:26:08 2019 - INFO  - End to run testcase:oe_test_mariadb_modify_delete_user.
Wed Aug 14 15:26:09 2019 - INFO  - A total of 1 use cases were executed, with 0 successes and 1 failures.
Wed Aug 14 15:26:14 2019 - INFO  - start to run testcase:oe_test_dnf_create_local_repository.
Wed Aug 14 15:27:09 2019 - ERROR - The case exit by code 2.
Wed Aug 14 15:27:10 2019 - INFO  - End to run testcase:oe_test_dnf_create_local_repository.
Wed Aug 14 15:27:11 2019 - INFO  - A total of 1 use cases were executed, with 0 successes and 1 failures.
Wed Aug 14 15:27:17 2019 - INFO  - start to run testcase:oe_test_nmcli_config_dynamic_IP.
Wed Aug 14 15:27:33 2019 - ERROR - The case exit by code 3.
Wed Aug 14 15:27:34 2019 - INFO  - End to run testcase:oe_test_nmcli_config_dynamic_IP.
Wed Aug 14 15:27:35 2019 - INFO  - A total of 1 use cases were executed, with 0 successes and 1 failures.
Wed Aug 14 15:27:41 2019 - INFO  - start to run testcase:oe_test_postgresql_create_delete_roles.
Wed Aug 14 15:29:01 2019 - ERROR - The case exit by code 4.
Wed Aug 14 15:29:02 2019 - INFO  - End to run testcase:oe_test_postgresql_create_delete_roles.
Wed Aug 14 15:29:03 2019 - INFO  - A total of 1 use cases were executed, with 0 successes and 1 failures.
Wed Aug 14 15:29:08 2019 - INFO  - start to run testcase:oe_test_postgresql_backup_restore_db.
Wed Aug 14 15:30:20 2019 - ERROR - The case exit by code 3.
Wed Aug 14 15:30:22 2019 - INFO  - End to run testcase:oe_test_postgresql_backup_restore_db.
Wed Aug 14 15:30:23 2019 - INFO  - A total of 1 use cases were executed, with 0 successes and 1 failures.
Wed Aug 14 15:30:29 2019 - INFO  - start to run testcase:oe_test_nmcli_query_link.
Wed Aug 14 15:30:49 2019 - ERROR - The case exit by code 4.
Wed Aug 14 15:30:50 2019 - INFO  - End to run testcase:oe_test_nmcli_query_link.
Wed Aug 14 15:30:51 2019 - INFO  - A total of 1 use cases were executed, with 0 successes and 1 failures.
Wed Aug 14 15:30:57 2019 - INFO  - start to run testcase:oe_test_postgresql_create_run_delete.
Wed Aug 14 15:32:07 2019 - ERROR - The case exit by code 5.
Wed Aug 14 15:32:08 2019 - INFO  - End to run testcase:oe_test_postgresql_create_run_delete.
Wed Aug 14 15:32:09 2019 - INFO  - A total of 1 use cases were executed, with 0 successes and 1 failures.
Wed Aug 14 15:32:15 2019 - INFO  - start to run testcase:oe_test_nmcli_mod_attribute.
Wed Aug 14 15:32:32 2019 - ERROR - The case exit by code 4.
Wed Aug 14 15:32:33 2019 - INFO  - End to run testcase:oe_test_nmcli_mod_attribute.
Wed Aug 14 15:32:34 2019 - INFO  - A total of 1 use cases were executed, with 0 successes and 1 failures.
Wed Aug 14 15:32:39 2019 - INFO  - start to run testcase:oe_test_postgresql_change_roles.
Wed Aug 14 15:33:49 2019 - ERROR - The case exit by code 2.
Wed Aug 14 15:33:50 2019 - INFO  - End to run testcase:oe_test_postgresql_change_roles.
Wed Aug 14 15:33:51 2019 - INFO  - A total of 1 use cases were executed, with 0 successes and 1 failures.
Wed Aug 14 15:33:56 2019 - INFO  - start to run testcase:oe_test_postgresql_create_delete_db.
Wed Aug 14 15:35:04 2019 - ERROR - The case exit by code 3.
Wed Aug 14 15:35:05 2019 - INFO  - End to run testcase:oe_test_postgresql_create_delete_db.
Wed Aug 14 15:35:06 2019 - INFO  - A total of 1 use cases were executed, with 0 successes and 1 failures.
Wed Aug 14 15:35:11 2019 - INFO  - start to run testcase:oe_test_nmcli_config_static_IP.
Wed Aug 14 15:35:34 2019 - ERROR - The case exit by code 8.
Wed Aug 14 15:35:35 2019 - INFO  - End to run testcase:oe_test_nmcli_config_static_IP.
Wed Aug 14 15:35:36 2019 - INFO  - A total of 1 use cases were executed, with 0 successes and 1 failures.
Wed Aug 14 15:35:41 2019 - INFO  - start to run testcase:oe_test_nmcli_use_bonding.
Wed Aug 14 15:36:05 2019 - ERROR - The case exit by code 5.
Wed Aug 14 15:36:06 2019 - INFO  - End to run testcase:oe_test_nmcli_use_bonding.
Wed Aug 14 15:36:07 2019 - INFO  - A total of 1 use cases were executed, with 0 successes and 1 failures.
Wed Aug 14 15:36:13 2019 - INFO  - start to run testcase:oe_test_nmcli_config_hostname.
Wed Aug 14 15:36:28 2019 - INFO  - The case exit by code 0.
Wed Aug 14 15:36:29 2019 - INFO  - End to run testcase:oe_test_nmcli_config_hostname.
Wed Aug 14 15:36:30 2019 - INFO  - A total of 1 use cases were executed, with 1 successes and 0 failures.
Wed Aug 14 15:36:35 2019 - INFO  - start to run testcase:oe_test_nginx_manage_status.
Wed Aug 14 15:37:39 2019 - ERROR - The case exit by code 7.
Wed Aug 14 15:37:40 2019 - INFO  - End to run testcase:oe_test_nginx_manage_status.
Wed Aug 14 15:37:41 2019 - INFO  - A total of 1 use cases were executed, with 0 successes and 1 failures.
Wed Aug 14 15:37:46 2019 - INFO  - start to run testcase:oe_test_mysql_modify_delete_user.
Wed Aug 14 15:39:09 2019 - ERROR - The case exit by code 9.
Wed Aug 14 15:39:10 2019 - INFO  - End to run testcase:oe_test_mysql_modify_delete_user.
Wed Aug 14 15:39:11 2019 - INFO  - A total of 1 use cases were executed, with 0 successes and 1 failures.
Wed Aug 14 15:39:16 2019 - INFO  - start to run testcase:oe_test_nginx_check_configuration.
Wed Aug 14 15:40:13 2019 - ERROR - The case exit by code 1.
Wed Aug 14 15:40:14 2019 - INFO  - End to run testcase:oe_test_nginx_check_configuration.
Wed Aug 14 15:40:15 2019 - INFO  - A total of 1 use cases were executed, with 0 successes and 1 failures.
Wed Aug 14 15:40:20 2019 - INFO  - start to run testcase:oe_test_procmgmt_who.
Wed Aug 14 15:40:30 2019 - ERROR - The case exit by code 2.
Wed Aug 14 15:40:31 2019 - INFO  - End to run testcase:oe_test_procmgmt_who.
Wed Aug 14 15:40:32 2019 - INFO  - A total of 1 use cases were executed, with 0 successes and 1 failures.
Wed Aug 14 15:40:38 2019 - INFO  - start to run testcase:oe_test_procmgmt_ps_top_kill.
Wed Aug 14 15:40:48 2019 - INFO  - The case exit by code 0.
Wed Aug 14 15:40:49 2019 - INFO  - End to run testcase:oe_test_procmgmt_ps_top_kill.
Wed Aug 14 15:40:50 2019 - INFO  - A total of 1 use cases were executed, with 1 successes and 0 failures.
Wed Aug 14 15:40:55 2019 - INFO  - start to run testcase:oe_test_set_XLL_Forwarding.
Wed Aug 14 15:41:03 2019 - INFO  - The case exit by code 0.
Wed Aug 14 15:41:05 2019 - INFO  - End to run testcase:oe_test_set_XLL_Forwarding.
Wed Aug 14 15:41:06 2019 - INFO  - A total of 1 use cases were executed, with 1 successes and 0 failures.
Wed Aug 14 15:41:11 2019 - INFO  - start to run testcase:oe_test_procmgmt_run_programs_regularly.
Wed Aug 14 15:41:59 2019 - ERROR - The case exit by code 1.
Wed Aug 14 15:42:00 2019 - INFO  - End to run testcase:oe_test_procmgmt_run_programs_regularly.
Wed Aug 14 15:42:01 2019 - INFO  - A total of 1 use cases were executed, with 0 successes and 1 failures.
Wed Aug 14 15:42:07 2019 - INFO  - start to run testcase:oe_test_vsftpd_start_stop.
Wed Aug 14 15:42:58 2019 - ERROR - The case exit by code 4.
Wed Aug 14 15:42:59 2019 - INFO  - End to run testcase:oe_test_vsftpd_start_stop.
Wed Aug 14 15:43:00 2019 - INFO  - A total of 1 use cases were executed, with 0 successes and 1 failures.
Wed Aug 14 15:43:06 2019 - INFO  - start to run testcase:oe_test_server_verify_service_status.
Wed Aug 14 15:44:05 2019 - INFO  - The case exit by code 0.
Wed Aug 14 15:44:06 2019 - INFO  - End to run testcase:oe_test_server_verify_service_status.
Wed Aug 14 15:44:07 2019 - INFO  - A total of 1 use cases were executed, with 1 successes and 0 failures.
Wed Aug 14 15:44:12 2019 - INFO  - start to run testcase:oe_test_server_operate_service.
Wed Aug 14 15:45:08 2019 - ERROR - The case exit by code 6.
Wed Aug 14 15:45:09 2019 - INFO  - End to run testcase:oe_test_server_operate_service.
Wed Aug 14 15:45:10 2019 - INFO  - A total of 1 use cases were executed, with 0 successes and 1 failures.
Wed Aug 14 15:45:16 2019 - INFO  - start to run testcase:oe_test_procmgmt_create_another_cron_file.
Wed Aug 14 15:45:25 2019 - INFO  - The case exit by code 0.
Wed Aug 14 15:45:26 2019 - INFO  - End to run testcase:oe_test_procmgmt_create_another_cron_file.
Wed Aug 14 15:45:27 2019 - INFO  - A total of 1 use cases were executed, with 1 successes and 0 failures.
Wed Aug 14 15:45:32 2019 - INFO  - start to run testcase:oe_test_postgresql_grant_delete_authorization.
Wed Aug 14 15:46:37 2019 - ERROR - The case exit by code 2.
Wed Aug 14 15:46:38 2019 - INFO  - End to run testcase:oe_test_postgresql_grant_delete_authorization.
Wed Aug 14 15:46:39 2019 - INFO  - A total of 1 use cases were executed, with 0 successes and 1 failures.
Wed Aug 14 15:46:44 2019 - INFO  - start to run testcase:oe_test_vsftpd_conf.
Wed Aug 14 15:47:43 2019 - ERROR - The case exit by code 8.
Wed Aug 14 15:47:44 2019 - INFO  - End to run testcase:oe_test_vsftpd_conf.
Wed Aug 14 15:47:45 2019 - INFO  - A total of 1 use cases were executed, with 0 successes and 1 failures.
Wed Aug 14 15:47:51 2019 - INFO  - start to run testcase:oe_test_ip_cmd_addr.
Wed Aug 14 15:48:10 2019 - ERROR - The case exit by code 6.
Wed Aug 14 15:48:11 2019 - INFO  - End to run testcase:oe_test_ip_cmd_addr.
Wed Aug 14 15:48:12 2019 - INFO  - A total of 1 use cases were executed, with 0 successes and 1 failures.
Wed Aug 14 15:48:17 2019 - INFO  - start to run testcase:oe_test_ip_cmd_route.
Wed Aug 14 15:48:33 2019 - ERROR - The case exit by code 4.
Wed Aug 14 15:48:34 2019 - INFO  - End to run testcase:oe_test_ip_cmd_route.
Wed Aug 14 15:48:35 2019 - INFO  - A total of 1 use cases were executed, with 0 successes and 1 failures.
Wed Aug 14 15:48:40 2019 - INFO  - start to run testcase:oe_test_ip_cmd_rule.
Wed Aug 14 15:48:56 2019 - ERROR - The case exit by code 4.
Wed Aug 14 15:48:57 2019 - INFO  - End to run testcase:oe_test_ip_cmd_rule.
Wed Aug 14 15:48:58 2019 - INFO  - A total of 1 use cases were executed, with 0 successes and 1 failures.
Wed Aug 14 15:49:03 2019 - INFO  - start to run testcase:oe_test_ip_config_mtu.
Wed Aug 14 15:49:21 2019 - ERROR - The case exit by code 6.
Wed Aug 14 15:49:22 2019 - INFO  - End to run testcase:oe_test_ip_config_mtu.
Wed Aug 14 15:49:23 2019 - INFO  - A total of 1 use cases were executed, with 0 successes and 1 failures.
Wed Aug 14 15:49:28 2019 - INFO  - start to run testcase:oe_test_ip_config_multiple_address.
Wed Aug 14 15:49:43 2019 - ERROR - The case exit by code 3.
Wed Aug 14 15:49:44 2019 - INFO  - End to run testcase:oe_test_ip_config_multiple_address.
Wed Aug 14 15:49:45 2019 - INFO  - A total of 1 use cases were executed, with 0 successes and 1 failures.
Wed Aug 14 15:49:51 2019 - INFO  - start to run testcase:oe_test_ip_config_static_address.
Wed Aug 14 15:50:04 2019 - ERROR - The case exit by code 2.
Wed Aug 14 15:50:05 2019 - INFO  - End to run testcase:oe_test_ip_config_static_address.
Wed Aug 14 15:50:06 2019 - INFO  - A total of 1 use cases were executed, with 0 successes and 1 failures.
Wed Aug 14 15:50:12 2019 - INFO  - start to run testcase:oe_test_ip_config_static_route.
Wed Aug 14 15:50:27 2019 - ERROR - The case exit by code 4.
Wed Aug 14 15:50:28 2019 - INFO  - End to run testcase:oe_test_ip_config_static_route.
Wed Aug 14 15:50:29 2019 - INFO  - A total of 1 use cases were executed, with 0 successes and 1 failures.
