Thu May 25 18:16:55 2023 - INFO  - start to run testcase:oe_test_sqlite_alter_01.
Thu May 25 18:17:09 2023 - INFO  - The case exit by code 0.
Thu May 25 18:17:10 2023 - INFO  - End to run testcase:oe_test_sqlite_alter_01.
Thu May 25 18:17:11 2023 - INFO  - A total of 1 use cases were executed, with 1 successes and 0 failures.
Thu May 25 18:17:17 2023 - INFO  - start to run testcase:oe_test_sqlite_command_01.
Thu May 25 18:17:52 2023 - INFO  - The case exit by code 0.
Thu May 25 18:17:53 2023 - INFO  - End to run testcase:oe_test_sqlite_command_01.
Thu May 25 18:17:54 2023 - INFO  - A total of 1 use cases were executed, with 1 successes and 0 failures.
Thu May 25 18:18:00 2023 - INFO  - start to run testcase:oe_test_sqlite_command_02.
Thu May 25 18:18:21 2023 - INFO  - The case exit by code 0.
Thu May 25 18:18:22 2023 - INFO  - End to run testcase:oe_test_sqlite_command_02.
Thu May 25 18:18:23 2023 - INFO  - A total of 1 use cases were executed, with 1 successes and 0 failures.
Thu May 25 18:18:28 2023 - INFO  - start to run testcase:oe_test_sqlite_command_03.
Thu May 25 18:18:40 2023 - INFO  - The case exit by code 0.
Thu May 25 18:18:41 2023 - INFO  - End to run testcase:oe_test_sqlite_command_03.
Thu May 25 18:18:42 2023 - INFO  - A total of 1 use cases were executed, with 1 successes and 0 failures.
Thu May 25 18:18:48 2023 - INFO  - start to run testcase:oe_test_sqlite_command_04.
Thu May 25 18:18:59 2023 - INFO  - The case exit by code 0.
Thu May 25 18:19:00 2023 - INFO  - End to run testcase:oe_test_sqlite_command_04.
Thu May 25 18:19:01 2023 - INFO  - A total of 1 use cases were executed, with 1 successes and 0 failures.
Thu May 25 18:19:08 2023 - INFO  - start to run testcase:oe_test_sqlite_command_05.
Thu May 25 18:19:21 2023 - INFO  - The case exit by code 0.
Thu May 25 18:19:22 2023 - INFO  - End to run testcase:oe_test_sqlite_command_05.
Thu May 25 18:19:23 2023 - INFO  - A total of 1 use cases were executed, with 1 successes and 0 failures.
Thu May 25 18:19:29 2023 - INFO  - start to run testcase:oe_test_sqlite_command_06.
Thu May 25 18:19:51 2023 - INFO  - The case exit by code 0.
Thu May 25 18:19:52 2023 - INFO  - End to run testcase:oe_test_sqlite_command_06.
Thu May 25 18:19:53 2023 - INFO  - A total of 1 use cases were executed, with 1 successes and 0 failures.
Thu May 25 18:19:59 2023 - INFO  - start to run testcase:oe_test_sqlite_command_07.
Thu May 25 18:20:11 2023 - INFO  - The case exit by code 0.
Thu May 25 18:20:12 2023 - INFO  - End to run testcase:oe_test_sqlite_command_07.
Thu May 25 18:20:13 2023 - INFO  - A total of 1 use cases were executed, with 1 successes and 0 failures.
Thu May 25 18:20:18 2023 - INFO  - start to run testcase:oe_test_sqlite_command_08.
Thu May 25 18:20:32 2023 - INFO  - The case exit by code 0.
Thu May 25 18:20:33 2023 - INFO  - End to run testcase:oe_test_sqlite_command_08.
Thu May 25 18:20:34 2023 - INFO  - A total of 1 use cases were executed, with 1 successes and 0 failures.
Thu May 25 18:20:40 2023 - INFO  - start to run testcase:oe_test_sqlite_delete_01.
Thu May 25 18:20:51 2023 - INFO  - The case exit by code 0.
Thu May 25 18:20:53 2023 - INFO  - End to run testcase:oe_test_sqlite_delete_01.
Thu May 25 18:20:54 2023 - INFO  - A total of 1 use cases were executed, with 1 successes and 0 failures.
Thu May 25 18:20:59 2023 - INFO  - start to run testcase:oe_test_sqlite_function_01.
Thu May 25 18:21:11 2023 - INFO  - The case exit by code 0.
Thu May 25 18:21:13 2023 - INFO  - End to run testcase:oe_test_sqlite_function_01.
Thu May 25 18:21:14 2023 - INFO  - A total of 1 use cases were executed, with 1 successes and 0 failures.
Thu May 25 18:21:20 2023 - INFO  - start to run testcase:oe_test_sqlite_function_02.
Thu May 25 18:21:32 2023 - INFO  - The case exit by code 0.
Thu May 25 18:21:33 2023 - INFO  - End to run testcase:oe_test_sqlite_function_02.
Thu May 25 18:21:34 2023 - INFO  - A total of 1 use cases were executed, with 1 successes and 0 failures.
Thu May 25 18:21:39 2023 - INFO  - start to run testcase:oe_test_sqlite_function_03.
Thu May 25 18:21:52 2023 - INFO  - The case exit by code 0.
Thu May 25 18:21:53 2023 - INFO  - End to run testcase:oe_test_sqlite_function_03.
Thu May 25 18:21:54 2023 - INFO  - A total of 1 use cases were executed, with 1 successes and 0 failures.
Thu May 25 18:21:59 2023 - INFO  - start to run testcase:oe_test_sqlite_function_04.
Thu May 25 18:22:11 2023 - INFO  - The case exit by code 0.
Thu May 25 18:22:12 2023 - INFO  - End to run testcase:oe_test_sqlite_function_04.
Thu May 25 18:22:13 2023 - INFO  - A total of 1 use cases were executed, with 1 successes and 0 failures.
Thu May 25 18:22:18 2023 - INFO  - start to run testcase:oe_test_sqlite_update_01.
Thu May 25 18:22:31 2023 - INFO  - The case exit by code 0.
Thu May 25 18:22:33 2023 - INFO  - End to run testcase:oe_test_sqlite_update_01.
Thu May 25 18:22:34 2023 - INFO  - A total of 1 use cases were executed, with 1 successes and 0 failures.
Thu May 25 18:22:40 2023 - INFO  - start to run testcase:oe_test_sqlite_select_05.
Thu May 25 18:22:52 2023 - INFO  - The case exit by code 0.
Thu May 25 18:22:53 2023 - INFO  - End to run testcase:oe_test_sqlite_select_05.
Thu May 25 18:22:54 2023 - INFO  - A total of 1 use cases were executed, with 1 successes and 0 failures.
Thu May 25 18:23:01 2023 - INFO  - start to run testcase:oe_test_sqlite_create_06.
Thu May 25 18:23:12 2023 - INFO  - The case exit by code 0.
Thu May 25 18:23:13 2023 - INFO  - End to run testcase:oe_test_sqlite_create_06.
Thu May 25 18:23:14 2023 - INFO  - A total of 1 use cases were executed, with 1 successes and 0 failures.
