Mon Sep 11 21:20:43 2023 - INFO  - start to run testcase:oe_test_service_ctdb.
Mon Sep 11 21:22:32 2023 - ERROR - The case exit by code 4.
Mon Sep 11 21:22:32 2023 - INFO  - End to run testcase:oe_test_service_ctdb.
Mon Sep 11 21:22:33 2023 - INFO  - A total of 1 use cases were executed, with 0 successes and 1 failures.
Mon Sep 11 21:22:35 2023 - INFO  - start to run testcase:oe_test_service_nmb.
Mon Sep 11 21:23:26 2023 - INFO  - The case exit by code 0.
Mon Sep 11 21:23:27 2023 - INFO  - End to run testcase:oe_test_service_nmb.
Mon Sep 11 21:23:27 2023 - INFO  - A total of 1 use cases were executed, with 1 successes and 0 failures.
Mon Sep 11 21:23:30 2023 - INFO  - start to run testcase:oe_test_service_samba.
Mon Sep 11 21:27:12 2023 - ERROR - The case exit by code 2.
Mon Sep 11 21:27:13 2023 - INFO  - End to run testcase:oe_test_service_samba.
Mon Sep 11 21:27:13 2023 - INFO  - A total of 1 use cases were executed, with 0 successes and 1 failures.
Mon Sep 11 21:27:16 2023 - INFO  - start to run testcase:oe_test_service_smb.
Mon Sep 11 21:28:31 2023 - INFO  - The case exit by code 0.
Mon Sep 11 21:28:31 2023 - INFO  - End to run testcase:oe_test_service_smb.
Mon Sep 11 21:28:32 2023 - INFO  - A total of 1 use cases were executed, with 1 successes and 0 failures.
Mon Sep 11 21:28:34 2023 - INFO  - start to run testcase:oe_test_service_winbind.
Mon Sep 11 21:30:25 2023 - INFO  - The case exit by code 0.
Mon Sep 11 21:30:25 2023 - INFO  - End to run testcase:oe_test_service_winbind.
Mon Sep 11 21:30:26 2023 - INFO  - A total of 1 use cases were executed, with 1 successes and 0 failures.
