mugen.sh: line 99: export: `fe80::8975:b24a:88bd:ac32': not a valid identifier
Tue Aug 22 02:46:52 2023 - INFO  - start to run testcase:oe_test_service_ctdb.
Tue Aug 22 02:47:54 2023 - INFO  - The case exit by code 0.
Tue Aug 22 02:47:54 2023 - INFO  - End to run testcase:oe_test_service_ctdb.
Tue Aug 22 02:47:54 2023 - INFO  - A total of 1 use cases were executed, with 1 successes and 0 failures.
mugen.sh: line 99: export: `fe80::8975:b24a:88bd:ac32': not a valid identifier
Tue Aug 22 02:47:54 2023 - INFO  - start to run testcase:oe_test_service_nmb.
Tue Aug 22 02:48:55 2023 - INFO  - The case exit by code 0.
Tue Aug 22 02:48:55 2023 - INFO  - End to run testcase:oe_test_service_nmb.
Tue Aug 22 02:48:55 2023 - INFO  - A total of 1 use cases were executed, with 1 successes and 0 failures.
mugen.sh: line 99: export: `fe80::8975:b24a:88bd:ac32': not a valid identifier
Tue Aug 22 02:48:55 2023 - INFO  - start to run testcase:oe_test_service_samba.
Tue Aug 22 02:50:41 2023 - ERROR - The case exit by code 2.
Tue Aug 22 02:50:41 2023 - INFO  - End to run testcase:oe_test_service_samba.
Tue Aug 22 02:50:41 2023 - INFO  - A total of 1 use cases were executed, with 0 successes and 1 failures.
mugen.sh: line 99: export: `fe80::8975:b24a:88bd:ac32': not a valid identifier
Tue Aug 22 02:50:42 2023 - INFO  - start to run testcase:oe_test_service_smb.
Tue Aug 22 02:51:35 2023 - INFO  - The case exit by code 0.
Tue Aug 22 02:51:35 2023 - INFO  - End to run testcase:oe_test_service_smb.
Tue Aug 22 02:51:35 2023 - INFO  - A total of 1 use cases were executed, with 1 successes and 0 failures.
mugen.sh: line 99: export: `fe80::8975:b24a:88bd:ac32': not a valid identifier
Tue Aug 22 02:51:35 2023 - INFO  - start to run testcase:oe_test_service_winbind.
Tue Aug 22 02:52:15 2023 - INFO  - The case exit by code 0.
Tue Aug 22 02:52:15 2023 - INFO  - End to run testcase:oe_test_service_winbind.
Tue Aug 22 02:52:15 2023 - INFO  - A total of 1 use cases were executed, with 1 successes and 0 failures.
