Mon Sep 11 21:04:40 2023 - INFO  - start to run testcase:oe_test_sqlite_alter_01.
Mon Sep 11 21:04:47 2023 - INFO  - The case exit by code 0.
Mon Sep 11 21:04:47 2023 - INFO  - End to run testcase:oe_test_sqlite_alter_01.
Mon Sep 11 21:04:48 2023 - INFO  - A total of 1 use cases were executed, with 1 successes and 0 failures.
Mon Sep 11 21:04:50 2023 - INFO  - start to run testcase:oe_test_sqlite_command_01.
Mon Sep 11 21:05:19 2023 - INFO  - The case exit by code 0.
Mon Sep 11 21:05:20 2023 - INFO  - End to run testcase:oe_test_sqlite_command_01.
Mon Sep 11 21:05:20 2023 - INFO  - A total of 1 use cases were executed, with 1 successes and 0 failures.
Mon Sep 11 21:05:23 2023 - INFO  - start to run testcase:oe_test_sqlite_command_02.
Mon Sep 11 21:05:39 2023 - INFO  - The case exit by code 0.
Mon Sep 11 21:05:40 2023 - INFO  - End to run testcase:oe_test_sqlite_command_02.
Mon Sep 11 21:05:41 2023 - INFO  - A total of 1 use cases were executed, with 1 successes and 0 failures.
Mon Sep 11 21:05:43 2023 - INFO  - start to run testcase:oe_test_sqlite_command_03.
Mon Sep 11 21:05:50 2023 - INFO  - The case exit by code 0.
Mon Sep 11 21:05:51 2023 - INFO  - End to run testcase:oe_test_sqlite_command_03.
Mon Sep 11 21:05:51 2023 - INFO  - A total of 1 use cases were executed, with 1 successes and 0 failures.
Mon Sep 11 21:05:54 2023 - INFO  - start to run testcase:oe_test_sqlite_command_04.
Mon Sep 11 21:06:01 2023 - INFO  - The case exit by code 0.
Mon Sep 11 21:06:01 2023 - INFO  - End to run testcase:oe_test_sqlite_command_04.
Mon Sep 11 21:06:02 2023 - INFO  - A total of 1 use cases were executed, with 1 successes and 0 failures.
Mon Sep 11 21:06:05 2023 - INFO  - start to run testcase:oe_test_sqlite_command_05.
Mon Sep 11 21:06:11 2023 - INFO  - The case exit by code 0.
Mon Sep 11 21:06:12 2023 - INFO  - End to run testcase:oe_test_sqlite_command_05.
Mon Sep 11 21:06:12 2023 - INFO  - A total of 1 use cases were executed, with 1 successes and 0 failures.
Mon Sep 11 21:06:15 2023 - INFO  - start to run testcase:oe_test_sqlite_command_06.
Mon Sep 11 21:06:31 2023 - INFO  - The case exit by code 0.
Mon Sep 11 21:06:31 2023 - INFO  - End to run testcase:oe_test_sqlite_command_06.
Mon Sep 11 21:06:32 2023 - INFO  - A total of 1 use cases were executed, with 1 successes and 0 failures.
Mon Sep 11 21:06:34 2023 - INFO  - start to run testcase:oe_test_sqlite_command_07.
Mon Sep 11 21:06:41 2023 - INFO  - The case exit by code 0.
Mon Sep 11 21:06:42 2023 - INFO  - End to run testcase:oe_test_sqlite_command_07.
Mon Sep 11 21:06:43 2023 - INFO  - A total of 1 use cases were executed, with 1 successes and 0 failures.
Mon Sep 11 21:06:45 2023 - INFO  - start to run testcase:oe_test_sqlite_command_08.
Mon Sep 11 21:06:52 2023 - INFO  - The case exit by code 0.
Mon Sep 11 21:06:53 2023 - INFO  - End to run testcase:oe_test_sqlite_command_08.
Mon Sep 11 21:06:54 2023 - INFO  - A total of 1 use cases were executed, with 1 successes and 0 failures.
Mon Sep 11 21:06:56 2023 - INFO  - start to run testcase:oe_test_sqlite_delete_01.
Mon Sep 11 21:07:03 2023 - INFO  - The case exit by code 0.
Mon Sep 11 21:07:03 2023 - INFO  - End to run testcase:oe_test_sqlite_delete_01.
Mon Sep 11 21:07:04 2023 - INFO  - A total of 1 use cases were executed, with 1 successes and 0 failures.
Mon Sep 11 21:07:06 2023 - INFO  - start to run testcase:oe_test_sqlite_function_01.
Mon Sep 11 21:07:13 2023 - INFO  - The case exit by code 0.
Mon Sep 11 21:07:13 2023 - INFO  - End to run testcase:oe_test_sqlite_function_01.
Mon Sep 11 21:07:14 2023 - INFO  - A total of 1 use cases were executed, with 1 successes and 0 failures.
Mon Sep 11 21:07:16 2023 - INFO  - start to run testcase:oe_test_sqlite_function_02.
Mon Sep 11 21:07:23 2023 - INFO  - The case exit by code 0.
Mon Sep 11 21:07:23 2023 - INFO  - End to run testcase:oe_test_sqlite_function_02.
Mon Sep 11 21:07:24 2023 - INFO  - A total of 1 use cases were executed, with 1 successes and 0 failures.
Mon Sep 11 21:07:26 2023 - INFO  - start to run testcase:oe_test_sqlite_function_03.
Mon Sep 11 21:07:34 2023 - INFO  - The case exit by code 0.
Mon Sep 11 21:07:34 2023 - INFO  - End to run testcase:oe_test_sqlite_function_03.
Mon Sep 11 21:07:35 2023 - INFO  - A total of 1 use cases were executed, with 1 successes and 0 failures.
Mon Sep 11 21:07:37 2023 - INFO  - start to run testcase:oe_test_sqlite_function_04.
Mon Sep 11 21:07:44 2023 - INFO  - The case exit by code 0.
Mon Sep 11 21:07:45 2023 - INFO  - End to run testcase:oe_test_sqlite_function_04.
Mon Sep 11 21:07:45 2023 - INFO  - A total of 1 use cases were executed, with 1 successes and 0 failures.
Mon Sep 11 21:07:48 2023 - INFO  - start to run testcase:oe_test_sqlite_update_01.
Mon Sep 11 21:07:54 2023 - INFO  - The case exit by code 0.
Mon Sep 11 21:07:55 2023 - INFO  - End to run testcase:oe_test_sqlite_update_01.
Mon Sep 11 21:07:55 2023 - INFO  - A total of 1 use cases were executed, with 1 successes and 0 failures.
Mon Sep 11 21:07:58 2023 - INFO  - start to run testcase:oe_test_sqlite_select_05.
Mon Sep 11 21:08:04 2023 - INFO  - The case exit by code 0.
Mon Sep 11 21:08:05 2023 - INFO  - End to run testcase:oe_test_sqlite_select_05.
Mon Sep 11 21:08:05 2023 - INFO  - A total of 1 use cases were executed, with 1 successes and 0 failures.
Mon Sep 11 21:08:08 2023 - INFO  - start to run testcase:oe_test_sqlite_create_06.
Mon Sep 11 21:08:14 2023 - INFO  - The case exit by code 0.
Mon Sep 11 21:08:14 2023 - INFO  - End to run testcase:oe_test_sqlite_create_06.
Mon Sep 11 21:08:15 2023 - INFO  - A total of 1 use cases were executed, with 1 successes and 0 failures.
