Mon Sep 11 21:04:42 2023 - INFO  - start to run testcase:oe_test_fftw_fftw-wisdom-to-conf.
Mon Sep 11 21:05:05 2023 - ERROR - The case exit by code 1.
Mon Sep 11 21:05:05 2023 - INFO  - End to run testcase:oe_test_fftw_fftw-wisdom-to-conf.
Mon Sep 11 21:05:06 2023 - INFO  - A total of 1 use cases were executed, with 0 successes and 1 failures.
Mon Sep 11 21:05:08 2023 - INFO  - start to run testcase:oe_test_fftw_fftw-wisdom_01.
Mon Sep 11 21:05:33 2023 - INFO  - The case exit by code 0.
Mon Sep 11 21:05:33 2023 - INFO  - End to run testcase:oe_test_fftw_fftw-wisdom_01.
Mon Sep 11 21:05:34 2023 - INFO  - A total of 1 use cases were executed, with 1 successes and 0 failures.
Mon Sep 11 21:05:36 2023 - INFO  - start to run testcase:oe_test_fftw_fftw-wisdom_02.
Mon Sep 11 21:05:59 2023 - ERROR - The case exit by code 3.
Mon Sep 11 21:05:59 2023 - INFO  - End to run testcase:oe_test_fftw_fftw-wisdom_02.
Mon Sep 11 21:06:00 2023 - INFO  - A total of 1 use cases were executed, with 0 successes and 1 failures.
Mon Sep 11 21:06:03 2023 - INFO  - start to run testcase:oe_test_fftw_fftw-wisdom_03.
Mon Sep 11 21:06:21 2023 - INFO  - The case exit by code 0.
Mon Sep 11 21:06:21 2023 - INFO  - End to run testcase:oe_test_fftw_fftw-wisdom_03.
Mon Sep 11 21:06:22 2023 - INFO  - A total of 1 use cases were executed, with 1 successes and 0 failures.
Mon Sep 11 21:06:24 2023 - INFO  - start to run testcase:oe_test_fftw_fftwf-wisdom_01.
Mon Sep 11 21:06:47 2023 - INFO  - The case exit by code 0.
Mon Sep 11 21:06:48 2023 - INFO  - End to run testcase:oe_test_fftw_fftwf-wisdom_01.
Mon Sep 11 21:06:48 2023 - INFO  - A total of 1 use cases were executed, with 1 successes and 0 failures.
Mon Sep 11 21:06:50 2023 - INFO  - start to run testcase:oe_test_fftw_fftwf-wisdom_02.
Mon Sep 11 21:07:11 2023 - ERROR - The case exit by code 3.
Mon Sep 11 21:07:12 2023 - INFO  - End to run testcase:oe_test_fftw_fftwf-wisdom_02.
Mon Sep 11 21:07:12 2023 - INFO  - A total of 1 use cases were executed, with 0 successes and 1 failures.
Mon Sep 11 21:07:15 2023 - INFO  - start to run testcase:oe_test_fftw_fftwf-wisdom_03.
Mon Sep 11 21:07:33 2023 - INFO  - The case exit by code 0.
Mon Sep 11 21:07:34 2023 - INFO  - End to run testcase:oe_test_fftw_fftwf-wisdom_03.
Mon Sep 11 21:07:34 2023 - INFO  - A total of 1 use cases were executed, with 1 successes and 0 failures.
Mon Sep 11 21:07:37 2023 - INFO  - start to run testcase:oe_test_fftw_fftwl-wisdom_01.
Mon Sep 11 21:07:59 2023 - INFO  - The case exit by code 0.
Mon Sep 11 21:08:00 2023 - INFO  - End to run testcase:oe_test_fftw_fftwl-wisdom_01.
Mon Sep 11 21:08:00 2023 - INFO  - A total of 1 use cases were executed, with 1 successes and 0 failures.
Mon Sep 11 21:08:03 2023 - INFO  - start to run testcase:oe_test_fftw_fftwl-wisdom_02.
Mon Sep 11 21:08:24 2023 - ERROR - The case exit by code 3.
Mon Sep 11 21:08:24 2023 - INFO  - End to run testcase:oe_test_fftw_fftwl-wisdom_02.
Mon Sep 11 21:08:25 2023 - INFO  - A total of 1 use cases were executed, with 0 successes and 1 failures.
Mon Sep 11 21:08:27 2023 - INFO  - start to run testcase:oe_test_fftw_fftwl-wisdom_03.
Mon Sep 11 21:08:45 2023 - INFO  - The case exit by code 0.
Mon Sep 11 21:08:45 2023 - INFO  - End to run testcase:oe_test_fftw_fftwl-wisdom_03.
Mon Sep 11 21:08:46 2023 - INFO  - A total of 1 use cases were executed, with 1 successes and 0 failures.
