mugen.sh: line 99: export: `fe80::8975:b24a:88bd:ac32': not a valid identifier
Tue Aug 22 02:12:09 2023 - INFO  - start to run testcase:oe_test_service_sssd-autofs.
Tue Aug 22 02:12:58 2023 - INFO  - The case exit by code 0.
Tue Aug 22 02:12:58 2023 - INFO  - End to run testcase:oe_test_service_sssd-autofs.
Tue Aug 22 02:12:58 2023 - INFO  - A total of 1 use cases were executed, with 1 successes and 0 failures.
mugen.sh: line 99: export: `fe80::8975:b24a:88bd:ac32': not a valid identifier
Tue Aug 22 02:12:58 2023 - INFO  - start to run testcase:oe_test_service_sssd-ifp.
Tue Aug 22 02:14:06 2023 - ERROR - The case exit by code 6.
Tue Aug 22 02:14:06 2023 - INFO  - End to run testcase:oe_test_service_sssd-ifp.
Tue Aug 22 02:14:06 2023 - INFO  - A total of 1 use cases were executed, with 0 successes and 1 failures.
mugen.sh: line 99: export: `fe80::8975:b24a:88bd:ac32': not a valid identifier
Tue Aug 22 02:14:07 2023 - INFO  - start to run testcase:oe_test_service_sssd-kcm.
Tue Aug 22 02:15:12 2023 - INFO  - The case exit by code 0.
Tue Aug 22 02:15:12 2023 - INFO  - End to run testcase:oe_test_service_sssd-kcm.
Tue Aug 22 02:15:12 2023 - INFO  - A total of 1 use cases were executed, with 1 successes and 0 failures.
mugen.sh: line 99: export: `fe80::8975:b24a:88bd:ac32': not a valid identifier
Tue Aug 22 02:15:12 2023 - INFO  - start to run testcase:oe_test_service_sssd-nss.
Tue Aug 22 02:15:52 2023 - INFO  - The case exit by code 0.
Tue Aug 22 02:15:52 2023 - INFO  - End to run testcase:oe_test_service_sssd-nss.
Tue Aug 22 02:15:52 2023 - INFO  - A total of 1 use cases were executed, with 1 successes and 0 failures.
mugen.sh: line 99: export: `fe80::8975:b24a:88bd:ac32': not a valid identifier
Tue Aug 22 02:15:52 2023 - INFO  - start to run testcase:oe_test_service_sssd-pac.
Tue Aug 22 02:16:44 2023 - INFO  - The case exit by code 0.
Tue Aug 22 02:16:44 2023 - INFO  - End to run testcase:oe_test_service_sssd-pac.
Tue Aug 22 02:16:44 2023 - INFO  - A total of 1 use cases were executed, with 1 successes and 0 failures.
mugen.sh: line 99: export: `fe80::8975:b24a:88bd:ac32': not a valid identifier
Tue Aug 22 02:16:44 2023 - INFO  - start to run testcase:oe_test_service_sssd-pam.
Tue Aug 22 02:17:26 2023 - INFO  - The case exit by code 0.
Tue Aug 22 02:17:27 2023 - INFO  - End to run testcase:oe_test_service_sssd-pam.
Tue Aug 22 02:17:27 2023 - INFO  - A total of 1 use cases were executed, with 1 successes and 0 failures.
mugen.sh: line 99: export: `fe80::8975:b24a:88bd:ac32': not a valid identifier
Tue Aug 22 02:17:27 2023 - INFO  - start to run testcase:oe_test_service_sssd.
Tue Aug 22 02:18:07 2023 - ERROR - The case exit by code 6.
Tue Aug 22 02:18:07 2023 - INFO  - End to run testcase:oe_test_service_sssd.
Tue Aug 22 02:18:07 2023 - INFO  - A total of 1 use cases were executed, with 0 successes and 1 failures.
mugen.sh: line 99: export: `fe80::8975:b24a:88bd:ac32': not a valid identifier
Tue Aug 22 02:18:07 2023 - INFO  - start to run testcase:oe_test_service_sssd-ssh.
Tue Aug 22 02:18:36 2023 - INFO  - The case exit by code 0.
Tue Aug 22 02:18:36 2023 - INFO  - End to run testcase:oe_test_service_sssd-ssh.
Tue Aug 22 02:18:36 2023 - INFO  - A total of 1 use cases were executed, with 1 successes and 0 failures.
mugen.sh: line 99: export: `fe80::8975:b24a:88bd:ac32': not a valid identifier
Tue Aug 22 02:18:36 2023 - INFO  - start to run testcase:oe_test_service_sssd-sudo.
Tue Aug 22 02:19:02 2023 - INFO  - The case exit by code 0.
Tue Aug 22 02:19:02 2023 - INFO  - End to run testcase:oe_test_service_sssd-sudo.
Tue Aug 22 02:19:02 2023 - INFO  - A total of 1 use cases were executed, with 1 successes and 0 failures.
mugen.sh: line 99: export: `fe80::8975:b24a:88bd:ac32': not a valid identifier
Tue Aug 22 02:19:02 2023 - INFO  - start to run testcase:oe_test_socket_sssd-autofs.
Tue Aug 22 02:19:46 2023 - ERROR - The case exit by code 6.
Tue Aug 22 02:19:47 2023 - INFO  - End to run testcase:oe_test_socket_sssd-autofs.
Tue Aug 22 02:19:47 2023 - INFO  - A total of 1 use cases were executed, with 0 successes and 1 failures.
mugen.sh: line 99: export: `fe80::8975:b24a:88bd:ac32': not a valid identifier
Tue Aug 22 02:19:47 2023 - INFO  - start to run testcase:oe_test_socket_sssd-kcm.
Tue Aug 22 02:20:27 2023 - INFO  - The case exit by code 0.
Tue Aug 22 02:20:27 2023 - INFO  - End to run testcase:oe_test_socket_sssd-kcm.
Tue Aug 22 02:20:27 2023 - INFO  - A total of 1 use cases were executed, with 1 successes and 0 failures.
mugen.sh: line 99: export: `fe80::8975:b24a:88bd:ac32': not a valid identifier
Tue Aug 22 02:20:27 2023 - INFO  - start to run testcase:oe_test_socket_sssd-nss.
Tue Aug 22 02:20:46 2023 - INFO  - The case exit by code 0.
Tue Aug 22 02:20:46 2023 - INFO  - End to run testcase:oe_test_socket_sssd-nss.
Tue Aug 22 02:20:46 2023 - INFO  - A total of 1 use cases were executed, with 1 successes and 0 failures.
mugen.sh: line 99: export: `fe80::8975:b24a:88bd:ac32': not a valid identifier
Tue Aug 22 02:20:46 2023 - INFO  - start to run testcase:oe_test_socket_sssd-pac.
Tue Aug 22 02:21:27 2023 - ERROR - The case exit by code 6.
Tue Aug 22 02:21:27 2023 - INFO  - End to run testcase:oe_test_socket_sssd-pac.
Tue Aug 22 02:21:27 2023 - INFO  - A total of 1 use cases were executed, with 0 successes and 1 failures.
mugen.sh: line 99: export: `fe80::8975:b24a:88bd:ac32': not a valid identifier
Tue Aug 22 02:21:28 2023 - INFO  - start to run testcase:oe_test_socket_sssd-pam-priv.
Tue Aug 22 02:21:49 2023 - INFO  - The case exit by code 0.
Tue Aug 22 02:21:49 2023 - INFO  - End to run testcase:oe_test_socket_sssd-pam-priv.
Tue Aug 22 02:21:49 2023 - INFO  - A total of 1 use cases were executed, with 1 successes and 0 failures.
mugen.sh: line 99: export: `fe80::8975:b24a:88bd:ac32': not a valid identifier
Tue Aug 22 02:21:49 2023 - INFO  - start to run testcase:oe_test_socket_sssd-pam.
Tue Aug 22 02:22:53 2023 - ERROR - The case exit by code 6.
Tue Aug 22 02:22:53 2023 - INFO  - End to run testcase:oe_test_socket_sssd-pam.
Tue Aug 22 02:22:53 2023 - INFO  - A total of 1 use cases were executed, with 0 successes and 1 failures.
mugen.sh: line 99: export: `fe80::8975:b24a:88bd:ac32': not a valid identifier
Tue Aug 22 02:22:53 2023 - INFO  - start to run testcase:oe_test_socket_sssd-ssh.
Tue Aug 22 02:23:43 2023 - ERROR - The case exit by code 6.
Tue Aug 22 02:23:43 2023 - INFO  - End to run testcase:oe_test_socket_sssd-ssh.
Tue Aug 22 02:23:43 2023 - INFO  - A total of 1 use cases were executed, with 0 successes and 1 failures.
mugen.sh: line 99: export: `fe80::8975:b24a:88bd:ac32': not a valid identifier
Tue Aug 22 02:23:43 2023 - INFO  - start to run testcase:oe_test_socket_sssd-sudo.
Tue Aug 22 02:24:57 2023 - ERROR - The case exit by code 6.
Tue Aug 22 02:24:57 2023 - INFO  - End to run testcase:oe_test_socket_sssd-sudo.
Tue Aug 22 02:24:57 2023 - INFO  - A total of 1 use cases were executed, with 0 successes and 1 failures.
