Wed May 24 18:27:44 2023 - INFO  - start to run testcase:oe_test_who.
Wed May 24 18:27:56 2023 - ERROR - The case exit by code 2.
Wed May 24 18:27:57 2023 - INFO  - End to run testcase:oe_test_who.
Wed May 24 18:27:58 2023 - INFO  - A total of 1 use cases were executed, with 0 successes and 1 failures.
Wed May 24 18:28:04 2023 - INFO  - start to run testcase:oe_test_tail.
Wed May 24 18:28:32 2023 - INFO  - The case exit by code 0.
Wed May 24 18:28:33 2023 - INFO  - End to run testcase:oe_test_tail.
Wed May 24 18:28:34 2023 - INFO  - A total of 1 use cases were executed, with 1 successes and 0 failures.
Wed May 24 18:28:40 2023 - INFO  - start to run testcase:oe_test_systool.
Wed May 24 18:29:53 2023 - INFO  - The case exit by code 0.
Wed May 24 18:29:54 2023 - INFO  - End to run testcase:oe_test_systool.
Wed May 24 18:29:55 2023 - INFO  - A total of 1 use cases were executed, with 1 successes and 0 failures.
Wed May 24 18:30:01 2023 - INFO  - start to run testcase:oe_test_awk.
Wed May 24 18:30:16 2023 - ERROR - The case exit by code 1.
Wed May 24 18:30:17 2023 - INFO  - End to run testcase:oe_test_awk.
Wed May 24 18:30:18 2023 - INFO  - A total of 1 use cases were executed, with 0 successes and 1 failures.
Wed May 24 18:30:25 2023 - INFO  - start to run testcase:oe_test_sdiff.
Wed May 24 18:30:50 2023 - INFO  - The case exit by code 0.
Wed May 24 18:30:51 2023 - INFO  - End to run testcase:oe_test_sdiff.
Wed May 24 18:30:52 2023 - INFO  - A total of 1 use cases were executed, with 1 successes and 0 failures.
Wed May 24 18:30:59 2023 - INFO  - start to run testcase:oe_test_diff3.
Wed May 24 18:31:27 2023 - INFO  - The case exit by code 0.
Wed May 24 18:31:28 2023 - INFO  - End to run testcase:oe_test_diff3.
Wed May 24 18:31:29 2023 - INFO  - A total of 1 use cases were executed, with 1 successes and 0 failures.
Wed May 24 18:31:36 2023 - INFO  - start to run testcase:oe_test_fuse.
Wed May 24 18:32:09 2023 - ERROR - The case exit by code 3.
Wed May 24 18:32:10 2023 - INFO  - End to run testcase:oe_test_fuse.
Wed May 24 18:32:11 2023 - INFO  - A total of 1 use cases were executed, with 0 successes and 1 failures.
Wed May 24 18:32:17 2023 - INFO  - start to run testcase:oe_test_zstd.
Wed May 24 18:32:46 2023 - INFO  - The case exit by code 0.
Wed May 24 18:32:48 2023 - INFO  - End to run testcase:oe_test_zstd.
Wed May 24 18:32:49 2023 - INFO  - A total of 1 use cases were executed, with 1 successes and 0 failures.
Wed May 24 18:32:55 2023 - INFO  - start to run testcase:oe_test_auditctl.
Wed May 24 18:33:17 2023 - ERROR - The case exit by code 4.
Wed May 24 18:33:18 2023 - INFO  - End to run testcase:oe_test_auditctl.
Wed May 24 18:33:19 2023 - INFO  - A total of 1 use cases were executed, with 0 successes and 1 failures.
Wed May 24 18:33:25 2023 - INFO  - start to run testcase:oe_test_cksum.
Wed May 24 18:33:39 2023 - INFO  - The case exit by code 0.
Wed May 24 18:33:40 2023 - INFO  - End to run testcase:oe_test_cksum.
Wed May 24 18:33:41 2023 - INFO  - A total of 1 use cases were executed, with 1 successes and 0 failures.
Wed May 24 18:33:47 2023 - INFO  - start to run testcase:oe_test_paste.
Wed May 24 18:34:00 2023 - INFO  - The case exit by code 0.
Wed May 24 18:34:01 2023 - INFO  - End to run testcase:oe_test_paste.
Wed May 24 18:34:03 2023 - INFO  - A total of 1 use cases were executed, with 1 successes and 0 failures.
Wed May 24 18:34:09 2023 - INFO  - start to run testcase:oe_test_chgrp.
Wed May 24 18:34:23 2023 - INFO  - The case exit by code 0.
Wed May 24 18:34:25 2023 - INFO  - End to run testcase:oe_test_chgrp.
Wed May 24 18:34:26 2023 - INFO  - A total of 1 use cases were executed, with 1 successes and 0 failures.
Wed May 24 18:34:33 2023 - INFO  - start to run testcase:oe_test_cut.
Wed May 24 18:34:46 2023 - INFO  - The case exit by code 0.
Wed May 24 18:34:47 2023 - INFO  - End to run testcase:oe_test_cut.
Wed May 24 18:34:48 2023 - INFO  - A total of 1 use cases were executed, with 1 successes and 0 failures.
Wed May 24 18:34:55 2023 - INFO  - start to run testcase:oe_test_bsdcat.
Wed May 24 18:35:15 2023 - ERROR - The case exit by code 3.
Wed May 24 18:35:16 2023 - INFO  - End to run testcase:oe_test_bsdcat.
Wed May 24 18:35:17 2023 - INFO  - A total of 1 use cases were executed, with 0 successes and 1 failures.
Wed May 24 18:35:23 2023 - INFO  - start to run testcase:oe_test_b2sum.
Wed May 24 18:35:35 2023 - INFO  - The case exit by code 0.
Wed May 24 18:35:36 2023 - INFO  - End to run testcase:oe_test_b2sum.
Wed May 24 18:35:37 2023 - INFO  - A total of 1 use cases were executed, with 1 successes and 0 failures.
Wed May 24 18:35:43 2023 - INFO  - start to run testcase:oe_test_ulimit.
Wed May 24 18:35:55 2023 - INFO  - The case exit by code 0.
Wed May 24 18:35:56 2023 - INFO  - End to run testcase:oe_test_ulimit.
Wed May 24 18:35:57 2023 - INFO  - A total of 1 use cases were executed, with 1 successes and 0 failures.
Wed May 24 18:36:02 2023 - INFO  - start to run testcase:oe_test_versioninfo.
Wed May 24 18:36:14 2023 - INFO  - The case exit by code 0.
Wed May 24 18:36:15 2023 - INFO  - End to run testcase:oe_test_versioninfo.
Wed May 24 18:36:16 2023 - INFO  - A total of 1 use cases were executed, with 1 successes and 0 failures.
Wed May 24 18:36:22 2023 - INFO  - start to run testcase:oe_test_uname.
Wed May 24 18:36:35 2023 - INFO  - The case exit by code 0.
Wed May 24 18:36:36 2023 - INFO  - End to run testcase:oe_test_uname.
Wed May 24 18:36:37 2023 - INFO  - A total of 1 use cases were executed, with 1 successes and 0 failures.
Wed May 24 18:36:43 2023 - INFO  - start to run testcase:oe_test_timedatectl.
Wed May 24 18:36:51 2023 - INFO  - The case exit by code 0.
Wed May 24 18:36:52 2023 - INFO  - End to run testcase:oe_test_timedatectl.
Wed May 24 18:36:53 2023 - INFO  - A total of 1 use cases were executed, with 1 successes and 0 failures.
Wed May 24 18:36:59 2023 - INFO  - start to run testcase:oe_test_system_monitor_process.
Wed May 24 18:37:10 2023 - INFO  - The case exit by code 0.
Wed May 24 18:37:11 2023 - INFO  - End to run testcase:oe_test_system_monitor_process.
Wed May 24 18:37:12 2023 - INFO  - A total of 1 use cases were executed, with 1 successes and 0 failures.
Wed May 24 18:37:18 2023 - INFO  - start to run testcase:oe_test_system_log_view.
Wed May 24 18:38:38 2023 - INFO  - The case exit by code 0.
Wed May 24 18:38:40 2023 - INFO  - End to run testcase:oe_test_system_log_view.
Wed May 24 18:38:41 2023 - INFO  - A total of 1 use cases were executed, with 1 successes and 0 failures.
Wed May 24 18:38:47 2023 - INFO  - start to run testcase:oe_test_system_log_security.
Wed May 24 18:38:58 2023 - INFO  - The case exit by code 0.
Wed May 24 18:39:00 2023 - INFO  - End to run testcase:oe_test_system_log_security.
Wed May 24 18:39:01 2023 - INFO  - A total of 1 use cases were executed, with 1 successes and 0 failures.
Wed May 24 18:39:07 2023 - INFO  - start to run testcase:oe_test_system_log_recorded.
Wed May 24 18:39:21 2023 - ERROR - The case exit by code 3.
Wed May 24 18:39:22 2023 - INFO  - End to run testcase:oe_test_system_log_recorded.
Wed May 24 18:39:23 2023 - INFO  - A total of 1 use cases were executed, with 0 successes and 1 failures.
Wed May 24 18:39:29 2023 - INFO  - start to run testcase:oe_test_system_log_process.
Wed May 24 18:39:39 2023 - INFO  - The case exit by code 0.
Wed May 24 18:39:40 2023 - INFO  - End to run testcase:oe_test_system_log_process.
Wed May 24 18:39:41 2023 - INFO  - A total of 1 use cases were executed, with 1 successes and 0 failures.
Wed May 24 18:39:46 2023 - INFO  - start to run testcase:oe_test_system_log_dmesg.
Wed May 24 18:39:55 2023 - INFO  - The case exit by code 0.
Wed May 24 18:39:56 2023 - INFO  - End to run testcase:oe_test_system_log_dmesg.
Wed May 24 18:39:57 2023 - INFO  - A total of 1 use cases were executed, with 1 successes and 0 failures.
Wed May 24 18:40:02 2023 - INFO  - start to run testcase:oe_test_system_log_device.
Wed May 24 18:40:13 2023 - INFO  - The case exit by code 0.
Wed May 24 18:40:14 2023 - INFO  - End to run testcase:oe_test_system_log_device.
Wed May 24 18:40:15 2023 - INFO  - A total of 1 use cases were executed, with 1 successes and 0 failures.
Wed May 24 18:40:20 2023 - INFO  - start to run testcase:oe_test_system_log_basic.
Wed May 24 18:40:30 2023 - INFO  - The case exit by code 0.
Wed May 24 18:40:31 2023 - INFO  - End to run testcase:oe_test_system_log_basic.
Wed May 24 18:40:32 2023 - INFO  - A total of 1 use cases were executed, with 1 successes and 0 failures.
Wed May 24 18:40:38 2023 - INFO  - start to run testcase:oe_test_server_vsftpd_restart.
Wed May 24 18:46:22 2023 - INFO  - The case exit by code 0.
Wed May 24 18:46:23 2023 - INFO  - End to run testcase:oe_test_server_vsftpd_restart.
Wed May 24 18:46:24 2023 - INFO  - A total of 1 use cases were executed, with 1 successes and 0 failures.
Wed May 24 18:46:30 2023 - INFO  - start to run testcase:oe_test_server_squid_proxy.
Wed May 24 18:50:08 2023 - INFO  - The case exit by code 0.
Wed May 24 18:50:09 2023 - INFO  - End to run testcase:oe_test_server_squid_proxy.
Wed May 24 18:50:10 2023 - INFO  - A total of 1 use cases were executed, with 1 successes and 0 failures.
Wed May 24 18:50:15 2023 - INFO  - start to run testcase:oe_test_server_squid_ip.
Wed May 24 18:53:46 2023 - INFO  - The case exit by code 0.
Wed May 24 18:53:48 2023 - INFO  - End to run testcase:oe_test_server_squid_ip.
Wed May 24 18:53:49 2023 - INFO  - A total of 1 use cases were executed, with 1 successes and 0 failures.
Wed May 24 18:53:54 2023 - INFO  - start to run testcase:oe_test_server_squid_blacklist.
Wed May 24 18:57:27 2023 - ERROR - The case exit by code 1.
Wed May 24 18:57:28 2023 - INFO  - End to run testcase:oe_test_server_squid_blacklist.
Wed May 24 18:57:29 2023 - INFO  - A total of 1 use cases were executed, with 0 successes and 1 failures.
Wed May 24 18:57:36 2023 - INFO  - start to run testcase:oe_test_server_postgresql.
Wed May 24 18:59:56 2023 - INFO  - The case exit by code 0.
Wed May 24 18:59:57 2023 - INFO  - End to run testcase:oe_test_server_postgresql.
Wed May 24 18:59:58 2023 - INFO  - A total of 1 use cases were executed, with 1 successes and 0 failures.
Wed May 24 19:00:04 2023 - INFO  - start to run testcase:oe_test_server_openssh_verifykey.
Wed May 24 19:00:37 2023 - ERROR - The case exit by code 1.
Wed May 24 19:00:38 2023 - INFO  - End to run testcase:oe_test_server_openssh_verifykey.
Wed May 24 19:00:38 2023 - INFO  - A total of 1 use cases were executed, with 0 successes and 1 failures.
Wed May 24 19:00:43 2023 - INFO  - start to run testcase:oe_test_server_openssh_secure.
Wed May 24 19:02:54 2023 - INFO  - The case exit by code 0.
Wed May 24 19:02:55 2023 - INFO  - End to run testcase:oe_test_server_openssh_secure.
Wed May 24 19:02:56 2023 - INFO  - A total of 1 use cases were executed, with 1 successes and 0 failures.
Wed May 24 19:03:02 2023 - INFO  - start to run testcase:oe_test_server_openssh_restart.
Wed May 24 19:06:20 2023 - INFO  - The case exit by code 0.
Wed May 24 19:06:21 2023 - INFO  - End to run testcase:oe_test_server_openssh_restart.
Wed May 24 19:06:22 2023 - INFO  - A total of 1 use cases were executed, with 1 successes and 0 failures.
Wed May 24 19:06:27 2023 - INFO  - start to run testcase:oe_test_server_mysql.
Wed May 24 19:19:03 2023 - INFO  - The case exit by code 0.
Wed May 24 19:19:05 2023 - INFO  - End to run testcase:oe_test_server_mysql.
Wed May 24 19:19:05 2023 - INFO  - A total of 1 use cases were executed, with 1 successes and 0 failures.
Wed May 24 19:19:11 2023 - INFO  - start to run testcase:oe_test_server_mariadb_stop.
Wed May 24 19:27:14 2023 - INFO  - The case exit by code 0.
Wed May 24 19:27:15 2023 - INFO  - End to run testcase:oe_test_server_mariadb_stop.
Wed May 24 19:27:16 2023 - INFO  - A total of 1 use cases were executed, with 1 successes and 0 failures.
Wed May 24 19:27:22 2023 - INFO  - start to run testcase:oe_test_server_mariadb_onlinebackup.
Wed May 24 19:30:22 2023 - INFO  - The case exit by code 0.
Wed May 24 19:30:23 2023 - INFO  - End to run testcase:oe_test_server_mariadb_onlinebackup.
Wed May 24 19:30:24 2023 - INFO  - A total of 1 use cases were executed, with 1 successes and 0 failures.
Wed May 24 19:30:30 2023 - INFO  - start to run testcase:oe_test_server_mariadb_loadfile.
Wed May 24 19:33:27 2023 - INFO  - The case exit by code 0.
Wed May 24 19:33:28 2023 - INFO  - End to run testcase:oe_test_server_mariadb_loadfile.
Wed May 24 19:33:29 2023 - INFO  - A total of 1 use cases were executed, with 1 successes and 0 failures.
Wed May 24 19:33:34 2023 - INFO  - start to run testcase:oe_test_server_mariadb_dumpMulDB.
Wed May 24 19:36:24 2023 - INFO  - The case exit by code 0.
Wed May 24 19:36:25 2023 - INFO  - End to run testcase:oe_test_server_mariadb_dumpMulDB.
Wed May 24 19:36:26 2023 - INFO  - A total of 1 use cases were executed, with 1 successes and 0 failures.
Wed May 24 19:36:32 2023 - INFO  - start to run testcase:oe_test_server_mariadb_dump.
Wed May 24 19:39:24 2023 - INFO  - The case exit by code 0.
Wed May 24 19:39:25 2023 - INFO  - End to run testcase:oe_test_server_mariadb_dump.
Wed May 24 19:39:26 2023 - INFO  - A total of 1 use cases were executed, with 1 successes and 0 failures.
Wed May 24 19:39:31 2023 - INFO  - start to run testcase:oe_test_server_mariadb_copy.
Wed May 24 19:42:38 2023 - INFO  - The case exit by code 0.
Wed May 24 19:42:39 2023 - INFO  - End to run testcase:oe_test_server_mariadb_copy.
Wed May 24 19:42:40 2023 - INFO  - A total of 1 use cases were executed, with 1 successes and 0 failures.
Wed May 24 19:42:45 2023 - INFO  - start to run testcase:oe_test_server_mariadb_backuptable.
Wed May 24 19:45:33 2023 - INFO  - The case exit by code 0.
Wed May 24 19:45:34 2023 - INFO  - End to run testcase:oe_test_server_mariadb_backuptable.
Wed May 24 19:45:35 2023 - INFO  - A total of 1 use cases were executed, with 1 successes and 0 failures.
Wed May 24 19:45:40 2023 - INFO  - start to run testcase:oe_test_server_mariadb_backupDB.
Wed May 24 19:48:30 2023 - INFO  - The case exit by code 0.
Wed May 24 19:48:32 2023 - INFO  - End to run testcase:oe_test_server_mariadb_backupDB.
Wed May 24 19:48:32 2023 - INFO  - A total of 1 use cases were executed, with 1 successes and 0 failures.
Wed May 24 19:48:38 2023 - INFO  - start to run testcase:oe_test_server_mariadb_backup.
Wed May 24 19:51:47 2023 - INFO  - The case exit by code 0.
Wed May 24 19:51:48 2023 - INFO  - End to run testcase:oe_test_server_mariadb_backup.
Wed May 24 19:51:49 2023 - INFO  - A total of 1 use cases were executed, with 1 successes and 0 failures.
Wed May 24 19:51:54 2023 - INFO  - start to run testcase:oe_test_server_httpd_tls.
Wed May 24 19:54:20 2023 - INFO  - The case exit by code 0.
Wed May 24 19:54:21 2023 - INFO  - End to run testcase:oe_test_server_httpd_tls.
Wed May 24 19:54:22 2023 - INFO  - A total of 1 use cases were executed, with 1 successes and 0 failures.
Wed May 24 19:54:27 2023 - INFO  - start to run testcase:oe_test_server_httpd_restart.
Wed May 24 20:01:39 2023 - INFO  - The case exit by code 0.
Wed May 24 20:01:40 2023 - INFO  - End to run testcase:oe_test_server_httpd_restart.
Wed May 24 20:01:41 2023 - INFO  - A total of 1 use cases were executed, with 1 successes and 0 failures.
Wed May 24 20:01:46 2023 - INFO  - start to run testcase:oe_test_server_httpd_recover.
Wed May 24 20:03:58 2023 - INFO  - The case exit by code 0.
Wed May 24 20:03:59 2023 - INFO  - End to run testcase:oe_test_server_httpd_recover.
Wed May 24 20:04:00 2023 - INFO  - A total of 1 use cases were executed, with 1 successes and 0 failures.
Wed May 24 20:04:07 2023 - INFO  - start to run testcase:oe_test_server_httpd_port.
Wed May 24 20:06:11 2023 - INFO  - The case exit by code 0.
Wed May 24 20:06:13 2023 - INFO  - End to run testcase:oe_test_server_httpd_port.
Wed May 24 20:06:14 2023 - INFO  - A total of 1 use cases were executed, with 1 successes and 0 failures.
Wed May 24 20:06:21 2023 - INFO  - start to run testcase:oe_test_server_httpd_checkfirewall.
Wed May 24 20:07:15 2023 - INFO  - The case exit by code 0.
Wed May 24 20:07:16 2023 - INFO  - End to run testcase:oe_test_server_httpd_checkfirewall.
Wed May 24 20:07:17 2023 - INFO  - A total of 1 use cases were executed, with 1 successes and 0 failures.
Wed May 24 20:07:22 2023 - INFO  - start to run testcase:oe_test_server_git_install.
Wed May 24 20:07:50 2023 - INFO  - The case exit by code 0.
Wed May 24 20:07:51 2023 - INFO  - End to run testcase:oe_test_server_git_install.
Wed May 24 20:07:52 2023 - INFO  - A total of 1 use cases were executed, with 1 successes and 0 failures.
Wed May 24 20:07:57 2023 - INFO  - start to run testcase:oe_test_sos.
pgrep: pattern that searches for process name longer than 15 characters will result in zero matches
Try `pgrep -f' option to match against the complete command line.
Wed May 24 20:38:00 2023 - WARN  - The case execution timeout.
Wed May 24 20:38:01 2023 - ERROR - The case exit by code 143.
Wed May 24 20:38:02 2023 - INFO  - End to run testcase:oe_test_sos.
Wed May 24 20:38:02 2023 - INFO  - A total of 1 use cases were executed, with 0 successes and 1 failures.
Wed May 24 20:38:07 2023 - INFO  - start to run testcase:oe_test_power_powertop_startup.
Wed May 24 20:39:37 2023 - INFO  - The case exit by code 0.
Wed May 24 20:39:37 2023 - INFO  - End to run testcase:oe_test_power_powertop_startup.
Wed May 24 20:39:38 2023 - INFO  - A total of 1 use cases were executed, with 1 successes and 0 failures.
Wed May 24 20:39:43 2023 - INFO  - start to run testcase:oe_test_power_powertop_powerup.
Wed May 24 20:41:18 2023 - ERROR - The case exit by code 1.
Wed May 24 20:41:20 2023 - INFO  - End to run testcase:oe_test_power_powertop_powerup.
Wed May 24 20:41:21 2023 - INFO  - A total of 1 use cases were executed, with 0 successes and 1 failures.
Wed May 24 20:41:26 2023 - INFO  - start to run testcase:oe_test_power_powertop_calibrate.
Wed May 24 20:42:49 2023 - INFO  - The case exit by code 0.
Wed May 24 20:42:50 2023 - INFO  - End to run testcase:oe_test_power_powertop_calibrate.
Wed May 24 20:42:51 2023 - INFO  - A total of 1 use cases were executed, with 1 successes and 0 failures.
Wed May 24 20:42:56 2023 - INFO  - start to run testcase:oe_test_power_powertop2tuned_optimize.
Wed May 24 20:45:24 2023 - ERROR - The case exit by code 2.
Wed May 24 20:45:25 2023 - INFO  - End to run testcase:oe_test_power_powertop2tuned_optimize.
Wed May 24 20:45:26 2023 - INFO  - A total of 1 use cases were executed, with 0 successes and 1 failures.
Wed May 24 20:45:31 2023 - INFO  - start to run testcase:oe_test_power_output_HTML.
Wed May 24 20:47:12 2023 - INFO  - The case exit by code 0.
Wed May 24 20:47:13 2023 - INFO  - End to run testcase:oe_test_power_output_HTML.
Wed May 24 20:47:14 2023 - INFO  - A total of 1 use cases were executed, with 1 successes and 0 failures.
Wed May 24 20:47:18 2023 - INFO  - start to run testcase:oe_test_power_measurement_internal.
Wed May 24 20:48:49 2023 - ERROR - The case exit by code 1.
Wed May 24 20:48:50 2023 - INFO  - End to run testcase:oe_test_power_measurement_internal.
Wed May 24 20:48:50 2023 - INFO  - A total of 1 use cases were executed, with 0 successes and 1 failures.
Wed May 24 20:48:56 2023 - INFO  - start to run testcase:oe_test_performance_monitor_pcp.
Wed May 24 20:51:57 2023 - INFO  - The case exit by code 0.
Wed May 24 20:51:58 2023 - INFO  - End to run testcase:oe_test_performance_monitor_pcp.
Wed May 24 20:51:59 2023 - INFO  - A total of 1 use cases were executed, with 1 successes and 0 failures.
Wed May 24 20:52:04 2023 - INFO  - start to run testcase:oe_test_password_change.
Wed May 24 20:52:22 2023 - INFO  - The case exit by code 0.
Wed May 24 20:52:23 2023 - INFO  - End to run testcase:oe_test_password_change.
Wed May 24 20:52:24 2023 - INFO  - A total of 1 use cases were executed, with 1 successes and 0 failures.
Wed May 24 20:52:29 2023 - INFO  - start to run testcase:oe_test_password_blank.
Wed May 24 20:52:44 2023 - INFO  - The case exit by code 0.
Wed May 24 20:52:45 2023 - INFO  - End to run testcase:oe_test_password_blank.
Wed May 24 20:52:46 2023 - INFO  - A total of 1 use cases were executed, with 1 successes and 0 failures.
Wed May 24 20:52:50 2023 - INFO  - start to run testcase:oe_test_USBinfo.
Wed May 24 20:54:00 2023 - INFO  - The case exit by code 0.
Wed May 24 20:54:01 2023 - INFO  - End to run testcase:oe_test_USBinfo.
Wed May 24 20:54:02 2023 - INFO  - A total of 1 use cases were executed, with 1 successes and 0 failures.
Wed May 24 20:54:07 2023 - INFO  - start to run testcase:oe_test_ProcMgmt_vmstat.
Wed May 24 20:54:30 2023 - INFO  - The case exit by code 0.
Wed May 24 20:54:31 2023 - INFO  - End to run testcase:oe_test_ProcMgmt_vmstat.
Wed May 24 20:54:32 2023 - INFO  - A total of 1 use cases were executed, with 1 successes and 0 failures.
Wed May 24 20:54:36 2023 - INFO  - start to run testcase:oe_test_ProcMgmt_top.
Wed May 24 20:54:45 2023 - INFO  - The case exit by code 0.
Wed May 24 20:54:46 2023 - INFO  - End to run testcase:oe_test_ProcMgmt_top.
Wed May 24 20:54:47 2023 - INFO  - A total of 1 use cases were executed, with 1 successes and 0 failures.
Wed May 24 20:54:52 2023 - INFO  - start to run testcase:oe_test_ProcMgmt_start_kill.
Wed May 24 20:55:16 2023 - INFO  - The case exit by code 0.
Wed May 24 20:55:17 2023 - INFO  - End to run testcase:oe_test_ProcMgmt_start_kill.
Wed May 24 20:55:18 2023 - INFO  - A total of 1 use cases were executed, with 1 successes and 0 failures.
Wed May 24 20:55:23 2023 - INFO  - start to run testcase:oe_test_ProcMgmt_sar.
Wed May 24 20:57:33 2023 - INFO  - The case exit by code 0.
Wed May 24 20:57:34 2023 - INFO  - End to run testcase:oe_test_ProcMgmt_sar.
Wed May 24 20:57:34 2023 - INFO  - A total of 1 use cases were executed, with 1 successes and 0 failures.
Wed May 24 20:57:39 2023 - INFO  - start to run testcase:oe_test_ProcMgmt_ps.
Wed May 24 20:57:51 2023 - INFO  - The case exit by code 0.
Wed May 24 20:57:52 2023 - INFO  - End to run testcase:oe_test_ProcMgmt_ps.
Wed May 24 20:57:53 2023 - INFO  - A total of 1 use cases were executed, with 1 successes and 0 failures.
Wed May 24 20:57:58 2023 - INFO  - start to run testcase:oe_test_ProcMgmt_pgrep.
Wed May 24 20:58:06 2023 - INFO  - The case exit by code 0.
Wed May 24 20:58:07 2023 - INFO  - End to run testcase:oe_test_ProcMgmt_pgrep.
Wed May 24 20:58:08 2023 - INFO  - A total of 1 use cases were executed, with 1 successes and 0 failures.
Wed May 24 20:58:13 2023 - INFO  - start to run testcase:oe_test_ProcMgmt_iostat.
Wed May 24 20:59:35 2023 - INFO  - The case exit by code 0.
Wed May 24 20:59:36 2023 - INFO  - End to run testcase:oe_test_ProcMgmt_iostat.
Wed May 24 20:59:37 2023 - INFO  - A total of 1 use cases were executed, with 1 successes and 0 failures.
Wed May 24 20:59:42 2023 - INFO  - start to run testcase:oe_test_ProcMgmt_crontab_cronfile.
Wed May 24 21:00:48 2023 - INFO  - The case exit by code 0.
Wed May 24 21:00:49 2023 - INFO  - End to run testcase:oe_test_ProcMgmt_crontab_cronfile.
Wed May 24 21:00:50 2023 - INFO  - A total of 1 use cases were executed, with 1 successes and 0 failures.
Wed May 24 21:00:55 2023 - INFO  - start to run testcase:oe_test_ProcMgmt_crontab_cmd.
Wed May 24 21:02:00 2023 - ERROR - The case exit by code 1.
Wed May 24 21:02:01 2023 - INFO  - End to run testcase:oe_test_ProcMgmt_crontab_cmd.
Wed May 24 21:02:02 2023 - INFO  - A total of 1 use cases were executed, with 0 successes and 1 failures.
Wed May 24 21:02:07 2023 - INFO  - start to run testcase:oe_test_ProcMgmt_at.
Wed May 24 21:04:18 2023 - INFO  - The case exit by code 0.
Wed May 24 21:04:18 2023 - INFO  - End to run testcase:oe_test_ProcMgmt_at.
Wed May 24 21:04:19 2023 - INFO  - A total of 1 use cases were executed, with 1 successes and 0 failures.
Wed May 24 21:04:24 2023 - INFO  - start to run testcase:oe_test_disk_tuned_set.
Wed May 24 21:07:43 2023 - INFO  - The case exit by code 0.
Wed May 24 21:07:44 2023 - INFO  - End to run testcase:oe_test_disk_tuned_set.
Wed May 24 21:07:45 2023 - INFO  - A total of 1 use cases were executed, with 1 successes and 0 failures.
Wed May 24 21:07:50 2023 - INFO  - start to run testcase:oe_test_disk_schedule_specific.
Wed May 24 21:08:10 2023 - ERROR - The case exit by code 1.
Wed May 24 21:08:11 2023 - INFO  - End to run testcase:oe_test_disk_schedule_specific.
Wed May 24 21:08:12 2023 - INFO  - A total of 1 use cases were executed, with 0 successes and 1 failures.
Wed May 24 21:08:17 2023 - INFO  - start to run testcase:oe_test_disk_schedule_udev.
Wed May 24 21:08:49 2023 - ERROR - The case exit by code 1.
Wed May 24 21:08:50 2023 - INFO  - End to run testcase:oe_test_disk_schedule_udev.
Wed May 24 21:08:52 2023 - INFO  - A total of 1 use cases were executed, with 0 successes and 1 failures.
Wed May 24 21:08:57 2023 - INFO  - start to run testcase:oe_test_disk_tuned_new.
Wed May 24 21:12:14 2023 - INFO  - The case exit by code 0.
Wed May 24 21:12:15 2023 - INFO  - End to run testcase:oe_test_disk_tuned_new.
Wed May 24 21:12:16 2023 - INFO  - A total of 1 use cases were executed, with 1 successes and 0 failures.
Wed May 24 21:12:21 2023 - INFO  - start to run testcase:oe_test_disk_tuned_install.
Wed May 24 21:15:22 2023 - INFO  - The case exit by code 0.
Wed May 24 21:15:23 2023 - INFO  - End to run testcase:oe_test_disk_tuned_install.
Wed May 24 21:15:24 2023 - INFO  - A total of 1 use cases were executed, with 1 successes and 0 failures.
Wed May 24 21:15:28 2023 - INFO  - start to run testcase:oe_test_date.
Wed May 24 21:15:35 2023 - INFO  - The case exit by code 0.
Wed May 24 21:15:36 2023 - INFO  - End to run testcase:oe_test_date.
Wed May 24 21:15:37 2023 - INFO  - A total of 1 use cases were executed, with 1 successes and 0 failures.
Wed May 24 21:15:42 2023 - INFO  - start to run testcase:oe_test_cmd_su_user.
Wed May 24 21:16:04 2023 - INFO  - The case exit by code 0.
Wed May 24 21:16:05 2023 - INFO  - End to run testcase:oe_test_cmd_su_user.
Wed May 24 21:16:06 2023 - INFO  - A total of 1 use cases were executed, with 1 successes and 0 failures.
Wed May 24 21:16:11 2023 - INFO  - start to run testcase:oe_test_disk_tuned_modify.
Wed May 24 21:19:11 2023 - INFO  - The case exit by code 0.
Wed May 24 21:19:12 2023 - INFO  - End to run testcase:oe_test_disk_tuned_modify.
Wed May 24 21:19:13 2023 - INFO  - A total of 1 use cases were executed, with 1 successes and 0 failures.
Wed May 24 21:19:18 2023 - INFO  - start to run testcase:oe_test_disk_tuned_disable.
Wed May 24 21:22:06 2023 - INFO  - The case exit by code 0.
Wed May 24 21:22:07 2023 - INFO  - End to run testcase:oe_test_disk_tuned_disable.
Wed May 24 21:22:08 2023 - INFO  - A total of 1 use cases were executed, with 1 successes and 0 failures.
Wed May 24 21:22:13 2023 - INFO  - start to run testcase:oe_test_basic_create_group.
Wed May 24 21:22:25 2023 - INFO  - The case exit by code 0.
Wed May 24 21:22:26 2023 - INFO  - End to run testcase:oe_test_basic_create_group.
Wed May 24 21:22:27 2023 - INFO  - A total of 1 use cases were executed, with 1 successes and 0 failures.
Wed May 24 21:22:32 2023 - INFO  - start to run testcase:oe_test_basic_modify_group.
Wed May 24 21:22:45 2023 - INFO  - The case exit by code 0.
Wed May 24 21:22:46 2023 - INFO  - End to run testcase:oe_test_basic_modify_group.
Wed May 24 21:22:47 2023 - INFO  - A total of 1 use cases were executed, with 1 successes and 0 failures.
Wed May 24 21:22:53 2023 - INFO  - start to run testcase:oe_test_basic_modify_user.
Wed May 24 21:23:07 2023 - INFO  - The case exit by code 0.
Wed May 24 21:23:07 2023 - INFO  - End to run testcase:oe_test_basic_modify_user.
Wed May 24 21:23:08 2023 - INFO  - A total of 1 use cases were executed, with 1 successes and 0 failures.
Wed May 24 21:23:13 2023 - INFO  - start to run testcase:oe_test_chrony_chronyc_cmd.
Wed May 24 21:24:34 2023 - INFO  - The case exit by code 0.
Wed May 24 21:24:35 2023 - INFO  - End to run testcase:oe_test_chrony_chronyc_cmd.
Wed May 24 21:24:35 2023 - INFO  - A total of 1 use cases were executed, with 1 successes and 0 failures.
Wed May 24 21:24:40 2023 - INFO  - start to run testcase:oe_test_chrony_chronyc_hardwaretime.
Wed May 24 21:27:29 2023 - INFO  - The case exit by code 0.
Wed May 24 21:27:30 2023 - INFO  - End to run testcase:oe_test_chrony_chronyc_hardwaretime.
Wed May 24 21:27:31 2023 - INFO  - A total of 1 use cases were executed, with 1 successes and 0 failures.
Wed May 24 21:27:35 2023 - INFO  - start to run testcase:oe_test_chrony_chronyc_ntpstat.
Wed May 24 21:29:02 2023 - INFO  - The case exit by code 0.
Wed May 24 21:29:03 2023 - INFO  - End to run testcase:oe_test_chrony_chronyc_ntpstat.
Wed May 24 21:29:03 2023 - INFO  - A total of 1 use cases were executed, with 1 successes and 0 failures.
Wed May 24 21:29:09 2023 - INFO  - start to run testcase:oe_test_chrony_chronyd.
Wed May 24 21:30:29 2023 - INFO  - The case exit by code 0.
Wed May 24 21:30:30 2023 - INFO  - End to run testcase:oe_test_chrony_chronyd.
Wed May 24 21:30:30 2023 - INFO  - A total of 1 use cases were executed, with 1 successes and 0 failures.
Wed May 24 21:30:35 2023 - INFO  - start to run testcase:oe_test_chrony_Manuall.
Wed May 24 21:31:53 2023 - INFO  - The case exit by code 0.
Wed May 24 21:31:54 2023 - INFO  - End to run testcase:oe_test_chrony_Manuall.
Wed May 24 21:31:55 2023 - INFO  - A total of 1 use cases were executed, with 1 successes and 0 failures.
Wed May 24 21:32:00 2023 - INFO  - start to run testcase:oe_test_cmd_id.
Wed May 24 21:32:10 2023 - INFO  - The case exit by code 0.
Wed May 24 21:32:12 2023 - INFO  - End to run testcase:oe_test_cmd_id.
Wed May 24 21:32:13 2023 - INFO  - A total of 1 use cases were executed, with 1 successes and 0 failures.
Wed May 24 21:32:18 2023 - INFO  - start to run testcase:oe_test_cmd_sudo.
Wed May 24 21:32:36 2023 - INFO  - The case exit by code 0.
Wed May 24 21:32:37 2023 - INFO  - End to run testcase:oe_test_cmd_sudo.
Wed May 24 21:32:38 2023 - INFO  - A total of 1 use cases were executed, with 1 successes and 0 failures.
Wed May 24 21:32:43 2023 - INFO  - start to run testcase:oe_test_hwclock.
Wed May 24 21:32:50 2023 - INFO  - The case exit by code 0.
Wed May 24 21:32:52 2023 - INFO  - End to run testcase:oe_test_hwclock.
Wed May 24 21:32:53 2023 - INFO  - A total of 1 use cases were executed, with 1 successes and 0 failures.
Wed May 24 21:32:58 2023 - INFO  - start to run testcase:oe_test_IOaccess_500Mfile.
Wed May 24 22:00:54 2023 - INFO  - The case exit by code 0.
Wed May 24 22:00:55 2023 - INFO  - End to run testcase:oe_test_IOaccess_500Mfile.
Wed May 24 22:00:56 2023 - INFO  - A total of 1 use cases were executed, with 1 successes and 0 failures.
Wed May 24 22:01:01 2023 - INFO  - start to run testcase:oe_test_group_access.
Wed May 24 22:01:23 2023 - INFO  - The case exit by code 0.
Wed May 24 22:01:24 2023 - INFO  - End to run testcase:oe_test_group_access.
Wed May 24 22:01:24 2023 - INFO  - A total of 1 use cases were executed, with 1 successes and 0 failures.
Wed May 24 22:01:29 2023 - INFO  - start to run testcase:oe_test_kernel_sysctl.
Wed May 24 22:01:41 2023 - INFO  - The case exit by code 0.
Wed May 24 22:01:42 2023 - INFO  - End to run testcase:oe_test_kernel_sysctl.
Wed May 24 22:01:42 2023 - INFO  - A total of 1 use cases were executed, with 1 successes and 0 failures.
Wed May 24 22:01:47 2023 - INFO  - start to run testcase:oe_test_kernel_kdump.
Wed May 24 22:03:37 2023 - ERROR - The case exit by code 2.
Wed May 24 22:03:38 2023 - INFO  - End to run testcase:oe_test_kernel_kdump.
Wed May 24 22:03:39 2023 - INFO  - A total of 1 use cases were executed, with 0 successes and 1 failures.
Wed May 24 22:03:46 2023 - INFO  - start to run testcase:oe_test_IOaccess_100Mfile.
Wed May 24 22:10:00 2023 - INFO  - The case exit by code 0.
Wed May 24 22:10:02 2023 - INFO  - End to run testcase:oe_test_IOaccess_100Mfile.
Wed May 24 22:10:02 2023 - INFO  - A total of 1 use cases were executed, with 1 successes and 0 failures.
Wed May 24 22:10:08 2023 - INFO  - start to run testcase:oe_test_IOaccess_1Gfile.
pgrep: pattern that searches for process name longer than 15 characters will result in zero matches
Try `pgrep -f' option to match against the complete command line.
Wed May 24 22:40:11 2023 - WARN  - The case execution timeout.
Wed May 24 22:40:12 2023 - ERROR - The case exit by code 143.
Wed May 24 22:40:13 2023 - INFO  - End to run testcase:oe_test_IOaccess_1Gfile.
Wed May 24 22:40:14 2023 - INFO  - A total of 1 use cases were executed, with 0 successes and 1 failures.
Wed May 24 22:40:21 2023 - INFO  - start to run testcase:oe_test_kernel_module_operation.
Wed May 24 22:40:37 2023 - INFO  - The case exit by code 0.
Wed May 24 22:40:39 2023 - INFO  - End to run testcase:oe_test_kernel_module_operation.
Wed May 24 22:40:40 2023 - INFO  - A total of 1 use cases were executed, with 1 successes and 0 failures.
Wed May 24 22:40:46 2023 - INFO  - start to run testcase:oe_test_kernel_cgroup.
Wed May 24 22:41:01 2023 - INFO  - The case exit by code 0.
Wed May 24 22:41:03 2023 - INFO  - End to run testcase:oe_test_kernel_cgroup.
Wed May 24 22:41:04 2023 - INFO  - A total of 1 use cases were executed, with 1 successes and 0 failures.
Wed May 24 22:41:10 2023 - INFO  - start to run testcase:oe_test_home_directory.
Wed May 24 22:41:28 2023 - INFO  - The case exit by code 0.
Wed May 24 22:41:29 2023 - INFO  - End to run testcase:oe_test_home_directory.
Wed May 24 22:41:31 2023 - INFO  - A total of 1 use cases were executed, with 1 successes and 0 failures.
Wed May 24 22:41:37 2023 - INFO  - start to run testcase:oe_test_groupdel.
Wed May 24 22:41:51 2023 - INFO  - The case exit by code 0.
Wed May 24 22:41:52 2023 - INFO  - End to run testcase:oe_test_groupdel.
Wed May 24 22:41:53 2023 - INFO  - A total of 1 use cases were executed, with 1 successes and 0 failures.
Wed May 24 22:42:00 2023 - INFO  - start to run testcase:oe_test_localectl.
Wed May 24 22:42:18 2023 - INFO  - The case exit by code 0.
Wed May 24 22:42:19 2023 - INFO  - End to run testcase:oe_test_localectl.
Wed May 24 22:42:20 2023 - INFO  - A total of 1 use cases were executed, with 1 successes and 0 failures.
Wed May 24 22:42:27 2023 - INFO  - start to run testcase:oe_test_man.
Wed May 24 22:43:55 2023 - INFO  - The case exit by code 0.
Wed May 24 22:43:56 2023 - INFO  - End to run testcase:oe_test_man.
Wed May 24 22:43:57 2023 - INFO  - A total of 1 use cases were executed, with 1 successes and 0 failures.
Wed May 24 22:44:04 2023 - INFO  - start to run testcase:oe_test_nmcli_set_bond.
Wed May 24 22:44:37 2023 - ERROR - The case exit by code 5.
Wed May 24 22:44:38 2023 - INFO  - End to run testcase:oe_test_nmcli_set_bond.
Wed May 24 22:44:39 2023 - INFO  - A total of 1 use cases were executed, with 0 successes and 1 failures.
Wed May 24 22:44:46 2023 - INFO  - start to run testcase:oe_test_basic_UserMgmt_permission.
Wed May 24 22:45:28 2023 - INFO  - The case exit by code 0.
Wed May 24 22:45:29 2023 - INFO  - End to run testcase:oe_test_basic_UserMgmt_permission.
Wed May 24 22:45:30 2023 - INFO  - A total of 1 use cases were executed, with 1 successes and 0 failures.
Wed May 24 22:45:36 2023 - INFO  - start to run testcase:oe_test_system_monitor_share_total.
Wed May 24 22:45:49 2023 - ERROR - The case exit by code 1.
Wed May 24 22:45:50 2023 - INFO  - End to run testcase:oe_test_system_monitor_share_total.
Wed May 24 22:45:52 2023 - INFO  - A total of 1 use cases were executed, with 0 successes and 1 failures.
Wed May 24 22:45:58 2023 - INFO  - start to run testcase:oe_test_disk_graphics_card.
Wed May 24 22:47:42 2023 - ERROR - The case exit by code 4.
Wed May 24 22:47:43 2023 - INFO  - End to run testcase:oe_test_disk_graphics_card.
Wed May 24 22:47:44 2023 - INFO  - A total of 1 use cases were executed, with 0 successes and 1 failures.
Wed May 24 22:47:49 2023 - INFO  - start to run testcase:oe_test_nmcli_set_team.
Wed May 24 22:48:10 2023 - ERROR - The case exit by code 3.
Wed May 24 22:48:11 2023 - INFO  - End to run testcase:oe_test_nmcli_set_team.
Wed May 24 22:48:11 2023 - INFO  - A total of 1 use cases were executed, with 0 successes and 1 failures.
Wed May 24 22:48:17 2023 - INFO  - start to run testcase:oe_test_basic_set_account_expiration_time.
Wed May 24 22:48:30 2023 - INFO  - The case exit by code 0.
Wed May 24 22:48:31 2023 - INFO  - End to run testcase:oe_test_basic_set_account_expiration_time.
Wed May 24 22:48:32 2023 - INFO  - A total of 1 use cases were executed, with 1 successes and 0 failures.
Wed May 24 22:48:37 2023 - INFO  - start to run testcase:oe_test_basic_set_permissions.
Wed May 24 22:48:49 2023 - INFO  - The case exit by code 0.
Wed May 24 22:48:50 2023 - INFO  - End to run testcase:oe_test_basic_set_permissions.
Wed May 24 22:48:51 2023 - INFO  - A total of 1 use cases were executed, with 1 successes and 0 failures.
Wed May 24 22:48:56 2023 - INFO  - start to run testcase:oe_test_patch.
Wed May 24 22:49:19 2023 - INFO  - The case exit by code 0.
Wed May 24 22:49:19 2023 - INFO  - End to run testcase:oe_test_patch.
Wed May 24 22:49:20 2023 - INFO  - A total of 1 use cases were executed, with 1 successes and 0 failures.
Wed May 24 22:49:25 2023 - INFO  - start to run testcase:oe_test_exiv2.
Wed May 24 22:50:32 2023 - INFO  - The case exit by code 0.
Wed May 24 22:50:33 2023 - INFO  - End to run testcase:oe_test_exiv2.
Wed May 24 22:50:34 2023 - INFO  - A total of 1 use cases were executed, with 1 successes and 0 failures.
Wed May 24 22:50:39 2023 - INFO  - start to run testcase:oe_test_json-c.
Wed May 24 22:51:42 2023 - INFO  - The case exit by code 0.
Wed May 24 22:51:43 2023 - INFO  - End to run testcase:oe_test_json-c.
Wed May 24 22:51:44 2023 - INFO  - A total of 1 use cases were executed, with 1 successes and 0 failures.
Wed May 24 22:51:49 2023 - INFO  - start to run testcase:oe_test_whoami.
Wed May 24 22:51:57 2023 - INFO  - The case exit by code 0.
Wed May 24 22:51:58 2023 - INFO  - End to run testcase:oe_test_whoami.
Wed May 24 22:51:59 2023 - INFO  - A total of 1 use cases were executed, with 1 successes and 0 failures.
Wed May 24 22:52:04 2023 - INFO  - start to run testcase:oe_test_lz4.
Wed May 24 22:52:26 2023 - INFO  - The case exit by code 0.
Wed May 24 22:52:27 2023 - INFO  - End to run testcase:oe_test_lz4.
Wed May 24 22:52:28 2023 - INFO  - A total of 1 use cases were executed, with 1 successes and 0 failures.
Wed May 24 22:52:33 2023 - INFO  - start to run testcase:oe_test_zlib.
Wed May 24 22:53:38 2023 - ERROR - The case exit by code 2.
Wed May 24 22:53:39 2023 - INFO  - End to run testcase:oe_test_zlib.
Wed May 24 22:53:40 2023 - INFO  - A total of 1 use cases were executed, with 0 successes and 1 failures.
Wed May 24 22:53:44 2023 - INFO  - start to run testcase:oe_test_brotli.
Wed May 24 22:53:55 2023 - INFO  - The case exit by code 0.
Wed May 24 22:53:56 2023 - INFO  - End to run testcase:oe_test_brotli.
Wed May 24 22:53:57 2023 - INFO  - A total of 1 use cases were executed, with 1 successes and 0 failures.
Wed May 24 22:54:01 2023 - INFO  - start to run testcase:oe_test_ntp_set_date_time.
Wed May 24 22:54:49 2023 - ERROR - The case exit by code 1.
Wed May 24 22:54:50 2023 - INFO  - End to run testcase:oe_test_ntp_set_date_time.
Wed May 24 22:54:51 2023 - INFO  - A total of 1 use cases were executed, with 0 successes and 1 failures.
Wed May 24 22:54:56 2023 - INFO  - start to run testcase:oe_test_find_by_perm.
Wed May 24 22:55:07 2023 - INFO  - The case exit by code 0.
Wed May 24 22:55:08 2023 - INFO  - End to run testcase:oe_test_find_by_perm.
Wed May 24 22:55:09 2023 - INFO  - A total of 1 use cases were executed, with 1 successes and 0 failures.
Wed May 24 22:55:13 2023 - INFO  - start to run testcase:oe_test_more.
pgrep: pattern that searches for process name longer than 15 characters will result in zero matches
Try `pgrep -f' option to match against the complete command line.
Wed May 24 23:25:17 2023 - WARN  - The case execution timeout.
Wed May 24 23:25:20 2023 - ERROR - The case exit by code 143.
Wed May 24 23:25:23 2023 - INFO  - End to run testcase:oe_test_more.
Wed May 24 23:25:25 2023 - INFO  - A total of 1 use cases were executed, with 0 successes and 1 failures.
Wed May 24 23:25:38 2023 - INFO  - start to run testcase:oe_test_sed.
Wed May 24 23:26:04 2023 - INFO  - The case exit by code 0.
Wed May 24 23:26:06 2023 - INFO  - End to run testcase:oe_test_sed.
Wed May 24 23:26:08 2023 - INFO  - A total of 1 use cases were executed, with 1 successes and 0 failures.
Wed May 24 23:26:19 2023 - INFO  - start to run testcase:oe_test_updatedb.
Wed May 24 23:30:28 2023 - INFO  - The case exit by code 0.
Wed May 24 23:30:30 2023 - INFO  - End to run testcase:oe_test_updatedb.
Wed May 24 23:30:32 2023 - INFO  - A total of 1 use cases were executed, with 1 successes and 0 failures.
Wed May 24 23:30:44 2023 - INFO  - start to run testcase:oe_test_tee.
Wed May 24 23:31:05 2023 - INFO  - The case exit by code 0.
Wed May 24 23:31:07 2023 - INFO  - End to run testcase:oe_test_tee.
Wed May 24 23:31:09 2023 - INFO  - A total of 1 use cases were executed, with 1 successes and 0 failures.
Wed May 24 23:31:21 2023 - INFO  - start to run testcase:oe_test_dircolors.
Wed May 24 23:31:41 2023 - INFO  - The case exit by code 0.
Wed May 24 23:31:43 2023 - INFO  - End to run testcase:oe_test_dircolors.
Wed May 24 23:31:45 2023 - INFO  - A total of 1 use cases were executed, with 1 successes and 0 failures.
Wed May 24 23:31:58 2023 - INFO  - start to run testcase:oe_test_declare.
Wed May 24 23:32:17 2023 - INFO  - The case exit by code 0.
Wed May 24 23:32:19 2023 - INFO  - End to run testcase:oe_test_declare.
Wed May 24 23:32:21 2023 - INFO  - A total of 1 use cases were executed, with 1 successes and 0 failures.
Wed May 24 23:32:34 2023 - INFO  - start to run testcase:oe_test_enable.
Wed May 24 23:32:55 2023 - INFO  - The case exit by code 0.
Wed May 24 23:32:58 2023 - INFO  - End to run testcase:oe_test_enable.
Wed May 24 23:33:01 2023 - INFO  - A total of 1 use cases were executed, with 1 successes and 0 failures.
Wed May 24 23:33:13 2023 - INFO  - start to run testcase:oe_test_set.
Wed May 24 23:33:32 2023 - INFO  - The case exit by code 0.
Wed May 24 23:33:34 2023 - INFO  - End to run testcase:oe_test_set.
Wed May 24 23:33:37 2023 - INFO  - A total of 1 use cases were executed, with 1 successes and 0 failures.
Wed May 24 23:33:49 2023 - INFO  - start to run testcase:oe_test_logname.
Wed May 24 23:34:09 2023 - INFO  - The case exit by code 0.
Wed May 24 23:34:11 2023 - INFO  - End to run testcase:oe_test_logname.
Wed May 24 23:34:13 2023 - INFO  - A total of 1 use cases were executed, with 1 successes and 0 failures.
Wed May 24 23:34:25 2023 - INFO  - start to run testcase:oe_test_last.
Wed May 24 23:34:44 2023 - INFO  - The case exit by code 0.
Wed May 24 23:34:47 2023 - INFO  - End to run testcase:oe_test_last.
Wed May 24 23:34:48 2023 - INFO  - A total of 1 use cases were executed, with 1 successes and 0 failures.
Wed May 24 23:35:02 2023 - INFO  - start to run testcase:oe_test_lastb.
Wed May 24 23:35:22 2023 - INFO  - The case exit by code 0.
Wed May 24 23:35:25 2023 - INFO  - End to run testcase:oe_test_lastb.
Wed May 24 23:35:28 2023 - INFO  - A total of 1 use cases were executed, with 1 successes and 0 failures.
Wed May 24 23:35:47 2023 - INFO  - start to run testcase:oe_test_nice.
Wed May 24 23:36:19 2023 - INFO  - The case exit by code 0.
Wed May 24 23:36:21 2023 - INFO  - End to run testcase:oe_test_nice.
Wed May 24 23:36:23 2023 - INFO  - A total of 1 use cases were executed, with 1 successes and 0 failures.
Wed May 24 23:36:38 2023 - INFO  - start to run testcase:oe_test_renice.
Wed May 24 23:36:58 2023 - INFO  - The case exit by code 0.
Wed May 24 23:37:00 2023 - INFO  - End to run testcase:oe_test_renice.
Wed May 24 23:37:02 2023 - INFO  - A total of 1 use cases were executed, with 1 successes and 0 failures.
Wed May 24 23:37:13 2023 - INFO  - start to run testcase:oe_test_w.
Wed May 24 23:37:30 2023 - INFO  - The case exit by code 0.
Wed May 24 23:37:32 2023 - INFO  - End to run testcase:oe_test_w.
Wed May 24 23:37:34 2023 - INFO  - A total of 1 use cases were executed, with 1 successes and 0 failures.
Wed May 24 23:37:46 2023 - INFO  - start to run testcase:oe_test_ar.
Wed May 24 23:38:10 2023 - INFO  - The case exit by code 0.
Wed May 24 23:38:12 2023 - INFO  - End to run testcase:oe_test_ar.
Wed May 24 23:38:14 2023 - INFO  - A total of 1 use cases were executed, with 1 successes and 0 failures.
Wed May 24 23:38:25 2023 - INFO  - start to run testcase:oe_test_split.
Wed May 24 23:38:50 2023 - INFO  - The case exit by code 0.
Wed May 24 23:38:52 2023 - INFO  - End to run testcase:oe_test_split.
Wed May 24 23:38:54 2023 - INFO  - A total of 1 use cases were executed, with 1 successes and 0 failures.
Wed May 24 23:39:05 2023 - INFO  - start to run testcase:oe_test_file_002.
Wed May 24 23:39:40 2023 - INFO  - The case exit by code 0.
Wed May 24 23:39:43 2023 - INFO  - End to run testcase:oe_test_file_002.
Wed May 24 23:39:45 2023 - INFO  - A total of 1 use cases were executed, with 1 successes and 0 failures.
Wed May 24 23:40:06 2023 - INFO  - start to run testcase:oe_test_colrm.
Wed May 24 23:40:32 2023 - INFO  - The case exit by code 0.
Wed May 24 23:40:35 2023 - INFO  - End to run testcase:oe_test_colrm.
Wed May 24 23:40:37 2023 - INFO  - A total of 1 use cases were executed, with 1 successes and 0 failures.
Wed May 24 23:40:48 2023 - INFO  - start to run testcase:oe_test_cat_002.
Wed May 24 23:41:09 2023 - INFO  - The case exit by code 0.
Wed May 24 23:41:11 2023 - INFO  - End to run testcase:oe_test_cat_002.
Wed May 24 23:41:13 2023 - INFO  - A total of 1 use cases were executed, with 1 successes and 0 failures.
Wed May 24 23:41:24 2023 - INFO  - start to run testcase:oe_test_csplit.
Wed May 24 23:41:53 2023 - INFO  - The case exit by code 0.
Wed May 24 23:41:55 2023 - INFO  - End to run testcase:oe_test_csplit.
Wed May 24 23:41:57 2023 - INFO  - A total of 1 use cases were executed, with 1 successes and 0 failures.
Wed May 24 23:42:08 2023 - INFO  - start to run testcase:oe_test_ed.
Wed May 24 23:44:27 2023 - INFO  - The case exit by code 0.
Wed May 24 23:44:29 2023 - INFO  - End to run testcase:oe_test_ed.
Wed May 24 23:44:31 2023 - INFO  - A total of 1 use cases were executed, with 1 successes and 0 failures.
Wed May 24 23:44:43 2023 - INFO  - start to run testcase:oe_test_look.
Wed May 24 23:45:03 2023 - INFO  - The case exit by code 0.
Wed May 24 23:45:06 2023 - INFO  - End to run testcase:oe_test_look.
Wed May 24 23:45:08 2023 - INFO  - A total of 1 use cases were executed, with 1 successes and 0 failures.
Wed May 24 23:45:19 2023 - INFO  - start to run testcase:oe_test_grep_002.
Wed May 24 23:45:43 2023 - INFO  - The case exit by code 0.
Wed May 24 23:45:45 2023 - INFO  - End to run testcase:oe_test_grep_002.
Wed May 24 23:45:47 2023 - INFO  - A total of 1 use cases were executed, with 1 successes and 0 failures.
Wed May 24 23:46:00 2023 - INFO  - start to run testcase:oe_test_sort_001.
Wed May 24 23:46:25 2023 - INFO  - The case exit by code 0.
Wed May 24 23:46:27 2023 - INFO  - End to run testcase:oe_test_sort_001.
Wed May 24 23:46:29 2023 - INFO  - A total of 1 use cases were executed, with 1 successes and 0 failures.
Wed May 24 23:46:41 2023 - INFO  - start to run testcase:oe_test_expr.
Wed May 24 23:46:59 2023 - INFO  - The case exit by code 0.
Wed May 24 23:47:02 2023 - INFO  - End to run testcase:oe_test_expr.
Wed May 24 23:47:04 2023 - INFO  - A total of 1 use cases were executed, with 1 successes and 0 failures.
Wed May 24 23:47:15 2023 - INFO  - start to run testcase:oe_test_uniq.
Wed May 24 23:47:40 2023 - INFO  - The case exit by code 0.
Wed May 24 23:47:42 2023 - INFO  - End to run testcase:oe_test_uniq.
Wed May 24 23:47:44 2023 - INFO  - A total of 1 use cases were executed, with 1 successes and 0 failures.
Wed May 24 23:47:55 2023 - INFO  - start to run testcase:oe_test_dir.
Wed May 24 23:48:13 2023 - INFO  - The case exit by code 0.
Wed May 24 23:48:16 2023 - INFO  - End to run testcase:oe_test_dir.
Wed May 24 23:48:18 2023 - INFO  - A total of 1 use cases were executed, with 1 successes and 0 failures.
Wed May 24 23:48:29 2023 - INFO  - start to run testcase:oe_test_sfdisk.
Wed May 24 23:48:48 2023 - INFO  - The case exit by code 0.
Wed May 24 23:48:50 2023 - INFO  - End to run testcase:oe_test_sfdisk.
Wed May 24 23:48:52 2023 - INFO  - A total of 1 use cases were executed, with 1 successes and 0 failures.
Wed May 24 23:49:05 2023 - INFO  - start to run testcase:oe_test_fsck.
Wed May 24 23:50:00 2023 - INFO  - The case exit by code 0.
Wed May 24 23:50:02 2023 - INFO  - End to run testcase:oe_test_fsck.
Wed May 24 23:50:04 2023 - INFO  - A total of 1 use cases were executed, with 1 successes and 0 failures.
Wed May 24 23:50:15 2023 - INFO  - start to run testcase:oe_test_badblocks.
Wed May 24 23:52:15 2023 - INFO  - The case exit by code 0.
Wed May 24 23:52:17 2023 - INFO  - End to run testcase:oe_test_badblocks.
Wed May 24 23:52:19 2023 - INFO  - A total of 1 use cases were executed, with 1 successes and 0 failures.
Wed May 24 23:52:30 2023 - INFO  - start to run testcase:oe_test_basic_package.
Wed May 24 23:53:01 2023 - INFO  - The case exit by code 0.
Wed May 24 23:53:03 2023 - INFO  - End to run testcase:oe_test_basic_package.
Wed May 24 23:53:05 2023 - INFO  - A total of 1 use cases were executed, with 1 successes and 0 failures.
