Mon Aug 28 02:39:34 2023 - INFO  - start to run testcase:oe_test_perl-libwww-perl_GET_01.
Mon Aug 28 02:42:07 2023 - ERROR - The case exit by code 1.
Mon Aug 28 02:42:07 2023 - INFO  - End to run testcase:oe_test_perl-libwww-perl_GET_01.
Mon Aug 28 02:42:07 2023 - INFO  - A total of 1 use cases were executed, with 0 successes and 1 failures.
Mon Aug 28 02:42:07 2023 - INFO  - start to run testcase:oe_test_perl-libwww-perl_GET_02.
Mon Aug 28 02:42:40 2023 - INFO  - The case exit by code 0.
Mon Aug 28 02:42:40 2023 - INFO  - End to run testcase:oe_test_perl-libwww-perl_GET_02.
Mon Aug 28 02:42:40 2023 - INFO  - A total of 1 use cases were executed, with 1 successes and 0 failures.
Mon Aug 28 02:42:40 2023 - INFO  - start to run testcase:oe_test_perl-libwww-perl_HEAD_01.
Mon Aug 28 02:43:11 2023 - INFO  - The case exit by code 0.
Mon Aug 28 02:43:11 2023 - INFO  - End to run testcase:oe_test_perl-libwww-perl_HEAD_01.
Mon Aug 28 02:43:11 2023 - INFO  - A total of 1 use cases were executed, with 1 successes and 0 failures.
Mon Aug 28 02:43:11 2023 - INFO  - start to run testcase:oe_test_perl-libwww-perl_HEAD_02.
Mon Aug 28 02:43:37 2023 - INFO  - The case exit by code 0.
Mon Aug 28 02:43:37 2023 - INFO  - End to run testcase:oe_test_perl-libwww-perl_HEAD_02.
Mon Aug 28 02:43:37 2023 - INFO  - A total of 1 use cases were executed, with 1 successes and 0 failures.
Mon Aug 28 02:43:38 2023 - INFO  - start to run testcase:oe_test_perl-libwww-perl_lwp-dump.
Mon Aug 28 02:44:26 2023 - ERROR - The case exit by code 1.
Mon Aug 28 02:44:26 2023 - INFO  - End to run testcase:oe_test_perl-libwww-perl_lwp-dump.
Mon Aug 28 02:44:26 2023 - INFO  - A total of 1 use cases were executed, with 0 successes and 1 failures.
Mon Aug 28 02:44:26 2023 - INFO  - start to run testcase:oe_test_perl-libwww-perl_lwp_request_01.
Mon Aug 28 02:45:03 2023 - INFO  - The case exit by code 0.
Mon Aug 28 02:45:03 2023 - INFO  - End to run testcase:oe_test_perl-libwww-perl_lwp_request_01.
Mon Aug 28 02:45:03 2023 - INFO  - A total of 1 use cases were executed, with 1 successes and 0 failures.
Mon Aug 28 02:45:03 2023 - INFO  - start to run testcase:oe_test_perl-libwww-perl_lwp_request_02.
Mon Aug 28 02:45:34 2023 - INFO  - The case exit by code 0.
Mon Aug 28 02:45:34 2023 - INFO  - End to run testcase:oe_test_perl-libwww-perl_lwp_request_02.
Mon Aug 28 02:45:34 2023 - INFO  - A total of 1 use cases were executed, with 1 successes and 0 failures.
Mon Aug 28 02:45:34 2023 - INFO  - start to run testcase:oe_test_perl-libwww-perl_POST_01.
Mon Aug 28 02:46:34 2023 - ERROR - The case exit by code 1.
Mon Aug 28 02:46:34 2023 - INFO  - End to run testcase:oe_test_perl-libwww-perl_POST_01.
Mon Aug 28 02:46:34 2023 - INFO  - A total of 1 use cases were executed, with 0 successes and 1 failures.
Mon Aug 28 02:46:34 2023 - INFO  - start to run testcase:oe_test_perl-libwww-perl_POST_02.
Mon Aug 28 02:47:00 2023 - INFO  - The case exit by code 0.
Mon Aug 28 02:47:00 2023 - INFO  - End to run testcase:oe_test_perl-libwww-perl_POST_02.
Mon Aug 28 02:47:00 2023 - INFO  - A total of 1 use cases were executed, with 1 successes and 0 failures.
