Tue Sep 12 09:58:12 2023 - INFO  - start to run testcase:oe_test_libappstream-glib_appstream-builder_01.
Tue Sep 12 09:58:18 2023 - INFO  - The case exit by code 0.
Tue Sep 12 09:58:18 2023 - INFO  - End to run testcase:oe_test_libappstream-glib_appstream-builder_01.
Tue Sep 12 09:58:19 2023 - INFO  - A total of 1 use cases were executed, with 1 successes and 0 failures.
Tue Sep 12 09:58:19 2023 - INFO  - start to run testcase:oe_test_libappstream-glib_appstream-builder_02.
Tue Sep 12 09:58:24 2023 - INFO  - The case exit by code 0.
Tue Sep 12 09:58:24 2023 - INFO  - End to run testcase:oe_test_libappstream-glib_appstream-builder_02.
Tue Sep 12 09:58:24 2023 - INFO  - A total of 1 use cases were executed, with 1 successes and 0 failures.
Tue Sep 12 09:58:24 2023 - INFO  - start to run testcase:oe_test_libappstream-glib_appstream-compose.
Tue Sep 12 09:58:31 2023 - INFO  - The case exit by code 0.
Tue Sep 12 09:58:31 2023 - INFO  - End to run testcase:oe_test_libappstream-glib_appstream-compose.
Tue Sep 12 09:58:31 2023 - INFO  - A total of 1 use cases were executed, with 1 successes and 0 failures.
Tue Sep 12 09:58:31 2023 - INFO  - start to run testcase:oe_test_libappstream-glib_appstream-util_01.
Tue Sep 12 09:58:37 2023 - INFO  - The case exit by code 0.
Tue Sep 12 09:58:37 2023 - INFO  - End to run testcase:oe_test_libappstream-glib_appstream-util_01.
Tue Sep 12 09:58:37 2023 - INFO  - A total of 1 use cases were executed, with 1 successes and 0 failures.
Tue Sep 12 09:58:37 2023 - INFO  - start to run testcase:oe_test_libappstream-glib_appstream-util_02.
Tue Sep 12 09:58:44 2023 - INFO  - The case exit by code 0.
Tue Sep 12 09:58:44 2023 - INFO  - End to run testcase:oe_test_libappstream-glib_appstream-util_02.
Tue Sep 12 09:58:45 2023 - INFO  - A total of 1 use cases were executed, with 1 successes and 0 failures.
Tue Sep 12 09:58:45 2023 - INFO  - start to run testcase:oe_test_libappstream-glib_appstream-util_03.
Tue Sep 12 09:58:53 2023 - INFO  - The case exit by code 0.
Tue Sep 12 09:58:53 2023 - INFO  - End to run testcase:oe_test_libappstream-glib_appstream-util_03.
Tue Sep 12 09:58:53 2023 - INFO  - A total of 1 use cases were executed, with 1 successes and 0 failures.
Tue Sep 12 09:58:54 2023 - INFO  - start to run testcase:oe_test_libappstream-glib_appstream-util_04.
Tue Sep 12 09:59:01 2023 - INFO  - The case exit by code 0.
Tue Sep 12 09:59:01 2023 - INFO  - End to run testcase:oe_test_libappstream-glib_appstream-util_04.
Tue Sep 12 09:59:01 2023 - INFO  - A total of 1 use cases were executed, with 1 successes and 0 failures.
Tue Sep 12 09:59:01 2023 - INFO  - start to run testcase:oe_test_libappstream-glib_appstream-util_05.
Tue Sep 12 09:59:09 2023 - INFO  - The case exit by code 0.
Tue Sep 12 09:59:09 2023 - INFO  - End to run testcase:oe_test_libappstream-glib_appstream-util_05.
Tue Sep 12 09:59:09 2023 - INFO  - A total of 1 use cases were executed, with 1 successes and 0 failures.
