Tue Sep 12 09:57:36 2023 - INFO  - start to run testcase:oe_test_fftw_fftw-wisdom-to-conf.
Tue Sep 12 09:59:13 2023 - ERROR - The case exit by code 1.
Tue Sep 12 09:59:13 2023 - INFO  - End to run testcase:oe_test_fftw_fftw-wisdom-to-conf.
Tue Sep 12 09:59:13 2023 - INFO  - A total of 1 use cases were executed, with 0 successes and 1 failures.
Tue Sep 12 09:59:13 2023 - INFO  - start to run testcase:oe_test_fftw_fftw-wisdom_01.
Tue Sep 12 09:59:22 2023 - INFO  - The case exit by code 0.
Tue Sep 12 09:59:22 2023 - INFO  - End to run testcase:oe_test_fftw_fftw-wisdom_01.
Tue Sep 12 09:59:22 2023 - INFO  - A total of 1 use cases were executed, with 1 successes and 0 failures.
Tue Sep 12 09:59:22 2023 - INFO  - start to run testcase:oe_test_fftw_fftw-wisdom_02.
Tue Sep 12 09:59:27 2023 - ERROR - The case exit by code 3.
Tue Sep 12 09:59:27 2023 - INFO  - End to run testcase:oe_test_fftw_fftw-wisdom_02.
Tue Sep 12 09:59:27 2023 - INFO  - A total of 1 use cases were executed, with 0 successes and 1 failures.
Tue Sep 12 09:59:27 2023 - INFO  - start to run testcase:oe_test_fftw_fftw-wisdom_03.
Tue Sep 12 09:59:35 2023 - INFO  - The case exit by code 0.
Tue Sep 12 09:59:35 2023 - INFO  - End to run testcase:oe_test_fftw_fftw-wisdom_03.
Tue Sep 12 09:59:35 2023 - INFO  - A total of 1 use cases were executed, with 1 successes and 0 failures.
Tue Sep 12 09:59:35 2023 - INFO  - start to run testcase:oe_test_fftw_fftwf-wisdom_01.
Tue Sep 12 09:59:57 2023 - INFO  - The case exit by code 0.
Tue Sep 12 09:59:57 2023 - INFO  - End to run testcase:oe_test_fftw_fftwf-wisdom_01.
Tue Sep 12 09:59:57 2023 - INFO  - A total of 1 use cases were executed, with 1 successes and 0 failures.
Tue Sep 12 09:59:58 2023 - INFO  - start to run testcase:oe_test_fftw_fftwf-wisdom_02.
Tue Sep 12 10:00:04 2023 - ERROR - The case exit by code 3.
Tue Sep 12 10:00:04 2023 - INFO  - End to run testcase:oe_test_fftw_fftwf-wisdom_02.
Tue Sep 12 10:00:04 2023 - INFO  - A total of 1 use cases were executed, with 0 successes and 1 failures.
Tue Sep 12 10:00:04 2023 - INFO  - start to run testcase:oe_test_fftw_fftwf-wisdom_03.
Tue Sep 12 10:00:10 2023 - INFO  - The case exit by code 0.
Tue Sep 12 10:00:10 2023 - INFO  - End to run testcase:oe_test_fftw_fftwf-wisdom_03.
Tue Sep 12 10:00:10 2023 - INFO  - A total of 1 use cases were executed, with 1 successes and 0 failures.
Tue Sep 12 10:00:10 2023 - INFO  - start to run testcase:oe_test_fftw_fftwl-wisdom_01.
Tue Sep 12 10:00:28 2023 - INFO  - The case exit by code 0.
Tue Sep 12 10:00:28 2023 - INFO  - End to run testcase:oe_test_fftw_fftwl-wisdom_01.
Tue Sep 12 10:00:28 2023 - INFO  - A total of 1 use cases were executed, with 1 successes and 0 failures.
Tue Sep 12 10:00:28 2023 - INFO  - start to run testcase:oe_test_fftw_fftwl-wisdom_02.
Tue Sep 12 10:00:35 2023 - ERROR - The case exit by code 3.
Tue Sep 12 10:00:35 2023 - INFO  - End to run testcase:oe_test_fftw_fftwl-wisdom_02.
Tue Sep 12 10:00:35 2023 - INFO  - A total of 1 use cases were executed, with 0 successes and 1 failures.
Tue Sep 12 10:00:35 2023 - INFO  - start to run testcase:oe_test_fftw_fftwl-wisdom_03.
Tue Sep 12 10:00:42 2023 - INFO  - The case exit by code 0.
Tue Sep 12 10:00:42 2023 - INFO  - End to run testcase:oe_test_fftw_fftwl-wisdom_03.
Tue Sep 12 10:00:42 2023 - INFO  - A total of 1 use cases were executed, with 1 successes and 0 failures.
