Thu May 25 16:29:47 2023 - INFO  - start to run testcase:oe_test_binutils_objcopy.
Thu May 25 16:32:13 2023 - INFO  - The case exit by code 0.
Thu May 25 16:32:15 2023 - INFO  - End to run testcase:oe_test_binutils_objcopy.
Thu May 25 16:32:16 2023 - INFO  - A total of 1 use cases were executed, with 1 successes and 0 failures.
Thu May 25 16:32:22 2023 - INFO  - start to run testcase:oe_test_binutils_size.
Thu May 25 16:32:52 2023 - INFO  - The case exit by code 0.
Thu May 25 16:32:53 2023 - INFO  - End to run testcase:oe_test_binutils_size.
Thu May 25 16:32:54 2023 - INFO  - A total of 1 use cases were executed, with 1 successes and 0 failures.
Thu May 25 16:33:00 2023 - INFO  - start to run testcase:oe_test_binutils_strip.
Thu May 25 16:33:27 2023 - INFO  - The case exit by code 0.
Thu May 25 16:33:28 2023 - INFO  - End to run testcase:oe_test_binutils_strip.
Thu May 25 16:33:29 2023 - INFO  - A total of 1 use cases were executed, with 1 successes and 0 failures.
Thu May 25 16:33:34 2023 - INFO  - start to run testcase:oe_test_binutils_addr2line.
Thu May 25 16:34:01 2023 - INFO  - The case exit by code 0.
Thu May 25 16:34:02 2023 - INFO  - End to run testcase:oe_test_binutils_addr2line.
Thu May 25 16:34:03 2023 - INFO  - A total of 1 use cases were executed, with 1 successes and 0 failures.
Thu May 25 16:34:09 2023 - INFO  - start to run testcase:oe_test_binutils_ar.
Thu May 25 16:34:37 2023 - INFO  - The case exit by code 0.
Thu May 25 16:34:38 2023 - INFO  - End to run testcase:oe_test_binutils_ar.
Thu May 25 16:34:39 2023 - INFO  - A total of 1 use cases were executed, with 1 successes and 0 failures.
Thu May 25 16:34:44 2023 - INFO  - start to run testcase:oe_test_binutils_nm.
Thu May 25 16:35:18 2023 - INFO  - The case exit by code 0.
Thu May 25 16:35:19 2023 - INFO  - End to run testcase:oe_test_binutils_nm.
Thu May 25 16:35:20 2023 - INFO  - A total of 1 use cases were executed, with 1 successes and 0 failures.
Thu May 25 16:35:26 2023 - INFO  - start to run testcase:oe_test_binutils_objdump.
Thu May 25 16:35:54 2023 - INFO  - The case exit by code 0.
Thu May 25 16:35:55 2023 - INFO  - End to run testcase:oe_test_binutils_objdump.
Thu May 25 16:35:56 2023 - INFO  - A total of 1 use cases were executed, with 1 successes and 0 failures.
Thu May 25 16:36:02 2023 - INFO  - start to run testcase:oe_test_binutils_readelf.
Thu May 25 16:36:31 2023 - INFO  - The case exit by code 0.
Thu May 25 16:36:32 2023 - INFO  - End to run testcase:oe_test_binutils_readelf.
Thu May 25 16:36:33 2023 - INFO  - A total of 1 use cases were executed, with 1 successes and 0 failures.
