Thu May 25 16:57:08 2023 - INFO  - start to run testcase:oe_test_osc_01.
Thu May 25 16:57:45 2023 - INFO  - The case exit by code 0.
Thu May 25 16:57:45 2023 - INFO  - End to run testcase:oe_test_osc_01.
Thu May 25 16:57:45 2023 - INFO  - A total of 1 use cases were executed, with 1 successes and 0 failures.
Thu May 25 16:57:45 2023 - INFO  - start to run testcase:oe_test_osc_02.
Thu May 25 16:58:45 2023 - INFO  - The case exit by code 0.
Thu May 25 16:58:45 2023 - INFO  - End to run testcase:oe_test_osc_02.
Thu May 25 16:58:46 2023 - INFO  - A total of 1 use cases were executed, with 1 successes and 0 failures.
Thu May 25 16:58:46 2023 - INFO  - start to run testcase:oe_test_osc_03.
Thu May 25 16:59:24 2023 - INFO  - The case exit by code 0.
Thu May 25 16:59:24 2023 - INFO  - End to run testcase:oe_test_osc_03.
Thu May 25 16:59:24 2023 - INFO  - A total of 1 use cases were executed, with 1 successes and 0 failures.
Thu May 25 16:59:24 2023 - INFO  - start to run testcase:oe_test_osc_04.
Thu May 25 17:00:22 2023 - ERROR - The case exit by code 4.
Thu May 25 17:00:22 2023 - INFO  - End to run testcase:oe_test_osc_04.
Thu May 25 17:00:22 2023 - INFO  - A total of 1 use cases were executed, with 0 successes and 1 failures.
Thu May 25 17:00:22 2023 - INFO  - start to run testcase:oe_test_osc_05.
Thu May 25 17:01:19 2023 - INFO  - The case exit by code 0.
Thu May 25 17:01:19 2023 - INFO  - End to run testcase:oe_test_osc_05.
Thu May 25 17:01:19 2023 - INFO  - A total of 1 use cases were executed, with 1 successes and 0 failures.
Thu May 25 17:01:19 2023 - INFO  - start to run testcase:oe_test_osc_06.
Thu May 25 17:02:31 2023 - INFO  - The case exit by code 0.
Thu May 25 17:02:31 2023 - INFO  - End to run testcase:oe_test_osc_06.
Thu May 25 17:02:31 2023 - INFO  - A total of 1 use cases were executed, with 1 successes and 0 failures.
Thu May 25 17:02:31 2023 - INFO  - start to run testcase:oe_test_osc_07.
Thu May 25 17:03:08 2023 - INFO  - The case exit by code 0.
Thu May 25 17:03:08 2023 - INFO  - End to run testcase:oe_test_osc_07.
Thu May 25 17:03:08 2023 - INFO  - A total of 1 use cases were executed, with 1 successes and 0 failures.
Thu May 25 17:03:09 2023 - INFO  - start to run testcase:oe_test_osc_build.
Thu May 25 17:03:41 2023 - ERROR - The case exit by code 1.
Thu May 25 17:03:41 2023 - INFO  - End to run testcase:oe_test_osc_build.
Thu May 25 17:03:41 2023 - INFO  - A total of 1 use cases were executed, with 0 successes and 1 failures.
