Oct 10 12:10:17 openeuler-riscv64 systemd[1]: Starting iSulad Application Container Engine...
░░ Subject: A start job for unit isulad.service has begun execution
░░ Defined-By: systemd
░░ Support: https://lists.freedesktop.org/mailman/listinfo/systemd-devel
░░ 
░░ A start job for unit isulad.service has begun execution.
░░ 
░░ The job identifier is 144.
Oct 10 12:10:18 openeuler-riscv64 isulad[972]:          isulad 20231010041018.362 ERROR    /home/abuild/rpmbuild/BUILD/iSulad-v2.1.3/src/cmd/isulad/main.c:isulad_tmpdir_security_check:1230 - No such file or directory - Failed to lstat /tmp/isulad_tmpdir
Oct 10 12:10:18 openeuler-riscv64 isulad[972]:          isulad 20231010041018.756 ERROR    /home/abuild/rpmbuild/BUILD/iSulad-v2.1.3/src/utils/cutils/utils_file.c:util_list_all_subdir:970 - No such file or directory - Failed to open directory: /var/lib/isulad/engines
Oct 10 12:10:18 openeuler-riscv64 isulad[972]:          isulad 20231010041018.756 ERROR    /home/abuild/rpmbuild/BUILD/iSulad-v2.1.3/src/daemon/modules/container/restore/restore.c:containers_restore:566 - Failed to list engines
Oct 10 12:10:19 openeuler-riscv64 isulad[972]:          isulad 20231010041019.392 ERROR    /home/abuild/rpmbuild/BUILD/iSulad-v2.1.3/src/utils/cutils/utils_file.c:util_list_all_subdir:970 - No such file or directory - Failed to open directory: /var/lib/isulad/sandbox
Oct 10 12:10:19 openeuler-riscv64 isulad[972]:          isulad 20231010041019.392 ERROR    /home/abuild/rpmbuild/BUILD/iSulad-v2.1.3/src/daemon/entry/connect/grpc/cri/cri_service.cc:Init:111 - Failed to restore Sandboxes: Failed to list sandboxes
Oct 10 12:10:19 openeuler-riscv64 isulad[972]:          isulad 20231010041019.553 - iSulad successfully booted in 1.297 s
Oct 10 12:10:19 openeuler-riscv64 systemd[1]: Started iSulad Application Container Engine.
░░ Subject: A start job for unit isulad.service has finished successfully
░░ Defined-By: systemd
░░ Support: https://lists.freedesktop.org/mailman/listinfo/systemd-devel
░░ 
░░ A start job for unit isulad.service has finished successfully.
░░ 
░░ The job identifier is 144.
Oct 10 12:28:21 openeuler-riscv64 systemd[1]: Stopping iSulad Application Container Engine...
░░ Subject: A stop job for unit isulad.service has begun execution
░░ Defined-By: systemd
░░ Support: https://lists.freedesktop.org/mailman/listinfo/systemd-devel
░░ 
░░ A stop job for unit isulad.service has begun execution.
░░ 
░░ The job identifier is 2605.
Oct 10 12:28:21 openeuler-riscv64 isulad[972]:           iSula 20231010042821.252 - Begin shutdown daemon
Oct 10 12:28:21 openeuler-riscv64 isulad[972]:           iSula 20231010042821.268 - Grpc Server shutdown completed
Oct 10 12:28:21 openeuler-riscv64 isulad[972]:           iSula 20231010042821.289 - Graph driver overlay cleanup completed
Oct 10 12:28:21 openeuler-riscv64 isulad[972]:           iSula 20231010042821.289 - Image oci clean resource completed
Oct 10 12:28:21 openeuler-riscv64 isulad[972]:           iSula 20231010042821.289 - Image module exit completed
Oct 10 12:28:21 openeuler-riscv64 isulad[972]:           iSula 20231010042821.295 - Umount daemon mntpoint completed
Oct 10 12:28:21 openeuler-riscv64 isulad[972]:           iSula 20231010042821.295 - Network module exit completed
Oct 10 12:28:21 openeuler-riscv64 isulad[972]:           iSula 20231010042821.296 - Clean residual files completed
Oct 10 12:28:21 openeuler-riscv64 systemd[1]: isulad.service: Deactivated successfully.
░░ Subject: Unit succeeded
░░ Defined-By: systemd
░░ Support: https://lists.freedesktop.org/mailman/listinfo/systemd-devel
░░ 
░░ The unit isulad.service has successfully entered the 'dead' state.
Oct 10 12:28:21 openeuler-riscv64 systemd[1]: Stopped iSulad Application Container Engine.
░░ Subject: A stop job for unit isulad.service has finished
░░ Defined-By: systemd
░░ Support: https://lists.freedesktop.org/mailman/listinfo/systemd-devel
░░ 
░░ A stop job for unit isulad.service has finished.
░░ 
░░ The job identifier is 2605 and the job result is done.
Oct 10 12:28:21 openeuler-riscv64 systemd[1]: Starting iSulad Application Container Engine...
░░ Subject: A start job for unit isulad.service has begun execution
░░ Defined-By: systemd
░░ Support: https://lists.freedesktop.org/mailman/listinfo/systemd-devel
░░ 
░░ A start job for unit isulad.service has begun execution.
░░ 
░░ The job identifier is 2605.
Oct 10 12:28:22 openeuler-riscv64 isulad[3430]:          isulad 20231010042822.208 ERROR    /home/abuild/rpmbuild/BUILD/iSulad-v2.1.3/src/utils/cutils/utils_file.c:util_list_all_subdir:970 - No such file or directory - Failed to open directory: /var/lib/isulad/engines
Oct 10 12:28:22 openeuler-riscv64 isulad[3430]:          isulad 20231010042822.222 ERROR    /home/abuild/rpmbuild/BUILD/iSulad-v2.1.3/src/daemon/modules/container/restore/restore.c:containers_restore:566 - Failed to list engines
Oct 10 12:28:22 openeuler-riscv64 isulad[3430]:          isulad 20231010042822.889 ERROR    /home/abuild/rpmbuild/BUILD/iSulad-v2.1.3/src/utils/cutils/utils_file.c:util_list_all_subdir:970 - No such file or directory - Failed to open directory: /var/lib/isulad/sandbox
Oct 10 12:28:22 openeuler-riscv64 isulad[3430]:          isulad 20231010042822.890 ERROR    /home/abuild/rpmbuild/BUILD/iSulad-v2.1.3/src/daemon/entry/connect/grpc/cri/cri_service.cc:Init:111 - Failed to restore Sandboxes: Failed to list sandboxes
Oct 10 12:28:22 openeuler-riscv64 isulad[3430]:          isulad 20231010042822.138 - iSulad successfully booted in 0.252 s
Oct 10 12:28:22 openeuler-riscv64 systemd[1]: Started iSulad Application Container Engine.
░░ Subject: A start job for unit isulad.service has finished successfully
░░ Defined-By: systemd
░░ Support: https://lists.freedesktop.org/mailman/listinfo/systemd-devel
░░ 
░░ A start job for unit isulad.service has finished successfully.
░░ 
░░ The job identifier is 2605.
Oct 10 12:28:23 openeuler-riscv64 isulad[3430]:           iSula 20231010042823.527 - Event: {Object: CRI, Type: Pulling image busybox}
Oct 10 12:28:23 openeuler-riscv64 isulad[3430]:           iSula 20231010042823.527 - Event: {Object: busybox, Type: Pulling}
Oct 10 12:28:35 openeuler-riscv64 isulad[3430]:           iSula 20231010042835.116 ERROR    /home/abuild/rpmbuild/BUILD/iSulad-v2.1.3/src/utils/cutils/utils_file.c:util_read_text_file:862 - No such file or directory - open file /var/lib/isulad/storage/overlay/8e10a652fd0155bea1940573fd941bfd7dca8883e5a5b1376aaceebec5d767c6/lower failed
Oct 10 12:28:35 openeuler-riscv64 isulad[3430]:           iSula 20231010042835.133 ERROR    /home/abuild/rpmbuild/BUILD/iSulad-v2.1.3/src/daemon/modules/image/oci/storage/image_store/image_type.c:try_fill_image_spec:82 - Failed to parse oci image spec: cannot read the file: /var/lib/isulad/storage/overlay-images/a58323eebc13bd1a9d3ca1dd0840d04a45ef0fc58e2c9516d533672f42fa36e1/=c2hhMjU2OmE1ODMyM2VlYmMxM2JkMWE5ZDNjYTFkZDA4NDBkMDRhNDVlZjBmYzU4ZTJjOTUxNmQ1MzM2NzJmNDJmYTM2ZTE=
Oct 10 12:28:35 openeuler-riscv64 isulad[3430]:           iSula 20231010042835.294 - Event: {Object: busybox, Type: Pulled}
Oct 10 12:28:35 openeuler-riscv64 isulad[3430]:           iSula 20231010042835.295 - Event: {Object: CRI, Type: Pulled image busybox with ref a58323eebc13bd1a9d3ca1dd0840d04a45ef0fc58e2c9516d533672f42fa36e1}
Oct 10 12:28:36 openeuler-riscv64 isulad[3430]: 5e5dceee425a6e7 20231010042836.210 - Event: {Object: 5e5dceee425a6e78ccae104887ac8a0e0ae3c924e46827f059670db3dfdf13d9, Type: Creating 5e5dceee425a6e78ccae104887ac8a0e0ae3c924e46827f059670db3dfdf13d9}
Oct 10 12:28:36 openeuler-riscv64 isulad[3430]: 5e5dceee425a6e7 20231010042836.225 - Event: {Object: 5e5dceee425a6e78ccae104887ac8a0e0ae3c924e46827f059670db3dfdf13d9, Type: preparing rootfs with image busybox}
Oct 10 12:28:36 openeuler-riscv64 isulad[3430]: 5e5dceee425a6e7 20231010042836.231 ERROR    /home/abuild/rpmbuild/BUILD/iSulad-v2.1.3/src/utils/cutils/utils_file.c:util_read_text_file:862 - No such file or directory - open file /var/lib/isulad/storage/overlay/8e10a652fd0155bea1940573fd941bfd7dca8883e5a5b1376aaceebec5d767c6/lower failed
Oct 10 12:28:36 openeuler-riscv64 isulad[3430]: 5e5dceee425a6e7 20231010042836.238 - Event: {Object: 5e5dceee425a6e78ccae104887ac8a0e0ae3c924e46827f059670db3dfdf13d9, Type: prepared rootfs with image busybox}
Oct 10 12:28:36 openeuler-riscv64 isulad[3430]: 5e5dceee425a6e7 20231010042836.267 - Event: {Object: 5e5dceee425a6e78ccae104887ac8a0e0ae3c924e46827f059670db3dfdf13d9, Type: mounting rootfs}
Oct 10 12:28:36 openeuler-riscv64 isulad[3430]: 5e5dceee425a6e7 20231010042836.280 - Event: {Object: 5e5dceee425a6e78ccae104887ac8a0e0ae3c924e46827f059670db3dfdf13d9, Type: mounted rootfs}
Oct 10 12:28:36 openeuler-riscv64 isulad[3430]: 5e5dceee425a6e7 20231010042836.281 - Event: {Object: 5e5dceee425a6e78ccae104887ac8a0e0ae3c924e46827f059670db3dfdf13d9, Type: umounting rootfs}
Oct 10 12:28:36 openeuler-riscv64 isulad[3430]: 5e5dceee425a6e7 20231010042836.322 - Event: {Object: 5e5dceee425a6e78ccae104887ac8a0e0ae3c924e46827f059670db3dfdf13d9, Type: umounted rootfs}
Oct 10 12:28:36 openeuler-riscv64 isulad[3430]: 5e5dceee425a6e7 20231010042836.347 - Event: {Object: 5e5dceee425a6e78ccae104887ac8a0e0ae3c924e46827f059670db3dfdf13d9, Type: Created 5e5dceee425a6e78ccae104887ac8a0e0ae3c924e46827f059670db3dfdf13d9}
Oct 10 12:28:37 openeuler-riscv64 isulad[3430]: 5e5dceee425a6e7 20231010042837.424 - Event: {Object: 5e5dceee425a6e78ccae104887ac8a0e0ae3c924e46827f059670db3dfdf13d9, Type: Starting}
Oct 10 12:28:37 openeuler-riscv64 isulad[3430]: 5e5dceee425a6e7 20231010042837.440 - Event: {Object: 5e5dceee425a6e78ccae104887ac8a0e0ae3c924e46827f059670db3dfdf13d9, Type: mounting rootfs}
Oct 10 12:28:37 openeuler-riscv64 isulad[3430]: 5e5dceee425a6e7 20231010042837.449 - Event: {Object: 5e5dceee425a6e78ccae104887ac8a0e0ae3c924e46827f059670db3dfdf13d9, Type: mounted rootfs}
Oct 10 12:28:39 openeuler-riscv64 isulad[3430]: 9670db3dfdf13d9 20231010042838.995 ERROR    sync - sync.c:__sync_wake:58 -Broken pipe - Sync wake failure
Oct 10 12:28:39 openeuler-riscv64 isulad[3430]: 9670db3dfdf13d9 20231010042838.997 ERROR    start - start.c:__lxc_start:2608 -Failed to spawn container "5e5dceee425a6e78ccae104887ac8a0e0ae3c924e46827f059670db3dfdf13d9"
Oct 10 12:28:39 openeuler-riscv64 isulad[3430]: 9670db3dfdf13d9 20231010042839.739 ERROR    lxccontainer - lxccontainer.c:wait_on_daemonized_start:931 -Received container state "ABORTING" instead of "RUNNING"
Oct 10 12:28:39 openeuler-riscv64 isulad[3430]: 9670db3dfdf13d9 20231010042839.521 ERROR    lxc_start - tools/lxc_start.c:main:412 -The container failed to start
Oct 10 12:28:39 openeuler-riscv64 isulad[3430]: 9670db3dfdf13d9 20231010042839.523 ERROR    lxc_start - tools/lxc_start.c:main:415 -To get more details, run the container in foreground mode
Oct 10 12:28:39 openeuler-riscv64 isulad[3430]: 9670db3dfdf13d9 20231010042839.523 ERROR    lxc_start - tools/lxc_start.c:main:417 -Additional information can be obtained by setting the --logfile and --logpriority options
Oct 10 12:28:39 openeuler-riscv64 isulad[3430]: 5e5dceee425a6e7 20231010042839.563 ERROR    /home/abuild/rpmbuild/BUILD/lcr-v2.1.2/src/runtime/lcrcontainer.c:wait_start_pid:349 - Start container failed
Oct 10 12:28:39 openeuler-riscv64 isulad[3430]: 5e5dceee425a6e7 20231010042839.648 ERROR    /home/abuild/rpmbuild/BUILD/lcr-v2.1.2/src/runtime/lcrcontainer.c:lcr_check_container_running:434 - Container is not running
Oct 10 12:28:39 openeuler-riscv64 isulad[3430]:           iSula 20231010042839.652 ERROR    /home/abuild/rpmbuild/BUILD/lcr-v2.1.2/src/runtime/lcrcontainer.c:wait_start_pid:355 - Failed to stop container
Oct 10 12:28:39 openeuler-riscv64 isulad[3430]:           iSula 20231010042839.655 ERROR    /home/abuild/rpmbuild/BUILD/iSulad-v2.1.3/src/daemon/modules/runtime/engines/lcr/lcr_rt_ops.c:rt_lcr_start:147 - Start container error: Container is not running:5e5dceee425a6e78ccae104887ac8a0e0ae3c924e46827f059670db3dfdf13d9
Oct 10 12:28:39 openeuler-riscv64 isulad[3430]:           iSula 20231010042839.660 ERROR    /home/abuild/rpmbuild/BUILD/iSulad-v2.1.3/src/daemon/modules/service/service_container.c:wait_exit_fifo_epoll_callback:638 - The container 5e5dceee425a6e78ccae104887ac8a0e0ae3c924e46827f059670db3dfdf13d9 's monitor on fd 17 has exited: -1
Oct 10 12:28:39 openeuler-riscv64 isulad[3430]:           iSula 20231010042839.780 - Event: {Object: 5e5dceee425a6e78ccae104887ac8a0e0ae3c924e46827f059670db3dfdf13d9, Type: umounting rootfs}
Oct 10 12:28:39 openeuler-riscv64 isulad[3430]:           iSula 20231010042839.125 - Event: {Object: 5e5dceee425a6e78ccae104887ac8a0e0ae3c924e46827f059670db3dfdf13d9, Type: umounted rootfs}
Oct 10 12:28:39 openeuler-riscv64 isulad[3430]:           iSula 20231010042839.125 ERROR    /home/abuild/rpmbuild/BUILD/iSulad-v2.1.3/src/daemon/modules/service/service_container.c:start_container:961 - Runtime start container failed
Oct 10 12:28:42 openeuler-riscv64 isulad[3430]: 5e5dceee425a6e7 20231010042842.535 - Event: {Object: 5e5dceee425a6e78ccae104887ac8a0e0ae3c924e46827f059670db3dfdf13d9, Type: Stopping}
Oct 10 12:28:42 openeuler-riscv64 isulad[3430]: 5e5dceee425a6e7 20231010042842.536 - Event: {Object: 5e5dceee425a6e78ccae104887ac8a0e0ae3c924e46827f059670db3dfdf13d9, Type: Stopped}
Oct 10 12:28:43 openeuler-riscv64 isulad[3430]: 5e5dceee425a6e7 20231010042843.262 - Event: {Object: 5e5dceee425a6e78ccae104887ac8a0e0ae3c924e46827f059670db3dfdf13d9, Type: Deleting}
Oct 10 12:28:43 openeuler-riscv64 isulad[3430]:           iSula 20231010042843.309 - Event: {Object: 5e5dceee425a6e78ccae104887ac8a0e0ae3c924e46827f059670db3dfdf13d9, Type: removeing rootfs}
Oct 10 12:28:43 openeuler-riscv64 isulad[3430]:           iSula 20231010042843.321 - Event: {Object: 5e5dceee425a6e78ccae104887ac8a0e0ae3c924e46827f059670db3dfdf13d9, Type: removed rootfs}
Oct 10 12:28:43 openeuler-riscv64 isulad[3430]:           iSula 20231010042843.325 - Event: {Object: 5e5dceee425a6e78ccae104887ac8a0e0ae3c924e46827f059670db3dfdf13d9, Type: Deleted}
Oct 10 12:28:43 openeuler-riscv64 isulad[3430]:           iSula 20231010042843.701 - Image Event: {Object: busybox, Type: Deleting}
Oct 10 12:28:43 openeuler-riscv64 isulad[3430]:           iSula 20231010042843.705 - Event: {Object: busybox, Type: image removing}
Oct 10 12:28:43 openeuler-riscv64 isulad[3430]:           iSula 20231010042843.813 - Event: {Object: busybox, Type: image removed}
Oct 10 12:28:43 openeuler-riscv64 isulad[3430]:           iSula 20231010042843.813 - Image Event: {Object: busybox, Type: Deleted}
Oct 10 12:31:33 openeuler-riscv64 isulad[3430]:           iSula 20231010043133.688 - Event: {Object: CRI, Type: Pulling image busybox}
Oct 10 12:31:33 openeuler-riscv64 isulad[3430]:           iSula 20231010043133.688 - Event: {Object: busybox, Type: Pulling}
Oct 10 12:31:45 openeuler-riscv64 isulad[3430]:           iSula 20231010043145.645 ERROR    /home/abuild/rpmbuild/BUILD/iSulad-v2.1.3/src/utils/cutils/utils_file.c:util_read_text_file:862 - No such file or directory - open file /var/lib/isulad/storage/overlay/8e10a652fd0155bea1940573fd941bfd7dca8883e5a5b1376aaceebec5d767c6/lower failed
Oct 10 12:31:45 openeuler-riscv64 isulad[3430]:           iSula 20231010043145.666 ERROR    /home/abuild/rpmbuild/BUILD/iSulad-v2.1.3/src/daemon/modules/image/oci/storage/image_store/image_type.c:try_fill_image_spec:82 - Failed to parse oci image spec: cannot read the file: /var/lib/isulad/storage/overlay-images/a58323eebc13bd1a9d3ca1dd0840d04a45ef0fc58e2c9516d533672f42fa36e1/=c2hhMjU2OmE1ODMyM2VlYmMxM2JkMWE5ZDNjYTFkZDA4NDBkMDRhNDVlZjBmYzU4ZTJjOTUxNmQ1MzM2NzJmNDJmYTM2ZTE=
Oct 10 12:31:45 openeuler-riscv64 isulad[3430]:           iSula 20231010043145.845 - Event: {Object: busybox, Type: Pulled}
Oct 10 12:31:45 openeuler-riscv64 isulad[3430]:           iSula 20231010043145.846 - Event: {Object: CRI, Type: Pulled image busybox with ref a58323eebc13bd1a9d3ca1dd0840d04a45ef0fc58e2c9516d533672f42fa36e1}
Oct 10 12:32:39 openeuler-riscv64 isulad[3430]:           iSula 20231010043239.163 - Image Event: {Object: busybox, Type: Deleting}
Oct 10 12:32:39 openeuler-riscv64 isulad[3430]:           iSula 20231010043239.198 - Event: {Object: busybox, Type: image removing}
Oct 10 12:32:39 openeuler-riscv64 isulad[3430]:           iSula 20231010043239.102 - Event: {Object: busybox, Type: image removed}
Oct 10 12:32:39 openeuler-riscv64 isulad[3430]:           iSula 20231010043239.102 - Image Event: {Object: busybox, Type: Deleted}
Oct 10 12:35:59 openeuler-riscv64 systemd[1]: Stopping iSulad Application Container Engine...
░░ Subject: A stop job for unit isulad.service has begun execution
░░ Defined-By: systemd
░░ Support: https://lists.freedesktop.org/mailman/listinfo/systemd-devel
░░ 
░░ A stop job for unit isulad.service has begun execution.
░░ 
░░ The job identifier is 2756.
Oct 10 12:35:59 openeuler-riscv64 isulad[3430]:           iSula 20231010043559.907 - Begin shutdown daemon
Oct 10 12:35:59 openeuler-riscv64 isulad[3430]:           iSula 20231010043559.915 - Grpc Server shutdown completed
Oct 10 12:35:59 openeuler-riscv64 isulad[3430]:           iSula 20231010043559.927 - Graph driver overlay cleanup completed
Oct 10 12:35:59 openeuler-riscv64 isulad[3430]:           iSula 20231010043559.927 - Image oci clean resource completed
Oct 10 12:35:59 openeuler-riscv64 isulad[3430]:           iSula 20231010043559.927 - Image module exit completed
Oct 10 12:35:59 openeuler-riscv64 isulad[3430]:           iSula 20231010043559.943 - Umount daemon mntpoint completed
Oct 10 12:35:59 openeuler-riscv64 isulad[3430]:           iSula 20231010043559.943 - Network module exit completed
Oct 10 12:35:59 openeuler-riscv64 isulad[3430]:           iSula 20231010043559.943 - Clean residual files completed
Oct 10 12:35:59 openeuler-riscv64 systemd[1]: isulad.service: Deactivated successfully.
░░ Subject: Unit succeeded
░░ Defined-By: systemd
░░ Support: https://lists.freedesktop.org/mailman/listinfo/systemd-devel
░░ 
░░ The unit isulad.service has successfully entered the 'dead' state.
Oct 10 12:35:59 openeuler-riscv64 systemd[1]: Stopped iSulad Application Container Engine.
░░ Subject: A stop job for unit isulad.service has finished
░░ Defined-By: systemd
░░ Support: https://lists.freedesktop.org/mailman/listinfo/systemd-devel
░░ 
░░ A stop job for unit isulad.service has finished.
░░ 
░░ The job identifier is 2756 and the job result is done.
Oct 10 12:36:00 openeuler-riscv64 systemd[1]: Starting iSulad Application Container Engine...
░░ Subject: A start job for unit isulad.service has begun execution
░░ Defined-By: systemd
░░ Support: https://lists.freedesktop.org/mailman/listinfo/systemd-devel
░░ 
░░ A start job for unit isulad.service has begun execution.
░░ 
░░ The job identifier is 2756.
Oct 10 12:36:00 openeuler-riscv64 isulad[4033]: Load isulad json config failed: cannot parse the data: parse error: after array element, I expect ',' or ']'
Oct 10 12:36:00 openeuler-riscv64 isulad[4033]:                                         {     "group": "isula",     "d
Oct 10 12:36:00 openeuler-riscv64 isulad[4033]:                      (right here) ------^
Oct 10 12:36:00 openeuler-riscv64 isulad[4033]:          isulad /home/abuild/rpmbuild/BUILD/iSulad-v2.1.3/src/cmd/isulad/main.c: server_conf_parse_save: 1027 Failed to merge json conf into global
Oct 10 12:36:00 openeuler-riscv64 isulad[4033]:          isulad /home/abuild/rpmbuild/BUILD/iSulad-v2.1.3/src/cmd/isulad/main.c: pre_init_daemon: 1686 Failed to parse and save server conf
Oct 10 12:36:00 openeuler-riscv64 isulad[4033]:          isulad /home/abuild/rpmbuild/BUILD/iSulad-v2.1.3/src/cmd/isulad/main.c: main: 1821 Starting failed...
Oct 10 12:36:00 openeuler-riscv64 systemd[1]: isulad.service: Main process exited, code=exited, status=1/FAILURE
░░ Subject: Unit process exited
░░ Defined-By: systemd
░░ Support: https://lists.freedesktop.org/mailman/listinfo/systemd-devel
░░ 
░░ An ExecStart= process belonging to unit isulad.service has exited.
░░ 
░░ The process' exit code is 'exited' and its exit status is 1.
Oct 10 12:36:00 openeuler-riscv64 systemd[1]: isulad.service: Failed with result 'exit-code'.
░░ Subject: Unit failed
░░ Defined-By: systemd
░░ Support: https://lists.freedesktop.org/mailman/listinfo/systemd-devel
░░ 
░░ The unit isulad.service has entered the 'failed' state with result 'exit-code'.
Oct 10 12:36:00 openeuler-riscv64 systemd[1]: Failed to start iSulad Application Container Engine.
░░ Subject: A start job for unit isulad.service has failed
░░ Defined-By: systemd
░░ Support: https://lists.freedesktop.org/mailman/listinfo/systemd-devel
░░ 
░░ A start job for unit isulad.service has finished with a failure.
░░ 
░░ The job identifier is 2756 and the job result is failed.
Oct 10 12:36:00 openeuler-riscv64 systemd[1]: isulad.service: Scheduled restart job, restart counter is at 1.
░░ Subject: Automatic restarting of a unit has been scheduled
░░ Defined-By: systemd
░░ Support: https://lists.freedesktop.org/mailman/listinfo/systemd-devel
░░ 
░░ Automatic restarting of the unit isulad.service has been scheduled, as the result for
░░ the configured Restart= setting for the unit.
Oct 10 12:36:00 openeuler-riscv64 systemd[1]: Stopped iSulad Application Container Engine.
░░ Subject: A stop job for unit isulad.service has finished
░░ Defined-By: systemd
░░ Support: https://lists.freedesktop.org/mailman/listinfo/systemd-devel
░░ 
░░ A stop job for unit isulad.service has finished.
░░ 
░░ The job identifier is 2828 and the job result is done.
Oct 10 12:36:00 openeuler-riscv64 systemd[1]: Starting iSulad Application Container Engine...
░░ Subject: A start job for unit isulad.service has begun execution
░░ Defined-By: systemd
░░ Support: https://lists.freedesktop.org/mailman/listinfo/systemd-devel
░░ 
░░ A start job for unit isulad.service has begun execution.
░░ 
░░ The job identifier is 2828.
Oct 10 12:36:01 openeuler-riscv64 isulad[4037]: Load isulad json config failed: cannot parse the data: parse error: after array element, I expect ',' or ']'
Oct 10 12:36:01 openeuler-riscv64 isulad[4037]:                                         {     "group": "isula",     "d
Oct 10 12:36:01 openeuler-riscv64 isulad[4037]:                      (right here) ------^
Oct 10 12:36:01 openeuler-riscv64 isulad[4037]:          isulad /home/abuild/rpmbuild/BUILD/iSulad-v2.1.3/src/cmd/isulad/main.c: server_conf_parse_save: 1027 Failed to merge json conf into global
Oct 10 12:36:01 openeuler-riscv64 isulad[4037]:          isulad /home/abuild/rpmbuild/BUILD/iSulad-v2.1.3/src/cmd/isulad/main.c: pre_init_daemon: 1686 Failed to parse and save server conf
Oct 10 12:36:01 openeuler-riscv64 isulad[4037]:          isulad /home/abuild/rpmbuild/BUILD/iSulad-v2.1.3/src/cmd/isulad/main.c: main: 1821 Starting failed...
Oct 10 12:36:01 openeuler-riscv64 systemd[1]: isulad.service: Main process exited, code=exited, status=1/FAILURE
░░ Subject: Unit process exited
░░ Defined-By: systemd
░░ Support: https://lists.freedesktop.org/mailman/listinfo/systemd-devel
░░ 
░░ An ExecStart= process belonging to unit isulad.service has exited.
░░ 
░░ The process' exit code is 'exited' and its exit status is 1.
Oct 10 12:36:01 openeuler-riscv64 systemd[1]: isulad.service: Failed with result 'exit-code'.
░░ Subject: Unit failed
░░ Defined-By: systemd
░░ Support: https://lists.freedesktop.org/mailman/listinfo/systemd-devel
░░ 
░░ The unit isulad.service has entered the 'failed' state with result 'exit-code'.
Oct 10 12:36:01 openeuler-riscv64 systemd[1]: Failed to start iSulad Application Container Engine.
░░ Subject: A start job for unit isulad.service has failed
░░ Defined-By: systemd
░░ Support: https://lists.freedesktop.org/mailman/listinfo/systemd-devel
░░ 
░░ A start job for unit isulad.service has finished with a failure.
░░ 
░░ The job identifier is 2828 and the job result is failed.
Oct 10 12:36:01 openeuler-riscv64 systemd[1]: isulad.service: Scheduled restart job, restart counter is at 2.
░░ Subject: Automatic restarting of a unit has been scheduled
░░ Defined-By: systemd
░░ Support: https://lists.freedesktop.org/mailman/listinfo/systemd-devel
░░ 
░░ Automatic restarting of the unit isulad.service has been scheduled, as the result for
░░ the configured Restart= setting for the unit.
Oct 10 12:36:01 openeuler-riscv64 systemd[1]: Stopped iSulad Application Container Engine.
░░ Subject: A stop job for unit isulad.service has finished
░░ Defined-By: systemd
░░ Support: https://lists.freedesktop.org/mailman/listinfo/systemd-devel
░░ 
░░ A stop job for unit isulad.service has finished.
░░ 
░░ The job identifier is 2900 and the job result is done.
Oct 10 12:36:01 openeuler-riscv64 systemd[1]: Starting iSulad Application Container Engine...
░░ Subject: A start job for unit isulad.service has begun execution
░░ Defined-By: systemd
░░ Support: https://lists.freedesktop.org/mailman/listinfo/systemd-devel
░░ 
░░ A start job for unit isulad.service has begun execution.
░░ 
░░ The job identifier is 2900.
Oct 10 12:36:02 openeuler-riscv64 isulad[4044]: Load isulad json config failed: cannot parse the data: parse error: after array element, I expect ',' or ']'
Oct 10 12:36:02 openeuler-riscv64 isulad[4044]:                                         {     "group": "isula",     "d
Oct 10 12:36:02 openeuler-riscv64 isulad[4044]:                      (right here) ------^
Oct 10 12:36:02 openeuler-riscv64 isulad[4044]:          isulad /home/abuild/rpmbuild/BUILD/iSulad-v2.1.3/src/cmd/isulad/main.c: server_conf_parse_save: 1027 Failed to merge json conf into global
Oct 10 12:36:02 openeuler-riscv64 isulad[4044]:          isulad /home/abuild/rpmbuild/BUILD/iSulad-v2.1.3/src/cmd/isulad/main.c: pre_init_daemon: 1686 Failed to parse and save server conf
Oct 10 12:36:02 openeuler-riscv64 isulad[4044]:          isulad /home/abuild/rpmbuild/BUILD/iSulad-v2.1.3/src/cmd/isulad/main.c: main: 1821 Starting failed...
Oct 10 12:36:02 openeuler-riscv64 systemd[1]: isulad.service: Main process exited, code=exited, status=1/FAILURE
░░ Subject: Unit process exited
░░ Defined-By: systemd
░░ Support: https://lists.freedesktop.org/mailman/listinfo/systemd-devel
░░ 
░░ An ExecStart= process belonging to unit isulad.service has exited.
░░ 
░░ The process' exit code is 'exited' and its exit status is 1.
Oct 10 12:36:02 openeuler-riscv64 systemd[1]: isulad.service: Failed with result 'exit-code'.
░░ Subject: Unit failed
░░ Defined-By: systemd
░░ Support: https://lists.freedesktop.org/mailman/listinfo/systemd-devel
░░ 
░░ The unit isulad.service has entered the 'failed' state with result 'exit-code'.
Oct 10 12:36:02 openeuler-riscv64 systemd[1]: Failed to start iSulad Application Container Engine.
░░ Subject: A start job for unit isulad.service has failed
░░ Defined-By: systemd
░░ Support: https://lists.freedesktop.org/mailman/listinfo/systemd-devel
░░ 
░░ A start job for unit isulad.service has finished with a failure.
░░ 
░░ The job identifier is 2900 and the job result is failed.
Oct 10 12:36:02 openeuler-riscv64 systemd[1]: isulad.service: Scheduled restart job, restart counter is at 3.
░░ Subject: Automatic restarting of a unit has been scheduled
░░ Defined-By: systemd
░░ Support: https://lists.freedesktop.org/mailman/listinfo/systemd-devel
░░ 
░░ Automatic restarting of the unit isulad.service has been scheduled, as the result for
░░ the configured Restart= setting for the unit.
Oct 10 12:36:02 openeuler-riscv64 systemd[1]: Stopped iSulad Application Container Engine.
░░ Subject: A stop job for unit isulad.service has finished
░░ Defined-By: systemd
░░ Support: https://lists.freedesktop.org/mailman/listinfo/systemd-devel
░░ 
░░ A stop job for unit isulad.service has finished.
░░ 
░░ The job identifier is 2972 and the job result is done.
Oct 10 12:36:02 openeuler-riscv64 systemd[1]: isulad.service: Start request repeated too quickly.
Oct 10 12:36:02 openeuler-riscv64 systemd[1]: isulad.service: Failed with result 'exit-code'.
░░ Subject: Unit failed
░░ Defined-By: systemd
░░ Support: https://lists.freedesktop.org/mailman/listinfo/systemd-devel
░░ 
░░ The unit isulad.service has entered the 'failed' state with result 'exit-code'.
Oct 10 12:36:02 openeuler-riscv64 systemd[1]: Failed to start iSulad Application Container Engine.
░░ Subject: A start job for unit isulad.service has failed
░░ Defined-By: systemd
░░ Support: https://lists.freedesktop.org/mailman/listinfo/systemd-devel
░░ 
░░ A start job for unit isulad.service has finished with a failure.
░░ 
░░ The job identifier is 2972 and the job result is failed.
Oct 10 12:36:32 openeuler-riscv64 systemd[1]: isulad.service: Start request repeated too quickly.
Oct 10 12:36:32 openeuler-riscv64 systemd[1]: isulad.service: Failed with result 'exit-code'.
░░ Subject: Unit failed
░░ Defined-By: systemd
░░ Support: https://lists.freedesktop.org/mailman/listinfo/systemd-devel
░░ 
░░ The unit isulad.service has entered the 'failed' state with result 'exit-code'.
Oct 10 12:36:32 openeuler-riscv64 systemd[1]: Failed to start iSulad Application Container Engine.
░░ Subject: A start job for unit isulad.service has failed
░░ Defined-By: systemd
░░ Support: https://lists.freedesktop.org/mailman/listinfo/systemd-devel
░░ 
░░ A start job for unit isulad.service has finished with a failure.
░░ 
░░ The job identifier is 3044 and the job result is failed.
Oct 10 12:37:00 openeuler-riscv64 systemd[1]: Starting iSulad Application Container Engine...
░░ Subject: A start job for unit isulad.service has begun execution
░░ Defined-By: systemd
░░ Support: https://lists.freedesktop.org/mailman/listinfo/systemd-devel
░░ 
░░ A start job for unit isulad.service has begun execution.
░░ 
░░ The job identifier is 3116.
Oct 10 12:37:00 openeuler-riscv64 isulad[4453]: Load isulad json config failed: cannot parse the data: parse error: after array element, I expect ',' or ']'
Oct 10 12:37:00 openeuler-riscv64 isulad[4453]:                                         {     "group": "isula",     "d
Oct 10 12:37:00 openeuler-riscv64 isulad[4453]:                      (right here) ------^
Oct 10 12:37:00 openeuler-riscv64 isulad[4453]:          isulad /home/abuild/rpmbuild/BUILD/iSulad-v2.1.3/src/cmd/isulad/main.c: server_conf_parse_save: 1027 Failed to merge json conf into global
Oct 10 12:37:00 openeuler-riscv64 isulad[4453]:          isulad /home/abuild/rpmbuild/BUILD/iSulad-v2.1.3/src/cmd/isulad/main.c: pre_init_daemon: 1686 Failed to parse and save server conf
Oct 10 12:37:00 openeuler-riscv64 isulad[4453]:          isulad /home/abuild/rpmbuild/BUILD/iSulad-v2.1.3/src/cmd/isulad/main.c: main: 1821 Starting failed...
Oct 10 12:37:00 openeuler-riscv64 systemd[1]: isulad.service: Main process exited, code=exited, status=1/FAILURE
░░ Subject: Unit process exited
░░ Defined-By: systemd
░░ Support: https://lists.freedesktop.org/mailman/listinfo/systemd-devel
░░ 
░░ An ExecStart= process belonging to unit isulad.service has exited.
░░ 
░░ The process' exit code is 'exited' and its exit status is 1.
Oct 10 12:37:00 openeuler-riscv64 systemd[1]: isulad.service: Failed with result 'exit-code'.
░░ Subject: Unit failed
░░ Defined-By: systemd
░░ Support: https://lists.freedesktop.org/mailman/listinfo/systemd-devel
░░ 
░░ The unit isulad.service has entered the 'failed' state with result 'exit-code'.
Oct 10 12:37:00 openeuler-riscv64 systemd[1]: Failed to start iSulad Application Container Engine.
░░ Subject: A start job for unit isulad.service has failed
░░ Defined-By: systemd
░░ Support: https://lists.freedesktop.org/mailman/listinfo/systemd-devel
░░ 
░░ A start job for unit isulad.service has finished with a failure.
░░ 
░░ The job identifier is 3116 and the job result is failed.
Oct 10 12:37:01 openeuler-riscv64 systemd[1]: isulad.service: Scheduled restart job, restart counter is at 1.
░░ Subject: Automatic restarting of a unit has been scheduled
░░ Defined-By: systemd
░░ Support: https://lists.freedesktop.org/mailman/listinfo/systemd-devel
░░ 
░░ Automatic restarting of the unit isulad.service has been scheduled, as the result for
░░ the configured Restart= setting for the unit.
Oct 10 12:37:01 openeuler-riscv64 systemd[1]: Stopped iSulad Application Container Engine.
░░ Subject: A stop job for unit isulad.service has finished
░░ Defined-By: systemd
░░ Support: https://lists.freedesktop.org/mailman/listinfo/systemd-devel
░░ 
░░ A stop job for unit isulad.service has finished.
░░ 
░░ The job identifier is 3188 and the job result is done.
Oct 10 12:37:01 openeuler-riscv64 systemd[1]: Starting iSulad Application Container Engine...
░░ Subject: A start job for unit isulad.service has begun execution
░░ Defined-By: systemd
░░ Support: https://lists.freedesktop.org/mailman/listinfo/systemd-devel
░░ 
░░ A start job for unit isulad.service has begun execution.
░░ 
░░ The job identifier is 3188.
Oct 10 12:37:01 openeuler-riscv64 isulad[4458]: Load isulad json config failed: cannot parse the data: parse error: after array element, I expect ',' or ']'
Oct 10 12:37:01 openeuler-riscv64 isulad[4458]:                                         {     "group": "isula",     "d
Oct 10 12:37:01 openeuler-riscv64 isulad[4458]:                      (right here) ------^
Oct 10 12:37:01 openeuler-riscv64 isulad[4458]:          isulad /home/abuild/rpmbuild/BUILD/iSulad-v2.1.3/src/cmd/isulad/main.c: server_conf_parse_save: 1027 Failed to merge json conf into global
Oct 10 12:37:01 openeuler-riscv64 isulad[4458]:          isulad /home/abuild/rpmbuild/BUILD/iSulad-v2.1.3/src/cmd/isulad/main.c: pre_init_daemon: 1686 Failed to parse and save server conf
Oct 10 12:37:01 openeuler-riscv64 isulad[4458]:          isulad /home/abuild/rpmbuild/BUILD/iSulad-v2.1.3/src/cmd/isulad/main.c: main: 1821 Starting failed...
Oct 10 12:37:01 openeuler-riscv64 systemd[1]: isulad.service: Main process exited, code=exited, status=1/FAILURE
░░ Subject: Unit process exited
░░ Defined-By: systemd
░░ Support: https://lists.freedesktop.org/mailman/listinfo/systemd-devel
░░ 
░░ An ExecStart= process belonging to unit isulad.service has exited.
░░ 
░░ The process' exit code is 'exited' and its exit status is 1.
Oct 10 12:37:01 openeuler-riscv64 systemd[1]: isulad.service: Failed with result 'exit-code'.
░░ Subject: Unit failed
░░ Defined-By: systemd
░░ Support: https://lists.freedesktop.org/mailman/listinfo/systemd-devel
░░ 
░░ The unit isulad.service has entered the 'failed' state with result 'exit-code'.
Oct 10 12:37:01 openeuler-riscv64 systemd[1]: Failed to start iSulad Application Container Engine.
░░ Subject: A start job for unit isulad.service has failed
░░ Defined-By: systemd
░░ Support: https://lists.freedesktop.org/mailman/listinfo/systemd-devel
░░ 
░░ A start job for unit isulad.service has finished with a failure.
░░ 
░░ The job identifier is 3188 and the job result is failed.
Oct 10 12:37:01 openeuler-riscv64 systemd[1]: isulad.service: Scheduled restart job, restart counter is at 2.
░░ Subject: Automatic restarting of a unit has been scheduled
░░ Defined-By: systemd
░░ Support: https://lists.freedesktop.org/mailman/listinfo/systemd-devel
░░ 
░░ Automatic restarting of the unit isulad.service has been scheduled, as the result for
░░ the configured Restart= setting for the unit.
Oct 10 12:37:01 openeuler-riscv64 systemd[1]: Stopped iSulad Application Container Engine.
░░ Subject: A stop job for unit isulad.service has finished
░░ Defined-By: systemd
░░ Support: https://lists.freedesktop.org/mailman/listinfo/systemd-devel
░░ 
░░ A stop job for unit isulad.service has finished.
░░ 
░░ The job identifier is 3260 and the job result is done.
Oct 10 12:37:01 openeuler-riscv64 systemd[1]: Starting iSulad Application Container Engine...
░░ Subject: A start job for unit isulad.service has begun execution
░░ Defined-By: systemd
░░ Support: https://lists.freedesktop.org/mailman/listinfo/systemd-devel
░░ 
░░ A start job for unit isulad.service has begun execution.
░░ 
░░ The job identifier is 3260.
Oct 10 12:37:02 openeuler-riscv64 isulad[4491]: Load isulad json config failed: cannot parse the data: parse error: after array element, I expect ',' or ']'
Oct 10 12:37:02 openeuler-riscv64 isulad[4491]:                                         {     "group": "isula",     "d
Oct 10 12:37:02 openeuler-riscv64 isulad[4491]:                      (right here) ------^
Oct 10 12:37:02 openeuler-riscv64 isulad[4491]:          isulad /home/abuild/rpmbuild/BUILD/iSulad-v2.1.3/src/cmd/isulad/main.c: server_conf_parse_save: 1027 Failed to merge json conf into global
Oct 10 12:37:02 openeuler-riscv64 isulad[4491]:          isulad /home/abuild/rpmbuild/BUILD/iSulad-v2.1.3/src/cmd/isulad/main.c: pre_init_daemon: 1686 Failed to parse and save server conf
Oct 10 12:37:02 openeuler-riscv64 isulad[4491]:          isulad /home/abuild/rpmbuild/BUILD/iSulad-v2.1.3/src/cmd/isulad/main.c: main: 1821 Starting failed...
Oct 10 12:37:02 openeuler-riscv64 systemd[1]: isulad.service: Main process exited, code=exited, status=1/FAILURE
░░ Subject: Unit process exited
░░ Defined-By: systemd
░░ Support: https://lists.freedesktop.org/mailman/listinfo/systemd-devel
░░ 
░░ An ExecStart= process belonging to unit isulad.service has exited.
░░ 
░░ The process' exit code is 'exited' and its exit status is 1.
Oct 10 12:37:02 openeuler-riscv64 systemd[1]: isulad.service: Failed with result 'exit-code'.
░░ Subject: Unit failed
░░ Defined-By: systemd
░░ Support: https://lists.freedesktop.org/mailman/listinfo/systemd-devel
░░ 
░░ The unit isulad.service has entered the 'failed' state with result 'exit-code'.
Oct 10 12:37:02 openeuler-riscv64 systemd[1]: Failed to start iSulad Application Container Engine.
░░ Subject: A start job for unit isulad.service has failed
░░ Defined-By: systemd
░░ Support: https://lists.freedesktop.org/mailman/listinfo/systemd-devel
░░ 
░░ A start job for unit isulad.service has finished with a failure.
░░ 
░░ The job identifier is 3260 and the job result is failed.
Oct 10 12:37:02 openeuler-riscv64 systemd[1]: isulad.service: Scheduled restart job, restart counter is at 3.
░░ Subject: Automatic restarting of a unit has been scheduled
░░ Defined-By: systemd
░░ Support: https://lists.freedesktop.org/mailman/listinfo/systemd-devel
░░ 
░░ Automatic restarting of the unit isulad.service has been scheduled, as the result for
░░ the configured Restart= setting for the unit.
Oct 10 12:37:02 openeuler-riscv64 systemd[1]: Stopped iSulad Application Container Engine.
░░ Subject: A stop job for unit isulad.service has finished
░░ Defined-By: systemd
░░ Support: https://lists.freedesktop.org/mailman/listinfo/systemd-devel
░░ 
░░ A stop job for unit isulad.service has finished.
░░ 
░░ The job identifier is 3332 and the job result is done.
Oct 10 12:37:02 openeuler-riscv64 systemd[1]: isulad.service: Start request repeated too quickly.
Oct 10 12:37:02 openeuler-riscv64 systemd[1]: isulad.service: Failed with result 'exit-code'.
░░ Subject: Unit failed
░░ Defined-By: systemd
░░ Support: https://lists.freedesktop.org/mailman/listinfo/systemd-devel
░░ 
░░ The unit isulad.service has entered the 'failed' state with result 'exit-code'.
Oct 10 12:37:02 openeuler-riscv64 systemd[1]: Failed to start iSulad Application Container Engine.
░░ Subject: A start job for unit isulad.service has failed
░░ Defined-By: systemd
░░ Support: https://lists.freedesktop.org/mailman/listinfo/systemd-devel
░░ 
░░ A start job for unit isulad.service has finished with a failure.
░░ 
░░ The job identifier is 3332 and the job result is failed.
Oct 10 12:37:29 openeuler-riscv64 systemd[1]: isulad.service: Start request repeated too quickly.
Oct 10 12:37:29 openeuler-riscv64 systemd[1]: isulad.service: Failed with result 'exit-code'.
░░ Subject: Unit failed
░░ Defined-By: systemd
░░ Support: https://lists.freedesktop.org/mailman/listinfo/systemd-devel
░░ 
░░ The unit isulad.service has entered the 'failed' state with result 'exit-code'.
Oct 10 12:37:29 openeuler-riscv64 systemd[1]: Failed to start iSulad Application Container Engine.
░░ Subject: A start job for unit isulad.service has failed
░░ Defined-By: systemd
░░ Support: https://lists.freedesktop.org/mailman/listinfo/systemd-devel
░░ 
░░ A start job for unit isulad.service has finished with a failure.
░░ 
░░ The job identifier is 3404 and the job result is failed.
