Tue Aug 22 02:26:05 2023 - INFO  - start to run testcase:oe_test_multipath-tools_kpartx.
Tue Aug 22 02:28:57 2023 - ERROR - The case exit by code 8.
Tue Aug 22 02:28:57 2023 - INFO  - End to run testcase:oe_test_multipath-tools_kpartx.
Tue Aug 22 02:28:57 2023 - INFO  - A total of 1 use cases were executed, with 0 successes and 1 failures.
Tue Aug 22 02:28:57 2023 - INFO  - start to run testcase:oe_test_multipath-tools_mpathconf.
Tue Aug 22 02:29:02 2023 - INFO  - The case exit by code 0.
Tue Aug 22 02:29:02 2023 - INFO  - End to run testcase:oe_test_multipath-tools_mpathconf.
Tue Aug 22 02:29:02 2023 - INFO  - A total of 1 use cases were executed, with 1 successes and 0 failures.
Tue Aug 22 02:29:02 2023 - INFO  - start to run testcase:oe_test_multipath-tools_mpathpersist.
Tue Aug 22 02:31:51 2023 - INFO  - The case exit by code 0.
Tue Aug 22 02:31:51 2023 - INFO  - End to run testcase:oe_test_multipath-tools_mpathpersist.
Tue Aug 22 02:31:51 2023 - INFO  - A total of 1 use cases were executed, with 1 successes and 0 failures.
Tue Aug 22 02:31:51 2023 - INFO  - start to run testcase:oe_test_multipath-tools_multipath_01.
Tue Aug 22 02:34:33 2023 - INFO  - The case exit by code 0.
Tue Aug 22 02:34:33 2023 - INFO  - End to run testcase:oe_test_multipath-tools_multipath_01.
Tue Aug 22 02:34:33 2023 - INFO  - A total of 1 use cases were executed, with 1 successes and 0 failures.
Tue Aug 22 02:34:33 2023 - INFO  - start to run testcase:oe_test_multipath-tools_multipath_02.
Tue Aug 22 02:37:17 2023 - INFO  - The case exit by code 0.
Tue Aug 22 02:37:17 2023 - INFO  - End to run testcase:oe_test_multipath-tools_multipath_02.
Tue Aug 22 02:37:17 2023 - INFO  - A total of 1 use cases were executed, with 1 successes and 0 failures.
Tue Aug 22 02:37:17 2023 - INFO  - start to run testcase:oe_test_service_multipathd.
Tue Aug 22 02:37:39 2023 - INFO  - The case exit by code 0.
Tue Aug 22 02:37:39 2023 - INFO  - End to run testcase:oe_test_service_multipathd.
Tue Aug 22 02:37:39 2023 - INFO  - A total of 1 use cases were executed, with 1 successes and 0 failures.
Tue Aug 22 02:37:39 2023 - INFO  - start to run testcase:oe_test_socket_multipathd.
Tue Aug 22 02:38:00 2023 - INFO  - The case exit by code 0.
Tue Aug 22 02:38:00 2023 - INFO  - End to run testcase:oe_test_socket_multipathd.
Tue Aug 22 02:38:00 2023 - INFO  - A total of 1 use cases were executed, with 1 successes and 0 failures.
