Mon Sep 11 21:13:45 2023 - INFO  - start to run testcase:oe_test_open-iscsi_iscsiadm.
Mon Sep 11 21:14:37 2023 - ERROR - The case exit by code 15.
Mon Sep 11 21:14:37 2023 - INFO  - End to run testcase:oe_test_open-iscsi_iscsiadm.
Mon Sep 11 21:14:38 2023 - INFO  - A total of 1 use cases were executed, with 0 successes and 1 failures.
Mon Sep 11 21:14:41 2023 - INFO  - start to run testcase:oe_test_open-iscsi_iscsistart_iscsiuio.
Mon Sep 11 21:15:31 2023 - ERROR - The case exit by code 9.
Mon Sep 11 21:15:32 2023 - INFO  - End to run testcase:oe_test_open-iscsi_iscsistart_iscsiuio.
Mon Sep 11 21:15:32 2023 - INFO  - A total of 1 use cases were executed, with 0 successes and 1 failures.
Mon Sep 11 21:15:35 2023 - INFO  - start to run testcase:oe_test_service_iscsid.
Mon Sep 11 21:16:18 2023 - INFO  - The case exit by code 0.
Mon Sep 11 21:16:19 2023 - INFO  - End to run testcase:oe_test_service_iscsid.
Mon Sep 11 21:16:19 2023 - INFO  - A total of 1 use cases were executed, with 1 successes and 0 failures.
Mon Sep 11 21:16:22 2023 - INFO  - start to run testcase:oe_test_service_iscsi.
Mon Sep 11 21:17:07 2023 - ERROR - The case exit by code 1.
Mon Sep 11 21:17:07 2023 - INFO  - End to run testcase:oe_test_service_iscsi.
Mon Sep 11 21:17:08 2023 - INFO  - A total of 1 use cases were executed, with 0 successes and 1 failures.
Mon Sep 11 21:17:11 2023 - INFO  - start to run testcase:oe_test_service_iscsiuio.
Mon Sep 11 21:17:55 2023 - ERROR - The case exit by code 7.
Mon Sep 11 21:17:55 2023 - INFO  - End to run testcase:oe_test_service_iscsiuio.
Mon Sep 11 21:17:56 2023 - INFO  - A total of 1 use cases were executed, with 0 successes and 1 failures.
Mon Sep 11 21:17:58 2023 - INFO  - start to run testcase:oe_test_socket_iscsid.
Mon Sep 11 21:18:40 2023 - INFO  - The case exit by code 0.
Mon Sep 11 21:18:41 2023 - INFO  - End to run testcase:oe_test_socket_iscsid.
Mon Sep 11 21:18:41 2023 - INFO  - A total of 1 use cases were executed, with 1 successes and 0 failures.
Mon Sep 11 21:18:44 2023 - INFO  - start to run testcase:oe_test_socket_iscsiuio.
Mon Sep 11 21:19:27 2023 - ERROR - The case exit by code 7.
Mon Sep 11 21:19:27 2023 - INFO  - End to run testcase:oe_test_socket_iscsiuio.
Mon Sep 11 21:19:28 2023 - INFO  - A total of 1 use cases were executed, with 0 successes and 1 failures.
