Tue Sep 12 10:02:03 2023 - INFO  - start to run testcase:oe_test_gdb_recovery_database.
Tue Sep 12 10:02:04 2023 - INFO  - The case exit by code 0.
Tue Sep 12 10:02:04 2023 - INFO  - End to run testcase:oe_test_gdb_recovery_database.
Tue Sep 12 10:02:04 2023 - INFO  - A total of 1 use cases were executed, with 1 successes and 0 failures.
Tue Sep 12 10:02:04 2023 - INFO  - start to run testcase:oe_test_gdb-breakpoints.
Tue Sep 12 10:02:04 2023 - ERROR - The case exit by code 1.
Tue Sep 12 10:02:04 2023 - INFO  - End to run testcase:oe_test_gdb-breakpoints.
Tue Sep 12 10:02:04 2023 - INFO  - A total of 1 use cases were executed, with 0 successes and 1 failures.
Tue Sep 12 10:02:05 2023 - INFO  - start to run testcase:oe_test_gdb-bt.
Tue Sep 12 10:02:05 2023 - ERROR - The case exit by code 2.
Tue Sep 12 10:02:05 2023 - INFO  - End to run testcase:oe_test_gdb-bt.
Tue Sep 12 10:02:05 2023 - INFO  - A total of 1 use cases were executed, with 0 successes and 1 failures.
Tue Sep 12 10:02:05 2023 - INFO  - start to run testcase:oe_test_gdb-list.
Tue Sep 12 10:02:06 2023 - ERROR - The case exit by code 2.
Tue Sep 12 10:02:06 2023 - INFO  - End to run testcase:oe_test_gdb-list.
Tue Sep 12 10:02:06 2023 - INFO  - A total of 1 use cases were executed, with 0 successes and 1 failures.
Tue Sep 12 10:02:06 2023 - INFO  - start to run testcase:oe_test_gdb-watch.
Tue Sep 12 10:02:06 2023 - ERROR - The case exit by code 2.
Tue Sep 12 10:02:06 2023 - INFO  - End to run testcase:oe_test_gdb-watch.
Tue Sep 12 10:02:06 2023 - INFO  - A total of 1 use cases were executed, with 0 successes and 1 failures.
