Thu May 25 16:46:54 2023 - INFO  - start to run testcase:oe_test_acl_add_write_permissions.
Thu May 25 16:46:55 2023 - INFO  - The case exit by code 0.
Thu May 25 16:46:56 2023 - INFO  - End to run testcase:oe_test_acl_add_write_permissions.
Thu May 25 16:46:56 2023 - INFO  - A total of 1 use cases were executed, with 1 successes and 0 failures.
Thu May 25 16:46:56 2023 - INFO  - start to run testcase:oe_test_acl_change_mask.
Thu May 25 16:46:59 2023 - INFO  - The case exit by code 0.
Thu May 25 16:46:59 2023 - INFO  - End to run testcase:oe_test_acl_change_mask.
Thu May 25 16:46:59 2023 - INFO  - A total of 1 use cases were executed, with 1 successes and 0 failures.
Thu May 25 16:46:59 2023 - INFO  - start to run testcase:oe_test_acl_check_create.
Thu May 25 16:47:00 2023 - INFO  - The case exit by code 0.
Thu May 25 16:47:00 2023 - INFO  - End to run testcase:oe_test_acl_check_create.
Thu May 25 16:47:00 2023 - INFO  - A total of 1 use cases were executed, with 1 successes and 0 failures.
Thu May 25 16:47:01 2023 - INFO  - start to run testcase:oe_test_acl_defaulr_rule.
Thu May 25 16:47:02 2023 - INFO  - The case exit by code 0.
Thu May 25 16:47:02 2023 - INFO  - End to run testcase:oe_test_acl_defaulr_rule.
Thu May 25 16:47:02 2023 - INFO  - A total of 1 use cases were executed, with 1 successes and 0 failures.
Thu May 25 16:47:03 2023 - INFO  - start to run testcase:oe_test_acl_only_root_permission.
Thu May 25 16:47:06 2023 - INFO  - The case exit by code 0.
Thu May 25 16:47:06 2023 - INFO  - End to run testcase:oe_test_acl_only_root_permission.
Thu May 25 16:47:06 2023 - INFO  - A total of 1 use cases were executed, with 1 successes and 0 failures.
Thu May 25 16:47:07 2023 - INFO  - start to run testcase:oe_test_acl_chacl.
Thu May 25 16:47:12 2023 - INFO  - The case exit by code 0.
Thu May 25 16:47:12 2023 - INFO  - End to run testcase:oe_test_acl_chacl.
Thu May 25 16:47:12 2023 - INFO  - A total of 1 use cases were executed, with 1 successes and 0 failures.
Thu May 25 16:47:12 2023 - INFO  - start to run testcase:oe_test_acl_getfacl.
Thu May 25 16:47:15 2023 - INFO  - The case exit by code 0.
Thu May 25 16:47:15 2023 - INFO  - End to run testcase:oe_test_acl_getfacl.
Thu May 25 16:47:15 2023 - INFO  - A total of 1 use cases were executed, with 1 successes and 0 failures.
Thu May 25 16:47:15 2023 - INFO  - start to run testcase:oe_test_acl_setfacl.
Thu May 25 16:47:18 2023 - INFO  - The case exit by code 0.
Thu May 25 16:47:19 2023 - INFO  - End to run testcase:oe_test_acl_setfacl.
Thu May 25 16:47:19 2023 - INFO  - A total of 1 use cases were executed, with 1 successes and 0 failures.
Thu May 25 16:47:19 2023 - INFO  - start to run testcase:oe_test_access_providepam.
Thu May 25 16:47:20 2023 - ERROR - The case exit by code 1.
Thu May 25 16:47:21 2023 - INFO  - End to run testcase:oe_test_access_providepam.
Thu May 25 16:47:21 2023 - INFO  - A total of 1 use cases were executed, with 0 successes and 1 failures.
Thu May 25 16:47:21 2023 - INFO  - start to run testcase:oe_test_acl_file.
Thu May 25 16:47:26 2023 - INFO  - The case exit by code 0.
Thu May 25 16:47:26 2023 - INFO  - End to run testcase:oe_test_acl_file.
Thu May 25 16:47:26 2023 - INFO  - A total of 1 use cases were executed, with 1 successes and 0 failures.
Thu May 25 16:47:26 2023 - INFO  - start to run testcase:oe_test_acl_default_kernel_setting.
Thu May 25 16:47:27 2023 - INFO  - The case exit by code 0.
Thu May 25 16:47:27 2023 - INFO  - End to run testcase:oe_test_acl_default_kernel_setting.
Thu May 25 16:47:27 2023 - INFO  - A total of 1 use cases were executed, with 1 successes and 0 failures.
