Mon Sep 11 22:54:37 2023 - INFO  - start to run testcase:oe_test_dnf_alias.
Mon Sep 11 22:55:14 2023 - INFO  - The case exit by code 0.
Mon Sep 11 22:55:14 2023 - INFO  - End to run testcase:oe_test_dnf_alias.
Mon Sep 11 22:55:15 2023 - INFO  - A total of 1 use cases were executed, with 1 successes and 0 failures.
Mon Sep 11 22:55:17 2023 - INFO  - start to run testcase:oe_test_dnf_all-repos.
Mon Sep 11 22:56:36 2023 - INFO  - The case exit by code 0.
Mon Sep 11 22:56:36 2023 - INFO  - End to run testcase:oe_test_dnf_all-repos.
Mon Sep 11 22:56:36 2023 - INFO  - A total of 1 use cases were executed, with 1 successes and 0 failures.
Mon Sep 11 22:56:39 2023 - INFO  - start to run testcase:oe_test_dnf_assumeno_autoremove.
Mon Sep 11 22:59:01 2023 - INFO  - The case exit by code 0.
Mon Sep 11 22:59:01 2023 - INFO  - End to run testcase:oe_test_dnf_assumeno_autoremove.
Mon Sep 11 22:59:02 2023 - INFO  - A total of 1 use cases were executed, with 1 successes and 0 failures.
Mon Sep 11 22:59:04 2023 - INFO  - start to run testcase:oe_test_dnf_automatic.
Mon Sep 11 23:03:00 2023 - INFO  - The case exit by code 0.
Mon Sep 11 23:03:01 2023 - INFO  - End to run testcase:oe_test_dnf_automatic.
Mon Sep 11 23:03:01 2023 - INFO  - A total of 1 use cases were executed, with 1 successes and 0 failures.
Mon Sep 11 23:03:04 2023 - INFO  - start to run testcase:oe_test_dnf_check_diffenert-packages.
Mon Sep 11 23:04:30 2023 - ERROR - The case exit by code 3.
Mon Sep 11 23:04:31 2023 - INFO  - End to run testcase:oe_test_dnf_check_diffenert-packages.
Mon Sep 11 23:04:31 2023 - INFO  - A total of 1 use cases were executed, with 0 successes and 1 failures.
Mon Sep 11 23:04:34 2023 - INFO  - start to run testcase:oe_test_dnf_makecache_clean.
Mon Sep 11 23:10:14 2023 - INFO  - The case exit by code 0.
Mon Sep 11 23:10:15 2023 - INFO  - End to run testcase:oe_test_dnf_makecache_clean.
Mon Sep 11 23:10:15 2023 - INFO  - A total of 1 use cases were executed, with 1 successes and 0 failures.
Mon Sep 11 23:10:18 2023 - INFO  - start to run testcase:oe_test_dnf_distro-sync_dnf-3.
Mon Sep 11 23:14:15 2023 - INFO  - The case exit by code 0.
Mon Sep 11 23:14:16 2023 - INFO  - End to run testcase:oe_test_dnf_distro-sync_dnf-3.
Mon Sep 11 23:14:16 2023 - INFO  - A total of 1 use cases were executed, with 1 successes and 0 failures.
Mon Sep 11 23:14:19 2023 - INFO  - start to run testcase:oe_test_dnf_enabled_enablerepo.
Mon Sep 11 23:14:44 2023 - ERROR - The case exit by code 2.
Mon Sep 11 23:14:44 2023 - INFO  - End to run testcase:oe_test_dnf_enabled_enablerepo.
Mon Sep 11 23:14:45 2023 - INFO  - A total of 1 use cases were executed, with 0 successes and 1 failures.
Mon Sep 11 23:14:48 2023 - INFO  - start to run testcase:oe_test_service_dnf-automatic-download.
Mon Sep 11 23:16:08 2023 - ERROR - The case exit by code 2.
Mon Sep 11 23:16:09 2023 - INFO  - End to run testcase:oe_test_service_dnf-automatic-download.
Mon Sep 11 23:16:09 2023 - INFO  - A total of 1 use cases were executed, with 0 successes and 1 failures.
Mon Sep 11 23:16:13 2023 - INFO  - start to run testcase:oe_test_service_dnf-automatic-install.
Mon Sep 11 23:17:29 2023 - ERROR - The case exit by code 2.
Mon Sep 11 23:17:30 2023 - INFO  - End to run testcase:oe_test_service_dnf-automatic-install.
Mon Sep 11 23:17:30 2023 - INFO  - A total of 1 use cases were executed, with 0 successes and 1 failures.
Mon Sep 11 23:17:34 2023 - INFO  - start to run testcase:oe_test_service_dnf-automatic-notifyonly.
Mon Sep 11 23:18:50 2023 - ERROR - The case exit by code 2.
Mon Sep 11 23:18:50 2023 - INFO  - End to run testcase:oe_test_service_dnf-automatic-notifyonly.
Mon Sep 11 23:18:51 2023 - INFO  - A total of 1 use cases were executed, with 0 successes and 1 failures.
Mon Sep 11 23:18:54 2023 - INFO  - start to run testcase:oe_test_service_dnf-automatic.
Mon Sep 11 23:20:12 2023 - ERROR - The case exit by code 2.
Mon Sep 11 23:20:12 2023 - INFO  - End to run testcase:oe_test_service_dnf-automatic.
Mon Sep 11 23:20:13 2023 - INFO  - A total of 1 use cases were executed, with 0 successes and 1 failures.
Mon Sep 11 23:20:16 2023 - INFO  - start to run testcase:oe_test_service_dnf-makecache.
Mon Sep 11 23:20:27 2023 - INFO  - The case exit by code 0.
Mon Sep 11 23:20:27 2023 - INFO  - End to run testcase:oe_test_service_dnf-makecache.
Mon Sep 11 23:20:28 2023 - INFO  - A total of 1 use cases were executed, with 1 successes and 0 failures.
Mon Sep 11 23:20:30 2023 - INFO  - start to run testcase:oe_test_dnf_enhancement_exclude.
Mon Sep 11 23:21:29 2023 - INFO  - The case exit by code 0.
Mon Sep 11 23:21:29 2023 - INFO  - End to run testcase:oe_test_dnf_enhancement_exclude.
Mon Sep 11 23:21:29 2023 - INFO  - A total of 1 use cases were executed, with 1 successes and 0 failures.
Mon Sep 11 23:21:32 2023 - INFO  - start to run testcase:oe_test_dnf_help_history_info.
Mon Sep 11 23:22:55 2023 - INFO  - The case exit by code 0.
Mon Sep 11 23:22:55 2023 - INFO  - End to run testcase:oe_test_dnf_help_history_info.
Mon Sep 11 23:22:56 2023 - INFO  - A total of 1 use cases were executed, with 1 successes and 0 failures.
Mon Sep 11 23:22:58 2023 - INFO  - start to run testcase:oe_test_dnf_list_mark.
Mon Sep 11 23:25:50 2023 - ERROR - The case exit by code 1.
Mon Sep 11 23:25:51 2023 - INFO  - End to run testcase:oe_test_dnf_list_mark.
Mon Sep 11 23:25:51 2023 - INFO  - A total of 1 use cases were executed, with 0 successes and 1 failures.
Mon Sep 11 23:25:54 2023 - INFO  - start to run testcase:oe_test_dnf_nobest_nodocs_nogpgcheck.
Mon Sep 11 23:27:35 2023 - INFO  - The case exit by code 0.
Mon Sep 11 23:27:36 2023 - INFO  - End to run testcase:oe_test_dnf_nobest_nodocs_nogpgcheck.
Mon Sep 11 23:27:36 2023 - INFO  - A total of 1 use cases were executed, with 1 successes and 0 failures.
Mon Sep 11 23:27:39 2023 - INFO  - start to run testcase:oe_test_dnf_priority.
Mon Sep 11 23:28:17 2023 - INFO  - The case exit by code 0.
Mon Sep 11 23:28:18 2023 - INFO  - End to run testcase:oe_test_dnf_priority.
Mon Sep 11 23:28:18 2023 - INFO  - A total of 1 use cases were executed, with 1 successes and 0 failures.
Mon Sep 11 23:28:20 2023 - INFO  - start to run testcase:oe_test_dnf_provides_randomwait.
Mon Sep 11 23:33:23 2023 - ERROR - The case exit by code 1.
Mon Sep 11 23:33:23 2023 - INFO  - End to run testcase:oe_test_dnf_provides_randomwait.
Mon Sep 11 23:33:24 2023 - INFO  - A total of 1 use cases were executed, with 0 successes and 1 failures.
Mon Sep 11 23:33:26 2023 - INFO  - start to run testcase:oe_test_dnf_reinstall_repoinfo.
Mon Sep 11 23:37:41 2023 - ERROR - The case exit by code 1.
Mon Sep 11 23:37:41 2023 - INFO  - End to run testcase:oe_test_dnf_reinstall_repoinfo.
Mon Sep 11 23:37:42 2023 - INFO  - A total of 1 use cases were executed, with 0 successes and 1 failures.
Mon Sep 11 23:37:45 2023 - INFO  - start to run testcase:oe_test_dnf_repeat-install.
Mon Sep 11 23:47:43 2023 - INFO  - The case exit by code 0.
Mon Sep 11 23:47:44 2023 - INFO  - End to run testcase:oe_test_dnf_repeat-install.
Mon Sep 11 23:47:44 2023 - INFO  - A total of 1 use cases were executed, with 1 successes and 0 failures.
Mon Sep 11 23:47:47 2023 - INFO  - start to run testcase:oe_test_dnf_repeat-upgrade-downgrade.
pgrep: pattern that searches for process name longer than 15 characters will result in zero matches
Try `pgrep -f' option to match against the complete command line.
Tue Sep 12 00:17:48 2023 - WARN  - The case execution timeout.
Tue Sep 12 00:17:49 2023 - ERROR - The case exit by code 143.
Tue Sep 12 00:17:49 2023 - INFO  - End to run testcase:oe_test_dnf_repeat-upgrade-downgrade.
Tue Sep 12 00:17:50 2023 - INFO  - A total of 1 use cases were executed, with 0 successes and 1 failures.
