Mon Aug 28 12:20:30 2023 - INFO  - start to run testcase:oe_test_multipath-tools_kpartx.
Mon Aug 28 12:22:37 2023 - ERROR - The case exit by code 8.
Mon Aug 28 12:22:37 2023 - INFO  - End to run testcase:oe_test_multipath-tools_kpartx.
Mon Aug 28 12:22:37 2023 - INFO  - A total of 1 use cases were executed, with 0 successes and 1 failures.
Mon Aug 28 12:22:37 2023 - INFO  - start to run testcase:oe_test_multipath-tools_mpathconf.
Mon Aug 28 12:22:42 2023 - INFO  - The case exit by code 0.
Mon Aug 28 12:22:42 2023 - INFO  - End to run testcase:oe_test_multipath-tools_mpathconf.
Mon Aug 28 12:22:42 2023 - INFO  - A total of 1 use cases were executed, with 1 successes and 0 failures.
Mon Aug 28 12:22:42 2023 - INFO  - start to run testcase:oe_test_multipath-tools_mpathpersist.
Mon Aug 28 12:24:44 2023 - INFO  - The case exit by code 0.
Mon Aug 28 12:24:44 2023 - INFO  - End to run testcase:oe_test_multipath-tools_mpathpersist.
Mon Aug 28 12:24:44 2023 - INFO  - A total of 1 use cases were executed, with 1 successes and 0 failures.
Mon Aug 28 12:24:44 2023 - INFO  - start to run testcase:oe_test_multipath-tools_multipath_01.
Mon Aug 28 12:26:58 2023 - INFO  - The case exit by code 0.
Mon Aug 28 12:26:58 2023 - INFO  - End to run testcase:oe_test_multipath-tools_multipath_01.
Mon Aug 28 12:26:58 2023 - INFO  - A total of 1 use cases were executed, with 1 successes and 0 failures.
Mon Aug 28 12:26:58 2023 - INFO  - start to run testcase:oe_test_multipath-tools_multipath_02.
Mon Aug 28 12:29:01 2023 - INFO  - The case exit by code 0.
Mon Aug 28 12:29:01 2023 - INFO  - End to run testcase:oe_test_multipath-tools_multipath_02.
Mon Aug 28 12:29:01 2023 - INFO  - A total of 1 use cases were executed, with 1 successes and 0 failures.
Mon Aug 28 12:29:01 2023 - INFO  - start to run testcase:oe_test_service_multipathd.
Mon Aug 28 12:29:21 2023 - INFO  - The case exit by code 0.
Mon Aug 28 12:29:21 2023 - INFO  - End to run testcase:oe_test_service_multipathd.
Mon Aug 28 12:29:21 2023 - INFO  - A total of 1 use cases were executed, with 1 successes and 0 failures.
Mon Aug 28 12:29:22 2023 - INFO  - start to run testcase:oe_test_socket_multipathd.
Mon Aug 28 12:29:42 2023 - INFO  - The case exit by code 0.
Mon Aug 28 12:29:42 2023 - INFO  - End to run testcase:oe_test_socket_multipathd.
Mon Aug 28 12:29:42 2023 - INFO  - A total of 1 use cases were executed, with 1 successes and 0 failures.
