Thu May 25 17:02:28 2023 - INFO  - start to run testcase:oe_test_depmod.
Thu May 25 17:03:39 2023 - ERROR - The case exit by code 1.
Thu May 25 17:03:40 2023 - INFO  - End to run testcase:oe_test_depmod.
Thu May 25 17:03:41 2023 - INFO  - A total of 1 use cases were executed, with 0 successes and 1 failures.
Thu May 25 17:03:47 2023 - INFO  - start to run testcase:oe_test_insmod-lsmod.
Thu May 25 17:04:15 2023 - ERROR - The case exit by code 4.
Thu May 25 17:04:16 2023 - INFO  - End to run testcase:oe_test_insmod-lsmod.
Thu May 25 17:04:17 2023 - INFO  - A total of 1 use cases were executed, with 0 successes and 1 failures.
Thu May 25 17:04:22 2023 - INFO  - start to run testcase:oe_test_kmod.
Thu May 25 17:04:31 2023 - INFO  - The case exit by code 0.
Thu May 25 17:04:32 2023 - INFO  - End to run testcase:oe_test_kmod.
Thu May 25 17:04:33 2023 - INFO  - A total of 1 use cases were executed, with 1 successes and 0 failures.
Thu May 25 17:04:39 2023 - INFO  - start to run testcase:oe_test_modinfo.
Thu May 25 17:04:54 2023 - ERROR - The case exit by code 6.
Thu May 25 17:04:56 2023 - INFO  - End to run testcase:oe_test_modinfo.
Thu May 25 17:04:56 2023 - INFO  - A total of 1 use cases were executed, with 0 successes and 1 failures.
Thu May 25 17:05:02 2023 - INFO  - start to run testcase:oe_test_modprobe.
Thu May 25 17:05:47 2023 - ERROR - The case exit by code 10.
Thu May 25 17:05:48 2023 - INFO  - End to run testcase:oe_test_modprobe.
Thu May 25 17:05:49 2023 - INFO  - A total of 1 use cases were executed, with 0 successes and 1 failures.
Thu May 25 17:05:54 2023 - INFO  - start to run testcase:oe_test_rmmod.
Thu May 25 17:06:10 2023 - ERROR - The case exit by code 5.
Thu May 25 17:06:11 2023 - INFO  - End to run testcase:oe_test_rmmod.
Thu May 25 17:06:12 2023 - INFO  - A total of 1 use cases were executed, with 0 successes and 1 failures.
Thu May 25 17:06:18 2023 - INFO  - start to run testcase:oe_test_weak-modules.
Thu May 25 17:06:56 2023 - ERROR - The case exit by code 6.
Thu May 25 17:06:58 2023 - INFO  - End to run testcase:oe_test_weak-modules.
Thu May 25 17:06:59 2023 - INFO  - A total of 1 use cases were executed, with 0 successes and 1 failures.
