Mon Sep 11 21:11:26 2023 - INFO  - start to run testcase:oe_test_libappstream-glib_appstream-builder_01.
Mon Sep 11 21:11:49 2023 - INFO  - The case exit by code 0.
Mon Sep 11 21:11:49 2023 - INFO  - End to run testcase:oe_test_libappstream-glib_appstream-builder_01.
Mon Sep 11 21:11:50 2023 - INFO  - A total of 1 use cases were executed, with 1 successes and 0 failures.
Mon Sep 11 21:11:52 2023 - INFO  - start to run testcase:oe_test_libappstream-glib_appstream-builder_02.
Mon Sep 11 21:12:13 2023 - INFO  - The case exit by code 0.
Mon Sep 11 21:12:13 2023 - INFO  - End to run testcase:oe_test_libappstream-glib_appstream-builder_02.
Mon Sep 11 21:12:14 2023 - INFO  - A total of 1 use cases were executed, with 1 successes and 0 failures.
Mon Sep 11 21:12:16 2023 - INFO  - start to run testcase:oe_test_libappstream-glib_appstream-compose.
Mon Sep 11 21:12:41 2023 - INFO  - The case exit by code 0.
Mon Sep 11 21:12:42 2023 - INFO  - End to run testcase:oe_test_libappstream-glib_appstream-compose.
Mon Sep 11 21:12:42 2023 - INFO  - A total of 1 use cases were executed, with 1 successes and 0 failures.
Mon Sep 11 21:12:45 2023 - INFO  - start to run testcase:oe_test_libappstream-glib_appstream-util_01.
Mon Sep 11 21:13:07 2023 - INFO  - The case exit by code 0.
Mon Sep 11 21:13:07 2023 - INFO  - End to run testcase:oe_test_libappstream-glib_appstream-util_01.
Mon Sep 11 21:13:08 2023 - INFO  - A total of 1 use cases were executed, with 1 successes and 0 failures.
Mon Sep 11 21:13:11 2023 - INFO  - start to run testcase:oe_test_libappstream-glib_appstream-util_02.
Mon Sep 11 21:13:35 2023 - INFO  - The case exit by code 0.
Mon Sep 11 21:13:36 2023 - INFO  - End to run testcase:oe_test_libappstream-glib_appstream-util_02.
Mon Sep 11 21:13:36 2023 - INFO  - A total of 1 use cases were executed, with 1 successes and 0 failures.
Mon Sep 11 21:13:40 2023 - INFO  - start to run testcase:oe_test_libappstream-glib_appstream-util_03.
Mon Sep 11 21:14:04 2023 - INFO  - The case exit by code 0.
Mon Sep 11 21:14:04 2023 - INFO  - End to run testcase:oe_test_libappstream-glib_appstream-util_03.
Mon Sep 11 21:14:05 2023 - INFO  - A total of 1 use cases were executed, with 1 successes and 0 failures.
Mon Sep 11 21:14:07 2023 - INFO  - start to run testcase:oe_test_libappstream-glib_appstream-util_04.
Mon Sep 11 21:14:28 2023 - INFO  - The case exit by code 0.
Mon Sep 11 21:14:29 2023 - INFO  - End to run testcase:oe_test_libappstream-glib_appstream-util_04.
Mon Sep 11 21:14:29 2023 - INFO  - A total of 1 use cases were executed, with 1 successes and 0 failures.
Mon Sep 11 21:14:32 2023 - INFO  - start to run testcase:oe_test_libappstream-glib_appstream-util_05.
Mon Sep 11 21:14:53 2023 - INFO  - The case exit by code 0.
Mon Sep 11 21:14:54 2023 - INFO  - End to run testcase:oe_test_libappstream-glib_appstream-util_05.
Mon Sep 11 21:14:54 2023 - INFO  - A total of 1 use cases were executed, with 1 successes and 0 failures.
