Mon Aug 28 02:35:51 2023 - INFO  - start to run testcase:oe_test_kernel_cmd_01.
Mon Aug 28 02:36:03 2023 - ERROR - The case exit by code 3.
Mon Aug 28 02:36:03 2023 - INFO  - End to run testcase:oe_test_kernel_cmd_01.
Mon Aug 28 02:36:03 2023 - INFO  - A total of 1 use cases were executed, with 0 successes and 1 failures.
Mon Aug 28 02:36:03 2023 - INFO  - start to run testcase:oe_test_kernel_cmd_02.
Mon Aug 28 02:36:13 2023 - INFO  - The case exit by code 0.
Mon Aug 28 02:36:13 2023 - INFO  - End to run testcase:oe_test_kernel_cmd_02.
Mon Aug 28 02:36:13 2023 - INFO  - A total of 1 use cases were executed, with 1 successes and 0 failures.
Mon Aug 28 02:36:13 2023 - INFO  - start to run testcase:oe_test_kernel_cmd_03.
Mon Aug 28 02:36:50 2023 - INFO  - The case exit by code 0.
Mon Aug 28 02:36:50 2023 - INFO  - End to run testcase:oe_test_kernel_cmd_03.
Mon Aug 28 02:36:50 2023 - INFO  - A total of 1 use cases were executed, with 1 successes and 0 failures.
Mon Aug 28 02:36:50 2023 - INFO  - start to run testcase:oe_test_service_cpupower.
Mon Aug 28 02:36:51 2023 - INFO  - The case exit by code 0.
Mon Aug 28 02:36:51 2023 - INFO  - End to run testcase:oe_test_service_cpupower.
Mon Aug 28 02:36:51 2023 - INFO  - A total of 1 use cases were executed, with 1 successes and 0 failures.
Mon Aug 28 02:36:51 2023 - INFO  - start to run testcase:oe_test_ipip.
Mon Aug 28 02:36:51 2023 - INFO  - The case exit by code 0.
Mon Aug 28 02:36:51 2023 - INFO  - End to run testcase:oe_test_ipip.
Mon Aug 28 02:36:51 2023 - INFO  - A total of 1 use cases were executed, with 1 successes and 0 failures.
Mon Aug 28 02:36:51 2023 - INFO  - start to run testcase:oe_test_io_sched.
Mon Aug 28 02:36:52 2023 - ERROR - The case exit by code 1.
Mon Aug 28 02:36:52 2023 - INFO  - End to run testcase:oe_test_io_sched.
Mon Aug 28 02:36:52 2023 - INFO  - A total of 1 use cases were executed, with 0 successes and 1 failures.
Mon Aug 28 02:36:52 2023 - INFO  - start to run testcase:oe_test_cache_rw.
Mon Aug 28 02:36:53 2023 - INFO  - The case exit by code 0.
Mon Aug 28 02:36:53 2023 - INFO  - End to run testcase:oe_test_cache_rw.
Mon Aug 28 02:36:53 2023 - INFO  - A total of 1 use cases were executed, with 1 successes and 0 failures.
Mon Aug 28 02:36:53 2023 - INFO  - start to run testcase:oe_test_snd_aloop.
Mon Aug 28 02:36:53 2023 - INFO  - The case exit by code 0.
Mon Aug 28 02:36:53 2023 - INFO  - End to run testcase:oe_test_snd_aloop.
Mon Aug 28 02:36:53 2023 - INFO  - A total of 1 use cases were executed, with 1 successes and 0 failures.
Mon Aug 28 02:36:54 2023 - INFO  - start to run testcase:oe_test_hinic.
Mon Aug 28 02:36:54 2023 - ERROR - The case exit by code 2.
Mon Aug 28 02:36:54 2023 - INFO  - End to run testcase:oe_test_hinic.
Mon Aug 28 02:36:54 2023 - INFO  - A total of 1 use cases were executed, with 0 successes and 1 failures.
Mon Aug 28 02:36:54 2023 - INFO  - start to run testcase:oe_test_hqlogic.
Mon Aug 28 02:36:55 2023 - INFO  - The case exit by code 0.
Mon Aug 28 02:36:55 2023 - INFO  - End to run testcase:oe_test_hqlogic.
Mon Aug 28 02:36:55 2023 - INFO  - A total of 1 use cases were executed, with 1 successes and 0 failures.
Mon Aug 28 02:36:55 2023 - INFO  - start to run testcase:oe_test_cpu_rand.
Mon Aug 28 02:36:56 2023 - ERROR - The case exit by code 1.
Mon Aug 28 02:36:56 2023 - INFO  - End to run testcase:oe_test_cpu_rand.
Mon Aug 28 02:36:56 2023 - INFO  - A total of 1 use cases were executed, with 0 successes and 1 failures.
Mon Aug 28 02:36:56 2023 - INFO  - start to run testcase:oe_test_qxl.
Mon Aug 28 02:36:56 2023 - INFO  - The case exit by code 0.
Mon Aug 28 02:36:56 2023 - INFO  - End to run testcase:oe_test_qxl.
Mon Aug 28 02:36:57 2023 - INFO  - A total of 1 use cases were executed, with 1 successes and 0 failures.
Mon Aug 28 02:36:57 2023 - INFO  - start to run testcase:oe_test_vport-geneve.
Mon Aug 28 02:36:57 2023 - INFO  - The case exit by code 0.
Mon Aug 28 02:36:57 2023 - INFO  - End to run testcase:oe_test_vport-geneve.
Mon Aug 28 02:36:57 2023 - INFO  - A total of 1 use cases were executed, with 1 successes and 0 failures.
Mon Aug 28 02:36:57 2023 - INFO  - start to run testcase:oe_test_swap_compress.
Mon Aug 28 02:36:58 2023 - ERROR - The case exit by code 2.
Mon Aug 28 02:36:58 2023 - INFO  - End to run testcase:oe_test_swap_compress.
Mon Aug 28 02:36:58 2023 - INFO  - A total of 1 use cases were executed, with 0 successes and 1 failures.
Mon Aug 28 02:36:58 2023 - INFO  - start to run testcase:oe_test_lpfc.
Mon Aug 28 02:36:58 2023 - INFO  - The case exit by code 0.
Mon Aug 28 02:36:59 2023 - INFO  - End to run testcase:oe_test_lpfc.
Mon Aug 28 02:36:59 2023 - INFO  - A total of 1 use cases were executed, with 1 successes and 0 failures.
Mon Aug 28 02:36:59 2023 - INFO  - start to run testcase:oe_test_check_huge_task.
Mon Aug 28 02:36:59 2023 - ERROR - The case exit by code 1.
Mon Aug 28 02:36:59 2023 - INFO  - End to run testcase:oe_test_check_huge_task.
Mon Aug 28 02:36:59 2023 - INFO  - A total of 1 use cases were executed, with 0 successes and 1 failures.
Mon Aug 28 02:36:59 2023 - INFO  - start to run testcase:oe_test_swappiness.
Mon Aug 28 02:37:00 2023 - INFO  - The case exit by code 0.
Mon Aug 28 02:37:00 2023 - INFO  - End to run testcase:oe_test_swappiness.
Mon Aug 28 02:37:00 2023 - INFO  - A total of 1 use cases were executed, with 1 successes and 0 failures.
Mon Aug 28 02:37:00 2023 - INFO  - start to run testcase:oe_test_softdog.
Mon Aug 28 02:37:00 2023 - INFO  - The case exit by code 0.
Mon Aug 28 02:37:00 2023 - INFO  - End to run testcase:oe_test_softdog.
Mon Aug 28 02:37:00 2023 - INFO  - A total of 1 use cases were executed, with 1 successes and 0 failures.
Mon Aug 28 02:37:00 2023 - INFO  - start to run testcase:oe_test_cifs.
Mon Aug 28 02:37:01 2023 - ERROR - The case exit by code 1.
Mon Aug 28 02:37:01 2023 - INFO  - End to run testcase:oe_test_cifs.
Mon Aug 28 02:37:01 2023 - INFO  - A total of 1 use cases were executed, with 0 successes and 1 failures.
Mon Aug 28 02:37:01 2023 - INFO  - start to run testcase:oe_test_xfs.
Mon Aug 28 02:37:02 2023 - INFO  - The case exit by code 0.
Mon Aug 28 02:37:02 2023 - INFO  - End to run testcase:oe_test_xfs.
Mon Aug 28 02:37:02 2023 - INFO  - A total of 1 use cases were executed, with 1 successes and 0 failures.
Mon Aug 28 02:37:02 2023 - INFO  - start to run testcase:oe_test_wangxun.
Mon Aug 28 02:37:03 2023 - ERROR - The case exit by code 6.
Mon Aug 28 02:37:03 2023 - INFO  - End to run testcase:oe_test_wangxun.
Mon Aug 28 02:37:03 2023 - INFO  - A total of 1 use cases were executed, with 0 successes and 1 failures.
Mon Aug 28 02:37:03 2023 - INFO  - start to run testcase:oe_test_vlan_8021q.
Mon Aug 28 02:37:04 2023 - INFO  - The case exit by code 0.
Mon Aug 28 02:37:04 2023 - INFO  - End to run testcase:oe_test_vlan_8021q.
Mon Aug 28 02:37:04 2023 - INFO  - A total of 1 use cases were executed, with 1 successes and 0 failures.
Mon Aug 28 02:37:04 2023 - INFO  - start to run testcase:oe_test_nbd.
Mon Aug 28 02:37:04 2023 - INFO  - The case exit by code 0.
Mon Aug 28 02:37:04 2023 - INFO  - End to run testcase:oe_test_nbd.
Mon Aug 28 02:37:04 2023 - INFO  - A total of 1 use cases were executed, with 1 successes and 0 failures.
Mon Aug 28 02:37:05 2023 - INFO  - start to run testcase:oe_test_hifc.
Mon Aug 28 02:37:05 2023 - ERROR - The case exit by code 6.
Mon Aug 28 02:37:05 2023 - INFO  - End to run testcase:oe_test_hifc.
Mon Aug 28 02:37:05 2023 - INFO  - A total of 1 use cases were executed, with 0 successes and 1 failures.
Mon Aug 28 02:37:05 2023 - INFO  - start to run testcase:oe_test_fnic.
Mon Aug 28 02:37:06 2023 - ERROR - The case exit by code 1.
Mon Aug 28 02:37:06 2023 - INFO  - End to run testcase:oe_test_fnic.
Mon Aug 28 02:37:06 2023 - INFO  - A total of 1 use cases were executed, with 0 successes and 1 failures.
Mon Aug 28 02:37:06 2023 - INFO  - start to run testcase:oe_test_libfc.
Mon Aug 28 02:37:07 2023 - ERROR - The case exit by code 3.
Mon Aug 28 02:37:07 2023 - INFO  - End to run testcase:oe_test_libfc.
Mon Aug 28 02:37:07 2023 - INFO  - A total of 1 use cases were executed, with 0 successes and 1 failures.
Mon Aug 28 02:37:07 2023 - INFO  - start to run testcase:oe_test_hpsa.
Mon Aug 28 02:37:07 2023 - ERROR - The case exit by code 1.
Mon Aug 28 02:37:07 2023 - INFO  - End to run testcase:oe_test_hpsa.
Mon Aug 28 02:37:07 2023 - INFO  - A total of 1 use cases were executed, with 0 successes and 1 failures.
Mon Aug 28 02:37:07 2023 - INFO  - start to run testcase:oe_test_bnx2fc.
Mon Aug 28 02:37:08 2023 - ERROR - The case exit by code 1.
Mon Aug 28 02:37:08 2023 - INFO  - End to run testcase:oe_test_bnx2fc.
Mon Aug 28 02:37:08 2023 - INFO  - A total of 1 use cases were executed, with 0 successes and 1 failures.
Mon Aug 28 02:37:08 2023 - INFO  - start to run testcase:oe_test_qla2xxx.
Mon Aug 28 02:37:09 2023 - INFO  - The case exit by code 0.
Mon Aug 28 02:37:09 2023 - INFO  - End to run testcase:oe_test_qla2xxx.
Mon Aug 28 02:37:09 2023 - INFO  - A total of 1 use cases were executed, with 1 successes and 0 failures.
