mugen.sh: line 99: export: `fe80::8975:b24a:88bd:ac32': not a valid identifier
Tue Aug 22 02:22:44 2023 - INFO  - start to run testcase:oe_test_perl-libwww-perl_GET_01.
Tue Aug 22 02:26:45 2023 - ERROR - The case exit by code 1.
Tue Aug 22 02:26:45 2023 - INFO  - End to run testcase:oe_test_perl-libwww-perl_GET_01.
Tue Aug 22 02:26:45 2023 - INFO  - A total of 1 use cases were executed, with 0 successes and 1 failures.
mugen.sh: line 99: export: `fe80::8975:b24a:88bd:ac32': not a valid identifier
Tue Aug 22 02:26:45 2023 - INFO  - start to run testcase:oe_test_perl-libwww-perl_GET_02.
Tue Aug 22 02:27:24 2023 - INFO  - The case exit by code 0.
Tue Aug 22 02:27:24 2023 - INFO  - End to run testcase:oe_test_perl-libwww-perl_GET_02.
Tue Aug 22 02:27:24 2023 - INFO  - A total of 1 use cases were executed, with 1 successes and 0 failures.
mugen.sh: line 99: export: `fe80::8975:b24a:88bd:ac32': not a valid identifier
Tue Aug 22 02:27:24 2023 - INFO  - start to run testcase:oe_test_perl-libwww-perl_HEAD_01.
Tue Aug 22 02:27:57 2023 - INFO  - The case exit by code 0.
Tue Aug 22 02:27:57 2023 - INFO  - End to run testcase:oe_test_perl-libwww-perl_HEAD_01.
Tue Aug 22 02:27:57 2023 - INFO  - A total of 1 use cases were executed, with 1 successes and 0 failures.
mugen.sh: line 99: export: `fe80::8975:b24a:88bd:ac32': not a valid identifier
Tue Aug 22 02:27:58 2023 - INFO  - start to run testcase:oe_test_perl-libwww-perl_HEAD_02.
Tue Aug 22 02:28:35 2023 - INFO  - The case exit by code 0.
Tue Aug 22 02:28:35 2023 - INFO  - End to run testcase:oe_test_perl-libwww-perl_HEAD_02.
Tue Aug 22 02:28:35 2023 - INFO  - A total of 1 use cases were executed, with 1 successes and 0 failures.
mugen.sh: line 99: export: `fe80::8975:b24a:88bd:ac32': not a valid identifier
Tue Aug 22 02:28:35 2023 - INFO  - start to run testcase:oe_test_perl-libwww-perl_lwp-dump.
Tue Aug 22 02:29:14 2023 - INFO  - The case exit by code 0.
Tue Aug 22 02:29:14 2023 - INFO  - End to run testcase:oe_test_perl-libwww-perl_lwp-dump.
Tue Aug 22 02:29:14 2023 - INFO  - A total of 1 use cases were executed, with 1 successes and 0 failures.
mugen.sh: line 99: export: `fe80::8975:b24a:88bd:ac32': not a valid identifier
Tue Aug 22 02:29:14 2023 - INFO  - start to run testcase:oe_test_perl-libwww-perl_lwp_request_01.
Tue Aug 22 02:30:27 2023 - INFO  - The case exit by code 0.
Tue Aug 22 02:30:27 2023 - INFO  - End to run testcase:oe_test_perl-libwww-perl_lwp_request_01.
Tue Aug 22 02:30:27 2023 - INFO  - A total of 1 use cases were executed, with 1 successes and 0 failures.
mugen.sh: line 99: export: `fe80::8975:b24a:88bd:ac32': not a valid identifier
Tue Aug 22 02:30:27 2023 - INFO  - start to run testcase:oe_test_perl-libwww-perl_lwp_request_02.
Tue Aug 22 02:31:03 2023 - INFO  - The case exit by code 0.
Tue Aug 22 02:31:03 2023 - INFO  - End to run testcase:oe_test_perl-libwww-perl_lwp_request_02.
Tue Aug 22 02:31:03 2023 - INFO  - A total of 1 use cases were executed, with 1 successes and 0 failures.
mugen.sh: line 99: export: `fe80::8975:b24a:88bd:ac32': not a valid identifier
Tue Aug 22 02:31:03 2023 - INFO  - start to run testcase:oe_test_perl-libwww-perl_POST_01.
Tue Aug 22 02:33:39 2023 - ERROR - The case exit by code 1.
Tue Aug 22 02:33:39 2023 - INFO  - End to run testcase:oe_test_perl-libwww-perl_POST_01.
Tue Aug 22 02:33:39 2023 - INFO  - A total of 1 use cases were executed, with 0 successes and 1 failures.
mugen.sh: line 99: export: `fe80::8975:b24a:88bd:ac32': not a valid identifier
Tue Aug 22 02:33:39 2023 - INFO  - start to run testcase:oe_test_perl-libwww-perl_POST_02.
Tue Aug 22 02:34:14 2023 - INFO  - The case exit by code 0.
Tue Aug 22 02:34:14 2023 - INFO  - End to run testcase:oe_test_perl-libwww-perl_POST_02.
Tue Aug 22 02:34:14 2023 - INFO  - A total of 1 use cases were executed, with 1 successes and 0 failures.
