Tue Sep 12 09:57:37 2023 - INFO  - start to run testcase:oe_test_curl_curl-config_001.
Tue Sep 12 09:57:40 2023 - INFO  - The case exit by code 0.
Tue Sep 12 09:57:40 2023 - INFO  - End to run testcase:oe_test_curl_curl-config_001.
Tue Sep 12 09:57:40 2023 - INFO  - A total of 1 use cases were executed, with 1 successes and 0 failures.
Tue Sep 12 09:57:40 2023 - INFO  - start to run testcase:oe_test_curl_curl-config_002.
Tue Sep 12 09:57:44 2023 - ERROR - The case exit by code 1.
Tue Sep 12 09:57:44 2023 - INFO  - End to run testcase:oe_test_curl_curl-config_002.
Tue Sep 12 09:57:44 2023 - INFO  - A total of 1 use cases were executed, with 0 successes and 1 failures.
Tue Sep 12 09:57:44 2023 - INFO  - start to run testcase:oe_test_curl_curl_001.
Tue Sep 12 09:57:49 2023 - INFO  - The case exit by code 0.
Tue Sep 12 09:57:49 2023 - INFO  - End to run testcase:oe_test_curl_curl_001.
Tue Sep 12 09:57:49 2023 - INFO  - A total of 1 use cases were executed, with 1 successes and 0 failures.
Tue Sep 12 09:57:49 2023 - INFO  - start to run testcase:oe_test_curl_curl_002.
Tue Sep 12 09:57:57 2023 - ERROR - The case exit by code 1.
Tue Sep 12 09:57:57 2023 - INFO  - End to run testcase:oe_test_curl_curl_002.
Tue Sep 12 09:57:57 2023 - INFO  - A total of 1 use cases were executed, with 0 successes and 1 failures.
Tue Sep 12 09:57:57 2023 - INFO  - start to run testcase:oe_test_curl_curl_003.
Tue Sep 12 09:58:02 2023 - INFO  - The case exit by code 0.
Tue Sep 12 09:58:02 2023 - INFO  - End to run testcase:oe_test_curl_curl_003.
Tue Sep 12 09:58:02 2023 - INFO  - A total of 1 use cases were executed, with 1 successes and 0 failures.
Tue Sep 12 09:58:03 2023 - INFO  - start to run testcase:oe_test_curl_curl_004.
Tue Sep 12 09:58:10 2023 - INFO  - The case exit by code 0.
Tue Sep 12 09:58:10 2023 - INFO  - End to run testcase:oe_test_curl_curl_004.
Tue Sep 12 09:58:10 2023 - INFO  - A total of 1 use cases were executed, with 1 successes and 0 failures.
Tue Sep 12 09:58:10 2023 - INFO  - start to run testcase:oe_test_curl_curl_005.
Tue Sep 12 09:58:17 2023 - INFO  - The case exit by code 0.
Tue Sep 12 09:58:17 2023 - INFO  - End to run testcase:oe_test_curl_curl_005.
Tue Sep 12 09:58:17 2023 - INFO  - A total of 1 use cases were executed, with 1 successes and 0 failures.
Tue Sep 12 09:58:17 2023 - INFO  - start to run testcase:oe_test_curl_curl_006.
Tue Sep 12 09:58:20 2023 - ERROR - The case exit by code 1.
Tue Sep 12 09:58:20 2023 - INFO  - End to run testcase:oe_test_curl_curl_006.
Tue Sep 12 09:58:20 2023 - INFO  - A total of 1 use cases were executed, with 0 successes and 1 failures.
Tue Sep 12 09:58:20 2023 - INFO  - start to run testcase:oe_test_curl_curl_007.
Tue Sep 12 09:58:21 2023 - INFO  - The case exit by code 0.
Tue Sep 12 09:58:21 2023 - INFO  - End to run testcase:oe_test_curl_curl_007.
Tue Sep 12 09:58:21 2023 - INFO  - A total of 1 use cases were executed, with 1 successes and 0 failures.
