mugen.sh: line 99: export: `fe80::8975:b24a:88bd:ac32': not a valid identifier
Tue Aug 22 02:12:08 2023 - INFO  - start to run testcase:oe_test_dnf_alias.
Tue Aug 22 02:12:13 2023 - INFO  - The case exit by code 0.
Tue Aug 22 02:12:13 2023 - INFO  - End to run testcase:oe_test_dnf_alias.
Tue Aug 22 02:12:13 2023 - INFO  - A total of 1 use cases were executed, with 1 successes and 0 failures.
mugen.sh: line 99: export: `fe80::8975:b24a:88bd:ac32': not a valid identifier
Tue Aug 22 02:12:14 2023 - INFO  - start to run testcase:oe_test_dnf_all-repos.
Tue Aug 22 02:13:15 2023 - INFO  - The case exit by code 0.
Tue Aug 22 02:13:15 2023 - INFO  - End to run testcase:oe_test_dnf_all-repos.
Tue Aug 22 02:13:15 2023 - INFO  - A total of 1 use cases were executed, with 1 successes and 0 failures.
mugen.sh: line 99: export: `fe80::8975:b24a:88bd:ac32': not a valid identifier
Tue Aug 22 02:13:15 2023 - INFO  - start to run testcase:oe_test_dnf_assumeno_autoremove.
Tue Aug 22 02:14:40 2023 - INFO  - The case exit by code 0.
Tue Aug 22 02:14:40 2023 - INFO  - End to run testcase:oe_test_dnf_assumeno_autoremove.
Tue Aug 22 02:14:40 2023 - INFO  - A total of 1 use cases were executed, with 1 successes and 0 failures.
mugen.sh: line 99: export: `fe80::8975:b24a:88bd:ac32': not a valid identifier
Tue Aug 22 02:14:40 2023 - INFO  - start to run testcase:oe_test_dnf_automatic.
Tue Aug 22 02:16:40 2023 - INFO  - The case exit by code 0.
Tue Aug 22 02:16:40 2023 - INFO  - End to run testcase:oe_test_dnf_automatic.
Tue Aug 22 02:16:40 2023 - INFO  - A total of 1 use cases were executed, with 1 successes and 0 failures.
mugen.sh: line 99: export: `fe80::8975:b24a:88bd:ac32': not a valid identifier
Tue Aug 22 02:16:40 2023 - INFO  - start to run testcase:oe_test_dnf_check_diffenert-packages.
Tue Aug 22 02:18:06 2023 - INFO  - The case exit by code 0.
Tue Aug 22 02:18:06 2023 - INFO  - End to run testcase:oe_test_dnf_check_diffenert-packages.
Tue Aug 22 02:18:06 2023 - INFO  - A total of 1 use cases were executed, with 1 successes and 0 failures.
mugen.sh: line 99: export: `fe80::8975:b24a:88bd:ac32': not a valid identifier
Tue Aug 22 02:18:06 2023 - INFO  - start to run testcase:oe_test_dnf_makecache_clean.
Tue Aug 22 02:19:25 2023 - INFO  - The case exit by code 0.
Tue Aug 22 02:19:25 2023 - INFO  - End to run testcase:oe_test_dnf_makecache_clean.
Tue Aug 22 02:19:25 2023 - INFO  - A total of 1 use cases were executed, with 1 successes and 0 failures.
mugen.sh: line 99: export: `fe80::8975:b24a:88bd:ac32': not a valid identifier
Tue Aug 22 02:19:25 2023 - INFO  - start to run testcase:oe_test_dnf_distro-sync_dnf-3.
Tue Aug 22 02:20:23 2023 - INFO  - The case exit by code 0.
Tue Aug 22 02:20:23 2023 - INFO  - End to run testcase:oe_test_dnf_distro-sync_dnf-3.
Tue Aug 22 02:20:23 2023 - INFO  - A total of 1 use cases were executed, with 1 successes and 0 failures.
mugen.sh: line 99: export: `fe80::8975:b24a:88bd:ac32': not a valid identifier
Tue Aug 22 02:20:23 2023 - INFO  - start to run testcase:oe_test_dnf_enabled_enablerepo.
Tue Aug 22 02:20:25 2023 - ERROR - The case exit by code 1.
Tue Aug 22 02:20:25 2023 - INFO  - End to run testcase:oe_test_dnf_enabled_enablerepo.
Tue Aug 22 02:20:25 2023 - INFO  - A total of 1 use cases were executed, with 0 successes and 1 failures.
mugen.sh: line 99: export: `fe80::8975:b24a:88bd:ac32': not a valid identifier
Tue Aug 22 02:20:25 2023 - INFO  - start to run testcase:oe_test_service_dnf-automatic-download.
Tue Aug 22 02:20:30 2023 - INFO  - The case exit by code 0.
Tue Aug 22 02:20:30 2023 - INFO  - End to run testcase:oe_test_service_dnf-automatic-download.
Tue Aug 22 02:20:30 2023 - INFO  - A total of 1 use cases were executed, with 1 successes and 0 failures.
mugen.sh: line 99: export: `fe80::8975:b24a:88bd:ac32': not a valid identifier
Tue Aug 22 02:20:30 2023 - INFO  - start to run testcase:oe_test_service_dnf-automatic-install.
Tue Aug 22 02:20:34 2023 - INFO  - The case exit by code 0.
Tue Aug 22 02:20:34 2023 - INFO  - End to run testcase:oe_test_service_dnf-automatic-install.
Tue Aug 22 02:20:34 2023 - INFO  - A total of 1 use cases were executed, with 1 successes and 0 failures.
mugen.sh: line 99: export: `fe80::8975:b24a:88bd:ac32': not a valid identifier
Tue Aug 22 02:20:34 2023 - INFO  - start to run testcase:oe_test_service_dnf-automatic-notifyonly.
Tue Aug 22 02:20:39 2023 - INFO  - The case exit by code 0.
Tue Aug 22 02:20:39 2023 - INFO  - End to run testcase:oe_test_service_dnf-automatic-notifyonly.
Tue Aug 22 02:20:39 2023 - INFO  - A total of 1 use cases were executed, with 1 successes and 0 failures.
mugen.sh: line 99: export: `fe80::8975:b24a:88bd:ac32': not a valid identifier
Tue Aug 22 02:20:39 2023 - INFO  - start to run testcase:oe_test_service_dnf-automatic.
Tue Aug 22 02:20:43 2023 - INFO  - The case exit by code 0.
Tue Aug 22 02:20:43 2023 - INFO  - End to run testcase:oe_test_service_dnf-automatic.
Tue Aug 22 02:20:43 2023 - INFO  - A total of 1 use cases were executed, with 1 successes and 0 failures.
mugen.sh: line 99: export: `fe80::8975:b24a:88bd:ac32': not a valid identifier
Tue Aug 22 02:20:43 2023 - INFO  - start to run testcase:oe_test_service_dnf-makecache.
Tue Aug 22 02:20:44 2023 - INFO  - The case exit by code 0.
Tue Aug 22 02:20:44 2023 - INFO  - End to run testcase:oe_test_service_dnf-makecache.
Tue Aug 22 02:20:44 2023 - INFO  - A total of 1 use cases were executed, with 1 successes and 0 failures.
mugen.sh: line 99: export: `fe80::8975:b24a:88bd:ac32': not a valid identifier
Tue Aug 22 02:20:44 2023 - INFO  - start to run testcase:oe_test_dnf_enhancement_exclude.
Tue Aug 22 02:20:48 2023 - INFO  - The case exit by code 0.
Tue Aug 22 02:20:48 2023 - INFO  - End to run testcase:oe_test_dnf_enhancement_exclude.
Tue Aug 22 02:20:48 2023 - INFO  - A total of 1 use cases were executed, with 1 successes and 0 failures.
mugen.sh: line 99: export: `fe80::8975:b24a:88bd:ac32': not a valid identifier
Tue Aug 22 02:20:48 2023 - INFO  - start to run testcase:oe_test_dnf_help_history_info.
Tue Aug 22 02:20:53 2023 - INFO  - The case exit by code 0.
Tue Aug 22 02:20:53 2023 - INFO  - End to run testcase:oe_test_dnf_help_history_info.
Tue Aug 22 02:20:53 2023 - INFO  - A total of 1 use cases were executed, with 1 successes and 0 failures.
mugen.sh: line 99: export: `fe80::8975:b24a:88bd:ac32': not a valid identifier
Tue Aug 22 02:20:53 2023 - INFO  - start to run testcase:oe_test_dnf_list_mark.
Tue Aug 22 02:21:23 2023 - ERROR - The case exit by code 3.
Tue Aug 22 02:21:23 2023 - INFO  - End to run testcase:oe_test_dnf_list_mark.
Tue Aug 22 02:21:23 2023 - INFO  - A total of 1 use cases were executed, with 0 successes and 1 failures.
mugen.sh: line 99: export: `fe80::8975:b24a:88bd:ac32': not a valid identifier
Tue Aug 22 02:21:23 2023 - INFO  - start to run testcase:oe_test_dnf_nobest_nodocs_nogpgcheck.
Tue Aug 22 02:21:29 2023 - INFO  - The case exit by code 0.
Tue Aug 22 02:21:29 2023 - INFO  - End to run testcase:oe_test_dnf_nobest_nodocs_nogpgcheck.
Tue Aug 22 02:21:29 2023 - INFO  - A total of 1 use cases were executed, with 1 successes and 0 failures.
mugen.sh: line 99: export: `fe80::8975:b24a:88bd:ac32': not a valid identifier
Tue Aug 22 02:21:29 2023 - INFO  - start to run testcase:oe_test_dnf_priority.
Tue Aug 22 02:21:35 2023 - INFO  - The case exit by code 0.
Tue Aug 22 02:21:35 2023 - INFO  - End to run testcase:oe_test_dnf_priority.
Tue Aug 22 02:21:35 2023 - INFO  - A total of 1 use cases were executed, with 1 successes and 0 failures.
mugen.sh: line 99: export: `fe80::8975:b24a:88bd:ac32': not a valid identifier
Tue Aug 22 02:21:35 2023 - INFO  - start to run testcase:oe_test_dnf_provides_randomwait.
Tue Aug 22 02:21:57 2023 - INFO  - The case exit by code 0.
Tue Aug 22 02:21:57 2023 - INFO  - End to run testcase:oe_test_dnf_provides_randomwait.
Tue Aug 22 02:21:57 2023 - INFO  - A total of 1 use cases were executed, with 1 successes and 0 failures.
mugen.sh: line 99: export: `fe80::8975:b24a:88bd:ac32': not a valid identifier
Tue Aug 22 02:21:57 2023 - INFO  - start to run testcase:oe_test_dnf_reinstall_repoinfo.
Tue Aug 22 02:22:13 2023 - ERROR - The case exit by code 1.
Tue Aug 22 02:22:13 2023 - INFO  - End to run testcase:oe_test_dnf_reinstall_repoinfo.
Tue Aug 22 02:22:13 2023 - INFO  - A total of 1 use cases were executed, with 0 successes and 1 failures.
mugen.sh: line 99: export: `fe80::8975:b24a:88bd:ac32': not a valid identifier
Tue Aug 22 02:22:13 2023 - INFO  - start to run testcase:oe_test_dnf_repeat-install.
Tue Aug 22 02:23:29 2023 - INFO  - The case exit by code 0.
Tue Aug 22 02:23:29 2023 - INFO  - End to run testcase:oe_test_dnf_repeat-install.
Tue Aug 22 02:23:29 2023 - INFO  - A total of 1 use cases were executed, with 1 successes and 0 failures.
mugen.sh: line 99: export: `fe80::8975:b24a:88bd:ac32': not a valid identifier
Tue Aug 22 02:23:29 2023 - INFO  - start to run testcase:oe_test_dnf_repeat-upgrade-downgrade.
pgrep: pattern that searches for process name longer than 15 characters will result in zero matches
Try `pgrep -f' option to match against the complete command line.
Tue Aug 22 02:53:29 2023 - WARN  - The case execution timeout.
Tue Aug 22 02:53:29 2023 - ERROR - The case exit by code 143.
Tue Aug 22 02:53:29 2023 - INFO  - End to run testcase:oe_test_dnf_repeat-upgrade-downgrade.
Tue Aug 22 02:53:29 2023 - INFO  - A total of 1 use cases were executed, with 0 successes and 1 failures.
