mugen.sh: line 99: export: `fe80::8975:b24a:88bd:ac32': not a valid identifier
Tue Aug 22 02:12:09 2023 - INFO  - start to run testcase:oe_test_erb.
Tue Aug 22 02:12:52 2023 - ERROR - The case exit by code 2.
Tue Aug 22 02:12:52 2023 - INFO  - End to run testcase:oe_test_erb.
Tue Aug 22 02:12:52 2023 - INFO  - A total of 1 use cases were executed, with 0 successes and 1 failures.
mugen.sh: line 99: export: `fe80::8975:b24a:88bd:ac32': not a valid identifier
Tue Aug 22 02:12:52 2023 - INFO  - start to run testcase:oe_test_gem.
Tue Aug 22 02:13:34 2023 - INFO  - The case exit by code 0.
Tue Aug 22 02:13:34 2023 - INFO  - End to run testcase:oe_test_gem.
Tue Aug 22 02:13:34 2023 - INFO  - A total of 1 use cases were executed, with 1 successes and 0 failures.
mugen.sh: line 99: export: `fe80::8975:b24a:88bd:ac32': not a valid identifier
Tue Aug 22 02:13:35 2023 - INFO  - start to run testcase:oe_test_irb_01.
Tue Aug 22 02:14:10 2023 - ERROR - The case exit by code 2.
Tue Aug 22 02:14:10 2023 - INFO  - End to run testcase:oe_test_irb_01.
Tue Aug 22 02:14:10 2023 - INFO  - A total of 1 use cases were executed, with 0 successes and 1 failures.
mugen.sh: line 99: export: `fe80::8975:b24a:88bd:ac32': not a valid identifier
Tue Aug 22 02:14:10 2023 - INFO  - start to run testcase:oe_test_irb_02.
Tue Aug 22 02:14:48 2023 - INFO  - The case exit by code 0.
Tue Aug 22 02:14:48 2023 - INFO  - End to run testcase:oe_test_irb_02.
Tue Aug 22 02:14:48 2023 - INFO  - A total of 1 use cases were executed, with 1 successes and 0 failures.
mugen.sh: line 99: export: `fe80::8975:b24a:88bd:ac32': not a valid identifier
Tue Aug 22 02:14:48 2023 - INFO  - start to run testcase:oe_test_irb_03.
Tue Aug 22 02:15:54 2023 - ERROR - The case exit by code 2.
Tue Aug 22 02:15:54 2023 - INFO  - End to run testcase:oe_test_irb_03.
Tue Aug 22 02:15:54 2023 - INFO  - A total of 1 use cases were executed, with 0 successes and 1 failures.
mugen.sh: line 99: export: `fe80::8975:b24a:88bd:ac32': not a valid identifier
Tue Aug 22 02:15:54 2023 - INFO  - start to run testcase:oe_test_rake_01.
Tue Aug 22 02:16:39 2023 - INFO  - The case exit by code 0.
Tue Aug 22 02:16:39 2023 - INFO  - End to run testcase:oe_test_rake_01.
Tue Aug 22 02:16:39 2023 - INFO  - A total of 1 use cases were executed, with 1 successes and 0 failures.
mugen.sh: line 99: export: `fe80::8975:b24a:88bd:ac32': not a valid identifier
Tue Aug 22 02:16:39 2023 - INFO  - start to run testcase:oe_test_rake_02.
Tue Aug 22 02:17:21 2023 - INFO  - The case exit by code 0.
Tue Aug 22 02:17:21 2023 - INFO  - End to run testcase:oe_test_rake_02.
Tue Aug 22 02:17:21 2023 - INFO  - A total of 1 use cases were executed, with 1 successes and 0 failures.
mugen.sh: line 99: export: `fe80::8975:b24a:88bd:ac32': not a valid identifier
Tue Aug 22 02:17:21 2023 - INFO  - start to run testcase:oe_test_rake_03.
Tue Aug 22 02:17:42 2023 - INFO  - The case exit by code 0.
Tue Aug 22 02:17:42 2023 - INFO  - End to run testcase:oe_test_rake_03.
Tue Aug 22 02:17:42 2023 - INFO  - A total of 1 use cases were executed, with 1 successes and 0 failures.
mugen.sh: line 99: export: `fe80::8975:b24a:88bd:ac32': not a valid identifier
Tue Aug 22 02:17:43 2023 - INFO  - start to run testcase:oe_test_rdoc_01.
Tue Aug 22 02:18:00 2023 - ERROR - The case exit by code 2.
Tue Aug 22 02:18:00 2023 - INFO  - End to run testcase:oe_test_rdoc_01.
Tue Aug 22 02:18:00 2023 - INFO  - A total of 1 use cases were executed, with 0 successes and 1 failures.
mugen.sh: line 99: export: `fe80::8975:b24a:88bd:ac32': not a valid identifier
Tue Aug 22 02:18:00 2023 - INFO  - start to run testcase:oe_test_rdoc_02.
Tue Aug 22 02:18:14 2023 - INFO  - The case exit by code 0.
Tue Aug 22 02:18:14 2023 - INFO  - End to run testcase:oe_test_rdoc_02.
Tue Aug 22 02:18:14 2023 - INFO  - A total of 1 use cases were executed, with 1 successes and 0 failures.
mugen.sh: line 99: export: `fe80::8975:b24a:88bd:ac32': not a valid identifier
Tue Aug 22 02:18:15 2023 - INFO  - start to run testcase:oe_test_ri.
Tue Aug 22 02:18:45 2023 - INFO  - The case exit by code 0.
Tue Aug 22 02:18:45 2023 - INFO  - End to run testcase:oe_test_ri.
Tue Aug 22 02:18:45 2023 - INFO  - A total of 1 use cases were executed, with 1 successes and 0 failures.
mugen.sh: line 99: export: `fe80::8975:b24a:88bd:ac32': not a valid identifier
Tue Aug 22 02:18:45 2023 - INFO  - start to run testcase:oe_test_ruby.
Tue Aug 22 02:19:07 2023 - ERROR - The case exit by code 1.
Tue Aug 22 02:19:07 2023 - INFO  - End to run testcase:oe_test_ruby.
Tue Aug 22 02:19:07 2023 - INFO  - A total of 1 use cases were executed, with 0 successes and 1 failures.
