Tue Aug 22 02:42:47 2023 - INFO  - start to run testcase:oe_test_service_import-state.
Tue Aug 22 02:43:03 2023 - ERROR - The case exit by code 3.
Tue Aug 22 02:43:03 2023 - INFO  - End to run testcase:oe_test_service_import-state.
Tue Aug 22 02:43:03 2023 - INFO  - A total of 1 use cases were executed, with 0 successes and 1 failures.
Tue Aug 22 02:43:03 2023 - INFO  - start to run testcase:oe_test_service_loadmodules.
Tue Aug 22 02:43:19 2023 - INFO  - The case exit by code 0.
Tue Aug 22 02:43:19 2023 - INFO  - End to run testcase:oe_test_service_loadmodules.
Tue Aug 22 02:43:19 2023 - INFO  - A total of 1 use cases were executed, with 1 successes and 0 failures.
Tue Aug 22 02:43:19 2023 - INFO  - start to run testcase:oe_test_service_network.
Tue Aug 22 02:43:47 2023 - INFO  - The case exit by code 0.
Tue Aug 22 02:43:47 2023 - INFO  - End to run testcase:oe_test_service_network.
Tue Aug 22 02:43:47 2023 - INFO  - A total of 1 use cases were executed, with 1 successes and 0 failures.
Tue Aug 22 02:43:47 2023 - INFO  - start to run testcase:oe_test_service_netconsole.
Tue Aug 22 02:44:09 2023 - INFO  - The case exit by code 0.
Tue Aug 22 02:44:09 2023 - INFO  - End to run testcase:oe_test_service_netconsole.
Tue Aug 22 02:44:09 2023 - INFO  - A total of 1 use cases were executed, with 1 successes and 0 failures.
Tue Aug 22 02:44:09 2023 - INFO  - start to run testcase:oe_test_service_readonly-root.
Tue Aug 22 02:44:29 2023 - INFO  - The case exit by code 0.
Tue Aug 22 02:44:29 2023 - INFO  - End to run testcase:oe_test_service_readonly-root.
Tue Aug 22 02:44:29 2023 - INFO  - A total of 1 use cases were executed, with 1 successes and 0 failures.
