mugen.sh: line 99: export: `fe80::8975:b24a:88bd:ac32': not a valid identifier
Tue Aug 22 02:12:07 2023 - INFO  - start to run testcase:oe_test_kernel_cmd_01.
Tue Aug 22 02:12:13 2023 - ERROR - The case exit by code 2.
Tue Aug 22 02:12:13 2023 - INFO  - End to run testcase:oe_test_kernel_cmd_01.
Tue Aug 22 02:12:13 2023 - INFO  - A total of 1 use cases were executed, with 0 successes and 1 failures.
mugen.sh: line 99: export: `fe80::8975:b24a:88bd:ac32': not a valid identifier
Tue Aug 22 02:12:13 2023 - INFO  - start to run testcase:oe_test_kernel_cmd_02.
Tue Aug 22 02:12:46 2023 - INFO  - The case exit by code 0.
Tue Aug 22 02:12:46 2023 - INFO  - End to run testcase:oe_test_kernel_cmd_02.
Tue Aug 22 02:12:46 2023 - INFO  - A total of 1 use cases were executed, with 1 successes and 0 failures.
mugen.sh: line 99: export: `fe80::8975:b24a:88bd:ac32': not a valid identifier
Tue Aug 22 02:12:46 2023 - INFO  - start to run testcase:oe_test_kernel_cmd_03.
Tue Aug 22 02:17:34 2023 - INFO  - The case exit by code 0.
Tue Aug 22 02:17:34 2023 - INFO  - End to run testcase:oe_test_kernel_cmd_03.
Tue Aug 22 02:17:34 2023 - INFO  - A total of 1 use cases were executed, with 1 successes and 0 failures.
mugen.sh: line 99: export: `fe80::8975:b24a:88bd:ac32': not a valid identifier
Tue Aug 22 02:17:34 2023 - INFO  - start to run testcase:oe_test_service_cpupower.
Tue Aug 22 02:17:35 2023 - INFO  - The case exit by code 0.
Tue Aug 22 02:17:35 2023 - INFO  - End to run testcase:oe_test_service_cpupower.
Tue Aug 22 02:17:35 2023 - INFO  - A total of 1 use cases were executed, with 1 successes and 0 failures.
mugen.sh: line 99: export: `fe80::8975:b24a:88bd:ac32': not a valid identifier
Tue Aug 22 02:17:35 2023 - INFO  - start to run testcase:oe_test_ipip.
Tue Aug 22 02:17:35 2023 - INFO  - The case exit by code 0.
Tue Aug 22 02:17:35 2023 - INFO  - End to run testcase:oe_test_ipip.
Tue Aug 22 02:17:35 2023 - INFO  - A total of 1 use cases were executed, with 1 successes and 0 failures.
mugen.sh: line 99: export: `fe80::8975:b24a:88bd:ac32': not a valid identifier
Tue Aug 22 02:17:35 2023 - INFO  - start to run testcase:oe_test_io_sched.
Tue Aug 22 02:17:36 2023 - ERROR - The case exit by code 1.
Tue Aug 22 02:17:36 2023 - INFO  - End to run testcase:oe_test_io_sched.
Tue Aug 22 02:17:36 2023 - INFO  - A total of 1 use cases were executed, with 0 successes and 1 failures.
mugen.sh: line 99: export: `fe80::8975:b24a:88bd:ac32': not a valid identifier
Tue Aug 22 02:17:36 2023 - INFO  - start to run testcase:oe_test_cache_rw.
Tue Aug 22 02:17:37 2023 - INFO  - The case exit by code 0.
Tue Aug 22 02:17:37 2023 - INFO  - End to run testcase:oe_test_cache_rw.
Tue Aug 22 02:17:37 2023 - INFO  - A total of 1 use cases were executed, with 1 successes and 0 failures.
mugen.sh: line 99: export: `fe80::8975:b24a:88bd:ac32': not a valid identifier
Tue Aug 22 02:17:37 2023 - INFO  - start to run testcase:oe_test_snd_aloop.
Tue Aug 22 02:17:37 2023 - INFO  - The case exit by code 0.
Tue Aug 22 02:17:37 2023 - INFO  - End to run testcase:oe_test_snd_aloop.
Tue Aug 22 02:17:37 2023 - INFO  - A total of 1 use cases were executed, with 1 successes and 0 failures.
mugen.sh: line 99: export: `fe80::8975:b24a:88bd:ac32': not a valid identifier
Tue Aug 22 02:17:37 2023 - INFO  - start to run testcase:oe_test_hinic.
Tue Aug 22 02:17:38 2023 - ERROR - The case exit by code 2.
Tue Aug 22 02:17:38 2023 - INFO  - End to run testcase:oe_test_hinic.
Tue Aug 22 02:17:38 2023 - INFO  - A total of 1 use cases were executed, with 0 successes and 1 failures.
mugen.sh: line 99: export: `fe80::8975:b24a:88bd:ac32': not a valid identifier
Tue Aug 22 02:17:38 2023 - INFO  - start to run testcase:oe_test_hqlogic.
Tue Aug 22 02:17:38 2023 - INFO  - The case exit by code 0.
Tue Aug 22 02:17:38 2023 - INFO  - End to run testcase:oe_test_hqlogic.
Tue Aug 22 02:17:39 2023 - INFO  - A total of 1 use cases were executed, with 1 successes and 0 failures.
mugen.sh: line 99: export: `fe80::8975:b24a:88bd:ac32': not a valid identifier
Tue Aug 22 02:17:39 2023 - INFO  - start to run testcase:oe_test_cpu_rand.
Tue Aug 22 02:17:39 2023 - ERROR - The case exit by code 1.
Tue Aug 22 02:17:39 2023 - INFO  - End to run testcase:oe_test_cpu_rand.
Tue Aug 22 02:17:39 2023 - INFO  - A total of 1 use cases were executed, with 0 successes and 1 failures.
mugen.sh: line 99: export: `fe80::8975:b24a:88bd:ac32': not a valid identifier
Tue Aug 22 02:17:39 2023 - INFO  - start to run testcase:oe_test_qxl.
Tue Aug 22 02:17:40 2023 - INFO  - The case exit by code 0.
Tue Aug 22 02:17:40 2023 - INFO  - End to run testcase:oe_test_qxl.
Tue Aug 22 02:17:40 2023 - INFO  - A total of 1 use cases were executed, with 1 successes and 0 failures.
mugen.sh: line 99: export: `fe80::8975:b24a:88bd:ac32': not a valid identifier
Tue Aug 22 02:17:40 2023 - INFO  - start to run testcase:oe_test_vport-geneve.
Tue Aug 22 02:17:40 2023 - ERROR - The case exit by code 3.
Tue Aug 22 02:17:40 2023 - INFO  - End to run testcase:oe_test_vport-geneve.
Tue Aug 22 02:17:40 2023 - INFO  - A total of 1 use cases were executed, with 0 successes and 1 failures.
mugen.sh: line 99: export: `fe80::8975:b24a:88bd:ac32': not a valid identifier
Tue Aug 22 02:17:40 2023 - INFO  - start to run testcase:oe_test_swap_compress.
Tue Aug 22 02:17:41 2023 - ERROR - The case exit by code 2.
Tue Aug 22 02:17:41 2023 - INFO  - End to run testcase:oe_test_swap_compress.
Tue Aug 22 02:17:41 2023 - INFO  - A total of 1 use cases were executed, with 0 successes and 1 failures.
mugen.sh: line 99: export: `fe80::8975:b24a:88bd:ac32': not a valid identifier
Tue Aug 22 02:17:41 2023 - INFO  - start to run testcase:oe_test_lpfc.
Tue Aug 22 02:17:42 2023 - INFO  - The case exit by code 0.
Tue Aug 22 02:17:42 2023 - INFO  - End to run testcase:oe_test_lpfc.
Tue Aug 22 02:17:42 2023 - INFO  - A total of 1 use cases were executed, with 1 successes and 0 failures.
mugen.sh: line 99: export: `fe80::8975:b24a:88bd:ac32': not a valid identifier
Tue Aug 22 02:17:42 2023 - INFO  - start to run testcase:oe_test_check_huge_task.
Tue Aug 22 02:17:42 2023 - ERROR - The case exit by code 1.
Tue Aug 22 02:17:42 2023 - INFO  - End to run testcase:oe_test_check_huge_task.
Tue Aug 22 02:17:42 2023 - INFO  - A total of 1 use cases were executed, with 0 successes and 1 failures.
mugen.sh: line 99: export: `fe80::8975:b24a:88bd:ac32': not a valid identifier
Tue Aug 22 02:17:42 2023 - INFO  - start to run testcase:oe_test_swappiness.
Tue Aug 22 02:17:43 2023 - INFO  - The case exit by code 0.
Tue Aug 22 02:17:43 2023 - INFO  - End to run testcase:oe_test_swappiness.
Tue Aug 22 02:17:43 2023 - INFO  - A total of 1 use cases were executed, with 1 successes and 0 failures.
mugen.sh: line 99: export: `fe80::8975:b24a:88bd:ac32': not a valid identifier
Tue Aug 22 02:17:43 2023 - INFO  - start to run testcase:oe_test_softdog.
Tue Aug 22 02:17:43 2023 - INFO  - The case exit by code 0.
Tue Aug 22 02:17:43 2023 - INFO  - End to run testcase:oe_test_softdog.
Tue Aug 22 02:17:43 2023 - INFO  - A total of 1 use cases were executed, with 1 successes and 0 failures.
mugen.sh: line 99: export: `fe80::8975:b24a:88bd:ac32': not a valid identifier
Tue Aug 22 02:17:43 2023 - INFO  - start to run testcase:oe_test_cifs.
Tue Aug 22 02:17:44 2023 - ERROR - The case exit by code 1.
Tue Aug 22 02:17:44 2023 - INFO  - End to run testcase:oe_test_cifs.
Tue Aug 22 02:17:44 2023 - INFO  - A total of 1 use cases were executed, with 0 successes and 1 failures.
mugen.sh: line 99: export: `fe80::8975:b24a:88bd:ac32': not a valid identifier
Tue Aug 22 02:17:44 2023 - INFO  - start to run testcase:oe_test_xfs.
Tue Aug 22 02:17:45 2023 - INFO  - The case exit by code 0.
Tue Aug 22 02:17:45 2023 - INFO  - End to run testcase:oe_test_xfs.
Tue Aug 22 02:17:45 2023 - INFO  - A total of 1 use cases were executed, with 1 successes and 0 failures.
mugen.sh: line 99: export: `fe80::8975:b24a:88bd:ac32': not a valid identifier
Tue Aug 22 02:17:45 2023 - INFO  - start to run testcase:oe_test_wangxun.
Tue Aug 22 02:17:46 2023 - ERROR - The case exit by code 6.
Tue Aug 22 02:17:46 2023 - INFO  - End to run testcase:oe_test_wangxun.
Tue Aug 22 02:17:46 2023 - INFO  - A total of 1 use cases were executed, with 0 successes and 1 failures.
mugen.sh: line 99: export: `fe80::8975:b24a:88bd:ac32': not a valid identifier
Tue Aug 22 02:17:46 2023 - INFO  - start to run testcase:oe_test_vlan_8021q.
Tue Aug 22 02:17:46 2023 - INFO  - The case exit by code 0.
Tue Aug 22 02:17:46 2023 - INFO  - End to run testcase:oe_test_vlan_8021q.
Tue Aug 22 02:17:46 2023 - INFO  - A total of 1 use cases were executed, with 1 successes and 0 failures.
mugen.sh: line 99: export: `fe80::8975:b24a:88bd:ac32': not a valid identifier
Tue Aug 22 02:17:46 2023 - INFO  - start to run testcase:oe_test_nbd.
Tue Aug 22 02:17:47 2023 - INFO  - The case exit by code 0.
Tue Aug 22 02:17:47 2023 - INFO  - End to run testcase:oe_test_nbd.
Tue Aug 22 02:17:47 2023 - INFO  - A total of 1 use cases were executed, with 1 successes and 0 failures.
mugen.sh: line 99: export: `fe80::8975:b24a:88bd:ac32': not a valid identifier
Tue Aug 22 02:17:47 2023 - INFO  - start to run testcase:oe_test_hifc.
Tue Aug 22 02:17:48 2023 - ERROR - The case exit by code 6.
Tue Aug 22 02:17:48 2023 - INFO  - End to run testcase:oe_test_hifc.
Tue Aug 22 02:17:48 2023 - INFO  - A total of 1 use cases were executed, with 0 successes and 1 failures.
mugen.sh: line 99: export: `fe80::8975:b24a:88bd:ac32': not a valid identifier
Tue Aug 22 02:17:48 2023 - INFO  - start to run testcase:oe_test_fnic.
Tue Aug 22 02:17:48 2023 - ERROR - The case exit by code 1.
Tue Aug 22 02:17:48 2023 - INFO  - End to run testcase:oe_test_fnic.
Tue Aug 22 02:17:48 2023 - INFO  - A total of 1 use cases were executed, with 0 successes and 1 failures.
mugen.sh: line 99: export: `fe80::8975:b24a:88bd:ac32': not a valid identifier
Tue Aug 22 02:17:48 2023 - INFO  - start to run testcase:oe_test_libfc.
Tue Aug 22 02:17:49 2023 - ERROR - The case exit by code 3.
Tue Aug 22 02:17:49 2023 - INFO  - End to run testcase:oe_test_libfc.
Tue Aug 22 02:17:49 2023 - INFO  - A total of 1 use cases were executed, with 0 successes and 1 failures.
mugen.sh: line 99: export: `fe80::8975:b24a:88bd:ac32': not a valid identifier
Tue Aug 22 02:17:49 2023 - INFO  - start to run testcase:oe_test_hpsa.
Tue Aug 22 02:17:49 2023 - ERROR - The case exit by code 1.
Tue Aug 22 02:17:49 2023 - INFO  - End to run testcase:oe_test_hpsa.
Tue Aug 22 02:17:49 2023 - INFO  - A total of 1 use cases were executed, with 0 successes and 1 failures.
mugen.sh: line 99: export: `fe80::8975:b24a:88bd:ac32': not a valid identifier
Tue Aug 22 02:17:49 2023 - INFO  - start to run testcase:oe_test_bnx2fc.
Tue Aug 22 02:17:50 2023 - ERROR - The case exit by code 1.
Tue Aug 22 02:17:50 2023 - INFO  - End to run testcase:oe_test_bnx2fc.
Tue Aug 22 02:17:50 2023 - INFO  - A total of 1 use cases were executed, with 0 successes and 1 failures.
mugen.sh: line 99: export: `fe80::8975:b24a:88bd:ac32': not a valid identifier
Tue Aug 22 02:17:50 2023 - INFO  - start to run testcase:oe_test_qla2xxx.
Tue Aug 22 02:17:50 2023 - INFO  - The case exit by code 0.
Tue Aug 22 02:17:50 2023 - INFO  - End to run testcase:oe_test_qla2xxx.
Tue Aug 22 02:17:50 2023 - INFO  - A total of 1 use cases were executed, with 1 successes and 0 failures.
