Thu May 25 16:23:57 2023 - INFO  - start to run testcase:oe_test_service_NetworkManager-dispatcher.
Thu May 25 16:24:47 2023 - INFO  - The case exit by code 0.
Thu May 25 16:24:48 2023 - INFO  - End to run testcase:oe_test_service_NetworkManager-dispatcher.
Thu May 25 16:24:49 2023 - INFO  - A total of 1 use cases were executed, with 1 successes and 0 failures.
Thu May 25 16:24:55 2023 - INFO  - start to run testcase:oe_test_service_NetworkManager.
Thu May 25 16:25:57 2023 - INFO  - The case exit by code 0.
Thu May 25 16:25:58 2023 - INFO  - End to run testcase:oe_test_service_NetworkManager.
Thu May 25 16:26:00 2023 - INFO  - A total of 1 use cases were executed, with 1 successes and 0 failures.
Thu May 25 16:26:06 2023 - INFO  - start to run testcase:oe_test_service_NetworkManager-wait-online.
Thu May 25 16:26:54 2023 - INFO  - The case exit by code 0.
Thu May 25 16:26:56 2023 - INFO  - End to run testcase:oe_test_service_NetworkManager-wait-online.
Thu May 25 16:26:57 2023 - INFO  - A total of 1 use cases were executed, with 1 successes and 0 failures.
Thu May 25 16:27:02 2023 - INFO  - start to run testcase:oe_test_service_nm-cloud-setup.
Thu May 25 16:27:33 2023 - INFO  - The case exit by code 0.
Thu May 25 16:27:34 2023 - INFO  - End to run testcase:oe_test_service_nm-cloud-setup.
Thu May 25 16:27:35 2023 - INFO  - A total of 1 use cases were executed, with 1 successes and 0 failures.
Thu May 25 16:27:41 2023 - INFO  - start to run testcase:oe_test_libnetfilter_conntrack.
Thu May 25 16:29:11 2023 - ERROR - The case exit by code 2.
Thu May 25 16:29:13 2023 - INFO  - End to run testcase:oe_test_libnetfilter_conntrack.
Thu May 25 16:29:14 2023 - INFO  - A total of 1 use cases were executed, with 0 successes and 1 failures.
